2023-10-10 08:27:42,741 This is a summery of the run:
2023-10-10 08:27:42,741 Batch size for this run: 2
2023-10-10 08:27:42,741 Size of original image: 64 X 64
2023-10-10 08:27:42,741 learning rate: 0.01
2023-10-10 08:27:42,741 number of masks: 4096
2023-10-10 08:27:42,741 Compression ratio: 1
2023-10-10 08:27:42,741 epochs : 50
2023-10-10 08:27:42,741 ***************************************************************************


2023-10-10 08:27:42,741 learning rate: 0.01
2023-10-10 08:28:24,145 Epoch number 0, batch number 0/2:       batch loss 0.1465301513671875
2023-10-10 08:28:32,687 Epoch number 0, batch number 1/2:       batch loss 0.19493073225021362
2023-10-10 08:28:32,753 Epoch: 1 	Training Loss: 0.170730
2023-10-10 08:28:32,754 Time for epoch 1 : 30 sec
2023-10-10 08:28:32,754 Average PSNR for epoch 1 on training set is 0.000000
2023-10-10 08:29:21,283 Epoch number 1, batch number 0/2:       batch loss 0.21692605316638947
2023-10-10 08:29:29,884 Epoch number 1, batch number 1/2:       batch loss 0.1831652671098709
2023-10-10 08:29:31,155 Epoch: 2 	Training Loss: 0.200046
2023-10-10 08:29:31,155 Time for epoch 2 : 56 sec
2023-10-10 08:29:31,155 Average PSNR for epoch 2 on training set is 0.000000
2023-10-10 08:30:22,244 Epoch number 2, batch number 0/2:       batch loss 0.2584359049797058
2023-10-10 08:30:30,891 Epoch number 2, batch number 1/2:       batch loss 0.17556443810462952
2023-10-10 08:30:34,145 Epoch: 3 	Training Loss: 0.217000
2023-10-10 08:30:34,145 Time for epoch 3 : 59 sec
2023-10-10 08:30:34,145 Average PSNR for epoch 3 on training set is 0.000000
2023-10-10 08:31:26,379 Epoch number 3, batch number 0/2:       batch loss 0.14621271193027496
2023-10-10 08:31:34,999 Epoch number 3, batch number 1/2:       batch loss 0.3357972204685211
2023-10-10 08:31:38,275 Epoch: 4 	Training Loss: 0.241005
2023-10-10 08:31:38,275 Time for epoch 4 : 59 sec
2023-10-10 08:31:38,275 Average PSNR for epoch 4 on training set is 0.000000
2023-10-10 08:32:29,075 Epoch number 4, batch number 0/2:       batch loss 0.2436331957578659
2023-10-10 08:32:37,583 Epoch number 4, batch number 1/2:       batch loss 0.21496883034706116
2023-10-10 08:32:40,893 Epoch: 5 	Training Loss: 0.229301
2023-10-10 08:32:40,893 Time for epoch 5 : 59 sec
2023-10-10 08:32:40,893 Average PSNR for epoch 5 on training set is 0.000000
2023-10-10 08:33:31,894 Epoch number 5, batch number 0/2:       batch loss 0.2569407820701599
2023-10-10 08:33:40,972 Epoch number 5, batch number 1/2:       batch loss 0.21038943529129028
2023-10-10 08:33:45,458 Epoch: 6 	Training Loss: 0.233665
2023-10-10 08:33:45,458 Time for epoch 6 : 60 sec
2023-10-10 08:33:45,458 Average PSNR for epoch 6 on training set is 0.000000
2023-10-10 08:34:41,822 Epoch number 6, batch number 0/2:       batch loss 0.24697916209697723
2023-10-10 08:34:51,517 Epoch number 6, batch number 1/2:       batch loss 0.24434678256511688
2023-10-10 08:34:56,025 Epoch: 7 	Training Loss: 0.245663
2023-10-10 08:34:56,025 Time for epoch 7 : 64 sec
2023-10-10 08:34:56,025 Average PSNR for epoch 7 on training set is 0.000000
2023-10-10 08:35:51,906 Epoch number 7, batch number 0/2:       batch loss 0.21342365443706512
2023-10-10 08:36:01,785 Epoch number 7, batch number 1/2:       batch loss 0.1965796947479248
2023-10-10 08:36:06,351 Epoch: 8 	Training Loss: 0.205002
2023-10-10 08:36:06,351 Time for epoch 8 : 64 sec
2023-10-10 08:36:06,351 Average PSNR for epoch 8 on training set is 0.000000
2023-10-10 08:37:01,920 Epoch number 8, batch number 0/2:       batch loss 0.24186426401138306
2023-10-10 08:37:10,675 Epoch number 8, batch number 1/2:       batch loss 0.2216784954071045
2023-10-10 08:37:14,045 Epoch: 9 	Training Loss: 0.231771
2023-10-10 08:37:14,045 Time for epoch 9 : 61 sec
2023-10-10 08:37:14,046 Average PSNR for epoch 9 on training set is 0.000000
2023-10-10 08:38:05,266 Epoch number 9, batch number 0/2:       batch loss 0.2150956392288208
2023-10-10 08:38:14,004 Epoch number 9, batch number 1/2:       batch loss 0.2193962037563324
2023-10-10 08:38:17,310 Epoch: 10 	Training Loss: 0.217246
2023-10-10 08:38:17,310 Time for epoch 10 : 59 sec
2023-10-10 08:38:17,310 Average PSNR for epoch 10 on training set is 0.000000
2023-10-10 08:39:09,182 Epoch number 10, batch number 0/2:       batch loss 0.18771147727966309
2023-10-10 08:39:17,784 Epoch number 10, batch number 1/2:       batch loss 0.2375064343214035
2023-10-10 08:39:21,123 Epoch: 11 	Training Loss: 0.212609
2023-10-10 08:39:21,123 Time for epoch 11 : 59 sec
2023-10-10 08:39:21,123 Average PSNR for epoch 11 on training set is 0.000000
2023-10-10 08:40:12,303 Epoch number 11, batch number 0/2:       batch loss 0.17890331149101257
2023-10-10 08:40:20,937 Epoch number 11, batch number 1/2:       batch loss 0.24854479730129242
2023-10-10 08:40:24,308 Epoch: 12 	Training Loss: 0.213724
2023-10-10 08:40:24,308 Time for epoch 12 : 59 sec
2023-10-10 08:40:24,308 Average PSNR for epoch 12 on training set is 0.000000
2023-10-10 08:41:15,734 Epoch number 12, batch number 0/2:       batch loss 0.13628527522087097
2023-10-10 08:41:24,381 Epoch number 12, batch number 1/2:       batch loss 0.24824102222919464
2023-10-10 08:41:27,666 Epoch: 13 	Training Loss: 0.192263
2023-10-10 08:41:27,666 Time for epoch 13 : 59 sec
2023-10-10 08:41:27,666 Average PSNR for epoch 13 on training set is 0.000000
2023-10-10 08:42:18,992 Epoch number 13, batch number 0/2:       batch loss 0.18159447610378265
2023-10-10 08:42:28,693 Epoch number 13, batch number 1/2:       batch loss 0.2797682285308838
2023-10-10 08:42:33,131 Epoch: 14 	Training Loss: 0.230681
2023-10-10 08:42:33,131 Time for epoch 14 : 61 sec
2023-10-10 08:42:33,131 Average PSNR for epoch 14 on training set is 0.000000
2023-10-10 08:43:29,268 Epoch number 14, batch number 0/2:       batch loss 0.21347801387310028
2023-10-10 08:43:37,986 Epoch number 14, batch number 1/2:       batch loss 0.17193779349327087
2023-10-10 08:43:41,294 Epoch: 15 	Training Loss: 0.192708
2023-10-10 08:43:41,294 Time for epoch 15 : 62 sec
2023-10-10 08:43:41,294 Average PSNR for epoch 15 on training set is 0.000000
2023-10-10 08:44:33,067 Epoch number 15, batch number 0/2:       batch loss 0.22887831926345825
2023-10-10 08:44:41,731 Epoch number 15, batch number 1/2:       batch loss 0.1477595716714859
2023-10-10 08:44:44,964 Epoch: 16 	Training Loss: 0.188319
2023-10-10 08:44:44,964 Time for epoch 16 : 59 sec
2023-10-10 08:44:44,964 Average PSNR for epoch 16 on training set is 0.000000
2023-10-10 08:45:36,601 Epoch number 16, batch number 0/2:       batch loss 0.22220438718795776
2023-10-10 08:45:45,181 Epoch number 16, batch number 1/2:       batch loss 0.14965932071208954
2023-10-10 08:45:48,423 Epoch: 17 	Training Loss: 0.185932
2023-10-10 08:45:48,423 Time for epoch 17 : 59 sec
2023-10-10 08:45:48,423 Average PSNR for epoch 17 on training set is 0.000000
2023-10-10 08:46:40,216 Epoch number 17, batch number 0/2:       batch loss 0.20611514151096344
2023-10-10 08:46:48,918 Epoch number 17, batch number 1/2:       batch loss 0.17379583418369293
2023-10-10 08:46:52,194 Epoch: 18 	Training Loss: 0.189955
2023-10-10 08:46:52,195 Time for epoch 18 : 59 sec
2023-10-10 08:46:52,195 Average PSNR for epoch 18 on training set is 0.000000
2023-10-10 08:47:43,774 Epoch number 18, batch number 0/2:       batch loss 0.19900855422019958
2023-10-10 08:47:53,543 Epoch number 18, batch number 1/2:       batch loss 0.1778828501701355
2023-10-10 08:47:58,019 Epoch: 19 	Training Loss: 0.188446
2023-10-10 08:47:58,019 Time for epoch 19 : 61 sec
2023-10-10 08:47:58,019 Average PSNR for epoch 19 on training set is 0.000000
2023-10-10 08:48:53,964 Epoch number 19, batch number 0/2:       batch loss 0.2268136739730835
2023-10-10 08:49:02,469 Epoch number 19, batch number 1/2:       batch loss 0.1735335886478424
2023-10-10 08:49:05,766 Epoch: 20 	Training Loss: 0.200174
2023-10-10 08:49:05,766 Time for epoch 20 : 61 sec
2023-10-10 08:49:05,767 Average PSNR for epoch 20 on training set is 0.000000
2023-10-10 08:49:57,488 Epoch number 20, batch number 0/2:       batch loss 0.2185797244310379
2023-10-10 08:50:06,196 Epoch number 20, batch number 1/2:       batch loss 0.16221024096012115
2023-10-10 08:50:09,486 Epoch: 21 	Training Loss: 0.190395
2023-10-10 08:50:09,486 Time for epoch 21 : 59 sec
2023-10-10 08:50:09,486 Average PSNR for epoch 21 on training set is 0.000000
2023-10-10 08:51:00,637 Epoch number 21, batch number 0/2:       batch loss 0.18776291608810425
2023-10-10 08:51:09,839 Epoch number 21, batch number 1/2:       batch loss 0.1994488537311554
2023-10-10 08:51:14,318 Epoch: 22 	Training Loss: 0.193606
2023-10-10 08:51:14,318 Time for epoch 22 : 60 sec
2023-10-10 08:51:14,318 Average PSNR for epoch 22 on training set is 0.000000
2023-10-10 08:52:09,973 Epoch number 22, batch number 0/2:       batch loss 0.18366481363773346
2023-10-10 08:52:19,790 Epoch number 22, batch number 1/2:       batch loss 0.2186807096004486
2023-10-10 08:52:24,227 Epoch: 23 	Training Loss: 0.201173
2023-10-10 08:52:24,227 Time for epoch 23 : 63 sec
2023-10-10 08:52:24,227 Average PSNR for epoch 23 on training set is 0.000000
2023-10-10 08:53:20,144 Epoch number 23, batch number 0/2:       batch loss 0.22696489095687866
2023-10-10 08:53:30,012 Epoch number 23, batch number 1/2:       batch loss 0.16194823384284973
2023-10-10 08:53:34,546 Epoch: 24 	Training Loss: 0.194457
2023-10-10 08:53:34,546 Time for epoch 24 : 64 sec
2023-10-10 08:53:34,546 Average PSNR for epoch 24 on training set is 0.000000
2023-10-10 08:54:29,724 Epoch number 24, batch number 0/2:       batch loss 0.2068088948726654
2023-10-10 08:54:38,278 Epoch number 24, batch number 1/2:       batch loss 0.19184982776641846
2023-10-10 08:54:41,590 Epoch: 25 	Training Loss: 0.199329
2023-10-10 08:54:41,590 Time for epoch 25 : 60 sec
2023-10-10 08:54:41,590 Average PSNR for epoch 25 on training set is 0.000000
2023-10-10 08:55:33,217 Epoch number 25, batch number 0/2:       batch loss 0.19897116720676422
2023-10-10 08:55:41,759 Epoch number 25, batch number 1/2:       batch loss 0.1967633217573166
2023-10-10 08:55:45,032 Epoch: 26 	Training Loss: 0.197867
2023-10-10 08:55:45,033 Time for epoch 26 : 59 sec
2023-10-10 08:55:45,033 Average PSNR for epoch 26 on training set is 0.000000
2023-10-10 08:56:36,138 Epoch number 26, batch number 0/2:       batch loss 0.17005258798599243
2023-10-10 08:56:44,690 Epoch number 26, batch number 1/2:       batch loss 0.18872301280498505
2023-10-10 08:56:47,954 Epoch: 27 	Training Loss: 0.179388
2023-10-10 08:56:47,954 Time for epoch 27 : 58 sec
2023-10-10 08:56:47,954 Average PSNR for epoch 27 on training set is 0.000000
2023-10-10 08:57:39,120 Epoch number 27, batch number 0/2:       batch loss 0.14196547865867615
2023-10-10 08:57:47,637 Epoch number 27, batch number 1/2:       batch loss 0.21813692152500153
2023-10-10 08:57:51,028 Epoch: 28 	Training Loss: 0.180051
2023-10-10 08:57:51,028 Time for epoch 28 : 59 sec
2023-10-10 08:57:51,028 Average PSNR for epoch 28 on training set is 0.000000
2023-10-10 08:58:42,740 Epoch number 28, batch number 0/2:       batch loss 0.19679197669029236
2023-10-10 08:58:51,355 Epoch number 28, batch number 1/2:       batch loss 0.17366726696491241
2023-10-10 08:58:54,580 Epoch: 29 	Training Loss: 0.185230
2023-10-10 08:58:54,580 Time for epoch 29 : 59 sec
2023-10-10 08:58:54,580 Average PSNR for epoch 29 on training set is 0.000000
2023-10-10 08:59:45,343 Epoch number 29, batch number 0/2:       batch loss 0.1505652368068695
2023-10-10 08:59:54,006 Epoch number 29, batch number 1/2:       batch loss 0.23456455767154694
2023-10-10 08:59:57,258 Epoch: 30 	Training Loss: 0.192565
2023-10-10 08:59:57,258 Time for epoch 30 : 59 sec
2023-10-10 08:59:57,258 Average PSNR for epoch 30 on training set is 0.000000
2023-10-10 09:00:48,071 Epoch number 30, batch number 0/2:       batch loss 0.17356392741203308
2023-10-10 09:00:56,567 Epoch number 30, batch number 1/2:       batch loss 0.1772398203611374
2023-10-10 09:00:59,857 Epoch: 31 	Training Loss: 0.175402
2023-10-10 09:00:59,857 Time for epoch 31 : 59 sec
2023-10-10 09:00:59,857 Average PSNR for epoch 31 on training set is 0.000000
2023-10-10 09:01:50,815 Epoch number 31, batch number 0/2:       batch loss 0.2070171982049942
2023-10-10 09:02:00,770 Epoch number 31, batch number 1/2:       batch loss 0.15112055838108063
2023-10-10 09:02:05,186 Epoch: 32 	Training Loss: 0.179069
2023-10-10 09:02:05,186 Time for epoch 32 : 61 sec
2023-10-10 09:02:05,186 Average PSNR for epoch 32 on training set is 0.000000
2023-10-10 09:03:00,898 Epoch number 32, batch number 0/2:       batch loss 0.18883003294467926
2023-10-10 09:03:10,704 Epoch number 32, batch number 1/2:       batch loss 0.1712847203016281
2023-10-10 09:03:15,180 Epoch: 33 	Training Loss: 0.180057
2023-10-10 09:03:15,180 Time for epoch 33 : 63 sec
2023-10-10 09:03:15,180 Average PSNR for epoch 33 on training set is 0.000000
2023-10-10 09:04:11,107 Epoch number 33, batch number 0/2:       batch loss 0.17780157923698425
2023-10-10 09:04:20,839 Epoch number 33, batch number 1/2:       batch loss 0.18552839756011963
2023-10-10 09:04:25,264 Epoch: 34 	Training Loss: 0.181665
2023-10-10 09:04:25,264 Time for epoch 34 : 63 sec
2023-10-10 09:04:25,264 Average PSNR for epoch 34 on training set is 0.000000
2023-10-10 09:05:18,554 Epoch number 34, batch number 0/2:       batch loss 0.1919773817062378
2023-10-10 09:05:27,168 Epoch number 34, batch number 1/2:       batch loss 0.18599767982959747
2023-10-10 09:05:30,470 Epoch: 35 	Training Loss: 0.188988
2023-10-10 09:05:30,470 Time for epoch 35 : 59 sec
2023-10-10 09:05:30,470 Average PSNR for epoch 35 on training set is 0.000000
2023-10-10 09:06:21,188 Epoch number 35, batch number 0/2:       batch loss 0.18126121163368225
2023-10-10 09:06:29,719 Epoch number 35, batch number 1/2:       batch loss 0.1912127435207367
2023-10-10 09:06:33,020 Epoch: 36 	Training Loss: 0.186237
2023-10-10 09:06:33,020 Time for epoch 36 : 59 sec
2023-10-10 09:06:33,020 Average PSNR for epoch 36 on training set is 0.000000
2023-10-10 09:07:24,507 Epoch number 36, batch number 0/2:       batch loss 0.15520347654819489
2023-10-10 09:07:33,052 Epoch number 36, batch number 1/2:       batch loss 0.2115171253681183
2023-10-10 09:07:36,318 Epoch: 37 	Training Loss: 0.183360
2023-10-10 09:07:36,318 Time for epoch 37 : 59 sec
2023-10-10 09:07:36,318 Average PSNR for epoch 37 on training set is 0.000000
2023-10-10 09:08:28,225 Epoch number 37, batch number 0/2:       batch loss 0.18251526355743408
2023-10-10 09:08:37,128 Epoch number 37, batch number 1/2:       batch loss 0.18997156620025635
2023-10-10 09:08:40,463 Epoch: 38 	Training Loss: 0.186243
2023-10-10 09:08:40,463 Time for epoch 38 : 59 sec
2023-10-10 09:08:40,463 Average PSNR for epoch 38 on training set is 0.000000
2023-10-10 09:09:32,263 Epoch number 38, batch number 0/2:       batch loss 0.19162029027938843
2023-10-10 09:09:40,926 Epoch number 38, batch number 1/2:       batch loss 0.13632094860076904
2023-10-10 09:09:44,178 Epoch: 39 	Training Loss: 0.163971
2023-10-10 09:09:44,179 Time for epoch 39 : 59 sec
2023-10-10 09:09:44,179 Average PSNR for epoch 39 on training set is 0.000000
2023-10-10 09:10:35,132 Epoch number 39, batch number 0/2:       batch loss 0.16539694368839264
2023-10-10 09:10:45,019 Epoch number 39, batch number 1/2:       batch loss 0.16732987761497498
2023-10-10 09:10:49,455 Epoch: 40 	Training Loss: 0.166363
2023-10-10 09:10:49,455 Time for epoch 40 : 61 sec
2023-10-10 09:10:49,455 Average PSNR for epoch 40 on training set is 0.000000
2023-10-10 09:11:44,783 Epoch number 40, batch number 0/2:       batch loss 0.1512657105922699
2023-10-10 09:11:54,565 Epoch number 40, batch number 1/2:       batch loss 0.2209620177745819
2023-10-10 09:11:58,988 Epoch: 41 	Training Loss: 0.186114
2023-10-10 09:11:58,988 Time for epoch 41 : 63 sec
2023-10-10 09:11:58,988 Average PSNR for epoch 41 on training set is 0.000000
2023-10-10 09:12:54,240 Epoch number 41, batch number 0/2:       batch loss 0.14782309532165527
2023-10-10 09:13:02,769 Epoch number 41, batch number 1/2:       batch loss 0.20776116847991943
2023-10-10 09:13:06,050 Epoch: 42 	Training Loss: 0.177792
2023-10-10 09:13:06,050 Time for epoch 42 : 61 sec
2023-10-10 09:13:06,050 Average PSNR for epoch 42 on training set is 0.000000
2023-10-10 09:13:57,124 Epoch number 42, batch number 0/2:       batch loss 0.19347523152828217
2023-10-10 09:14:06,385 Epoch number 42, batch number 1/2:       batch loss 0.20058928430080414
2023-10-10 09:14:10,754 Epoch: 43 	Training Loss: 0.197032
2023-10-10 09:14:10,755 Time for epoch 43 : 60 sec
2023-10-10 09:14:10,755 Average PSNR for epoch 43 on training set is 0.000000
2023-10-10 09:15:06,861 Epoch number 43, batch number 0/2:       batch loss 0.18390101194381714
2023-10-10 09:15:16,698 Epoch number 43, batch number 1/2:       batch loss 0.189862459897995
2023-10-10 09:15:21,259 Epoch: 44 	Training Loss: 0.186882
2023-10-10 09:15:21,260 Time for epoch 44 : 64 sec
2023-10-10 09:15:21,260 Average PSNR for epoch 44 on training set is 0.000000
2023-10-10 09:16:16,746 Epoch number 44, batch number 0/2:       batch loss 0.20363889634609222
2023-10-10 09:16:26,455 Epoch number 44, batch number 1/2:       batch loss 0.1419011950492859
2023-10-10 09:16:30,929 Epoch: 45 	Training Loss: 0.172770
2023-10-10 09:16:30,929 Time for epoch 45 : 63 sec
2023-10-10 09:16:30,929 Average PSNR for epoch 45 on training set is 0.000000
2023-10-10 09:17:25,164 Epoch number 45, batch number 0/2:       batch loss 0.1336001455783844
2023-10-10 09:17:33,735 Epoch number 45, batch number 1/2:       batch loss 0.22974815964698792
2023-10-10 09:17:37,028 Epoch: 46 	Training Loss: 0.181674
2023-10-10 09:17:37,028 Time for epoch 46 : 59 sec
2023-10-10 09:17:37,028 Average PSNR for epoch 46 on training set is 0.000000
2023-10-10 09:18:28,870 Epoch number 46, batch number 0/2:       batch loss 0.13907180726528168
2023-10-10 09:18:37,636 Epoch number 46, batch number 1/2:       batch loss 0.2226930558681488
2023-10-10 09:18:40,948 Epoch: 47 	Training Loss: 0.180882
2023-10-10 09:18:40,949 Time for epoch 47 : 60 sec
2023-10-10 09:18:40,949 Average PSNR for epoch 47 on training set is 0.000000
2023-10-10 09:19:32,149 Epoch number 47, batch number 0/2:       batch loss 0.19321268796920776
2023-10-10 09:19:40,771 Epoch number 47, batch number 1/2:       batch loss 0.17904256284236908
2023-10-10 09:19:44,186 Epoch: 48 	Training Loss: 0.186128
2023-10-10 09:19:44,186 Time for epoch 48 : 59 sec
2023-10-10 09:19:44,186 Average PSNR for epoch 48 on training set is 0.000000
2023-10-10 09:20:35,886 Epoch number 48, batch number 0/2:       batch loss 0.1489446610212326
2023-10-10 09:20:44,647 Epoch number 48, batch number 1/2:       batch loss 0.1971360743045807
2023-10-10 09:20:47,918 Epoch: 49 	Training Loss: 0.173040
2023-10-10 09:20:47,918 Time for epoch 49 : 59 sec
2023-10-10 09:20:47,918 Average PSNR for epoch 49 on training set is 0.000000
2023-10-10 09:21:39,381 Epoch number 49, batch number 0/2:       batch loss 0.21857468783855438
2023-10-10 09:21:47,989 Epoch number 49, batch number 1/2:       batch loss 0.141337051987648
2023-10-10 09:21:51,281 Epoch: 50 	Training Loss: 0.179956
2023-10-10 09:21:51,282 Time for epoch 50 : 59 sec
2023-10-10 09:21:51,282 Average PSNR for epoch 50 on training set is 0.000000
2023-10-10 09:22:42,268 Epoch number 50, batch number 0/2:       batch loss 0.14194688200950623
2023-10-10 09:22:51,897 Epoch number 50, batch number 1/2:       batch loss 0.2089657038450241
2023-10-10 09:23:02,998 findfont: Font family 'Arial' not found.
2023-10-10 09:23:03,006 findfont: Font family 'Arial' not found.
2023-10-10 09:23:03,008 findfont: Font family 'Times New Roman' not found.
2023-10-10 09:23:03,009 findfont: Font family 'Times New Roman' not found.
2023-10-10 09:23:03,009 findfont: Font family 'Times New Roman' not found.
2023-10-10 09:23:03,025 findfont: Font family 'Arial' not found.
2023-10-10 09:23:03,025 findfont: Font family 'Arial' not found.
2023-10-10 09:23:03,036 findfont: Font family 'Arial' not found.
2023-10-10 09:23:03,039 findfont: Font family 'Times New Roman' not found.
2023-10-10 09:23:03,039 findfont: Font family 'Times New Roman' not found.
2023-10-10 09:23:03,102 findfont: Font family 'Arial' not found.
2023-10-10 09:23:03,111 findfont: Font family 'Arial' not found.
2023-10-10 09:23:03,112 findfont: Font family 'Times New Roman' not found.
2023-10-10 09:23:03,113 findfont: Font family 'Times New Roman' not found.
2023-10-10 09:23:03,119 Run Finished Successfully
