2023-10-13 00:49:59,076 This is a summery of the run:
2023-10-13 00:49:59,076 Batch size for this run: 2
2023-10-13 00:49:59,076 Size of original image: 64 X 64
2023-10-13 00:49:59,076 learning rate: 0.1
2023-10-13 00:49:59,076 number of masks: 2048
2023-10-13 00:49:59,076 Compression ratio: 2
2023-10-13 00:49:59,076 epochs : 100
2023-10-13 00:49:59,076 ***************************************************************************


2023-10-13 00:49:59,076 learning rate: 0.1
2023-10-13 00:50:19,469 Epoch number 0, batch number 0/2:       batch loss 0.48205894231796265
2023-10-13 00:50:24,032 Epoch number 0, batch number 1/2:       batch loss 0.2764071226119995
2023-10-13 00:50:24,077 Epoch: 1 	Training Loss: 0.379233
2023-10-13 00:50:24,078 Time for epoch 1 : 15 sec
2023-10-13 00:50:24,078 Average PSNR for epoch 1 on training set is 0.000000
2023-10-13 00:50:47,932 Epoch number 1, batch number 0/2:       batch loss 0.3021877110004425
2023-10-13 00:50:52,521 Epoch number 1, batch number 1/2:       batch loss 0.5217059850692749
2023-10-13 00:50:53,156 Epoch: 2 	Training Loss: 0.411947
2023-10-13 00:50:53,156 Time for epoch 2 : 27 sec
2023-10-13 00:50:53,156 Average PSNR for epoch 2 on training set is 0.000000
2023-10-13 00:51:18,269 Epoch number 2, batch number 0/2:       batch loss 0.3020615875720978
2023-10-13 00:51:22,956 Epoch number 2, batch number 1/2:       batch loss 0.5011298060417175
2023-10-13 00:51:24,632 Epoch: 3 	Training Loss: 0.401596
2023-10-13 00:51:24,632 Time for epoch 3 : 29 sec
2023-10-13 00:51:24,632 Average PSNR for epoch 3 on training set is 0.000000
2023-10-13 00:51:49,493 Epoch number 3, batch number 0/2:       batch loss 0.3215785324573517
2023-10-13 00:51:54,235 Epoch number 3, batch number 1/2:       batch loss 0.5121030211448669
2023-10-13 00:51:55,915 Epoch: 4 	Training Loss: 0.416841
2023-10-13 00:51:55,915 Time for epoch 4 : 29 sec
2023-10-13 00:51:55,915 Average PSNR for epoch 4 on training set is 0.000000
2023-10-13 00:52:20,967 Epoch number 4, batch number 0/2:       batch loss 0.43034446239471436
2023-10-13 00:52:25,536 Epoch number 4, batch number 1/2:       batch loss 0.4085339903831482
2023-10-13 00:52:27,192 Epoch: 5 	Training Loss: 0.419439
2023-10-13 00:52:27,192 Time for epoch 5 : 29 sec
2023-10-13 00:52:27,192 Average PSNR for epoch 5 on training set is 0.000000
2023-10-13 00:52:52,133 Epoch number 5, batch number 0/2:       batch loss 0.30813345313072205
2023-10-13 00:52:56,697 Epoch number 5, batch number 1/2:       batch loss 0.5218205451965332
2023-10-13 00:52:58,361 Epoch: 6 	Training Loss: 0.414977
2023-10-13 00:52:58,361 Time for epoch 6 : 29 sec
2023-10-13 00:52:58,361 Average PSNR for epoch 6 on training set is 0.000000
2023-10-13 00:53:23,425 Epoch number 6, batch number 0/2:       batch loss 0.31658250093460083
2023-10-13 00:53:27,980 Epoch number 6, batch number 1/2:       batch loss 0.5235285758972168
2023-10-13 00:53:29,602 Epoch: 7 	Training Loss: 0.420056
2023-10-13 00:53:29,602 Time for epoch 7 : 28 sec
2023-10-13 00:53:29,602 Average PSNR for epoch 7 on training set is 0.000000
2023-10-13 00:53:54,583 Epoch number 7, batch number 0/2:       batch loss 0.31234678626060486
2023-10-13 00:53:59,172 Epoch number 7, batch number 1/2:       batch loss 0.5151239633560181
2023-10-13 00:54:00,850 Epoch: 8 	Training Loss: 0.413735
2023-10-13 00:54:00,851 Time for epoch 8 : 29 sec
2023-10-13 00:54:00,851 Average PSNR for epoch 8 on training set is 0.000000
2023-10-13 00:54:26,013 Epoch number 8, batch number 0/2:       batch loss 0.5227842926979065
2023-10-13 00:54:30,579 Epoch number 8, batch number 1/2:       batch loss 0.3055060803890228
2023-10-13 00:54:32,265 Epoch: 9 	Training Loss: 0.414145
2023-10-13 00:54:32,265 Time for epoch 9 : 29 sec
2023-10-13 00:54:32,265 Average PSNR for epoch 9 on training set is 0.000000
2023-10-13 00:54:56,851 Epoch number 9, batch number 0/2:       batch loss 0.4420830011367798
2023-10-13 00:55:01,370 Epoch number 9, batch number 1/2:       batch loss 0.4120989441871643
2023-10-13 00:55:03,051 Epoch: 10 	Training Loss: 0.427091
2023-10-13 00:55:03,051 Time for epoch 10 : 28 sec
2023-10-13 00:55:03,051 Average PSNR for epoch 10 on training set is 0.000000
2023-10-13 00:55:27,432 Epoch number 10, batch number 0/2:       batch loss 0.5458106994628906
2023-10-13 00:55:32,513 Epoch number 10, batch number 1/2:       batch loss 0.32619214057922363
2023-10-13 00:55:34,713 Epoch: 11 	Training Loss: 0.436001
2023-10-13 00:55:34,713 Time for epoch 11 : 29 sec
2023-10-13 00:55:34,713 Average PSNR for epoch 11 on training set is 0.000000
2023-10-13 00:56:01,332 Epoch number 11, batch number 0/2:       batch loss 0.5410081744194031
2023-10-13 00:56:06,421 Epoch number 11, batch number 1/2:       batch loss 0.3363194167613983
2023-10-13 00:56:08,652 Epoch: 12 	Training Loss: 0.438664
2023-10-13 00:56:08,653 Time for epoch 12 : 30 sec
2023-10-13 00:56:08,653 Average PSNR for epoch 12 on training set is 0.000000
2023-10-13 00:56:35,366 Epoch number 12, batch number 0/2:       batch loss 0.31761401891708374
2023-10-13 00:56:39,915 Epoch number 12, batch number 1/2:       batch loss 0.5529703497886658
2023-10-13 00:56:41,553 Epoch: 13 	Training Loss: 0.435292
2023-10-13 00:56:41,553 Time for epoch 13 : 29 sec
2023-10-13 00:56:41,553 Average PSNR for epoch 13 on training set is 0.000000
2023-10-13 00:57:06,847 Epoch number 13, batch number 0/2:       batch loss 0.456175297498703
2023-10-13 00:57:11,411 Epoch number 13, batch number 1/2:       batch loss 0.4232160151004791
2023-10-13 00:57:13,109 Epoch: 14 	Training Loss: 0.439696
2023-10-13 00:57:13,109 Time for epoch 14 : 29 sec
2023-10-13 00:57:13,109 Average PSNR for epoch 14 on training set is 0.000000
2023-10-13 00:57:38,009 Epoch number 14, batch number 0/2:       batch loss 0.3274189829826355
2023-10-13 00:57:42,557 Epoch number 14, batch number 1/2:       batch loss 0.5475177764892578
2023-10-13 00:57:44,224 Epoch: 15 	Training Loss: 0.437468
2023-10-13 00:57:44,224 Time for epoch 15 : 29 sec
2023-10-13 00:57:44,224 Average PSNR for epoch 15 on training set is 0.000000
2023-10-13 00:58:08,849 Epoch number 15, batch number 0/2:       batch loss 0.31911638379096985
2023-10-13 00:58:13,846 Epoch number 15, batch number 1/2:       batch loss 0.5532805919647217
2023-10-13 00:58:16,075 Epoch: 16 	Training Loss: 0.436198
2023-10-13 00:58:16,075 Time for epoch 16 : 29 sec
2023-10-13 00:58:16,075 Average PSNR for epoch 16 on training set is 0.000000
2023-10-13 00:58:42,552 Epoch number 16, batch number 0/2:       batch loss 0.5888882875442505
2023-10-13 00:58:47,573 Epoch number 16, batch number 1/2:       batch loss 0.3360220193862915
2023-10-13 00:58:49,805 Epoch: 17 	Training Loss: 0.462455
2023-10-13 00:58:49,805 Time for epoch 17 : 30 sec
2023-10-13 00:58:49,805 Average PSNR for epoch 17 on training set is 0.000000
2023-10-13 00:59:16,295 Epoch number 17, batch number 0/2:       batch loss 0.560195803642273
2023-10-13 00:59:20,893 Epoch number 17, batch number 1/2:       batch loss 0.33797982335090637
2023-10-13 00:59:22,656 Epoch: 18 	Training Loss: 0.449088
2023-10-13 00:59:22,656 Time for epoch 18 : 29 sec
2023-10-13 00:59:22,656 Average PSNR for epoch 18 on training set is 0.000000
2023-10-13 00:59:47,767 Epoch number 18, batch number 0/2:       batch loss 0.5660640001296997
2023-10-13 00:59:52,304 Epoch number 18, batch number 1/2:       batch loss 0.3316413164138794
2023-10-13 00:59:53,949 Epoch: 19 	Training Loss: 0.448853
2023-10-13 00:59:53,949 Time for epoch 19 : 29 sec
2023-10-13 00:59:53,949 Average PSNR for epoch 19 on training set is 0.000000
2023-10-13 01:00:18,933 Epoch number 19, batch number 0/2:       batch loss 0.5765103101730347
2023-10-13 01:00:23,508 Epoch number 19, batch number 1/2:       batch loss 0.34364408254623413
2023-10-13 01:00:25,203 Epoch: 20 	Training Loss: 0.460077
2023-10-13 01:00:25,203 Time for epoch 20 : 29 sec
2023-10-13 01:00:25,203 Average PSNR for epoch 20 on training set is 0.000000
2023-10-13 01:00:49,770 Epoch number 20, batch number 0/2:       batch loss 0.4296523928642273
2023-10-13 01:00:54,797 Epoch number 20, batch number 1/2:       batch loss 0.4665146768093109
2023-10-13 01:00:57,014 Epoch: 21 	Training Loss: 0.448084
2023-10-13 01:00:57,014 Time for epoch 21 : 29 sec
2023-10-13 01:00:57,014 Average PSNR for epoch 21 on training set is 0.000000
2023-10-13 01:01:23,524 Epoch number 21, batch number 0/2:       batch loss 0.4321010708808899
2023-10-13 01:01:28,543 Epoch number 21, batch number 1/2:       batch loss 0.49127304553985596
2023-10-13 01:01:30,781 Epoch: 22 	Training Loss: 0.461687
2023-10-13 01:01:30,781 Time for epoch 22 : 30 sec
2023-10-13 01:01:30,781 Average PSNR for epoch 22 on training set is 0.000000
2023-10-13 01:01:57,278 Epoch number 22, batch number 0/2:       batch loss 0.46376535296440125
2023-10-13 01:02:02,135 Epoch number 22, batch number 1/2:       batch loss 0.44478580355644226
2023-10-13 01:02:03,824 Epoch: 23 	Training Loss: 0.454276
2023-10-13 01:02:03,824 Time for epoch 23 : 29 sec
2023-10-13 01:02:03,824 Average PSNR for epoch 23 on training set is 0.000000
2023-10-13 01:02:28,929 Epoch number 23, batch number 0/2:       batch loss 0.5922347903251648
2023-10-13 01:02:33,496 Epoch number 23, batch number 1/2:       batch loss 0.3350445628166199
2023-10-13 01:02:35,117 Epoch: 24 	Training Loss: 0.463640
2023-10-13 01:02:35,117 Time for epoch 24 : 29 sec
2023-10-13 01:02:35,117 Average PSNR for epoch 24 on training set is 0.000000
2023-10-13 01:03:00,264 Epoch number 24, batch number 0/2:       batch loss 0.4478927254676819
2023-10-13 01:03:04,873 Epoch number 24, batch number 1/2:       batch loss 0.4977499544620514
2023-10-13 01:03:06,567 Epoch: 25 	Training Loss: 0.472821
2023-10-13 01:03:06,567 Time for epoch 25 : 29 sec
2023-10-13 01:03:06,567 Average PSNR for epoch 25 on training set is 0.000000
2023-10-13 01:03:31,443 Epoch number 25, batch number 0/2:       batch loss 0.46251851320266724
2023-10-13 01:03:36,539 Epoch number 25, batch number 1/2:       batch loss 0.5148303508758545
2023-10-13 01:03:38,801 Epoch: 26 	Training Loss: 0.488674
2023-10-13 01:03:38,801 Time for epoch 26 : 29 sec
2023-10-13 01:03:38,801 Average PSNR for epoch 26 on training set is 0.000000
2023-10-13 01:04:05,510 Epoch number 26, batch number 0/2:       batch loss 0.36155831813812256
2023-10-13 01:04:10,527 Epoch number 26, batch number 1/2:       batch loss 0.5957368016242981
2023-10-13 01:04:12,783 Epoch: 27 	Training Loss: 0.478648
2023-10-13 01:04:12,783 Time for epoch 27 : 30 sec
2023-10-13 01:04:12,783 Average PSNR for epoch 27 on training set is 0.000000
2023-10-13 01:04:39,346 Epoch number 27, batch number 0/2:       batch loss 0.44663286209106445
2023-10-13 01:04:43,898 Epoch number 27, batch number 1/2:       batch loss 0.5011030435562134
2023-10-13 01:04:45,542 Epoch: 28 	Training Loss: 0.473868
2023-10-13 01:04:45,542 Time for epoch 28 : 29 sec
2023-10-13 01:04:45,542 Average PSNR for epoch 28 on training set is 0.000000
2023-10-13 01:05:10,754 Epoch number 28, batch number 0/2:       batch loss 0.3634694814682007
2023-10-13 01:05:15,370 Epoch number 28, batch number 1/2:       batch loss 0.6397648453712463
2023-10-13 01:05:17,052 Epoch: 29 	Training Loss: 0.501617
2023-10-13 01:05:17,052 Time for epoch 29 : 29 sec
2023-10-13 01:05:17,052 Average PSNR for epoch 29 on training set is 0.000000
2023-10-13 01:05:42,390 Epoch number 29, batch number 0/2:       batch loss 0.5057836174964905
2023-10-13 01:05:47,233 Epoch number 29, batch number 1/2:       batch loss 0.47481822967529297
2023-10-13 01:05:48,903 Epoch: 30 	Training Loss: 0.490301
2023-10-13 01:05:48,903 Time for epoch 30 : 29 sec
2023-10-13 01:05:48,903 Average PSNR for epoch 30 on training set is 0.000000
2023-10-13 01:06:13,726 Epoch number 30, batch number 0/2:       batch loss 0.6002376675605774
2023-10-13 01:06:19,006 Epoch number 30, batch number 1/2:       batch loss 0.35374438762664795
2023-10-13 01:06:21,236 Epoch: 31 	Training Loss: 0.476991
2023-10-13 01:06:21,236 Time for epoch 31 : 30 sec
2023-10-13 01:06:21,236 Average PSNR for epoch 31 on training set is 0.000000
2023-10-13 01:06:48,256 Epoch number 31, batch number 0/2:       batch loss 0.6439762711524963
2023-10-13 01:06:53,450 Epoch number 31, batch number 1/2:       batch loss 0.3595004081726074
2023-10-13 01:06:55,757 Epoch: 32 	Training Loss: 0.501738
2023-10-13 01:06:55,757 Time for epoch 32 : 31 sec
2023-10-13 01:06:55,757 Average PSNR for epoch 32 on training set is 0.000000
2023-10-13 01:07:22,941 Epoch number 32, batch number 0/2:       batch loss 0.6230988502502441
2023-10-13 01:07:27,816 Epoch number 32, batch number 1/2:       batch loss 0.3756254315376282
2023-10-13 01:07:29,500 Epoch: 33 	Training Loss: 0.499362
2023-10-13 01:07:29,500 Time for epoch 33 : 30 sec
2023-10-13 01:07:29,500 Average PSNR for epoch 33 on training set is 0.000000
2023-10-13 01:07:54,826 Epoch number 33, batch number 0/2:       batch loss 0.6480794548988342
2023-10-13 01:07:59,625 Epoch number 33, batch number 1/2:       batch loss 0.383051335811615
2023-10-13 01:08:01,284 Epoch: 34 	Training Loss: 0.515565
2023-10-13 01:08:01,284 Time for epoch 34 : 29 sec
2023-10-13 01:08:01,284 Average PSNR for epoch 34 on training set is 0.000000
2023-10-13 01:08:26,890 Epoch number 34, batch number 0/2:       batch loss 0.5422806143760681
2023-10-13 01:08:31,701 Epoch number 34, batch number 1/2:       batch loss 0.4756903648376465
2023-10-13 01:08:33,378 Epoch: 35 	Training Loss: 0.508985
2023-10-13 01:08:33,378 Time for epoch 35 : 29 sec
2023-10-13 01:08:33,378 Average PSNR for epoch 35 on training set is 0.000000
2023-10-13 01:08:58,031 Epoch number 35, batch number 0/2:       batch loss 0.4633747339248657
2023-10-13 01:09:03,419 Epoch number 35, batch number 1/2:       batch loss 0.5304895043373108
2023-10-13 01:09:05,707 Epoch: 36 	Training Loss: 0.496932
2023-10-13 01:09:05,708 Time for epoch 36 : 30 sec
2023-10-13 01:09:05,708 Average PSNR for epoch 36 on training set is 0.000000
2023-10-13 01:09:32,742 Epoch number 36, batch number 0/2:       batch loss 0.6632828712463379
2023-10-13 01:09:37,995 Epoch number 36, batch number 1/2:       batch loss 0.38546448945999146
2023-10-13 01:09:40,172 Epoch: 37 	Training Loss: 0.524374
2023-10-13 01:09:40,172 Time for epoch 37 : 31 sec
2023-10-13 01:09:40,172 Average PSNR for epoch 37 on training set is 0.000000
2023-10-13 01:10:07,595 Epoch number 37, batch number 0/2:       batch loss 0.5067799687385559
2023-10-13 01:10:12,468 Epoch number 37, batch number 1/2:       batch loss 0.5363720059394836
2023-10-13 01:10:14,108 Epoch: 38 	Training Loss: 0.521576
2023-10-13 01:10:14,108 Time for epoch 38 : 30 sec
2023-10-13 01:10:14,108 Average PSNR for epoch 38 on training set is 0.000000
2023-10-13 01:10:39,768 Epoch number 38, batch number 0/2:       batch loss 0.6628790497779846
2023-10-13 01:10:44,556 Epoch number 38, batch number 1/2:       batch loss 0.40105706453323364
2023-10-13 01:10:46,200 Epoch: 39 	Training Loss: 0.531968
2023-10-13 01:10:46,200 Time for epoch 39 : 29 sec
2023-10-13 01:10:46,200 Average PSNR for epoch 39 on training set is 0.000000
2023-10-13 01:11:11,374 Epoch number 39, batch number 0/2:       batch loss 0.41553133726119995
2023-10-13 01:11:16,133 Epoch number 39, batch number 1/2:       batch loss 0.6440340280532837
2023-10-13 01:11:17,791 Epoch: 40 	Training Loss: 0.529783
2023-10-13 01:11:17,791 Time for epoch 40 : 29 sec
2023-10-13 01:11:17,791 Average PSNR for epoch 40 on training set is 0.000000
2023-10-13 01:11:42,657 Epoch number 40, batch number 0/2:       batch loss 0.6765521764755249
2023-10-13 01:11:48,005 Epoch number 40, batch number 1/2:       batch loss 0.3906232714653015
2023-10-13 01:11:50,235 Epoch: 41 	Training Loss: 0.533588
2023-10-13 01:11:50,235 Time for epoch 41 : 30 sec
2023-10-13 01:11:50,235 Average PSNR for epoch 41 on training set is 0.000000
2023-10-13 01:12:17,217 Epoch number 41, batch number 0/2:       batch loss 0.4040035009384155
2023-10-13 01:12:22,469 Epoch number 41, batch number 1/2:       batch loss 0.6626499891281128
2023-10-13 01:12:24,681 Epoch: 42 	Training Loss: 0.533327
2023-10-13 01:12:24,681 Time for epoch 42 : 31 sec
2023-10-13 01:12:24,681 Average PSNR for epoch 42 on training set is 0.000000
2023-10-13 01:12:52,155 Epoch number 42, batch number 0/2:       batch loss 0.6681057810783386
2023-10-13 01:12:56,967 Epoch number 42, batch number 1/2:       batch loss 0.4074697494506836
2023-10-13 01:12:58,597 Epoch: 43 	Training Loss: 0.537788
2023-10-13 01:12:58,597 Time for epoch 43 : 30 sec
2023-10-13 01:12:58,597 Average PSNR for epoch 43 on training set is 0.000000
2023-10-13 01:13:23,787 Epoch number 43, batch number 0/2:       batch loss 0.48880136013031006
2023-10-13 01:13:28,548 Epoch number 43, batch number 1/2:       batch loss 0.5563053488731384
2023-10-13 01:13:30,250 Epoch: 44 	Training Loss: 0.522553
2023-10-13 01:13:30,250 Time for epoch 44 : 29 sec
2023-10-13 01:13:30,251 Average PSNR for epoch 44 on training set is 0.000000
2023-10-13 01:13:55,901 Epoch number 44, batch number 0/2:       batch loss 0.392841637134552
2023-10-13 01:14:00,776 Epoch number 44, batch number 1/2:       batch loss 0.6956254839897156
2023-10-13 01:14:02,431 Epoch: 45 	Training Loss: 0.544234
2023-10-13 01:14:02,432 Time for epoch 45 : 29 sec
2023-10-13 01:14:02,432 Average PSNR for epoch 45 on training set is 0.000000
2023-10-13 01:14:27,996 Epoch number 45, batch number 0/2:       batch loss 0.41532430052757263
2023-10-13 01:14:32,828 Epoch number 45, batch number 1/2:       batch loss 0.6707420349121094
2023-10-13 01:14:34,447 Epoch: 46 	Training Loss: 0.543033
2023-10-13 01:14:34,447 Time for epoch 46 : 29 sec
2023-10-13 01:14:34,447 Average PSNR for epoch 46 on training set is 0.000000
2023-10-13 01:15:02,696 Epoch number 46, batch number 0/2:       batch loss 0.39228495955467224
2023-10-13 01:15:07,592 Epoch number 46, batch number 1/2:       batch loss 0.688943088054657
2023-10-13 01:15:09,234 Epoch: 47 	Training Loss: 0.540614
2023-10-13 01:15:09,234 Time for epoch 47 : 32 sec
2023-10-13 01:15:09,234 Average PSNR for epoch 47 on training set is 0.000000
2023-10-13 01:15:34,842 Epoch number 47, batch number 0/2:       batch loss 0.6772631406784058
2023-10-13 01:15:39,701 Epoch number 47, batch number 1/2:       batch loss 0.41109341382980347
2023-10-13 01:15:41,371 Epoch: 48 	Training Loss: 0.544178
2023-10-13 01:15:41,371 Time for epoch 48 : 29 sec
2023-10-13 01:15:41,371 Average PSNR for epoch 48 on training set is 0.000000
2023-10-13 01:16:07,050 Epoch number 48, batch number 0/2:       batch loss 0.39926251769065857
2023-10-13 01:16:11,823 Epoch number 48, batch number 1/2:       batch loss 0.7206847667694092
2023-10-13 01:16:13,511 Epoch: 49 	Training Loss: 0.559974
2023-10-13 01:16:13,511 Time for epoch 49 : 29 sec
2023-10-13 01:16:13,511 Average PSNR for epoch 49 on training set is 0.000000
2023-10-13 01:16:39,443 Epoch number 49, batch number 0/2:       batch loss 0.5726211667060852
2023-10-13 01:16:44,296 Epoch number 49, batch number 1/2:       batch loss 0.5332155227661133
2023-10-13 01:16:45,942 Epoch: 50 	Training Loss: 0.552918
2023-10-13 01:16:45,943 Time for epoch 50 : 29 sec
2023-10-13 01:16:45,943 Average PSNR for epoch 50 on training set is 0.000000
2023-10-13 01:17:13,323 Epoch number 50, batch number 0/2:       batch loss 0.44025421142578125
2023-10-13 01:17:18,586 Epoch number 50, batch number 1/2:       batch loss 0.7037847638130188
2023-10-13 01:17:20,806 Epoch: 51 	Training Loss: 0.572019
2023-10-13 01:17:20,806 Time for epoch 51 : 31 sec
2023-10-13 01:17:20,806 Average PSNR for epoch 51 on training set is 0.000000
2023-10-13 01:17:47,788 Epoch number 51, batch number 0/2:       batch loss 0.5287419557571411
2023-10-13 01:17:53,165 Epoch number 51, batch number 1/2:       batch loss 0.5936943292617798
2023-10-13 01:17:55,380 Epoch: 52 	Training Loss: 0.561218
2023-10-13 01:17:55,381 Time for epoch 52 : 31 sec
2023-10-13 01:17:55,381 Average PSNR for epoch 52 on training set is 0.000000
2023-10-13 01:18:23,129 Epoch number 52, batch number 0/2:       batch loss 0.42135632038116455
2023-10-13 01:18:27,933 Epoch number 52, batch number 1/2:       batch loss 0.7259059548377991
2023-10-13 01:18:29,610 Epoch: 53 	Training Loss: 0.573631
2023-10-13 01:18:29,611 Time for epoch 53 : 30 sec
2023-10-13 01:18:29,611 Average PSNR for epoch 53 on training set is 0.000000
2023-10-13 01:18:55,256 Epoch number 53, batch number 0/2:       batch loss 0.5959731936454773
2023-10-13 01:19:00,028 Epoch number 53, batch number 1/2:       batch loss 0.5240849852561951
2023-10-13 01:19:01,642 Epoch: 54 	Training Loss: 0.560029
2023-10-13 01:19:01,642 Time for epoch 54 : 29 sec
2023-10-13 01:19:01,642 Average PSNR for epoch 54 on training set is 0.000000
2023-10-13 01:19:27,235 Epoch number 54, batch number 0/2:       batch loss 0.4278828203678131
2023-10-13 01:19:32,153 Epoch number 54, batch number 1/2:       batch loss 0.7356038093566895
2023-10-13 01:19:33,818 Epoch: 55 	Training Loss: 0.581743
2023-10-13 01:19:33,818 Time for epoch 55 : 30 sec
2023-10-13 01:19:33,818 Average PSNR for epoch 55 on training set is 0.000000
2023-10-13 01:19:59,954 Epoch number 55, batch number 0/2:       batch loss 0.40886369347572327
2023-10-13 01:20:04,886 Epoch number 55, batch number 1/2:       batch loss 0.7314572930335999
2023-10-13 01:20:06,549 Epoch: 56 	Training Loss: 0.570160
2023-10-13 01:20:06,549 Time for epoch 56 : 30 sec
2023-10-13 01:20:06,549 Average PSNR for epoch 56 on training set is 0.000000
2023-10-13 01:20:32,506 Epoch number 56, batch number 0/2:       batch loss 0.5698103308677673
2023-10-13 01:20:37,256 Epoch number 56, batch number 1/2:       batch loss 0.5976401567459106
2023-10-13 01:20:38,900 Epoch: 57 	Training Loss: 0.583725
2023-10-13 01:20:38,900 Time for epoch 57 : 29 sec
2023-10-13 01:20:38,900 Average PSNR for epoch 57 on training set is 0.000000
2023-10-13 01:21:04,316 Epoch number 57, batch number 0/2:       batch loss 0.7418529987335205
2023-10-13 01:21:09,585 Epoch number 57, batch number 1/2:       batch loss 0.4285154640674591
2023-10-13 01:21:11,837 Epoch: 58 	Training Loss: 0.585184
2023-10-13 01:21:11,837 Time for epoch 58 : 30 sec
2023-10-13 01:21:11,837 Average PSNR for epoch 58 on training set is 0.000000
2023-10-13 01:21:39,389 Epoch number 58, batch number 0/2:       batch loss 0.5786301493644714
2023-10-13 01:21:44,777 Epoch number 58, batch number 1/2:       batch loss 0.6083741188049316
2023-10-13 01:21:46,987 Epoch: 59 	Training Loss: 0.593502
2023-10-13 01:21:46,987 Time for epoch 59 : 31 sec
2023-10-13 01:21:46,987 Average PSNR for epoch 59 on training set is 0.000000
2023-10-13 01:22:14,204 Epoch number 59, batch number 0/2:       batch loss 0.7706051468849182
2023-10-13 01:22:19,129 Epoch number 59, batch number 1/2:       batch loss 0.4224492609500885
2023-10-13 01:22:20,736 Epoch: 60 	Training Loss: 0.596527
2023-10-13 01:22:20,736 Time for epoch 60 : 30 sec
2023-10-13 01:22:20,736 Average PSNR for epoch 60 on training set is 0.000000
2023-10-13 01:22:46,666 Epoch number 60, batch number 0/2:       batch loss 0.7539919018745422
2023-10-13 01:22:51,480 Epoch number 60, batch number 1/2:       batch loss 0.44207319617271423
2023-10-13 01:22:53,190 Epoch: 61 	Training Loss: 0.598033
2023-10-13 01:22:53,190 Time for epoch 61 : 30 sec
2023-10-13 01:22:53,190 Average PSNR for epoch 61 on training set is 0.000000
2023-10-13 01:23:18,576 Epoch number 61, batch number 0/2:       batch loss 0.4432971477508545
2023-10-13 01:23:23,404 Epoch number 61, batch number 1/2:       batch loss 0.7332533597946167
2023-10-13 01:23:25,070 Epoch: 62 	Training Loss: 0.588275
2023-10-13 01:23:25,070 Time for epoch 62 : 29 sec
2023-10-13 01:23:25,070 Average PSNR for epoch 62 on training set is 0.000000
2023-10-13 01:23:50,443 Epoch number 62, batch number 0/2:       batch loss 0.4538852572441101
2023-10-13 01:23:55,914 Epoch number 62, batch number 1/2:       batch loss 0.7169169187545776
2023-10-13 01:23:58,110 Epoch: 63 	Training Loss: 0.585401
2023-10-13 01:23:58,111 Time for epoch 63 : 30 sec
2023-10-13 01:23:58,111 Average PSNR for epoch 63 on training set is 0.000000
2023-10-13 01:24:25,527 Epoch number 63, batch number 0/2:       batch loss 0.6197372674942017
2023-10-13 01:24:30,789 Epoch number 63, batch number 1/2:       batch loss 0.5548737645149231
2023-10-13 01:24:33,053 Epoch: 64 	Training Loss: 0.587306
2023-10-13 01:24:33,054 Time for epoch 64 : 31 sec
2023-10-13 01:24:33,054 Average PSNR for epoch 64 on training set is 0.000000
2023-10-13 01:25:00,677 Epoch number 64, batch number 0/2:       batch loss 0.4455704092979431
2023-10-13 01:25:05,684 Epoch number 64, batch number 1/2:       batch loss 0.733265221118927
2023-10-13 01:25:07,323 Epoch: 65 	Training Loss: 0.589418
2023-10-13 01:25:07,323 Time for epoch 65 : 30 sec
2023-10-13 01:25:07,323 Average PSNR for epoch 65 on training set is 0.000000
2023-10-13 01:25:33,400 Epoch number 65, batch number 0/2:       batch loss 0.4551665782928467
2023-10-13 01:25:38,298 Epoch number 65, batch number 1/2:       batch loss 0.764716625213623
2023-10-13 01:25:39,942 Epoch: 66 	Training Loss: 0.609942
2023-10-13 01:25:39,942 Time for epoch 66 : 30 sec
2023-10-13 01:25:39,942 Average PSNR for epoch 66 on training set is 0.000000
2023-10-13 01:26:05,715 Epoch number 66, batch number 0/2:       batch loss 0.4403287470340729
2023-10-13 01:26:10,507 Epoch number 66, batch number 1/2:       batch loss 0.7356704473495483
2023-10-13 01:26:12,201 Epoch: 67 	Training Loss: 0.588000
2023-10-13 01:26:12,202 Time for epoch 67 : 29 sec
2023-10-13 01:26:12,202 Average PSNR for epoch 67 on training set is 0.000000
2023-10-13 01:26:37,828 Epoch number 67, batch number 0/2:       batch loss 0.45916324853897095
2023-10-13 01:26:42,639 Epoch number 67, batch number 1/2:       batch loss 0.7640366554260254
2023-10-13 01:26:44,263 Epoch: 68 	Training Loss: 0.611600
2023-10-13 01:26:44,264 Time for epoch 68 : 29 sec
2023-10-13 01:26:44,264 Average PSNR for epoch 68 on training set is 0.000000
2023-10-13 01:27:09,896 Epoch number 68, batch number 0/2:       batch loss 0.4613507390022278
2023-10-13 01:27:14,684 Epoch number 68, batch number 1/2:       batch loss 0.7976611852645874
2023-10-13 01:27:16,342 Epoch: 69 	Training Loss: 0.629506
2023-10-13 01:27:16,342 Time for epoch 69 : 29 sec
2023-10-13 01:27:16,342 Average PSNR for epoch 69 on training set is 0.000000
2023-10-13 01:27:41,813 Epoch number 69, batch number 0/2:       batch loss 0.47861605882644653
2023-10-13 01:27:46,637 Epoch number 69, batch number 1/2:       batch loss 0.7728214263916016
2023-10-13 01:27:48,301 Epoch: 70 	Training Loss: 0.625719
2023-10-13 01:27:48,301 Time for epoch 70 : 29 sec
2023-10-13 01:27:48,301 Average PSNR for epoch 70 on training set is 0.000000
2023-10-13 01:28:14,063 Epoch number 70, batch number 0/2:       batch loss 0.4584404230117798
2023-10-13 01:28:18,906 Epoch number 70, batch number 1/2:       batch loss 0.7700042724609375
2023-10-13 01:28:20,565 Epoch: 71 	Training Loss: 0.614222
2023-10-13 01:28:20,565 Time for epoch 71 : 29 sec
2023-10-13 01:28:20,565 Average PSNR for epoch 71 on training set is 0.000000
2023-10-13 01:28:46,064 Epoch number 71, batch number 0/2:       batch loss 0.772632896900177
2023-10-13 01:28:50,878 Epoch number 71, batch number 1/2:       batch loss 0.46526551246643066
2023-10-13 01:28:52,550 Epoch: 72 	Training Loss: 0.618949
2023-10-13 01:28:52,550 Time for epoch 72 : 29 sec
2023-10-13 01:28:52,550 Average PSNR for epoch 72 on training set is 0.000000
2023-10-13 01:29:18,340 Epoch number 72, batch number 0/2:       batch loss 0.7910619378089905
2023-10-13 01:29:23,308 Epoch number 72, batch number 1/2:       batch loss 0.49934545159339905
2023-10-13 01:29:24,944 Epoch: 73 	Training Loss: 0.645204
2023-10-13 01:29:24,944 Time for epoch 73 : 30 sec
2023-10-13 01:29:24,944 Average PSNR for epoch 73 on training set is 0.000000
2023-10-13 01:29:50,697 Epoch number 73, batch number 0/2:       batch loss 0.7622922658920288
2023-10-13 01:29:55,530 Epoch number 73, batch number 1/2:       batch loss 0.4598277509212494
2023-10-13 01:29:57,205 Epoch: 74 	Training Loss: 0.611060
2023-10-13 01:29:57,205 Time for epoch 74 : 30 sec
2023-10-13 01:29:57,205 Average PSNR for epoch 74 on training set is 0.000000
2023-10-13 01:30:22,867 Epoch number 74, batch number 0/2:       batch loss 0.7830767035484314
2023-10-13 01:30:27,717 Epoch number 74, batch number 1/2:       batch loss 0.47693657875061035
2023-10-13 01:30:29,350 Epoch: 75 	Training Loss: 0.630007
2023-10-13 01:30:29,351 Time for epoch 75 : 30 sec
2023-10-13 01:30:29,351 Average PSNR for epoch 75 on training set is 0.000000
2023-10-13 01:30:55,105 Epoch number 75, batch number 0/2:       batch loss 0.8112775683403015
2023-10-13 01:30:59,991 Epoch number 75, batch number 1/2:       batch loss 0.46515244245529175
2023-10-13 01:31:01,652 Epoch: 76 	Training Loss: 0.638215
2023-10-13 01:31:01,652 Time for epoch 76 : 30 sec
2023-10-13 01:31:01,652 Average PSNR for epoch 76 on training set is 0.000000
2023-10-13 01:31:27,708 Epoch number 76, batch number 0/2:       batch loss 0.770606517791748
2023-10-13 01:31:32,610 Epoch number 76, batch number 1/2:       batch loss 0.4672854542732239
2023-10-13 01:31:34,252 Epoch: 77 	Training Loss: 0.618946
2023-10-13 01:31:34,252 Time for epoch 77 : 30 sec
2023-10-13 01:31:34,252 Average PSNR for epoch 77 on training set is 0.000000
2023-10-13 01:32:01,139 Epoch number 77, batch number 0/2:       batch loss 0.6735745072364807
2023-10-13 01:32:06,542 Epoch number 77, batch number 1/2:       batch loss 0.6074838042259216
2023-10-13 01:32:08,765 Epoch: 78 	Training Loss: 0.640529
2023-10-13 01:32:08,765 Time for epoch 78 : 31 sec
2023-10-13 01:32:08,765 Average PSNR for epoch 78 on training set is 0.000000
2023-10-13 01:32:36,343 Epoch number 78, batch number 0/2:       batch loss 0.8007470369338989
2023-10-13 01:32:41,647 Epoch number 78, batch number 1/2:       batch loss 0.48701804876327515
2023-10-13 01:32:43,861 Epoch: 79 	Training Loss: 0.643883
2023-10-13 01:32:43,861 Time for epoch 79 : 31 sec
2023-10-13 01:32:43,861 Average PSNR for epoch 79 on training set is 0.000000
2023-10-13 01:33:11,558 Epoch number 79, batch number 0/2:       batch loss 0.7607712745666504
2023-10-13 01:33:16,431 Epoch number 79, batch number 1/2:       batch loss 0.4892691373825073
2023-10-13 01:33:18,023 Epoch: 80 	Training Loss: 0.625020
2023-10-13 01:33:18,023 Time for epoch 80 : 30 sec
2023-10-13 01:33:18,023 Average PSNR for epoch 80 on training set is 0.000000
2023-10-13 01:33:43,912 Epoch number 80, batch number 0/2:       batch loss 0.6072720289230347
2023-10-13 01:33:48,755 Epoch number 80, batch number 1/2:       batch loss 0.6830751299858093
2023-10-13 01:33:50,400 Epoch: 81 	Training Loss: 0.645174
2023-10-13 01:33:50,400 Time for epoch 81 : 30 sec
2023-10-13 01:33:50,400 Average PSNR for epoch 81 on training set is 0.000000
2023-10-13 01:34:16,669 Epoch number 81, batch number 0/2:       batch loss 0.801015317440033
2023-10-13 01:34:21,562 Epoch number 81, batch number 1/2:       batch loss 0.47202974557876587
2023-10-13 01:34:23,224 Epoch: 82 	Training Loss: 0.636523
2023-10-13 01:34:23,224 Time for epoch 82 : 30 sec
2023-10-13 01:34:23,224 Average PSNR for epoch 82 on training set is 0.000000
2023-10-13 01:34:49,050 Epoch number 82, batch number 0/2:       batch loss 0.7023550271987915
2023-10-13 01:34:53,976 Epoch number 82, batch number 1/2:       batch loss 0.5813482403755188
2023-10-13 01:34:55,653 Epoch: 83 	Training Loss: 0.641852
2023-10-13 01:34:55,653 Time for epoch 83 : 30 sec
2023-10-13 01:34:55,653 Average PSNR for epoch 83 on training set is 0.000000
2023-10-13 01:35:21,616 Epoch number 83, batch number 0/2:       batch loss 0.7960160374641418
2023-10-13 01:35:26,630 Epoch number 83, batch number 1/2:       batch loss 0.4906466007232666
2023-10-13 01:35:28,305 Epoch: 84 	Training Loss: 0.643331
2023-10-13 01:35:28,305 Time for epoch 84 : 30 sec
2023-10-13 01:35:28,305 Average PSNR for epoch 84 on training set is 0.000000
2023-10-13 01:35:53,667 Epoch number 84, batch number 0/2:       batch loss 0.6117700934410095
2023-10-13 01:35:59,062 Epoch number 84, batch number 1/2:       batch loss 0.6427310705184937
2023-10-13 01:36:01,309 Epoch: 85 	Training Loss: 0.627251
2023-10-13 01:36:01,309 Time for epoch 85 : 30 sec
2023-10-13 01:36:01,309 Average PSNR for epoch 85 on training set is 0.000000
2023-10-13 01:36:29,037 Epoch number 85, batch number 0/2:       batch loss 0.5976927280426025
2023-10-13 01:36:34,407 Epoch number 85, batch number 1/2:       batch loss 0.6938608288764954
2023-10-13 01:36:36,691 Epoch: 86 	Training Loss: 0.645777
2023-10-13 01:36:36,691 Time for epoch 86 : 32 sec
2023-10-13 01:36:36,691 Average PSNR for epoch 86 on training set is 0.000000
2023-10-13 01:37:04,507 Epoch number 86, batch number 0/2:       batch loss 0.8313576579093933
2023-10-13 01:37:09,462 Epoch number 86, batch number 1/2:       batch loss 0.4804740250110626
2023-10-13 01:37:11,129 Epoch: 87 	Training Loss: 0.655916
2023-10-13 01:37:11,129 Time for epoch 87 : 31 sec
2023-10-13 01:37:11,129 Average PSNR for epoch 87 on training set is 0.000000
2023-10-13 01:37:37,102 Epoch number 87, batch number 0/2:       batch loss 0.6954488754272461
2023-10-13 01:37:41,961 Epoch number 87, batch number 1/2:       batch loss 0.6096436381340027
2023-10-13 01:37:43,603 Epoch: 88 	Training Loss: 0.652546
2023-10-13 01:37:43,603 Time for epoch 88 : 30 sec
2023-10-13 01:37:43,603 Average PSNR for epoch 88 on training set is 0.000000
2023-10-13 01:38:09,671 Epoch number 88, batch number 0/2:       batch loss 0.483076274394989
2023-10-13 01:38:14,709 Epoch number 88, batch number 1/2:       batch loss 0.816468358039856
2023-10-13 01:38:16,396 Epoch: 89 	Training Loss: 0.649772
2023-10-13 01:38:16,396 Time for epoch 89 : 30 sec
2023-10-13 01:38:16,396 Average PSNR for epoch 89 on training set is 0.000000
2023-10-13 01:38:43,244 Epoch number 89, batch number 0/2:       batch loss 0.7913393378257751
2023-10-13 01:38:48,607 Epoch number 89, batch number 1/2:       batch loss 0.4760861098766327
2023-10-13 01:38:50,844 Epoch: 90 	Training Loss: 0.633713
2023-10-13 01:38:50,844 Time for epoch 90 : 32 sec
2023-10-13 01:38:50,844 Average PSNR for epoch 90 on training set is 0.000000
2023-10-13 01:39:18,585 Epoch number 90, batch number 0/2:       batch loss 0.47165799140930176
2023-10-13 01:39:24,017 Epoch number 90, batch number 1/2:       batch loss 0.8398849964141846
2023-10-13 01:39:26,290 Epoch: 91 	Training Loss: 0.655771
2023-10-13 01:39:26,290 Time for epoch 91 : 32 sec
2023-10-13 01:39:26,290 Average PSNR for epoch 91 on training set is 0.000000
2023-10-13 01:39:54,758 Epoch number 91, batch number 0/2:       batch loss 0.6183727383613586
2023-10-13 01:39:59,648 Epoch number 91, batch number 1/2:       batch loss 0.7081918716430664
2023-10-13 01:40:01,318 Epoch: 92 	Training Loss: 0.663282
2023-10-13 01:40:01,318 Time for epoch 92 : 31 sec
2023-10-13 01:40:01,318 Average PSNR for epoch 92 on training set is 0.000000
2023-10-13 01:40:27,581 Epoch number 92, batch number 0/2:       batch loss 0.5188503265380859
2023-10-13 01:40:32,420 Epoch number 92, batch number 1/2:       batch loss 0.8266283273696899
2023-10-13 01:40:34,089 Epoch: 93 	Training Loss: 0.672739
2023-10-13 01:40:34,089 Time for epoch 93 : 30 sec
2023-10-13 01:40:34,089 Average PSNR for epoch 93 on training set is 0.000000
2023-10-13 01:41:00,001 Epoch number 93, batch number 0/2:       batch loss 0.7979049682617188
2023-10-13 01:41:05,087 Epoch number 93, batch number 1/2:       batch loss 0.4930970072746277
2023-10-13 01:41:06,720 Epoch: 94 	Training Loss: 0.645501
2023-10-13 01:41:06,721 Time for epoch 94 : 30 sec
2023-10-13 01:41:06,721 Average PSNR for epoch 94 on training set is 0.000000
2023-10-13 01:41:32,936 Epoch number 94, batch number 0/2:       batch loss 0.49837103486061096
2023-10-13 01:41:37,855 Epoch number 94, batch number 1/2:       batch loss 0.7989363670349121
2023-10-13 01:41:39,502 Epoch: 95 	Training Loss: 0.648654
2023-10-13 01:41:39,502 Time for epoch 95 : 30 sec
2023-10-13 01:41:39,502 Average PSNR for epoch 95 on training set is 0.000000
2023-10-13 01:42:05,380 Epoch number 95, batch number 0/2:       batch loss 0.7097481489181519
2023-10-13 01:42:10,329 Epoch number 95, batch number 1/2:       batch loss 0.6832270622253418
2023-10-13 01:42:11,963 Epoch: 96 	Training Loss: 0.696488
2023-10-13 01:42:11,963 Time for epoch 96 : 30 sec
2023-10-13 01:42:11,963 Average PSNR for epoch 96 on training set is 0.000000
2023-10-13 01:42:38,421 Epoch number 96, batch number 0/2:       batch loss 0.5046640634536743
2023-10-13 01:42:43,872 Epoch number 96, batch number 1/2:       batch loss 0.8398246169090271
2023-10-13 01:42:46,085 Epoch: 97 	Training Loss: 0.672244
2023-10-13 01:42:46,085 Time for epoch 97 : 31 sec
2023-10-13 01:42:46,085 Average PSNR for epoch 97 on training set is 0.000000
2023-10-13 01:43:13,749 Epoch number 97, batch number 0/2:       batch loss 0.8510188460350037
2023-10-13 01:43:19,164 Epoch number 97, batch number 1/2:       batch loss 0.48853403329849243
2023-10-13 01:43:21,380 Epoch: 98 	Training Loss: 0.669776
2023-10-13 01:43:21,380 Time for epoch 98 : 32 sec
2023-10-13 01:43:21,380 Average PSNR for epoch 98 on training set is 0.000000
2023-10-13 01:43:49,488 Epoch number 98, batch number 0/2:       batch loss 0.8178171515464783
2023-10-13 01:43:54,377 Epoch number 98, batch number 1/2:       batch loss 0.5126262307167053
2023-10-13 01:43:56,072 Epoch: 99 	Training Loss: 0.665222
2023-10-13 01:43:56,072 Time for epoch 99 : 31 sec
2023-10-13 01:43:56,072 Average PSNR for epoch 99 on training set is 0.000000
2023-10-13 01:44:22,012 Epoch number 99, batch number 0/2:       batch loss 0.812384307384491
2023-10-13 01:44:26,969 Epoch number 99, batch number 1/2:       batch loss 0.522729754447937
2023-10-13 01:44:28,630 Epoch: 100 	Training Loss: 0.667557
2023-10-13 01:44:28,631 Time for epoch 100 : 30 sec
2023-10-13 01:44:28,631 Average PSNR for epoch 100 on training set is 0.000000
2023-10-13 01:44:55,002 Epoch number 100, batch number 0/2:       batch loss 0.526042640209198
2023-10-13 01:45:00,114 Epoch number 100, batch number 1/2:       batch loss 0.8757177591323853
2023-10-13 01:45:04,511 findfont: Font family 'Arial' not found.
2023-10-13 01:45:04,512 findfont: Font family 'Arial' not found.
2023-10-13 01:45:04,513 findfont: Font family 'Times New Roman' not found.
2023-10-13 01:45:04,513 findfont: Font family 'Times New Roman' not found.
2023-10-13 01:45:04,513 findfont: Font family 'Times New Roman' not found.
2023-10-13 01:45:04,526 findfont: Font family 'Arial' not found.
2023-10-13 01:45:04,527 findfont: Font family 'Arial' not found.
2023-10-13 01:45:04,535 findfont: Font family 'Arial' not found.
2023-10-13 01:45:04,537 findfont: Font family 'Times New Roman' not found.
2023-10-13 01:45:04,537 findfont: Font family 'Times New Roman' not found.
2023-10-13 01:45:04,594 findfont: Font family 'Arial' not found.
2023-10-13 01:45:04,602 findfont: Font family 'Arial' not found.
2023-10-13 01:45:04,603 findfont: Font family 'Times New Roman' not found.
2023-10-13 01:45:04,604 findfont: Font family 'Times New Roman' not found.
2023-10-13 01:45:04,610 Run Finished Successfully
