2024-01-21 09:44:45,235 This is a summery of the run:
2024-01-21 09:44:45,235 Batch size for this run: 2
2024-01-21 09:44:45,235 Size of original image: 32 X 32
2024-01-21 09:44:45,235 number of masks: 51
2024-01-21 09:44:45,235 Compression ratio: 20
2024-01-21 09:44:45,235 number of epochs per lr: [5, 5, 5, 5]
2024-01-21 09:44:45,235 diff learning rate in the run: [0.1, 0.01, 0.001, 0.0005]
2024-01-21 09:44:45,235 ***************************************************************************


2024-01-21 09:44:45,235 learning rate: 0.1
2024-01-21 09:44:45,991 Epoch number 0, batch number 0/40:       batch loss 0.044586338102817535
2024-01-21 09:44:46,096 Epoch number 0, batch number 1/40:       batch loss 0.056629911065101624
2024-01-21 09:44:46,205 Epoch number 0, batch number 2/40:       batch loss 0.04310810565948486
2024-01-21 09:44:46,309 Epoch number 0, batch number 3/40:       batch loss 0.030766896903514862
2024-01-21 09:44:46,413 Epoch number 0, batch number 4/40:       batch loss 0.0464082770049572
2024-01-21 09:44:46,515 Epoch number 0, batch number 5/40:       batch loss 0.030277205631136894
2024-01-21 09:44:46,617 Epoch number 0, batch number 6/40:       batch loss 0.019616659730672836
2024-01-21 09:44:46,720 Epoch number 0, batch number 7/40:       batch loss 0.03820985183119774
2024-01-21 09:44:46,823 Epoch number 0, batch number 8/40:       batch loss 0.02775145322084427
2024-01-21 09:44:46,927 Epoch number 0, batch number 9/40:       batch loss 0.026246577501296997
2024-01-21 09:44:47,030 Epoch number 0, batch number 10/40:       batch loss 0.021282875910401344
2024-01-21 09:44:47,136 Epoch number 0, batch number 11/40:       batch loss 0.040850475430488586
2024-01-21 09:44:47,237 Epoch number 0, batch number 12/40:       batch loss 0.024251561611890793
2024-01-21 09:44:47,341 Epoch number 0, batch number 13/40:       batch loss 0.033980097621679306
2024-01-21 09:44:47,446 Epoch number 0, batch number 14/40:       batch loss 0.029451575130224228
2024-01-21 09:44:47,550 Epoch number 0, batch number 15/40:       batch loss 0.028664086014032364
2024-01-21 09:44:47,656 Epoch number 0, batch number 16/40:       batch loss 0.037020016461610794
2024-01-21 09:44:47,760 Epoch number 0, batch number 17/40:       batch loss 0.022775782272219658
2024-01-21 09:44:47,866 Epoch number 0, batch number 18/40:       batch loss 0.039522383362054825
2024-01-21 09:44:47,968 Epoch number 0, batch number 19/40:       batch loss 0.023009203374385834
2024-01-21 09:44:48,071 Epoch number 0, batch number 20/40:       batch loss 0.029631396755576134
2024-01-21 09:44:48,174 Epoch number 0, batch number 21/40:       batch loss 0.03909391909837723
2024-01-21 09:44:48,278 Epoch number 0, batch number 22/40:       batch loss 0.033499374985694885
2024-01-21 09:44:48,386 Epoch number 0, batch number 23/40:       batch loss 0.0225758608430624
2024-01-21 09:44:48,488 Epoch number 0, batch number 24/40:       batch loss 0.023344844579696655
2024-01-21 09:44:48,591 Epoch number 0, batch number 25/40:       batch loss 0.03687453269958496
2024-01-21 09:44:48,691 Epoch number 0, batch number 26/40:       batch loss 0.024228444322943687
2024-01-21 09:44:48,794 Epoch number 0, batch number 27/40:       batch loss 0.020793046802282333
2024-01-21 09:44:48,898 Epoch number 0, batch number 28/40:       batch loss 0.026153001934289932
2024-01-21 09:44:49,007 Epoch number 0, batch number 29/40:       batch loss 0.0251779742538929
2024-01-21 09:44:49,108 Epoch number 0, batch number 30/40:       batch loss 0.020478669553995132
2024-01-21 09:44:49,210 Epoch number 0, batch number 31/40:       batch loss 0.020109102129936218
2024-01-21 09:44:49,313 Epoch number 0, batch number 32/40:       batch loss 0.023977059870958328
2024-01-21 09:44:49,419 Epoch number 0, batch number 33/40:       batch loss 0.02213762141764164
2024-01-21 09:44:49,524 Epoch number 0, batch number 34/40:       batch loss 0.02289392240345478
2024-01-21 09:44:49,627 Epoch number 0, batch number 35/40:       batch loss 0.02768915332853794
2024-01-21 09:44:49,729 Epoch number 0, batch number 36/40:       batch loss 0.026774100959300995
2024-01-21 09:44:49,830 Epoch number 0, batch number 37/40:       batch loss 0.01851075515151024
2024-01-21 09:44:49,929 Epoch number 0, batch number 38/40:       batch loss 0.016129933297634125
2024-01-21 09:44:50,032 Epoch number 0, batch number 39/40:       batch loss 0.01879594288766384
2024-01-21 09:44:50,053 Epoch: 1 	Training Loss: 0.014541
2024-01-21 09:44:50,054 Time for epoch 1 : 4 sec
2024-01-21 09:44:50,054 lr for epoch 1 is 0.10000
2024-01-21 09:44:51,391 Epoch number 1, batch number 0/40:       batch loss 0.015387577936053276
2024-01-21 09:44:51,533 Epoch number 1, batch number 1/40:       batch loss 0.01966344565153122
2024-01-21 09:44:51,697 Epoch number 1, batch number 2/40:       batch loss 0.02239653654396534
2024-01-21 09:44:51,805 Epoch number 1, batch number 3/40:       batch loss 0.015377778559923172
2024-01-21 09:44:51,915 Epoch number 1, batch number 4/40:       batch loss 0.01931430585682392
2024-01-21 09:44:52,020 Epoch number 1, batch number 5/40:       batch loss 0.02010776847600937
2024-01-21 09:44:52,121 Epoch number 1, batch number 6/40:       batch loss 0.019882602617144585
2024-01-21 09:44:52,220 Epoch number 1, batch number 7/40:       batch loss 0.018489835783839226
2024-01-21 09:44:52,320 Epoch number 1, batch number 8/40:       batch loss 0.02363584004342556
2024-01-21 09:44:52,432 Epoch number 1, batch number 9/40:       batch loss 0.016118332743644714
2024-01-21 09:44:52,534 Epoch number 1, batch number 10/40:       batch loss 0.020022565498948097
2024-01-21 09:44:52,635 Epoch number 1, batch number 11/40:       batch loss 0.013528701849281788
2024-01-21 09:44:52,736 Epoch number 1, batch number 12/40:       batch loss 0.018081476911902428
2024-01-21 09:44:52,839 Epoch number 1, batch number 13/40:       batch loss 0.015314668416976929
2024-01-21 09:44:52,939 Epoch number 1, batch number 14/40:       batch loss 0.019078237935900688
2024-01-21 09:44:53,041 Epoch number 1, batch number 15/40:       batch loss 0.015917247161269188
2024-01-21 09:44:53,145 Epoch number 1, batch number 16/40:       batch loss 0.020633189007639885
2024-01-21 09:44:53,247 Epoch number 1, batch number 17/40:       batch loss 0.03169041872024536
2024-01-21 09:44:53,347 Epoch number 1, batch number 18/40:       batch loss 0.02257494628429413
2024-01-21 09:44:53,449 Epoch number 1, batch number 19/40:       batch loss 0.0177548136562109
2024-01-21 09:44:53,548 Epoch number 1, batch number 20/40:       batch loss 0.013630438596010208
2024-01-21 09:44:53,650 Epoch number 1, batch number 21/40:       batch loss 0.014634860679507256
2024-01-21 09:44:53,751 Epoch number 1, batch number 22/40:       batch loss 0.013835624791681767
2024-01-21 09:44:53,851 Epoch number 1, batch number 23/40:       batch loss 0.014999868348240852
2024-01-21 09:44:53,953 Epoch number 1, batch number 24/40:       batch loss 0.01622259058058262
2024-01-21 09:44:54,055 Epoch number 1, batch number 25/40:       batch loss 0.01675804704427719
2024-01-21 09:44:54,156 Epoch number 1, batch number 26/40:       batch loss 0.022160449996590614
2024-01-21 09:44:54,262 Epoch number 1, batch number 27/40:       batch loss 0.018596002832055092
2024-01-21 09:44:54,367 Epoch number 1, batch number 28/40:       batch loss 0.018829094246029854
2024-01-21 09:44:54,470 Epoch number 1, batch number 29/40:       batch loss 0.01963733695447445
2024-01-21 09:44:54,572 Epoch number 1, batch number 30/40:       batch loss 0.022677261382341385
2024-01-21 09:44:54,676 Epoch number 1, batch number 31/40:       batch loss 0.019578086212277412
2024-01-21 09:44:54,778 Epoch number 1, batch number 32/40:       batch loss 0.017849206924438477
2024-01-21 09:44:54,881 Epoch number 1, batch number 33/40:       batch loss 0.017301589250564575
2024-01-21 09:44:54,982 Epoch number 1, batch number 34/40:       batch loss 0.018658872693777084
2024-01-21 09:44:55,080 Epoch number 1, batch number 35/40:       batch loss 0.019874582067131996
2024-01-21 09:44:55,183 Epoch number 1, batch number 36/40:       batch loss 0.014843253418803215
2024-01-21 09:44:55,284 Epoch number 1, batch number 37/40:       batch loss 0.017140474170446396
2024-01-21 09:44:55,384 Epoch number 1, batch number 38/40:       batch loss 0.014240466989576817
2024-01-21 09:44:55,485 Epoch number 1, batch number 39/40:       batch loss 0.012443739920854568
2024-01-21 09:44:55,502 Epoch: 2 	Training Loss: 0.009111
2024-01-21 09:44:55,502 Time for epoch 2 : 5 sec
2024-01-21 09:44:55,502 lr for epoch 2 is 0.10000
2024-01-21 09:44:56,930 Epoch number 2, batch number 0/40:       batch loss 0.012971734628081322
2024-01-21 09:44:57,040 Epoch number 2, batch number 1/40:       batch loss 0.01209174282848835
2024-01-21 09:44:57,149 Epoch number 2, batch number 2/40:       batch loss 0.014658581465482712
2024-01-21 09:44:57,257 Epoch number 2, batch number 3/40:       batch loss 0.016116002574563026
2024-01-21 09:44:57,363 Epoch number 2, batch number 4/40:       batch loss 0.01664227619767189
2024-01-21 09:44:57,466 Epoch number 2, batch number 5/40:       batch loss 0.01575566828250885
2024-01-21 09:44:57,569 Epoch number 2, batch number 6/40:       batch loss 0.017401987686753273
2024-01-21 09:44:57,675 Epoch number 2, batch number 7/40:       batch loss 0.019338451325893402
2024-01-21 09:44:57,776 Epoch number 2, batch number 8/40:       batch loss 0.013710388913750648
2024-01-21 09:44:57,876 Epoch number 2, batch number 9/40:       batch loss 0.018513165414333344
2024-01-21 09:44:57,980 Epoch number 2, batch number 10/40:       batch loss 0.01700235716998577
2024-01-21 09:44:58,091 Epoch number 2, batch number 11/40:       batch loss 0.017371434718370438
2024-01-21 09:44:58,192 Epoch number 2, batch number 12/40:       batch loss 0.016896290704607964
2024-01-21 09:44:58,293 Epoch number 2, batch number 13/40:       batch loss 0.01220902893692255
2024-01-21 09:44:58,395 Epoch number 2, batch number 14/40:       batch loss 0.010955116711556911
2024-01-21 09:44:58,497 Epoch number 2, batch number 15/40:       batch loss 0.02616192400455475
2024-01-21 09:44:58,600 Epoch number 2, batch number 16/40:       batch loss 0.017648762091994286
2024-01-21 09:44:58,701 Epoch number 2, batch number 17/40:       batch loss 0.016851216554641724
2024-01-21 09:44:58,803 Epoch number 2, batch number 18/40:       batch loss 0.015042663551867008
2024-01-21 09:44:58,906 Epoch number 2, batch number 19/40:       batch loss 0.013496069237589836
2024-01-21 09:44:59,009 Epoch number 2, batch number 20/40:       batch loss 0.01038708072155714
2024-01-21 09:44:59,112 Epoch number 2, batch number 21/40:       batch loss 0.02256092056632042
2024-01-21 09:44:59,214 Epoch number 2, batch number 22/40:       batch loss 0.01089422032237053
2024-01-21 09:44:59,319 Epoch number 2, batch number 23/40:       batch loss 0.015850771218538284
2024-01-21 09:44:59,422 Epoch number 2, batch number 24/40:       batch loss 0.010389767587184906
2024-01-21 09:44:59,527 Epoch number 2, batch number 25/40:       batch loss 0.014316090382635593
2024-01-21 09:44:59,632 Epoch number 2, batch number 26/40:       batch loss 0.012295063585042953
2024-01-21 09:44:59,737 Epoch number 2, batch number 27/40:       batch loss 0.01810937374830246
2024-01-21 09:44:59,842 Epoch number 2, batch number 28/40:       batch loss 0.018422288820147514
2024-01-21 09:44:59,945 Epoch number 2, batch number 29/40:       batch loss 0.015500870533287525
2024-01-21 09:45:00,050 Epoch number 2, batch number 30/40:       batch loss 0.011472820304334164
2024-01-21 09:45:00,153 Epoch number 2, batch number 31/40:       batch loss 0.011223872192203999
2024-01-21 09:45:00,256 Epoch number 2, batch number 32/40:       batch loss 0.016547877341508865
2024-01-21 09:45:00,357 Epoch number 2, batch number 33/40:       batch loss 0.016313916072249413
2024-01-21 09:45:00,459 Epoch number 2, batch number 34/40:       batch loss 0.015643157064914703
2024-01-21 09:45:00,559 Epoch number 2, batch number 35/40:       batch loss 0.01322329230606556
2024-01-21 09:45:00,659 Epoch number 2, batch number 36/40:       batch loss 0.017162887379527092
2024-01-21 09:45:00,760 Epoch number 2, batch number 37/40:       batch loss 0.01814120262861252
2024-01-21 09:45:00,863 Epoch number 2, batch number 38/40:       batch loss 0.014570390805602074
2024-01-21 09:45:00,965 Epoch number 2, batch number 39/40:       batch loss 0.012924164533615112
2024-01-21 09:45:00,994 Epoch: 3 	Training Loss: 0.007710
2024-01-21 09:45:00,994 Time for epoch 3 : 5 sec
2024-01-21 09:45:00,994 lr for epoch 3 is 0.10000
2024-01-21 09:45:02,513 Epoch number 3, batch number 0/40:       batch loss 0.010050995275378227
2024-01-21 09:45:02,643 Epoch number 3, batch number 1/40:       batch loss 0.011438315734267235
2024-01-21 09:45:02,749 Epoch number 3, batch number 2/40:       batch loss 0.014422612264752388
2024-01-21 09:45:02,853 Epoch number 3, batch number 3/40:       batch loss 0.013339092023670673
2024-01-21 09:45:02,972 Epoch number 3, batch number 4/40:       batch loss 0.016497697681188583
2024-01-21 09:45:03,077 Epoch number 3, batch number 5/40:       batch loss 0.02169574797153473
2024-01-21 09:45:03,191 Epoch number 3, batch number 6/40:       batch loss 0.0402090921998024
2024-01-21 09:45:03,300 Epoch number 3, batch number 7/40:       batch loss 0.021433262154459953
2024-01-21 09:45:03,404 Epoch number 3, batch number 8/40:       batch loss 0.018842870369553566
2024-01-21 09:45:03,508 Epoch number 3, batch number 9/40:       batch loss 0.021562229841947556
2024-01-21 09:45:03,613 Epoch number 3, batch number 10/40:       batch loss 0.012560118921101093
2024-01-21 09:45:03,716 Epoch number 3, batch number 11/40:       batch loss 0.01603250578045845
2024-01-21 09:45:03,821 Epoch number 3, batch number 12/40:       batch loss 0.02193690650165081
2024-01-21 09:45:03,922 Epoch number 3, batch number 13/40:       batch loss 0.011977176181972027
2024-01-21 09:45:04,027 Epoch number 3, batch number 14/40:       batch loss 0.017639948055148125
2024-01-21 09:45:04,127 Epoch number 3, batch number 15/40:       batch loss 0.013354502618312836
2024-01-21 09:45:04,229 Epoch number 3, batch number 16/40:       batch loss 0.013012976385653019
2024-01-21 09:45:04,335 Epoch number 3, batch number 17/40:       batch loss 0.023549944162368774
2024-01-21 09:45:04,437 Epoch number 3, batch number 18/40:       batch loss 0.02239084243774414
2024-01-21 09:45:04,543 Epoch number 3, batch number 19/40:       batch loss 0.010464780032634735
2024-01-21 09:45:04,644 Epoch number 3, batch number 20/40:       batch loss 0.012983310036361217
2024-01-21 09:45:04,746 Epoch number 3, batch number 21/40:       batch loss 0.01688270829617977
2024-01-21 09:45:04,850 Epoch number 3, batch number 22/40:       batch loss 0.012937030754983425
2024-01-21 09:45:04,955 Epoch number 3, batch number 23/40:       batch loss 0.01969260349869728
2024-01-21 09:45:05,065 Epoch number 3, batch number 24/40:       batch loss 0.011714749038219452
2024-01-21 09:45:05,166 Epoch number 3, batch number 25/40:       batch loss 0.018830884248018265
2024-01-21 09:45:05,268 Epoch number 3, batch number 26/40:       batch loss 0.015035665594041348
2024-01-21 09:45:05,370 Epoch number 3, batch number 27/40:       batch loss 0.00992272887378931
2024-01-21 09:45:05,473 Epoch number 3, batch number 28/40:       batch loss 0.017920050770044327
2024-01-21 09:45:05,574 Epoch number 3, batch number 29/40:       batch loss 0.01822236180305481
2024-01-21 09:45:05,676 Epoch number 3, batch number 30/40:       batch loss 0.018964476883411407
2024-01-21 09:45:05,778 Epoch number 3, batch number 31/40:       batch loss 0.011559832841157913
2024-01-21 09:45:05,882 Epoch number 3, batch number 32/40:       batch loss 0.013389176689088345
2024-01-21 09:45:05,983 Epoch number 3, batch number 33/40:       batch loss 0.016210384666919708
2024-01-21 09:45:06,084 Epoch number 3, batch number 34/40:       batch loss 0.016403157263994217
2024-01-21 09:45:06,185 Epoch number 3, batch number 35/40:       batch loss 0.013996493071317673
2024-01-21 09:45:06,286 Epoch number 3, batch number 36/40:       batch loss 0.01317284069955349
2024-01-21 09:45:06,387 Epoch number 3, batch number 37/40:       batch loss 0.028611045330762863
2024-01-21 09:45:06,488 Epoch number 3, batch number 38/40:       batch loss 0.014618061482906342
2024-01-21 09:45:06,588 Epoch number 3, batch number 39/40:       batch loss 0.0180746391415596
2024-01-21 09:45:06,624 Epoch: 4 	Training Loss: 0.008394
2024-01-21 09:45:06,625 Time for epoch 4 : 5 sec
2024-01-21 09:45:06,625 lr for epoch 4 is 0.10000
2024-01-21 09:45:08,070 Epoch number 4, batch number 0/40:       batch loss 0.016638679429888725
2024-01-21 09:45:08,237 Epoch number 4, batch number 1/40:       batch loss 0.036092549562454224
2024-01-21 09:45:08,355 Epoch number 4, batch number 2/40:       batch loss 0.014473439194262028
2024-01-21 09:45:08,471 Epoch number 4, batch number 3/40:       batch loss 0.010644449852406979
2024-01-21 09:45:08,573 Epoch number 4, batch number 4/40:       batch loss 0.010920115746557713
2024-01-21 09:45:08,687 Epoch number 4, batch number 5/40:       batch loss 0.010391379706561565
2024-01-21 09:45:08,789 Epoch number 4, batch number 6/40:       batch loss 0.013859190046787262
2024-01-21 09:45:08,890 Epoch number 4, batch number 7/40:       batch loss 0.017551593482494354
2024-01-21 09:45:08,990 Epoch number 4, batch number 8/40:       batch loss 0.01638375222682953
2024-01-21 09:45:09,091 Epoch number 4, batch number 9/40:       batch loss 0.020703691989183426
2024-01-21 09:45:09,192 Epoch number 4, batch number 10/40:       batch loss 0.012733018025755882
2024-01-21 09:45:09,295 Epoch number 4, batch number 11/40:       batch loss 0.013412294909358025
2024-01-21 09:45:09,397 Epoch number 4, batch number 12/40:       batch loss 0.016842780634760857
2024-01-21 09:45:09,498 Epoch number 4, batch number 13/40:       batch loss 0.01778675988316536
2024-01-21 09:45:09,599 Epoch number 4, batch number 14/40:       batch loss 0.01744046062231064
2024-01-21 09:45:09,699 Epoch number 4, batch number 15/40:       batch loss 0.01902684196829796
2024-01-21 09:45:09,801 Epoch number 4, batch number 16/40:       batch loss 0.015777716413140297
2024-01-21 09:45:09,903 Epoch number 4, batch number 17/40:       batch loss 0.022819016128778458
2024-01-21 09:45:10,008 Epoch number 4, batch number 18/40:       batch loss 0.01026928797364235
2024-01-21 09:45:10,109 Epoch number 4, batch number 19/40:       batch loss 0.013591588474810123
2024-01-21 09:45:10,213 Epoch number 4, batch number 20/40:       batch loss 0.014548150822520256
2024-01-21 09:45:10,316 Epoch number 4, batch number 21/40:       batch loss 0.015734748914837837
2024-01-21 09:45:10,422 Epoch number 4, batch number 22/40:       batch loss 0.01580877974629402
2024-01-21 09:45:10,523 Epoch number 4, batch number 23/40:       batch loss 0.015565388835966587
2024-01-21 09:45:10,627 Epoch number 4, batch number 24/40:       batch loss 0.021169928833842278
2024-01-21 09:45:10,729 Epoch number 4, batch number 25/40:       batch loss 0.01295787375420332
2024-01-21 09:45:10,831 Epoch number 4, batch number 26/40:       batch loss 0.025579724460840225
2024-01-21 09:45:10,932 Epoch number 4, batch number 27/40:       batch loss 0.012272200547158718
2024-01-21 09:45:11,036 Epoch number 4, batch number 28/40:       batch loss 0.017723605036735535
2024-01-21 09:45:11,139 Epoch number 4, batch number 29/40:       batch loss 0.014820066280663013
2024-01-21 09:45:11,242 Epoch number 4, batch number 30/40:       batch loss 0.014033081009984016
2024-01-21 09:45:11,345 Epoch number 4, batch number 31/40:       batch loss 0.01896207220852375
2024-01-21 09:45:11,446 Epoch number 4, batch number 32/40:       batch loss 0.013727180659770966
2024-01-21 09:45:11,549 Epoch number 4, batch number 33/40:       batch loss 0.014170197769999504
2024-01-21 09:45:11,651 Epoch number 4, batch number 34/40:       batch loss 0.016629379242658615
2024-01-21 09:45:11,751 Epoch number 4, batch number 35/40:       batch loss 0.01229373924434185
2024-01-21 09:45:11,852 Epoch number 4, batch number 36/40:       batch loss 0.012744602747261524
2024-01-21 09:45:11,953 Epoch number 4, batch number 37/40:       batch loss 0.015474122948944569
2024-01-21 09:45:12,053 Epoch number 4, batch number 38/40:       batch loss 0.01775476522743702
2024-01-21 09:45:12,152 Epoch number 4, batch number 39/40:       batch loss 0.01116985734552145
2024-01-21 09:45:12,169 Epoch: 5 	Training Loss: 0.008006
2024-01-21 09:45:12,169 Time for epoch 5 : 5 sec
2024-01-21 09:45:12,169 lr for epoch 5 is 0.10000
2024-01-21 09:45:13,563 Epoch number 5, batch number 0/40:       batch loss 0.022223956882953644
2024-01-21 09:45:13,707 Epoch number 5, batch number 1/40:       batch loss 0.012850454077124596
2024-01-21 09:45:13,819 Epoch number 5, batch number 2/40:       batch loss 0.014279590919613838
2024-01-21 09:45:13,930 Epoch number 5, batch number 3/40:       batch loss 0.01626729778945446
2024-01-21 09:45:14,031 Epoch number 5, batch number 4/40:       batch loss 0.013784969225525856
2024-01-21 09:45:14,131 Epoch number 5, batch number 5/40:       batch loss 0.018607627600431442
2024-01-21 09:45:14,229 Epoch number 5, batch number 6/40:       batch loss 0.015013382770121098
2024-01-21 09:45:14,329 Epoch number 5, batch number 7/40:       batch loss 0.00968919973820448
2024-01-21 09:45:14,431 Epoch number 5, batch number 8/40:       batch loss 0.011103389784693718
2024-01-21 09:45:14,532 Epoch number 5, batch number 9/40:       batch loss 0.014479119330644608
2024-01-21 09:45:14,633 Epoch number 5, batch number 10/40:       batch loss 0.013095815666019917
2024-01-21 09:45:14,732 Epoch number 5, batch number 11/40:       batch loss 0.011576417833566666
2024-01-21 09:45:14,830 Epoch number 5, batch number 12/40:       batch loss 0.017573203891515732
2024-01-21 09:45:14,927 Epoch number 5, batch number 13/40:       batch loss 0.010287648066878319
2024-01-21 09:45:15,029 Epoch number 5, batch number 14/40:       batch loss 0.016698481515049934
2024-01-21 09:45:15,136 Epoch number 5, batch number 15/40:       batch loss 0.010741124860942364
2024-01-21 09:45:15,235 Epoch number 5, batch number 16/40:       batch loss 0.010152922011911869
2024-01-21 09:45:15,335 Epoch number 5, batch number 17/40:       batch loss 0.008464192040264606
2024-01-21 09:45:15,435 Epoch number 5, batch number 18/40:       batch loss 0.012295308522880077
2024-01-21 09:45:15,535 Epoch number 5, batch number 19/40:       batch loss 0.010000928305089474
2024-01-21 09:45:15,636 Epoch number 5, batch number 20/40:       batch loss 0.019370324909687042
2024-01-21 09:45:15,736 Epoch number 5, batch number 21/40:       batch loss 0.015108369290828705
2024-01-21 09:45:15,842 Epoch number 5, batch number 22/40:       batch loss 0.0122079998254776
2024-01-21 09:45:15,944 Epoch number 5, batch number 23/40:       batch loss 0.016033073887228966
2024-01-21 09:45:16,044 Epoch number 5, batch number 24/40:       batch loss 0.009770149365067482
2024-01-21 09:45:16,144 Epoch number 5, batch number 25/40:       batch loss 0.012721149250864983
2024-01-21 09:45:16,244 Epoch number 5, batch number 26/40:       batch loss 0.010266064666211605
2024-01-21 09:45:16,345 Epoch number 5, batch number 27/40:       batch loss 0.013537897728383541
2024-01-21 09:45:16,443 Epoch number 5, batch number 28/40:       batch loss 0.01876043900847435
2024-01-21 09:45:16,543 Epoch number 5, batch number 29/40:       batch loss 0.01334955170750618
2024-01-21 09:45:16,641 Epoch number 5, batch number 30/40:       batch loss 0.014134733006358147
2024-01-21 09:45:16,742 Epoch number 5, batch number 31/40:       batch loss 0.012470782734453678
2024-01-21 09:45:16,837 Epoch number 5, batch number 32/40:       batch loss 0.013923514634370804
2024-01-21 09:45:16,936 Epoch number 5, batch number 33/40:       batch loss 0.01240246370434761
2024-01-21 09:45:17,034 Epoch number 5, batch number 34/40:       batch loss 0.009891247376799583
2024-01-21 09:45:17,132 Epoch number 5, batch number 35/40:       batch loss 0.010507902130484581
2024-01-21 09:45:17,229 Epoch number 5, batch number 36/40:       batch loss 0.010229461826384068
2024-01-21 09:45:17,326 Epoch number 5, batch number 37/40:       batch loss 0.028658298775553703
2024-01-21 09:45:17,424 Epoch number 5, batch number 38/40:       batch loss 0.010627079755067825
2024-01-21 09:45:17,520 Epoch number 5, batch number 39/40:       batch loss 0.015166794881224632
2024-01-21 09:45:17,548 Epoch: 6 	Training Loss: 0.006854
2024-01-21 09:45:17,549 Time for epoch 6 : 4 sec
2024-01-21 09:45:17,549 lr for epoch 6 is 0.01000
2024-01-21 09:45:18,888 Epoch number 6, batch number 0/40:       batch loss 0.022650189697742462
2024-01-21 09:45:18,993 Epoch number 6, batch number 1/40:       batch loss 0.010635084472596645
2024-01-21 09:45:19,092 Epoch number 6, batch number 2/40:       batch loss 0.01551334373652935
2024-01-21 09:45:19,193 Epoch number 6, batch number 3/40:       batch loss 0.01162330899387598
2024-01-21 09:45:19,293 Epoch number 6, batch number 4/40:       batch loss 0.009387691505253315
2024-01-21 09:45:19,389 Epoch number 6, batch number 5/40:       batch loss 0.010963239707052708
2024-01-21 09:45:19,490 Epoch number 6, batch number 6/40:       batch loss 0.008723336271941662
2024-01-21 09:45:19,590 Epoch number 6, batch number 7/40:       batch loss 0.010900694876909256
2024-01-21 09:45:19,693 Epoch number 6, batch number 8/40:       batch loss 0.015128618106245995
2024-01-21 09:45:19,792 Epoch number 6, batch number 9/40:       batch loss 0.010869908146560192
2024-01-21 09:45:19,895 Epoch number 6, batch number 10/40:       batch loss 0.01418159157037735
2024-01-21 09:45:20,004 Epoch number 6, batch number 11/40:       batch loss 0.011759107001125813
2024-01-21 09:45:20,101 Epoch number 6, batch number 12/40:       batch loss 0.010792882181704044
2024-01-21 09:45:20,199 Epoch number 6, batch number 13/40:       batch loss 0.014546790160238743
2024-01-21 09:45:20,297 Epoch number 6, batch number 14/40:       batch loss 0.012087855488061905
2024-01-21 09:45:20,394 Epoch number 6, batch number 15/40:       batch loss 0.04807443916797638
2024-01-21 09:45:20,494 Epoch number 6, batch number 16/40:       batch loss 0.014403185807168484
2024-01-21 09:45:20,592 Epoch number 6, batch number 17/40:       batch loss 0.013591162860393524
2024-01-21 09:45:20,691 Epoch number 6, batch number 18/40:       batch loss 0.008858585730195045
2024-01-21 09:45:20,788 Epoch number 6, batch number 19/40:       batch loss 0.010582194663584232
2024-01-21 09:45:20,887 Epoch number 6, batch number 20/40:       batch loss 0.01495395042002201
2024-01-21 09:45:20,985 Epoch number 6, batch number 21/40:       batch loss 0.007840144447982311
2024-01-21 09:45:21,085 Epoch number 6, batch number 22/40:       batch loss 0.013505115173757076
2024-01-21 09:45:21,183 Epoch number 6, batch number 23/40:       batch loss 0.010669163428246975
2024-01-21 09:45:21,282 Epoch number 6, batch number 24/40:       batch loss 0.01371162012219429
2024-01-21 09:45:21,381 Epoch number 6, batch number 25/40:       batch loss 0.01309263613075018
2024-01-21 09:45:21,493 Epoch number 6, batch number 26/40:       batch loss 0.013393375091254711
2024-01-21 09:45:21,592 Epoch number 6, batch number 27/40:       batch loss 0.010661246255040169
2024-01-21 09:45:21,693 Epoch number 6, batch number 28/40:       batch loss 0.00902644358575344
2024-01-21 09:45:21,792 Epoch number 6, batch number 29/40:       batch loss 0.01091542188078165
2024-01-21 09:45:21,890 Epoch number 6, batch number 30/40:       batch loss 0.008902711793780327
2024-01-21 09:45:21,991 Epoch number 6, batch number 31/40:       batch loss 0.010997052304446697
2024-01-21 09:45:22,089 Epoch number 6, batch number 32/40:       batch loss 0.012719553895294666
2024-01-21 09:45:22,186 Epoch number 6, batch number 33/40:       batch loss 0.023629222065210342
2024-01-21 09:45:22,286 Epoch number 6, batch number 34/40:       batch loss 0.023857712745666504
2024-01-21 09:45:22,387 Epoch number 6, batch number 35/40:       batch loss 0.011890020221471786
2024-01-21 09:45:22,485 Epoch number 6, batch number 36/40:       batch loss 0.007426904980093241
2024-01-21 09:45:22,584 Epoch number 6, batch number 37/40:       batch loss 0.010641907341778278
2024-01-21 09:45:22,681 Epoch number 6, batch number 38/40:       batch loss 0.008467638865113258
2024-01-21 09:45:22,778 Epoch number 6, batch number 39/40:       batch loss 0.009531805291771889
2024-01-21 09:45:22,808 Epoch: 7 	Training Loss: 0.006639
2024-01-21 09:45:22,808 Time for epoch 7 : 4 sec
2024-01-21 09:45:22,809 lr for epoch 7 is 0.01000
2024-01-21 09:45:24,164 Epoch number 7, batch number 0/40:       batch loss 0.012344184331595898
2024-01-21 09:45:24,268 Epoch number 7, batch number 1/40:       batch loss 0.011267274618148804
2024-01-21 09:45:24,373 Epoch number 7, batch number 2/40:       batch loss 0.008303854614496231
2024-01-21 09:45:24,470 Epoch number 7, batch number 3/40:       batch loss 0.013870296068489552
2024-01-21 09:45:24,569 Epoch number 7, batch number 4/40:       batch loss 0.018343141302466393
2024-01-21 09:45:24,669 Epoch number 7, batch number 5/40:       batch loss 0.007704982068389654
2024-01-21 09:45:24,767 Epoch number 7, batch number 6/40:       batch loss 0.02016352489590645
2024-01-21 09:45:24,865 Epoch number 7, batch number 7/40:       batch loss 0.010629226453602314
2024-01-21 09:45:24,965 Epoch number 7, batch number 8/40:       batch loss 0.017974330112338066
2024-01-21 09:45:25,065 Epoch number 7, batch number 9/40:       batch loss 0.006613363511860371
2024-01-21 09:45:25,165 Epoch number 7, batch number 10/40:       batch loss 0.010429391637444496
2024-01-21 09:45:25,264 Epoch number 7, batch number 11/40:       batch loss 0.013237645849585533
2024-01-21 09:45:25,362 Epoch number 7, batch number 12/40:       batch loss 0.01192830316722393
2024-01-21 09:45:25,460 Epoch number 7, batch number 13/40:       batch loss 0.02159767970442772
2024-01-21 09:45:25,558 Epoch number 7, batch number 14/40:       batch loss 0.01306675560772419
2024-01-21 09:45:25,658 Epoch number 7, batch number 15/40:       batch loss 0.008734309114515781
2024-01-21 09:45:25,760 Epoch number 7, batch number 16/40:       batch loss 0.013719183392822742
2024-01-21 09:45:25,860 Epoch number 7, batch number 17/40:       batch loss 0.008102966472506523
2024-01-21 09:45:25,959 Epoch number 7, batch number 18/40:       batch loss 0.01278556976467371
2024-01-21 09:45:26,059 Epoch number 7, batch number 19/40:       batch loss 0.014220472425222397
2024-01-21 09:45:26,157 Epoch number 7, batch number 20/40:       batch loss 0.013850664719939232
2024-01-21 09:45:26,256 Epoch number 7, batch number 21/40:       batch loss 0.010502731427550316
2024-01-21 09:45:26,356 Epoch number 7, batch number 22/40:       batch loss 0.019036155194044113
2024-01-21 09:45:26,455 Epoch number 7, batch number 23/40:       batch loss 0.011426669545471668
2024-01-21 09:45:26,553 Epoch number 7, batch number 24/40:       batch loss 0.011088515631854534
2024-01-21 09:45:26,653 Epoch number 7, batch number 25/40:       batch loss 0.01365433819591999
2024-01-21 09:45:26,754 Epoch number 7, batch number 26/40:       batch loss 0.011027014814317226
2024-01-21 09:45:26,854 Epoch number 7, batch number 27/40:       batch loss 0.008751128800213337
2024-01-21 09:45:26,954 Epoch number 7, batch number 28/40:       batch loss 0.009707743301987648
2024-01-21 09:45:27,054 Epoch number 7, batch number 29/40:       batch loss 0.014270788989961147
2024-01-21 09:45:27,153 Epoch number 7, batch number 30/40:       batch loss 0.028092507272958755
2024-01-21 09:45:27,255 Epoch number 7, batch number 31/40:       batch loss 0.008472113870084286
2024-01-21 09:45:27,355 Epoch number 7, batch number 32/40:       batch loss 0.012903893366456032
2024-01-21 09:45:27,457 Epoch number 7, batch number 33/40:       batch loss 0.024826472625136375
2024-01-21 09:45:27,557 Epoch number 7, batch number 34/40:       batch loss 0.012492667883634567
2024-01-21 09:45:27,655 Epoch number 7, batch number 35/40:       batch loss 0.009536143392324448
2024-01-21 09:45:27,755 Epoch number 7, batch number 36/40:       batch loss 0.010782561264932156
2024-01-21 09:45:27,856 Epoch number 7, batch number 37/40:       batch loss 0.011351210065186024
2024-01-21 09:45:27,954 Epoch number 7, batch number 38/40:       batch loss 0.014178939163684845
2024-01-21 09:45:28,053 Epoch number 7, batch number 39/40:       batch loss 0.014078624546527863
2024-01-21 09:45:28,080 Epoch: 8 	Training Loss: 0.006563
2024-01-21 09:45:28,080 Time for epoch 8 : 4 sec
2024-01-21 09:45:28,080 lr for epoch 8 is 0.01000
2024-01-21 09:45:29,402 Epoch number 8, batch number 0/40:       batch loss 0.013115773908793926
2024-01-21 09:45:29,509 Epoch number 8, batch number 1/40:       batch loss 0.01085914857685566
2024-01-21 09:45:29,632 Epoch number 8, batch number 2/40:       batch loss 0.013160167261958122
2024-01-21 09:45:29,736 Epoch number 8, batch number 3/40:       batch loss 0.012466108426451683
2024-01-21 09:45:29,869 Epoch number 8, batch number 4/40:       batch loss 0.010802999138832092
2024-01-21 09:45:29,974 Epoch number 8, batch number 5/40:       batch loss 0.014109178446233273
2024-01-21 09:45:30,078 Epoch number 8, batch number 6/40:       batch loss 0.006786884739995003
2024-01-21 09:45:30,179 Epoch number 8, batch number 7/40:       batch loss 0.00702524883672595
2024-01-21 09:45:30,290 Epoch number 8, batch number 8/40:       batch loss 0.012404721230268478
2024-01-21 09:45:30,397 Epoch number 8, batch number 9/40:       batch loss 0.015915539115667343
2024-01-21 09:45:30,498 Epoch number 8, batch number 10/40:       batch loss 0.010849607177078724
2024-01-21 09:45:30,600 Epoch number 8, batch number 11/40:       batch loss 0.01463940367102623
2024-01-21 09:45:30,699 Epoch number 8, batch number 12/40:       batch loss 0.022932035848498344
2024-01-21 09:45:30,799 Epoch number 8, batch number 13/40:       batch loss 0.013537527061998844
2024-01-21 09:45:30,900 Epoch number 8, batch number 14/40:       batch loss 0.012659616768360138
2024-01-21 09:45:31,003 Epoch number 8, batch number 15/40:       batch loss 0.008682215586304665
2024-01-21 09:45:31,102 Epoch number 8, batch number 16/40:       batch loss 0.009384983219206333
2024-01-21 09:45:31,201 Epoch number 8, batch number 17/40:       batch loss 0.015078309923410416
2024-01-21 09:45:31,304 Epoch number 8, batch number 18/40:       batch loss 0.011927393265068531
2024-01-21 09:45:31,407 Epoch number 8, batch number 19/40:       batch loss 0.012353191152215004
2024-01-21 09:45:31,509 Epoch number 8, batch number 20/40:       batch loss 0.008564271964132786
2024-01-21 09:45:31,612 Epoch number 8, batch number 21/40:       batch loss 0.0124281020835042
2024-01-21 09:45:31,715 Epoch number 8, batch number 22/40:       batch loss 0.00900149904191494
2024-01-21 09:45:31,819 Epoch number 8, batch number 23/40:       batch loss 0.007977088913321495
2024-01-21 09:45:31,918 Epoch number 8, batch number 24/40:       batch loss 0.008877715095877647
2024-01-21 09:45:32,018 Epoch number 8, batch number 25/40:       batch loss 0.015447130426764488
2024-01-21 09:45:32,121 Epoch number 8, batch number 26/40:       batch loss 0.008023069240152836
2024-01-21 09:45:32,223 Epoch number 8, batch number 27/40:       batch loss 0.008507996797561646
2024-01-21 09:45:32,322 Epoch number 8, batch number 28/40:       batch loss 0.008810147643089294
2024-01-21 09:45:32,424 Epoch number 8, batch number 29/40:       batch loss 0.008248492144048214
2024-01-21 09:45:32,527 Epoch number 8, batch number 30/40:       batch loss 0.012605982832610607
2024-01-21 09:45:32,628 Epoch number 8, batch number 31/40:       batch loss 0.008306716568768024
2024-01-21 09:45:32,727 Epoch number 8, batch number 32/40:       batch loss 0.008627531118690968
2024-01-21 09:45:32,826 Epoch number 8, batch number 33/40:       batch loss 0.008910581469535828
2024-01-21 09:45:32,927 Epoch number 8, batch number 34/40:       batch loss 0.009309817105531693
2024-01-21 09:45:33,024 Epoch number 8, batch number 35/40:       batch loss 0.013128584250807762
2024-01-21 09:45:33,123 Epoch number 8, batch number 36/40:       batch loss 0.018789131194353104
2024-01-21 09:45:33,223 Epoch number 8, batch number 37/40:       batch loss 0.008518344722688198
2024-01-21 09:45:33,324 Epoch number 8, batch number 38/40:       batch loss 0.01555713266134262
2024-01-21 09:45:33,424 Epoch number 8, batch number 39/40:       batch loss 0.011086523532867432
2024-01-21 09:45:33,456 Epoch: 9 	Training Loss: 0.005743
2024-01-21 09:45:33,457 Time for epoch 9 : 4 sec
2024-01-21 09:45:33,457 lr for epoch 9 is 0.01000
2024-01-21 09:45:34,916 Epoch number 9, batch number 0/40:       batch loss 0.013425014913082123
2024-01-21 09:45:35,081 Epoch number 9, batch number 1/40:       batch loss 0.01226045098155737
2024-01-21 09:45:35,182 Epoch number 9, batch number 2/40:       batch loss 0.012760274112224579
2024-01-21 09:45:35,302 Epoch number 9, batch number 3/40:       batch loss 0.011384452693164349
2024-01-21 09:45:35,405 Epoch number 9, batch number 4/40:       batch loss 0.008624189533293247
2024-01-21 09:45:35,526 Epoch number 9, batch number 5/40:       batch loss 0.009759785607457161
2024-01-21 09:45:35,628 Epoch number 9, batch number 6/40:       batch loss 0.011566055938601494
2024-01-21 09:45:35,729 Epoch number 9, batch number 7/40:       batch loss 0.011464787647128105
2024-01-21 09:45:35,832 Epoch number 9, batch number 8/40:       batch loss 0.010021102614700794
2024-01-21 09:45:35,937 Epoch number 9, batch number 9/40:       batch loss 0.01717626489698887
2024-01-21 09:45:36,042 Epoch number 9, batch number 10/40:       batch loss 0.007873202674090862
2024-01-21 09:45:36,143 Epoch number 9, batch number 11/40:       batch loss 0.012359335087239742
2024-01-21 09:45:36,247 Epoch number 9, batch number 12/40:       batch loss 0.012442687526345253
2024-01-21 09:45:36,349 Epoch number 9, batch number 13/40:       batch loss 0.017882632091641426
2024-01-21 09:45:36,450 Epoch number 9, batch number 14/40:       batch loss 0.009822792373597622
2024-01-21 09:45:36,550 Epoch number 9, batch number 15/40:       batch loss 0.01361799519509077
2024-01-21 09:45:36,655 Epoch number 9, batch number 16/40:       batch loss 0.02563324384391308
2024-01-21 09:45:36,757 Epoch number 9, batch number 17/40:       batch loss 0.009155922569334507
2024-01-21 09:45:36,858 Epoch number 9, batch number 18/40:       batch loss 0.011900211684405804
2024-01-21 09:45:36,961 Epoch number 9, batch number 19/40:       batch loss 0.012235419824719429
2024-01-21 09:45:37,067 Epoch number 9, batch number 20/40:       batch loss 0.008514288812875748
2024-01-21 09:45:37,165 Epoch number 9, batch number 21/40:       batch loss 0.02639567293226719
2024-01-21 09:45:37,264 Epoch number 9, batch number 22/40:       batch loss 0.011966608464717865
2024-01-21 09:45:37,365 Epoch number 9, batch number 23/40:       batch loss 0.012601785361766815
2024-01-21 09:45:37,467 Epoch number 9, batch number 24/40:       batch loss 0.01458616741001606
2024-01-21 09:45:37,568 Epoch number 9, batch number 25/40:       batch loss 0.010142194107174873
2024-01-21 09:45:37,666 Epoch number 9, batch number 26/40:       batch loss 0.006983261089771986
2024-01-21 09:45:37,766 Epoch number 9, batch number 27/40:       batch loss 0.00724967522546649
2024-01-21 09:45:37,867 Epoch number 9, batch number 28/40:       batch loss 0.005863398313522339
2024-01-21 09:45:37,966 Epoch number 9, batch number 29/40:       batch loss 0.01372706051915884
2024-01-21 09:45:38,065 Epoch number 9, batch number 30/40:       batch loss 0.01278180256485939
2024-01-21 09:45:38,166 Epoch number 9, batch number 31/40:       batch loss 0.013168303295969963
2024-01-21 09:45:38,263 Epoch number 9, batch number 32/40:       batch loss 0.012246704660356045
2024-01-21 09:45:38,363 Epoch number 9, batch number 33/40:       batch loss 0.01905120350420475
2024-01-21 09:45:38,462 Epoch number 9, batch number 34/40:       batch loss 0.011618058197200298
2024-01-21 09:45:38,560 Epoch number 9, batch number 35/40:       batch loss 0.007048779632896185
2024-01-21 09:45:38,659 Epoch number 9, batch number 36/40:       batch loss 0.010169182904064655
2024-01-21 09:45:38,758 Epoch number 9, batch number 37/40:       batch loss 0.008819613605737686
2024-01-21 09:45:38,855 Epoch number 9, batch number 38/40:       batch loss 0.014220046810805798
2024-01-21 09:45:38,955 Epoch number 9, batch number 39/40:       batch loss 0.0132744200527668
2024-01-21 09:45:38,973 Epoch: 10 	Training Loss: 0.006147
2024-01-21 09:45:38,973 Time for epoch 10 : 4 sec
2024-01-21 09:45:38,973 lr for epoch 10 is 0.01000
2024-01-21 09:45:40,370 Epoch number 10, batch number 0/40:       batch loss 0.009314361028373241
2024-01-21 09:45:40,503 Epoch number 10, batch number 1/40:       batch loss 0.009116800501942635
2024-01-21 09:45:40,609 Epoch number 10, batch number 2/40:       batch loss 0.011737015098333359
2024-01-21 09:45:40,714 Epoch number 10, batch number 3/40:       batch loss 0.011051945388317108
2024-01-21 09:45:40,820 Epoch number 10, batch number 4/40:       batch loss 0.006037179380655289
2024-01-21 09:45:40,918 Epoch number 10, batch number 5/40:       batch loss 0.010048825293779373
2024-01-21 09:45:41,020 Epoch number 10, batch number 6/40:       batch loss 0.012532368302345276
2024-01-21 09:45:41,121 Epoch number 10, batch number 7/40:       batch loss 0.009041519835591316
2024-01-21 09:45:41,221 Epoch number 10, batch number 8/40:       batch loss 0.009113950654864311
2024-01-21 09:45:41,323 Epoch number 10, batch number 9/40:       batch loss 0.009548979811370373
2024-01-21 09:45:41,424 Epoch number 10, batch number 10/40:       batch loss 0.012009898200631142
2024-01-21 09:45:41,528 Epoch number 10, batch number 11/40:       batch loss 0.010870681144297123
2024-01-21 09:45:41,631 Epoch number 10, batch number 12/40:       batch loss 0.007658122107386589
2024-01-21 09:45:41,732 Epoch number 10, batch number 13/40:       batch loss 0.00623425655066967
2024-01-21 09:45:41,857 Epoch number 10, batch number 14/40:       batch loss 0.013909186236560345
2024-01-21 09:45:41,960 Epoch number 10, batch number 15/40:       batch loss 0.011874521151185036
2024-01-21 09:45:42,076 Epoch number 10, batch number 16/40:       batch loss 0.008118992671370506
2024-01-21 09:45:42,178 Epoch number 10, batch number 17/40:       batch loss 0.013050002045929432
2024-01-21 09:45:42,276 Epoch number 10, batch number 18/40:       batch loss 0.012810853309929371
2024-01-21 09:45:42,377 Epoch number 10, batch number 19/40:       batch loss 0.00751342810690403
2024-01-21 09:45:42,480 Epoch number 10, batch number 20/40:       batch loss 0.01062226016074419
2024-01-21 09:45:42,580 Epoch number 10, batch number 21/40:       batch loss 0.012654039077460766
2024-01-21 09:45:42,682 Epoch number 10, batch number 22/40:       batch loss 0.015648167580366135
2024-01-21 09:45:42,785 Epoch number 10, batch number 23/40:       batch loss 0.010453806258738041
2024-01-21 09:45:42,888 Epoch number 10, batch number 24/40:       batch loss 0.010800357908010483
2024-01-21 09:45:42,995 Epoch number 10, batch number 25/40:       batch loss 0.010876858606934547
2024-01-21 09:45:43,097 Epoch number 10, batch number 26/40:       batch loss 0.011577947065234184
2024-01-21 09:45:43,198 Epoch number 10, batch number 27/40:       batch loss 0.007961922325193882
2024-01-21 09:45:43,301 Epoch number 10, batch number 28/40:       batch loss 0.008707626722753048
2024-01-21 09:45:43,405 Epoch number 10, batch number 29/40:       batch loss 0.012880194932222366
2024-01-21 09:45:43,506 Epoch number 10, batch number 30/40:       batch loss 0.004849588964134455
2024-01-21 09:45:43,610 Epoch number 10, batch number 31/40:       batch loss 0.014877907000482082
2024-01-21 09:45:43,711 Epoch number 10, batch number 32/40:       batch loss 0.016991177573800087
2024-01-21 09:45:43,812 Epoch number 10, batch number 33/40:       batch loss 0.012249288149178028
2024-01-21 09:45:43,913 Epoch number 10, batch number 34/40:       batch loss 0.012217104434967041
2024-01-21 09:45:44,015 Epoch number 10, batch number 35/40:       batch loss 0.012738678604364395
2024-01-21 09:45:44,118 Epoch number 10, batch number 36/40:       batch loss 0.014735110104084015
2024-01-21 09:45:44,218 Epoch number 10, batch number 37/40:       batch loss 0.009649007581174374
2024-01-21 09:45:44,320 Epoch number 10, batch number 38/40:       batch loss 0.012742333114147186
2024-01-21 09:45:44,420 Epoch number 10, batch number 39/40:       batch loss 0.012237437069416046
2024-01-21 09:45:44,437 Epoch: 11 	Training Loss: 0.005463
2024-01-21 09:45:44,438 Time for epoch 11 : 5 sec
2024-01-21 09:45:44,438 lr for epoch 11 is 0.00100
2024-01-21 09:45:45,844 Epoch number 11, batch number 0/40:       batch loss 0.013302852399647236
2024-01-21 09:45:45,966 Epoch number 11, batch number 1/40:       batch loss 0.010053660720586777
2024-01-21 09:45:46,073 Epoch number 11, batch number 2/40:       batch loss 0.008027082309126854
2024-01-21 09:45:46,181 Epoch number 11, batch number 3/40:       batch loss 0.010906306095421314
2024-01-21 09:45:46,288 Epoch number 11, batch number 4/40:       batch loss 0.011752440594136715
2024-01-21 09:45:46,396 Epoch number 11, batch number 5/40:       batch loss 0.011868114583194256
2024-01-21 09:45:46,509 Epoch number 11, batch number 6/40:       batch loss 0.016390949487686157
2024-01-21 09:45:46,611 Epoch number 11, batch number 7/40:       batch loss 0.010480353608727455
2024-01-21 09:45:46,712 Epoch number 11, batch number 8/40:       batch loss 0.009981178678572178
2024-01-21 09:45:46,825 Epoch number 11, batch number 9/40:       batch loss 0.011712462641298771
2024-01-21 09:45:46,925 Epoch number 11, batch number 10/40:       batch loss 0.008235554210841656
2024-01-21 09:45:47,029 Epoch number 11, batch number 11/40:       batch loss 0.034095700830221176
2024-01-21 09:45:47,131 Epoch number 11, batch number 12/40:       batch loss 0.011390387080609798
2024-01-21 09:45:47,233 Epoch number 11, batch number 13/40:       batch loss 0.007992506958544254
2024-01-21 09:45:47,332 Epoch number 11, batch number 14/40:       batch loss 0.008819996379315853
2024-01-21 09:45:47,434 Epoch number 11, batch number 15/40:       batch loss 0.01291209552437067
2024-01-21 09:45:47,535 Epoch number 11, batch number 16/40:       batch loss 0.01032173354178667
2024-01-21 09:45:47,637 Epoch number 11, batch number 17/40:       batch loss 0.012863602489233017
2024-01-21 09:45:47,739 Epoch number 11, batch number 18/40:       batch loss 0.010626748204231262
2024-01-21 09:45:47,844 Epoch number 11, batch number 19/40:       batch loss 0.013387237675487995
2024-01-21 09:45:47,944 Epoch number 11, batch number 20/40:       batch loss 0.008272461593151093
2024-01-21 09:45:48,046 Epoch number 11, batch number 21/40:       batch loss 0.010303011164069176
2024-01-21 09:45:48,147 Epoch number 11, batch number 22/40:       batch loss 0.007255236152559519
2024-01-21 09:45:48,251 Epoch number 11, batch number 23/40:       batch loss 0.01991739496588707
2024-01-21 09:45:48,354 Epoch number 11, batch number 24/40:       batch loss 0.01271334383636713
2024-01-21 09:45:48,458 Epoch number 11, batch number 25/40:       batch loss 0.015235834755003452
2024-01-21 09:45:48,563 Epoch number 11, batch number 26/40:       batch loss 0.009779095649719238
2024-01-21 09:45:48,670 Epoch number 11, batch number 27/40:       batch loss 0.011746546253561974
2024-01-21 09:45:48,771 Epoch number 11, batch number 28/40:       batch loss 0.009888571687042713
2024-01-21 09:45:48,875 Epoch number 11, batch number 29/40:       batch loss 0.007461167871952057
2024-01-21 09:45:48,976 Epoch number 11, batch number 30/40:       batch loss 0.01652984879910946
2024-01-21 09:45:49,077 Epoch number 11, batch number 31/40:       batch loss 0.009443356655538082
2024-01-21 09:45:49,176 Epoch number 11, batch number 32/40:       batch loss 0.012476742267608643
2024-01-21 09:45:49,276 Epoch number 11, batch number 33/40:       batch loss 0.01085496973246336
2024-01-21 09:45:49,376 Epoch number 11, batch number 34/40:       batch loss 0.011436612345278263
2024-01-21 09:45:49,486 Epoch number 11, batch number 35/40:       batch loss 0.011004245840013027
2024-01-21 09:45:49,586 Epoch number 11, batch number 36/40:       batch loss 0.01102521363645792
2024-01-21 09:45:49,688 Epoch number 11, batch number 37/40:       batch loss 0.009763422422111034
2024-01-21 09:45:49,788 Epoch number 11, batch number 38/40:       batch loss 0.009619614109396935
2024-01-21 09:45:49,888 Epoch number 11, batch number 39/40:       batch loss 0.008736210875213146
2024-01-21 09:45:49,911 Epoch: 12 	Training Loss: 0.005857
2024-01-21 09:45:49,911 Time for epoch 12 : 4 sec
2024-01-21 09:45:49,911 lr for epoch 12 is 0.00100
2024-01-21 09:45:51,282 Epoch number 12, batch number 0/40:       batch loss 0.007345023564994335
2024-01-21 09:45:51,415 Epoch number 12, batch number 1/40:       batch loss 0.009957941249012947
2024-01-21 09:45:51,529 Epoch number 12, batch number 2/40:       batch loss 0.017587784677743912
2024-01-21 09:45:51,632 Epoch number 12, batch number 3/40:       batch loss 0.010032585822045803
2024-01-21 09:45:51,738 Epoch number 12, batch number 4/40:       batch loss 0.010877300053834915
2024-01-21 09:45:51,843 Epoch number 12, batch number 5/40:       batch loss 0.010158170014619827
2024-01-21 09:45:51,947 Epoch number 12, batch number 6/40:       batch loss 0.011970434337854385
2024-01-21 09:45:52,055 Epoch number 12, batch number 7/40:       batch loss 0.011778895743191242
2024-01-21 09:45:52,159 Epoch number 12, batch number 8/40:       batch loss 0.026067322120070457
2024-01-21 09:45:52,262 Epoch number 12, batch number 9/40:       batch loss 0.031457509845495224
2024-01-21 09:45:52,366 Epoch number 12, batch number 10/40:       batch loss 0.01381103228777647
2024-01-21 09:45:52,471 Epoch number 12, batch number 11/40:       batch loss 0.011357605457305908
2024-01-21 09:45:52,574 Epoch number 12, batch number 12/40:       batch loss 0.007926900871098042
2024-01-21 09:45:52,675 Epoch number 12, batch number 13/40:       batch loss 0.013063348829746246
2024-01-21 09:45:52,783 Epoch number 12, batch number 14/40:       batch loss 0.012682339176535606
2024-01-21 09:45:52,889 Epoch number 12, batch number 15/40:       batch loss 0.010670174844563007
2024-01-21 09:45:52,995 Epoch number 12, batch number 16/40:       batch loss 0.011989843100309372
2024-01-21 09:45:53,099 Epoch number 12, batch number 17/40:       batch loss 0.013883654028177261
2024-01-21 09:45:53,200 Epoch number 12, batch number 18/40:       batch loss 0.009423092007637024
2024-01-21 09:45:53,310 Epoch number 12, batch number 19/40:       batch loss 0.012234445661306381
2024-01-21 09:45:53,420 Epoch number 12, batch number 20/40:       batch loss 0.007709925062954426
2024-01-21 09:45:53,522 Epoch number 12, batch number 21/40:       batch loss 0.011090933345258236
2024-01-21 09:45:53,627 Epoch number 12, batch number 22/40:       batch loss 0.01507478766143322
2024-01-21 09:45:53,736 Epoch number 12, batch number 23/40:       batch loss 0.007477152161300182
2024-01-21 09:45:53,842 Epoch number 12, batch number 24/40:       batch loss 0.01186320185661316
2024-01-21 09:45:53,945 Epoch number 12, batch number 25/40:       batch loss 0.012693626806139946
2024-01-21 09:45:54,048 Epoch number 12, batch number 26/40:       batch loss 0.006361139006912708
2024-01-21 09:45:54,149 Epoch number 12, batch number 27/40:       batch loss 0.00903710350394249
2024-01-21 09:45:54,252 Epoch number 12, batch number 28/40:       batch loss 0.0072921523824334145
2024-01-21 09:45:54,353 Epoch number 12, batch number 29/40:       batch loss 0.009827397763729095
2024-01-21 09:45:54,458 Epoch number 12, batch number 30/40:       batch loss 0.008786758407950401
2024-01-21 09:45:54,563 Epoch number 12, batch number 31/40:       batch loss 0.012976022437214851
2024-01-21 09:45:54,665 Epoch number 12, batch number 32/40:       batch loss 0.008590709418058395
2024-01-21 09:45:54,767 Epoch number 12, batch number 33/40:       batch loss 0.014161407947540283
2024-01-21 09:45:54,869 Epoch number 12, batch number 34/40:       batch loss 0.011243083514273167
2024-01-21 09:45:54,974 Epoch number 12, batch number 35/40:       batch loss 0.01462286151945591
2024-01-21 09:45:55,076 Epoch number 12, batch number 36/40:       batch loss 0.011147352866828442
2024-01-21 09:45:55,180 Epoch number 12, batch number 37/40:       batch loss 0.010178830474615097
2024-01-21 09:45:55,281 Epoch number 12, batch number 38/40:       batch loss 0.008431343361735344
2024-01-21 09:45:55,383 Epoch number 12, batch number 39/40:       batch loss 0.006702886428683996
2024-01-21 09:45:55,400 Epoch: 13 	Training Loss: 0.005869
2024-01-21 09:45:55,401 Time for epoch 13 : 5 sec
2024-01-21 09:45:55,401 lr for epoch 13 is 0.00100
2024-01-21 09:45:56,742 Epoch number 13, batch number 0/40:       batch loss 0.01117621548473835
2024-01-21 09:45:56,850 Epoch number 13, batch number 1/40:       batch loss 0.00859750621020794
2024-01-21 09:45:56,951 Epoch number 13, batch number 2/40:       batch loss 0.013317438773810863
2024-01-21 09:45:57,061 Epoch number 13, batch number 3/40:       batch loss 0.00917750969529152
2024-01-21 09:45:57,162 Epoch number 13, batch number 4/40:       batch loss 0.008842656388878822
2024-01-21 09:45:57,262 Epoch number 13, batch number 5/40:       batch loss 0.0060315909795463085
2024-01-21 09:45:57,363 Epoch number 13, batch number 6/40:       batch loss 0.01103853341192007
2024-01-21 09:45:57,476 Epoch number 13, batch number 7/40:       batch loss 0.008136331103742123
2024-01-21 09:45:57,579 Epoch number 13, batch number 8/40:       batch loss 0.011453640647232533
2024-01-21 09:45:57,682 Epoch number 13, batch number 9/40:       batch loss 0.010293975472450256
2024-01-21 09:45:57,788 Epoch number 13, batch number 10/40:       batch loss 0.011769471690058708
2024-01-21 09:45:57,889 Epoch number 13, batch number 11/40:       batch loss 0.01459994725883007
2024-01-21 09:45:57,992 Epoch number 13, batch number 12/40:       batch loss 0.01322049181908369
2024-01-21 09:45:58,098 Epoch number 13, batch number 13/40:       batch loss 0.01642276719212532
2024-01-21 09:45:58,205 Epoch number 13, batch number 14/40:       batch loss 0.01834908127784729
2024-01-21 09:45:58,305 Epoch number 13, batch number 15/40:       batch loss 0.006797631736844778
2024-01-21 09:45:58,407 Epoch number 13, batch number 16/40:       batch loss 0.0076096393167972565
2024-01-21 09:45:58,507 Epoch number 13, batch number 17/40:       batch loss 0.010858947411179543
2024-01-21 09:45:58,610 Epoch number 13, batch number 18/40:       batch loss 0.010135462507605553
2024-01-21 09:45:58,712 Epoch number 13, batch number 19/40:       batch loss 0.011179044842720032
2024-01-21 09:45:58,817 Epoch number 13, batch number 20/40:       batch loss 0.008377810940146446
2024-01-21 09:45:58,918 Epoch number 13, batch number 21/40:       batch loss 0.008889185264706612
2024-01-21 09:45:59,029 Epoch number 13, batch number 22/40:       batch loss 0.007521497085690498
2024-01-21 09:45:59,132 Epoch number 13, batch number 23/40:       batch loss 0.009242217987775803
2024-01-21 09:45:59,235 Epoch number 13, batch number 24/40:       batch loss 0.02187279611825943
2024-01-21 09:45:59,336 Epoch number 13, batch number 25/40:       batch loss 0.013786345720291138
2024-01-21 09:45:59,439 Epoch number 13, batch number 26/40:       batch loss 0.012820159085094929
2024-01-21 09:45:59,545 Epoch number 13, batch number 27/40:       batch loss 0.01057443767786026
2024-01-21 09:45:59,646 Epoch number 13, batch number 28/40:       batch loss 0.010609718970954418
2024-01-21 09:45:59,748 Epoch number 13, batch number 29/40:       batch loss 0.010529374703764915
2024-01-21 09:45:59,854 Epoch number 13, batch number 30/40:       batch loss 0.010995755903422832
2024-01-21 09:45:59,959 Epoch number 13, batch number 31/40:       batch loss 0.009489616379141808
2024-01-21 09:46:00,062 Epoch number 13, batch number 32/40:       batch loss 0.008220470510423183
2024-01-21 09:46:00,161 Epoch number 13, batch number 33/40:       batch loss 0.02300872467458248
2024-01-21 09:46:00,259 Epoch number 13, batch number 34/40:       batch loss 0.010874989442527294
2024-01-21 09:46:00,361 Epoch number 13, batch number 35/40:       batch loss 0.007660081144422293
2024-01-21 09:46:00,460 Epoch number 13, batch number 36/40:       batch loss 0.01344251073896885
2024-01-21 09:46:00,560 Epoch number 13, batch number 37/40:       batch loss 0.008247551508247852
2024-01-21 09:46:00,660 Epoch number 13, batch number 38/40:       batch loss 0.010983052663505077
2024-01-21 09:46:00,765 Epoch number 13, batch number 39/40:       batch loss 0.010532872751355171
2024-01-21 09:46:00,793 Epoch: 14 	Training Loss: 0.005584
2024-01-21 09:46:00,794 Time for epoch 14 : 4 sec
2024-01-21 09:46:00,794 lr for epoch 14 is 0.00100
2024-01-21 09:46:02,341 Epoch number 14, batch number 0/40:       batch loss 0.012425572611391544
2024-01-21 09:46:02,492 Epoch number 14, batch number 1/40:       batch loss 0.007580077275633812
2024-01-21 09:46:02,600 Epoch number 14, batch number 2/40:       batch loss 0.011542021296918392
2024-01-21 09:46:02,724 Epoch number 14, batch number 3/40:       batch loss 0.008144262246787548
2024-01-21 09:46:02,824 Epoch number 14, batch number 4/40:       batch loss 0.011031271889805794
2024-01-21 09:46:02,934 Epoch number 14, batch number 5/40:       batch loss 0.010141318663954735
2024-01-21 09:46:03,034 Epoch number 14, batch number 6/40:       batch loss 0.009648504666984081
2024-01-21 09:46:03,143 Epoch number 14, batch number 7/40:       batch loss 0.01621631346642971
2024-01-21 09:46:03,241 Epoch number 14, batch number 8/40:       batch loss 0.016218770295381546
2024-01-21 09:46:03,340 Epoch number 14, batch number 9/40:       batch loss 0.017049064859747887
2024-01-21 09:46:03,438 Epoch number 14, batch number 10/40:       batch loss 0.009019212797284126
2024-01-21 09:46:03,538 Epoch number 14, batch number 11/40:       batch loss 0.009826995432376862
2024-01-21 09:46:03,636 Epoch number 14, batch number 12/40:       batch loss 0.010809720493853092
2024-01-21 09:46:03,734 Epoch number 14, batch number 13/40:       batch loss 0.008167736232280731
2024-01-21 09:46:03,833 Epoch number 14, batch number 14/40:       batch loss 0.013461531139910221
2024-01-21 09:46:03,933 Epoch number 14, batch number 15/40:       batch loss 0.012317770160734653
2024-01-21 09:46:04,034 Epoch number 14, batch number 16/40:       batch loss 0.0108038866892457
2024-01-21 09:46:04,131 Epoch number 14, batch number 17/40:       batch loss 0.007442002650350332
2024-01-21 09:46:04,230 Epoch number 14, batch number 18/40:       batch loss 0.009424793533980846
2024-01-21 09:46:04,328 Epoch number 14, batch number 19/40:       batch loss 0.007590478286147118
2024-01-21 09:46:04,427 Epoch number 14, batch number 20/40:       batch loss 0.011487639509141445
2024-01-21 09:46:04,527 Epoch number 14, batch number 21/40:       batch loss 0.010113709606230259
2024-01-21 09:46:04,628 Epoch number 14, batch number 22/40:       batch loss 0.012831652536988258
2024-01-21 09:46:04,727 Epoch number 14, batch number 23/40:       batch loss 0.010914387181401253
2024-01-21 09:46:04,825 Epoch number 14, batch number 24/40:       batch loss 0.014198372140526772
2024-01-21 09:46:04,924 Epoch number 14, batch number 25/40:       batch loss 0.009072772227227688
2024-01-21 09:46:05,022 Epoch number 14, batch number 26/40:       batch loss 0.012117183767259121
2024-01-21 09:46:05,122 Epoch number 14, batch number 27/40:       batch loss 0.013542677275836468
2024-01-21 09:46:05,221 Epoch number 14, batch number 28/40:       batch loss 0.014360802248120308
2024-01-21 09:46:05,320 Epoch number 14, batch number 29/40:       batch loss 0.008086251094937325
2024-01-21 09:46:05,419 Epoch number 14, batch number 30/40:       batch loss 0.008578550070524216
2024-01-21 09:46:05,517 Epoch number 14, batch number 31/40:       batch loss 0.005855242721736431
2024-01-21 09:46:05,615 Epoch number 14, batch number 32/40:       batch loss 0.00812788400799036
2024-01-21 09:46:05,713 Epoch number 14, batch number 33/40:       batch loss 0.009143611416220665
2024-01-21 09:46:05,809 Epoch number 14, batch number 34/40:       batch loss 0.012911600060760975
2024-01-21 09:46:05,906 Epoch number 14, batch number 35/40:       batch loss 0.0061230845749378204
2024-01-21 09:46:06,002 Epoch number 14, batch number 36/40:       batch loss 0.008507587015628815
2024-01-21 09:46:06,098 Epoch number 14, batch number 37/40:       batch loss 0.00777958519756794
2024-01-21 09:46:06,195 Epoch number 14, batch number 38/40:       batch loss 0.019139980897307396
2024-01-21 09:46:06,292 Epoch number 14, batch number 39/40:       batch loss 0.008229597471654415
2024-01-21 09:46:06,323 Epoch: 15 	Training Loss: 0.005375
2024-01-21 09:46:06,323 Time for epoch 15 : 5 sec
2024-01-21 09:46:06,323 lr for epoch 15 is 0.00100
2024-01-21 09:46:07,809 Epoch number 15, batch number 0/40:       batch loss 0.01124572567641735
2024-01-21 09:46:07,935 Epoch number 15, batch number 1/40:       batch loss 0.011995203793048859
2024-01-21 09:46:08,040 Epoch number 15, batch number 2/40:       batch loss 0.007881306111812592
2024-01-21 09:46:08,144 Epoch number 15, batch number 3/40:       batch loss 0.008549332618713379
2024-01-21 09:46:08,244 Epoch number 15, batch number 4/40:       batch loss 0.011186976917088032
2024-01-21 09:46:08,344 Epoch number 15, batch number 5/40:       batch loss 0.00914306752383709
2024-01-21 09:46:08,443 Epoch number 15, batch number 6/40:       batch loss 0.00659217219799757
2024-01-21 09:46:08,543 Epoch number 15, batch number 7/40:       batch loss 0.01124139130115509
2024-01-21 09:46:08,646 Epoch number 15, batch number 8/40:       batch loss 0.0066688633523881435
2024-01-21 09:46:08,748 Epoch number 15, batch number 9/40:       batch loss 0.00901765376329422
2024-01-21 09:46:08,845 Epoch number 15, batch number 10/40:       batch loss 0.008747360669076443
2024-01-21 09:46:08,943 Epoch number 15, batch number 11/40:       batch loss 0.010743444785475731
2024-01-21 09:46:09,041 Epoch number 15, batch number 12/40:       batch loss 0.008955610916018486
2024-01-21 09:46:09,140 Epoch number 15, batch number 13/40:       batch loss 0.006210497580468655
2024-01-21 09:46:09,238 Epoch number 15, batch number 14/40:       batch loss 0.011517474427819252
2024-01-21 09:46:09,336 Epoch number 15, batch number 15/40:       batch loss 0.010173206217586994
2024-01-21 09:46:09,452 Epoch number 15, batch number 16/40:       batch loss 0.008739903569221497
2024-01-21 09:46:09,552 Epoch number 15, batch number 17/40:       batch loss 0.00702456571161747
2024-01-21 09:46:09,651 Epoch number 15, batch number 18/40:       batch loss 0.010377034544944763
2024-01-21 09:46:09,751 Epoch number 15, batch number 19/40:       batch loss 0.0087860357016325
2024-01-21 09:46:09,848 Epoch number 15, batch number 20/40:       batch loss 0.009898418560624123
2024-01-21 09:46:09,948 Epoch number 15, batch number 21/40:       batch loss 0.010215774178504944
2024-01-21 09:46:10,045 Epoch number 15, batch number 22/40:       batch loss 0.0077091846615076065
2024-01-21 09:46:10,144 Epoch number 15, batch number 23/40:       batch loss 0.009251710027456284
2024-01-21 09:46:10,242 Epoch number 15, batch number 24/40:       batch loss 0.01031522173434496
2024-01-21 09:46:10,340 Epoch number 15, batch number 25/40:       batch loss 0.009562877006828785
2024-01-21 09:46:10,439 Epoch number 15, batch number 26/40:       batch loss 0.007694232277572155
2024-01-21 09:46:10,539 Epoch number 15, batch number 27/40:       batch loss 0.00821439828723669
2024-01-21 09:46:10,638 Epoch number 15, batch number 28/40:       batch loss 0.009981139563024044
2024-01-21 09:46:10,737 Epoch number 15, batch number 29/40:       batch loss 0.013249587267637253
2024-01-21 09:46:10,836 Epoch number 15, batch number 30/40:       batch loss 0.011650069616734982
2024-01-21 09:46:10,934 Epoch number 15, batch number 31/40:       batch loss 0.015503336675465107
2024-01-21 09:46:11,033 Epoch number 15, batch number 32/40:       batch loss 0.007181858643889427
2024-01-21 09:46:11,130 Epoch number 15, batch number 33/40:       batch loss 0.017323480919003487
2024-01-21 09:46:11,227 Epoch number 15, batch number 34/40:       batch loss 0.010474667884409428
2024-01-21 09:46:11,326 Epoch number 15, batch number 35/40:       batch loss 0.009466242976486683
2024-01-21 09:46:11,424 Epoch number 15, batch number 36/40:       batch loss 0.014588488265872002
2024-01-21 09:46:11,523 Epoch number 15, batch number 37/40:       batch loss 0.010009430348873138
2024-01-21 09:46:11,622 Epoch number 15, batch number 38/40:       batch loss 0.012072494253516197
2024-01-21 09:46:11,721 Epoch number 15, batch number 39/40:       batch loss 0.008151628077030182
2024-01-21 09:46:11,744 Epoch: 16 	Training Loss: 0.004966
2024-01-21 09:46:11,744 Time for epoch 16 : 4 sec
2024-01-21 09:46:11,744 lr for epoch 16 is 0.00050
2024-01-21 09:46:13,158 Epoch number 16, batch number 0/40:       batch loss 0.009120652452111244
2024-01-21 09:46:13,304 Epoch number 16, batch number 1/40:       batch loss 0.024035530164837837
2024-01-21 09:46:13,403 Epoch number 16, batch number 2/40:       batch loss 0.007774898316711187
2024-01-21 09:46:13,508 Epoch number 16, batch number 3/40:       batch loss 0.01207512617111206
2024-01-21 09:46:13,616 Epoch number 16, batch number 4/40:       batch loss 0.010901760309934616
2024-01-21 09:46:13,725 Epoch number 16, batch number 5/40:       batch loss 0.008883373811841011
2024-01-21 09:46:13,826 Epoch number 16, batch number 6/40:       batch loss 0.00823361985385418
2024-01-21 09:46:13,927 Epoch number 16, batch number 7/40:       batch loss 0.014580121263861656
2024-01-21 09:46:14,029 Epoch number 16, batch number 8/40:       batch loss 0.013625080697238445
2024-01-21 09:46:14,129 Epoch number 16, batch number 9/40:       batch loss 0.013518493622541428
2024-01-21 09:46:14,229 Epoch number 16, batch number 10/40:       batch loss 0.0069952053017914295
2024-01-21 09:46:14,329 Epoch number 16, batch number 11/40:       batch loss 0.012148412875831127
2024-01-21 09:46:14,430 Epoch number 16, batch number 12/40:       batch loss 0.011815999634563923
2024-01-21 09:46:14,531 Epoch number 16, batch number 13/40:       batch loss 0.011744295246899128
2024-01-21 09:46:14,632 Epoch number 16, batch number 14/40:       batch loss 0.017725752666592598
2024-01-21 09:46:14,733 Epoch number 16, batch number 15/40:       batch loss 0.00932055339217186
2024-01-21 09:46:14,834 Epoch number 16, batch number 16/40:       batch loss 0.008867001160979271
2024-01-21 09:46:14,936 Epoch number 16, batch number 17/40:       batch loss 0.01791328936815262
2024-01-21 09:46:15,038 Epoch number 16, batch number 18/40:       batch loss 0.008818011730909348
2024-01-21 09:46:15,138 Epoch number 16, batch number 19/40:       batch loss 0.01843276247382164
2024-01-21 09:46:15,241 Epoch number 16, batch number 20/40:       batch loss 0.00861634686589241
2024-01-21 09:46:15,342 Epoch number 16, batch number 21/40:       batch loss 0.011586193926632404
2024-01-21 09:46:15,443 Epoch number 16, batch number 22/40:       batch loss 0.017075033858418465
2024-01-21 09:46:15,545 Epoch number 16, batch number 23/40:       batch loss 0.009464380331337452
2024-01-21 09:46:15,647 Epoch number 16, batch number 24/40:       batch loss 0.007842334918677807
2024-01-21 09:46:15,747 Epoch number 16, batch number 25/40:       batch loss 0.008432159200310707
2024-01-21 09:46:15,855 Epoch number 16, batch number 26/40:       batch loss 0.012072592042386532
2024-01-21 09:46:15,957 Epoch number 16, batch number 27/40:       batch loss 0.010237829759716988
2024-01-21 09:46:16,058 Epoch number 16, batch number 28/40:       batch loss 0.010760894045233727
2024-01-21 09:46:16,177 Epoch number 16, batch number 29/40:       batch loss 0.006807470228523016
2024-01-21 09:46:16,282 Epoch number 16, batch number 30/40:       batch loss 0.01236565038561821
2024-01-21 09:46:16,462 Epoch number 16, batch number 31/40:       batch loss 0.014065166004002094
2024-01-21 09:46:16,562 Epoch number 16, batch number 32/40:       batch loss 0.0068716369569301605
2024-01-21 09:46:16,662 Epoch number 16, batch number 33/40:       batch loss 0.012267504818737507
2024-01-21 09:46:16,766 Epoch number 16, batch number 34/40:       batch loss 0.009311087429523468
2024-01-21 09:46:16,868 Epoch number 16, batch number 35/40:       batch loss 0.012076188810169697
2024-01-21 09:46:16,972 Epoch number 16, batch number 36/40:       batch loss 0.008889656513929367
2024-01-21 09:46:17,073 Epoch number 16, batch number 37/40:       batch loss 0.011692465282976627
2024-01-21 09:46:17,176 Epoch number 16, batch number 38/40:       batch loss 0.008679283782839775
2024-01-21 09:46:17,277 Epoch number 16, batch number 39/40:       batch loss 0.011526830494403839
2024-01-21 09:46:17,307 Epoch: 17 	Training Loss: 0.005715
2024-01-21 09:46:17,307 Time for epoch 17 : 5 sec
2024-01-21 09:46:17,307 lr for epoch 17 is 0.00050
2024-01-21 09:46:18,818 Epoch number 17, batch number 0/40:       batch loss 0.01624429225921631
2024-01-21 09:46:18,929 Epoch number 17, batch number 1/40:       batch loss 0.017767395824193954
2024-01-21 09:46:19,061 Epoch number 17, batch number 2/40:       batch loss 0.009908446110785007
2024-01-21 09:46:19,166 Epoch number 17, batch number 3/40:       batch loss 0.007970951497554779
2024-01-21 09:46:19,284 Epoch number 17, batch number 4/40:       batch loss 0.009582050144672394
2024-01-21 09:46:19,389 Epoch number 17, batch number 5/40:       batch loss 0.014766335487365723
2024-01-21 09:46:19,494 Epoch number 17, batch number 6/40:       batch loss 0.01695096306502819
2024-01-21 09:46:19,605 Epoch number 17, batch number 7/40:       batch loss 0.01144535280764103
2024-01-21 09:46:19,719 Epoch number 17, batch number 8/40:       batch loss 0.009618854150176048
2024-01-21 09:46:19,838 Epoch number 17, batch number 9/40:       batch loss 0.014071902260184288
2024-01-21 09:46:19,941 Epoch number 17, batch number 10/40:       batch loss 0.008968060836195946
2024-01-21 09:46:20,043 Epoch number 17, batch number 11/40:       batch loss 0.014459623023867607
2024-01-21 09:46:20,147 Epoch number 17, batch number 12/40:       batch loss 0.011522317305207253
2024-01-21 09:46:20,249 Epoch number 17, batch number 13/40:       batch loss 0.0118468152359128
2024-01-21 09:46:20,353 Epoch number 17, batch number 14/40:       batch loss 0.01245381124317646
2024-01-21 09:46:20,455 Epoch number 17, batch number 15/40:       batch loss 0.009352286346256733
2024-01-21 09:46:20,558 Epoch number 17, batch number 16/40:       batch loss 0.01465819962322712
2024-01-21 09:46:20,661 Epoch number 17, batch number 17/40:       batch loss 0.0074522048234939575
2024-01-21 09:46:20,765 Epoch number 17, batch number 18/40:       batch loss 0.008854802697896957
2024-01-21 09:46:20,867 Epoch number 17, batch number 19/40:       batch loss 0.012075032107532024
2024-01-21 09:46:20,969 Epoch number 17, batch number 20/40:       batch loss 0.010202932171523571
2024-01-21 09:46:21,071 Epoch number 17, batch number 21/40:       batch loss 0.009977906011044979
2024-01-21 09:46:21,174 Epoch number 17, batch number 22/40:       batch loss 0.013471693731844425
2024-01-21 09:46:21,278 Epoch number 17, batch number 23/40:       batch loss 0.00846429355442524
2024-01-21 09:46:21,381 Epoch number 17, batch number 24/40:       batch loss 0.007438746280968189
2024-01-21 09:46:21,487 Epoch number 17, batch number 25/40:       batch loss 0.009619633667171001
2024-01-21 09:46:21,588 Epoch number 17, batch number 26/40:       batch loss 0.01145215518772602
2024-01-21 09:46:21,689 Epoch number 17, batch number 27/40:       batch loss 0.009317216463387012
2024-01-21 09:46:21,791 Epoch number 17, batch number 28/40:       batch loss 0.01174836978316307
2024-01-21 09:46:21,894 Epoch number 17, batch number 29/40:       batch loss 0.009204225614666939
2024-01-21 09:46:21,999 Epoch number 17, batch number 30/40:       batch loss 0.009799573570489883
2024-01-21 09:46:22,109 Epoch number 17, batch number 31/40:       batch loss 0.010404636152088642
2024-01-21 09:46:22,209 Epoch number 17, batch number 32/40:       batch loss 0.01104037556797266
2024-01-21 09:46:22,312 Epoch number 17, batch number 33/40:       batch loss 0.017658350989222527
2024-01-21 09:46:22,413 Epoch number 17, batch number 34/40:       batch loss 0.010609041899442673
2024-01-21 09:46:22,570 Epoch number 17, batch number 35/40:       batch loss 0.009934982284903526
2024-01-21 09:46:22,669 Epoch number 17, batch number 36/40:       batch loss 0.009007313288748264
2024-01-21 09:46:22,767 Epoch number 17, batch number 37/40:       batch loss 0.012840477749705315
2024-01-21 09:46:22,869 Epoch number 17, batch number 38/40:       batch loss 0.01045957300812006
2024-01-21 09:46:22,969 Epoch number 17, batch number 39/40:       batch loss 0.009067149832844734
2024-01-21 09:46:23,004 Epoch: 18 	Training Loss: 0.005646
2024-01-21 09:46:23,004 Time for epoch 18 : 5 sec
2024-01-21 09:46:23,004 lr for epoch 18 is 0.00050
2024-01-21 09:46:24,546 Epoch number 18, batch number 0/40:       batch loss 0.010858410969376564
2024-01-21 09:46:24,744 Epoch number 18, batch number 1/40:       batch loss 0.012085221707820892
2024-01-21 09:46:24,852 Epoch number 18, batch number 2/40:       batch loss 0.008231229148805141
2024-01-21 09:46:24,962 Epoch number 18, batch number 3/40:       batch loss 0.00910903885960579
2024-01-21 09:46:25,063 Epoch number 18, batch number 4/40:       batch loss 0.009399966336786747
2024-01-21 09:46:25,166 Epoch number 18, batch number 5/40:       batch loss 0.016105368733406067
2024-01-21 09:46:25,270 Epoch number 18, batch number 6/40:       batch loss 0.010981416329741478
2024-01-21 09:46:25,374 Epoch number 18, batch number 7/40:       batch loss 0.00638052960857749
2024-01-21 09:46:25,478 Epoch number 18, batch number 8/40:       batch loss 0.00798930786550045
2024-01-21 09:46:25,580 Epoch number 18, batch number 9/40:       batch loss 0.012729085981845856
2024-01-21 09:46:25,684 Epoch number 18, batch number 10/40:       batch loss 0.005983586423099041
2024-01-21 09:46:25,787 Epoch number 18, batch number 11/40:       batch loss 0.011492088437080383
2024-01-21 09:46:25,891 Epoch number 18, batch number 12/40:       batch loss 0.00924613606184721
2024-01-21 09:46:26,001 Epoch number 18, batch number 13/40:       batch loss 0.010107344947755337
2024-01-21 09:46:26,106 Epoch number 18, batch number 14/40:       batch loss 0.016153091564774513
2024-01-21 09:46:26,211 Epoch number 18, batch number 15/40:       batch loss 0.011566992849111557
2024-01-21 09:46:26,314 Epoch number 18, batch number 16/40:       batch loss 0.011062647216022015
2024-01-21 09:46:26,418 Epoch number 18, batch number 17/40:       batch loss 0.02938970923423767
2024-01-21 09:46:26,519 Epoch number 18, batch number 18/40:       batch loss 0.010364178568124771
2024-01-21 09:46:26,624 Epoch number 18, batch number 19/40:       batch loss 0.007210773415863514
2024-01-21 09:46:26,728 Epoch number 18, batch number 20/40:       batch loss 0.00845275353640318
2024-01-21 09:46:26,831 Epoch number 18, batch number 21/40:       batch loss 0.0084507642313838
2024-01-21 09:46:26,933 Epoch number 18, batch number 22/40:       batch loss 0.009797520004212856
2024-01-21 09:46:27,038 Epoch number 18, batch number 23/40:       batch loss 0.008574353531002998
2024-01-21 09:46:27,138 Epoch number 18, batch number 24/40:       batch loss 0.00957672018557787
2024-01-21 09:46:27,238 Epoch number 18, batch number 25/40:       batch loss 0.008949846029281616
2024-01-21 09:46:27,343 Epoch number 18, batch number 26/40:       batch loss 0.008538550697267056
2024-01-21 09:46:27,445 Epoch number 18, batch number 27/40:       batch loss 0.009398101828992367
2024-01-21 09:46:27,548 Epoch number 18, batch number 28/40:       batch loss 0.015169581398367882
2024-01-21 09:46:27,647 Epoch number 18, batch number 29/40:       batch loss 0.0068780649453401566
2024-01-21 09:46:27,747 Epoch number 18, batch number 30/40:       batch loss 0.012062286958098412
2024-01-21 09:46:27,848 Epoch number 18, batch number 31/40:       batch loss 0.008409698493778706
2024-01-21 09:46:27,950 Epoch number 18, batch number 32/40:       batch loss 0.009122381918132305
2024-01-21 09:46:28,049 Epoch number 18, batch number 33/40:       batch loss 0.011271693743765354
2024-01-21 09:46:28,149 Epoch number 18, batch number 34/40:       batch loss 0.01047251746058464
2024-01-21 09:46:28,249 Epoch number 18, batch number 35/40:       batch loss 0.009964694269001484
2024-01-21 09:46:28,350 Epoch number 18, batch number 36/40:       batch loss 0.01038007065653801
2024-01-21 09:46:28,452 Epoch number 18, batch number 37/40:       batch loss 0.009377820417284966
2024-01-21 09:46:28,550 Epoch number 18, batch number 38/40:       batch loss 0.008420602418482304
2024-01-21 09:46:28,650 Epoch number 18, batch number 39/40:       batch loss 0.006775510497391224
2024-01-21 09:46:28,679 Epoch: 19 	Training Loss: 0.005206
2024-01-21 09:46:28,680 Time for epoch 19 : 5 sec
2024-01-21 09:46:28,680 lr for epoch 19 is 0.00050
2024-01-21 09:46:30,213 Epoch number 19, batch number 0/40:       batch loss 0.007594129536300898
2024-01-21 09:46:30,342 Epoch number 19, batch number 1/40:       batch loss 0.010937800630927086
2024-01-21 09:46:30,452 Epoch number 19, batch number 2/40:       batch loss 0.009457791224122047
2024-01-21 09:46:30,559 Epoch number 19, batch number 3/40:       batch loss 0.007551603484898806
2024-01-21 09:46:30,664 Epoch number 19, batch number 4/40:       batch loss 0.008045462891459465
2024-01-21 09:46:30,764 Epoch number 19, batch number 5/40:       batch loss 0.007406090851873159
2024-01-21 09:46:30,882 Epoch number 19, batch number 6/40:       batch loss 0.01266973465681076
2024-01-21 09:46:30,987 Epoch number 19, batch number 7/40:       batch loss 0.010897338390350342
2024-01-21 09:46:31,092 Epoch number 19, batch number 8/40:       batch loss 0.012255127541720867
2024-01-21 09:46:31,196 Epoch number 19, batch number 9/40:       batch loss 0.013740593567490578
2024-01-21 09:46:31,299 Epoch number 19, batch number 10/40:       batch loss 0.020153822377324104
2024-01-21 09:46:31,404 Epoch number 19, batch number 11/40:       batch loss 0.030348265543580055
2024-01-21 09:46:31,506 Epoch number 19, batch number 12/40:       batch loss 0.01061833743005991
2024-01-21 09:46:31,608 Epoch number 19, batch number 13/40:       batch loss 0.013426865451037884
2024-01-21 09:46:31,708 Epoch number 19, batch number 14/40:       batch loss 0.007871495559811592
2024-01-21 09:46:31,812 Epoch number 19, batch number 15/40:       batch loss 0.00677690003067255
2024-01-21 09:46:31,913 Epoch number 19, batch number 16/40:       batch loss 0.00766473263502121
2024-01-21 09:46:32,015 Epoch number 19, batch number 17/40:       batch loss 0.008584002032876015
2024-01-21 09:46:32,120 Epoch number 19, batch number 18/40:       batch loss 0.012981336563825607
2024-01-21 09:46:32,235 Epoch number 19, batch number 19/40:       batch loss 0.014499768614768982
2024-01-21 09:46:32,337 Epoch number 19, batch number 20/40:       batch loss 0.008766379207372665
2024-01-21 09:46:32,442 Epoch number 19, batch number 21/40:       batch loss 0.01101534254848957
2024-01-21 09:46:32,543 Epoch number 19, batch number 22/40:       batch loss 0.01144578866660595
2024-01-21 09:46:32,646 Epoch number 19, batch number 23/40:       batch loss 0.010621351189911366
2024-01-21 09:46:32,757 Epoch number 19, batch number 24/40:       batch loss 0.01083266269415617
2024-01-21 09:46:32,860 Epoch number 19, batch number 25/40:       batch loss 0.00845385529100895
2024-01-21 09:46:32,963 Epoch number 19, batch number 26/40:       batch loss 0.010598857887089252
2024-01-21 09:46:33,068 Epoch number 19, batch number 27/40:       batch loss 0.009524831548333168
2024-01-21 09:46:33,172 Epoch number 19, batch number 28/40:       batch loss 0.01159595139324665
2024-01-21 09:46:33,279 Epoch number 19, batch number 29/40:       batch loss 0.00918595027178526
2024-01-21 09:46:33,382 Epoch number 19, batch number 30/40:       batch loss 0.016690270975232124
2024-01-21 09:46:33,484 Epoch number 19, batch number 31/40:       batch loss 0.012181445956230164
2024-01-21 09:46:33,585 Epoch number 19, batch number 32/40:       batch loss 0.008622030727565289
2024-01-21 09:46:33,687 Epoch number 19, batch number 33/40:       batch loss 0.012271106243133545
2024-01-21 09:46:33,792 Epoch number 19, batch number 34/40:       batch loss 0.008184771984815598
2024-01-21 09:46:33,895 Epoch number 19, batch number 35/40:       batch loss 0.013884698040783405
2024-01-21 09:46:33,996 Epoch number 19, batch number 36/40:       batch loss 0.01603001169860363
2024-01-21 09:46:34,100 Epoch number 19, batch number 37/40:       batch loss 0.009943537414073944
2024-01-21 09:46:34,201 Epoch number 19, batch number 38/40:       batch loss 0.009848184883594513
2024-01-21 09:46:34,301 Epoch number 19, batch number 39/40:       batch loss 0.011471410281956196
2024-01-21 09:46:34,329 Epoch: 20 	Training Loss: 0.005683
2024-01-21 09:46:34,329 Time for epoch 20 : 5 sec
2024-01-21 09:46:34,329 lr for epoch 20 is 0.00050
2024-01-21 09:47:13,527 findfont: Font family 'Arial' not found.
2024-01-21 09:47:13,528 findfont: Font family 'Arial' not found.
2024-01-21 09:47:13,529 findfont: Font family 'Times New Roman' not found.
2024-01-21 09:47:13,529 findfont: Font family 'Times New Roman' not found.
2024-01-21 09:47:13,533 findfont: Font family 'Arial' not found.
2024-01-21 09:47:13,533 findfont: Font family 'Arial' not found.
2024-01-21 09:47:13,538 findfont: Font family 'Arial' not found.
2024-01-21 09:47:13,539 findfont: Font family 'Times New Roman' not found.
2024-01-21 09:47:17,308 findfont: Font family 'Arial' not found.
2024-01-21 09:47:17,308 findfont: Font family 'Arial' not found.
2024-01-21 09:47:17,308 findfont: Font family 'Times New Roman' not found.
2024-01-21 09:47:17,308 findfont: Font family 'Times New Roman' not found.
2024-01-21 09:47:17,312 findfont: Font family 'Arial' not found.
2024-01-21 09:47:17,312 findfont: Font family 'Arial' not found.
2024-01-21 09:47:17,317 findfont: Font family 'Arial' not found.
2024-01-21 09:47:17,318 findfont: Font family 'Times New Roman' not found.
2024-01-21 09:47:21,166 findfont: Font family 'Arial' not found.
2024-01-21 09:47:21,167 findfont: Font family 'Arial' not found.
2024-01-21 09:47:21,167 findfont: Font family 'Times New Roman' not found.
2024-01-21 09:47:21,167 findfont: Font family 'Times New Roman' not found.
2024-01-21 09:47:21,171 findfont: Font family 'Arial' not found.
2024-01-21 09:47:21,171 findfont: Font family 'Arial' not found.
2024-01-21 09:47:21,175 findfont: Font family 'Arial' not found.
2024-01-21 09:47:21,176 findfont: Font family 'Times New Roman' not found.
2024-01-21 09:47:29,222 Run Finished Successfully
2024-01-21 09:47:32,431 findfont: Font family 'Arial' not found.
2024-01-21 09:47:32,436 findfont: Font family 'Arial' not found.
2024-01-21 09:47:32,437 findfont: Font family 'Times New Roman' not found.
2024-01-21 09:47:32,671 findfont: Font family 'Arial' not found.
2024-01-21 09:47:32,675 findfont: Font family 'Arial' not found.
2024-01-21 09:47:32,676 findfont: Font family 'Times New Roman' not found.
