2023-11-22 14:27:45,512 This is a summery of the run:
2023-11-22 14:27:45,512 Batch size for this run: 2
2023-11-22 14:27:45,512 Size of original image: 32 X 32
2023-11-22 14:27:45,512 learning rate: 0.1
2023-11-22 14:27:45,512 number of masks: 102
2023-11-22 14:27:45,512 Compression ratio: 10
2023-11-22 14:27:45,512 epochs : 20
2023-11-22 14:27:45,512 ***************************************************************************


2023-11-22 14:27:45,512 learning rate: 0.1
2023-11-22 14:27:46,916 Epoch number 0, batch number 0/40:       batch loss 0.04775325581431389
2023-11-22 14:27:47,460 Epoch number 0, batch number 1/40:       batch loss 0.06083569675683975
2023-11-22 14:27:48,017 Epoch number 0, batch number 2/40:       batch loss 0.038545649498701096
2023-11-22 14:27:48,558 Epoch number 0, batch number 3/40:       batch loss 0.05083663761615753
2023-11-22 14:27:49,103 Epoch number 0, batch number 4/40:       batch loss 0.046774379909038544
2023-11-22 14:27:49,679 Epoch number 0, batch number 5/40:       batch loss 0.027098169550299644
2023-11-22 14:27:50,212 Epoch number 0, batch number 6/40:       batch loss 0.026857035234570503
2023-11-22 14:27:50,788 Epoch number 0, batch number 7/40:       batch loss 0.035166509449481964
2023-11-22 14:27:51,318 Epoch number 0, batch number 8/40:       batch loss 0.02623569592833519
2023-11-22 14:27:51,862 Epoch number 0, batch number 9/40:       batch loss 0.027501091361045837
2023-11-22 14:27:52,376 Epoch number 0, batch number 10/40:       batch loss 0.034707535058259964
2023-11-22 14:27:52,916 Epoch number 0, batch number 11/40:       batch loss 0.027487371116876602
2023-11-22 14:27:53,462 Epoch number 0, batch number 12/40:       batch loss 0.02428917959332466
2023-11-22 14:27:54,007 Epoch number 0, batch number 13/40:       batch loss 0.03505526855587959
2023-11-22 14:27:54,553 Epoch number 0, batch number 14/40:       batch loss 0.0303259938955307
2023-11-22 14:27:55,071 Epoch number 0, batch number 15/40:       batch loss 0.027891850098967552
2023-11-22 14:27:55,614 Epoch number 0, batch number 16/40:       batch loss 0.02904943749308586
2023-11-22 14:27:56,150 Epoch number 0, batch number 17/40:       batch loss 0.0201853197067976
2023-11-22 14:27:56,674 Epoch number 0, batch number 18/40:       batch loss 0.023629313334822655
2023-11-22 14:27:57,190 Epoch number 0, batch number 19/40:       batch loss 0.02731207013130188
2023-11-22 14:27:57,731 Epoch number 0, batch number 20/40:       batch loss 0.02616225555539131
2023-11-22 14:27:58,263 Epoch number 0, batch number 21/40:       batch loss 0.02214336208999157
2023-11-22 14:27:58,782 Epoch number 0, batch number 22/40:       batch loss 0.02668035961687565
2023-11-22 14:27:59,318 Epoch number 0, batch number 23/40:       batch loss 0.03267446532845497
2023-11-22 14:27:59,875 Epoch number 0, batch number 24/40:       batch loss 0.03247334063053131
2023-11-22 14:28:00,416 Epoch number 0, batch number 25/40:       batch loss 0.030435660853981972
2023-11-22 14:28:00,963 Epoch number 0, batch number 26/40:       batch loss 0.021780800074338913
2023-11-22 14:28:01,498 Epoch number 0, batch number 27/40:       batch loss 0.027196429669857025
2023-11-22 14:28:02,058 Epoch number 0, batch number 28/40:       batch loss 0.037031471729278564
2023-11-22 14:28:02,609 Epoch number 0, batch number 29/40:       batch loss 0.02069927006959915
2023-11-22 14:28:03,145 Epoch number 0, batch number 30/40:       batch loss 0.01949850656092167
2023-11-22 14:28:03,676 Epoch number 0, batch number 31/40:       batch loss 0.024870652705430984
2023-11-22 14:28:04,219 Epoch number 0, batch number 32/40:       batch loss 0.025166712701320648
2023-11-22 14:28:04,770 Epoch number 0, batch number 33/40:       batch loss 0.020262906327843666
2023-11-22 14:28:05,316 Epoch number 0, batch number 34/40:       batch loss 0.028008315712213516
2023-11-22 14:28:05,868 Epoch number 0, batch number 35/40:       batch loss 0.016298338770866394
2023-11-22 14:28:06,407 Epoch number 0, batch number 36/40:       batch loss 0.01681896112859249
2023-11-22 14:28:06,956 Epoch number 0, batch number 37/40:       batch loss 0.02840724214911461
2023-11-22 14:28:07,495 Epoch number 0, batch number 38/40:       batch loss 0.021085869520902634
2023-11-22 14:28:08,028 Epoch number 0, batch number 39/40:       batch loss 0.024199996143579483
2023-11-22 14:28:08,053 Epoch: 1 	Training Loss: 0.029236
2023-11-22 14:28:08,054 Time for epoch 1 : 22 sec
2023-11-22 14:28:08,054 lr for epoch 1 is 0.10000
2023-11-22 14:28:10,152 Epoch number 1, batch number 0/40:       batch loss 0.028886806219816208
2023-11-22 14:28:10,759 Epoch number 1, batch number 1/40:       batch loss 0.018369590863585472
2023-11-22 14:28:11,385 Epoch number 1, batch number 2/40:       batch loss 0.01959158107638359
2023-11-22 14:28:11,998 Epoch number 1, batch number 3/40:       batch loss 0.018741635605692863
2023-11-22 14:28:12,603 Epoch number 1, batch number 4/40:       batch loss 0.03511559218168259
2023-11-22 14:28:13,213 Epoch number 1, batch number 5/40:       batch loss 0.021798312664031982
2023-11-22 14:28:13,827 Epoch number 1, batch number 6/40:       batch loss 0.018902894109487534
2023-11-22 14:28:14,430 Epoch number 1, batch number 7/40:       batch loss 0.01471203938126564
2023-11-22 14:28:15,023 Epoch number 1, batch number 8/40:       batch loss 0.021533502265810966
2023-11-22 14:28:15,614 Epoch number 1, batch number 9/40:       batch loss 0.018130648881196976
2023-11-22 14:28:16,210 Epoch number 1, batch number 10/40:       batch loss 0.01820302940905094
2023-11-22 14:28:16,792 Epoch number 1, batch number 11/40:       batch loss 0.017858877778053284
2023-11-22 14:28:17,401 Epoch number 1, batch number 12/40:       batch loss 0.021462751552462578
2023-11-22 14:28:17,994 Epoch number 1, batch number 13/40:       batch loss 0.019718654453754425
2023-11-22 14:28:18,582 Epoch number 1, batch number 14/40:       batch loss 0.02198823355138302
2023-11-22 14:28:19,194 Epoch number 1, batch number 15/40:       batch loss 0.015096915885806084
2023-11-22 14:28:19,781 Epoch number 1, batch number 16/40:       batch loss 0.01812543347477913
2023-11-22 14:28:20,389 Epoch number 1, batch number 17/40:       batch loss 0.014128165319561958
2023-11-22 14:28:21,006 Epoch number 1, batch number 18/40:       batch loss 0.015454137697815895
2023-11-22 14:28:21,602 Epoch number 1, batch number 19/40:       batch loss 0.026097949594259262
2023-11-22 14:28:22,202 Epoch number 1, batch number 20/40:       batch loss 0.021680712699890137
2023-11-22 14:28:22,801 Epoch number 1, batch number 21/40:       batch loss 0.014864660799503326
2023-11-22 14:28:23,399 Epoch number 1, batch number 22/40:       batch loss 0.015334289520978928
2023-11-22 14:28:23,999 Epoch number 1, batch number 23/40:       batch loss 0.015644673258066177
2023-11-22 14:28:24,600 Epoch number 1, batch number 24/40:       batch loss 0.0228861216455698
2023-11-22 14:28:25,218 Epoch number 1, batch number 25/40:       batch loss 0.026585791260004044
2023-11-22 14:28:25,824 Epoch number 1, batch number 26/40:       batch loss 0.010568683966994286
2023-11-22 14:28:26,430 Epoch number 1, batch number 27/40:       batch loss 0.01940162107348442
2023-11-22 14:28:27,016 Epoch number 1, batch number 28/40:       batch loss 0.015490109100937843
2023-11-22 14:28:27,602 Epoch number 1, batch number 29/40:       batch loss 0.018346622586250305
2023-11-22 14:28:28,193 Epoch number 1, batch number 30/40:       batch loss 0.01493040844798088
2023-11-22 14:28:28,781 Epoch number 1, batch number 31/40:       batch loss 0.02489110827445984
2023-11-22 14:28:29,376 Epoch number 1, batch number 32/40:       batch loss 0.015825100243091583
2023-11-22 14:28:29,959 Epoch number 1, batch number 33/40:       batch loss 0.014620093628764153
2023-11-22 14:28:30,548 Epoch number 1, batch number 34/40:       batch loss 0.017923491075634956
2023-11-22 14:28:31,140 Epoch number 1, batch number 35/40:       batch loss 0.01523762196302414
2023-11-22 14:28:31,734 Epoch number 1, batch number 36/40:       batch loss 0.020745521411299706
2023-11-22 14:28:32,330 Epoch number 1, batch number 37/40:       batch loss 0.01399870216846466
2023-11-22 14:28:32,940 Epoch number 1, batch number 38/40:       batch loss 0.01562383584678173
2023-11-22 14:28:33,563 Epoch number 1, batch number 39/40:       batch loss 0.01849021017551422
2023-11-22 14:28:33,602 Epoch: 2 	Training Loss: 0.018925
2023-11-22 14:28:33,602 Time for epoch 2 : 24 sec
2023-11-22 14:28:33,602 lr for epoch 2 is 0.10000
2023-11-22 14:28:35,717 Epoch number 2, batch number 0/40:       batch loss 0.00957854650914669
2023-11-22 14:28:36,345 Epoch number 2, batch number 1/40:       batch loss 0.017237849533557892
2023-11-22 14:28:36,985 Epoch number 2, batch number 2/40:       batch loss 0.009325159713625908
2023-11-22 14:28:37,609 Epoch number 2, batch number 3/40:       batch loss 0.013340635225176811
2023-11-22 14:28:38,211 Epoch number 2, batch number 4/40:       batch loss 0.015294579789042473
2023-11-22 14:28:38,826 Epoch number 2, batch number 5/40:       batch loss 0.022947929799556732
2023-11-22 14:28:39,450 Epoch number 2, batch number 6/40:       batch loss 0.012860018759965897
2023-11-22 14:28:40,066 Epoch number 2, batch number 7/40:       batch loss 0.012789218686521053
2023-11-22 14:28:40,694 Epoch number 2, batch number 8/40:       batch loss 0.015272215940058231
2023-11-22 14:28:41,309 Epoch number 2, batch number 9/40:       batch loss 0.014382358640432358
2023-11-22 14:28:41,918 Epoch number 2, batch number 10/40:       batch loss 0.012412984855473042
2023-11-22 14:28:42,528 Epoch number 2, batch number 11/40:       batch loss 0.01001107506453991
2023-11-22 14:28:43,145 Epoch number 2, batch number 12/40:       batch loss 0.010996784083545208
2023-11-22 14:28:43,774 Epoch number 2, batch number 13/40:       batch loss 0.014298418536782265
2023-11-22 14:28:44,406 Epoch number 2, batch number 14/40:       batch loss 0.017739396542310715
2023-11-22 14:28:45,035 Epoch number 2, batch number 15/40:       batch loss 0.020800260826945305
2023-11-22 14:28:45,657 Epoch number 2, batch number 16/40:       batch loss 0.013262227177619934
2023-11-22 14:28:46,289 Epoch number 2, batch number 17/40:       batch loss 0.018613263964653015
2023-11-22 14:28:46,921 Epoch number 2, batch number 18/40:       batch loss 0.019237011671066284
2023-11-22 14:28:47,555 Epoch number 2, batch number 19/40:       batch loss 0.009361529722809792
2023-11-22 14:28:48,179 Epoch number 2, batch number 20/40:       batch loss 0.009981686249375343
2023-11-22 14:28:48,794 Epoch number 2, batch number 21/40:       batch loss 0.016341594979166985
2023-11-22 14:28:49,437 Epoch number 2, batch number 22/40:       batch loss 0.014332412742078304
2023-11-22 14:28:50,057 Epoch number 2, batch number 23/40:       batch loss 0.02118571847677231
2023-11-22 14:28:50,686 Epoch number 2, batch number 24/40:       batch loss 0.010700142942368984
2023-11-22 14:28:51,305 Epoch number 2, batch number 25/40:       batch loss 0.015247881412506104
2023-11-22 14:28:51,912 Epoch number 2, batch number 26/40:       batch loss 0.020985443145036697
2023-11-22 14:28:52,520 Epoch number 2, batch number 27/40:       batch loss 0.018494561314582825
2023-11-22 14:28:53,140 Epoch number 2, batch number 28/40:       batch loss 0.014651062898337841
2023-11-22 14:28:53,766 Epoch number 2, batch number 29/40:       batch loss 0.011063377372920513
2023-11-22 14:28:54,381 Epoch number 2, batch number 30/40:       batch loss 0.01696781814098358
2023-11-22 14:28:54,989 Epoch number 2, batch number 31/40:       batch loss 0.0175948329269886
2023-11-22 14:28:55,597 Epoch number 2, batch number 32/40:       batch loss 0.022212598472833633
2023-11-22 14:28:56,207 Epoch number 2, batch number 33/40:       batch loss 0.010088445618748665
2023-11-22 14:28:56,815 Epoch number 2, batch number 34/40:       batch loss 0.013387704268097878
2023-11-22 14:28:57,428 Epoch number 2, batch number 35/40:       batch loss 0.012669870629906654
2023-11-22 14:28:58,048 Epoch number 2, batch number 36/40:       batch loss 0.014416639693081379
2023-11-22 14:28:58,667 Epoch number 2, batch number 37/40:       batch loss 0.013076343573629856
2023-11-22 14:28:59,287 Epoch number 2, batch number 38/40:       batch loss 0.017465144395828247
2023-11-22 14:28:59,902 Epoch number 2, batch number 39/40:       batch loss 0.01794607751071453
2023-11-22 14:28:59,945 Epoch: 3 	Training Loss: 0.014964
2023-11-22 14:28:59,946 Time for epoch 3 : 25 sec
2023-11-22 14:28:59,946 lr for epoch 3 is 0.10000
2023-11-22 14:29:02,041 Epoch number 3, batch number 0/40:       batch loss 0.009135229513049126
2023-11-22 14:29:02,713 Epoch number 3, batch number 1/40:       batch loss 0.010805539786815643
2023-11-22 14:29:03,363 Epoch number 3, batch number 2/40:       batch loss 0.011018523946404457
2023-11-22 14:29:04,013 Epoch number 3, batch number 3/40:       batch loss 0.014784031547605991
2023-11-22 14:29:04,670 Epoch number 3, batch number 4/40:       batch loss 0.010204466991126537
2023-11-22 14:29:05,289 Epoch number 3, batch number 5/40:       batch loss 0.026765016838908195
2023-11-22 14:29:05,951 Epoch number 3, batch number 6/40:       batch loss 0.01760113798081875
2023-11-22 14:29:06,596 Epoch number 3, batch number 7/40:       batch loss 0.009358987212181091
2023-11-22 14:29:07,292 Epoch number 3, batch number 8/40:       batch loss 0.011381445452570915
2023-11-22 14:29:07,968 Epoch number 3, batch number 9/40:       batch loss 0.016393806785345078
2023-11-22 14:29:08,601 Epoch number 3, batch number 10/40:       batch loss 0.010105122812092304
2023-11-22 14:29:09,257 Epoch number 3, batch number 11/40:       batch loss 0.011049204505980015
2023-11-22 14:29:09,888 Epoch number 3, batch number 12/40:       batch loss 0.01383228413760662
2023-11-22 14:29:10,558 Epoch number 3, batch number 13/40:       batch loss 0.01674596779048443
2023-11-22 14:29:11,206 Epoch number 3, batch number 14/40:       batch loss 0.01586446352303028
2023-11-22 14:29:11,847 Epoch number 3, batch number 15/40:       batch loss 0.011300042271614075
2023-11-22 14:29:12,497 Epoch number 3, batch number 16/40:       batch loss 0.012653627432882786
2023-11-22 14:29:13,148 Epoch number 3, batch number 17/40:       batch loss 0.016788136214017868
2023-11-22 14:29:13,794 Epoch number 3, batch number 18/40:       batch loss 0.024806316941976547
2023-11-22 14:29:14,425 Epoch number 3, batch number 19/40:       batch loss 0.014172895811498165
2023-11-22 14:29:15,057 Epoch number 3, batch number 20/40:       batch loss 0.013321813195943832
2023-11-22 14:29:15,679 Epoch number 3, batch number 21/40:       batch loss 0.014885998331010342
2023-11-22 14:29:16,301 Epoch number 3, batch number 22/40:       batch loss 0.018489746376872063
2023-11-22 14:29:16,938 Epoch number 3, batch number 23/40:       batch loss 0.017782002687454224
2023-11-22 14:29:17,569 Epoch number 3, batch number 24/40:       batch loss 0.014479653909802437
2023-11-22 14:29:18,199 Epoch number 3, batch number 25/40:       batch loss 0.01621151529252529
2023-11-22 14:29:18,833 Epoch number 3, batch number 26/40:       batch loss 0.013684801757335663
2023-11-22 14:29:19,467 Epoch number 3, batch number 27/40:       batch loss 0.017093144357204437
2023-11-22 14:29:20,088 Epoch number 3, batch number 28/40:       batch loss 0.01809694431722164
2023-11-22 14:29:20,729 Epoch number 3, batch number 29/40:       batch loss 0.018709346652030945
2023-11-22 14:29:21,373 Epoch number 3, batch number 30/40:       batch loss 0.02548660896718502
2023-11-22 14:29:22,007 Epoch number 3, batch number 31/40:       batch loss 0.012919229455292225
2023-11-22 14:29:22,644 Epoch number 3, batch number 32/40:       batch loss 0.0231216661632061
2023-11-22 14:29:23,268 Epoch number 3, batch number 33/40:       batch loss 0.01456416305154562
2023-11-22 14:29:23,917 Epoch number 3, batch number 34/40:       batch loss 0.016364779323339462
2023-11-22 14:29:24,553 Epoch number 3, batch number 35/40:       batch loss 0.017831789329648018
2023-11-22 14:29:25,202 Epoch number 3, batch number 36/40:       batch loss 0.01936725340783596
2023-11-22 14:29:25,844 Epoch number 3, batch number 37/40:       batch loss 0.017952479422092438
2023-11-22 14:29:26,496 Epoch number 3, batch number 38/40:       batch loss 0.022371340543031693
2023-11-22 14:29:27,132 Epoch number 3, batch number 39/40:       batch loss 0.018540987744927406
2023-11-22 14:29:27,170 Epoch: 4 	Training Loss: 0.015901
2023-11-22 14:29:27,171 Time for epoch 4 : 26 sec
2023-11-22 14:29:27,171 lr for epoch 4 is 0.10000
2023-11-22 14:29:29,259 Epoch number 4, batch number 0/40:       batch loss 0.012726543471217155
2023-11-22 14:29:29,910 Epoch number 4, batch number 1/40:       batch loss 0.016911856830120087
2023-11-22 14:29:30,541 Epoch number 4, batch number 2/40:       batch loss 0.013459139503538609
2023-11-22 14:29:31,189 Epoch number 4, batch number 3/40:       batch loss 0.014334583654999733
2023-11-22 14:29:31,830 Epoch number 4, batch number 4/40:       batch loss 0.012882045470178127
2023-11-22 14:29:32,477 Epoch number 4, batch number 5/40:       batch loss 0.01371699757874012
2023-11-22 14:29:33,127 Epoch number 4, batch number 6/40:       batch loss 0.015247141942381859
2023-11-22 14:29:33,787 Epoch number 4, batch number 7/40:       batch loss 0.011791994795203209
2023-11-22 14:29:34,453 Epoch number 4, batch number 8/40:       batch loss 0.012230465188622475
2023-11-22 14:29:35,095 Epoch number 4, batch number 9/40:       batch loss 0.013787975534796715
2023-11-22 14:29:35,731 Epoch number 4, batch number 10/40:       batch loss 0.012862295843660831
2023-11-22 14:29:36,373 Epoch number 4, batch number 11/40:       batch loss 0.015009194612503052
2023-11-22 14:29:37,038 Epoch number 4, batch number 12/40:       batch loss 0.01506288256496191
2023-11-22 14:29:37,714 Epoch number 4, batch number 13/40:       batch loss 0.016449319198727608
2023-11-22 14:29:38,346 Epoch number 4, batch number 14/40:       batch loss 0.01349664106965065
2023-11-22 14:29:38,994 Epoch number 4, batch number 15/40:       batch loss 0.012335792183876038
2023-11-22 14:29:39,612 Epoch number 4, batch number 16/40:       batch loss 0.016467828303575516
2023-11-22 14:29:40,236 Epoch number 4, batch number 17/40:       batch loss 0.0158242154866457
2023-11-22 14:29:40,901 Epoch number 4, batch number 18/40:       batch loss 0.014260505326092243
2023-11-22 14:29:41,545 Epoch number 4, batch number 19/40:       batch loss 0.017951570451259613
2023-11-22 14:29:42,198 Epoch number 4, batch number 20/40:       batch loss 0.01895240694284439
2023-11-22 14:29:42,830 Epoch number 4, batch number 21/40:       batch loss 0.015024597756564617
2023-11-22 14:29:43,463 Epoch number 4, batch number 22/40:       batch loss 0.017217300832271576
2023-11-22 14:29:44,104 Epoch number 4, batch number 23/40:       batch loss 0.018901556730270386
2023-11-22 14:29:44,745 Epoch number 4, batch number 24/40:       batch loss 0.013512416742742062
2023-11-22 14:29:45,387 Epoch number 4, batch number 25/40:       batch loss 0.01646629348397255
2023-11-22 14:29:46,028 Epoch number 4, batch number 26/40:       batch loss 0.017379239201545715
2023-11-22 14:29:46,684 Epoch number 4, batch number 27/40:       batch loss 0.014192010276019573
2023-11-22 14:29:47,352 Epoch number 4, batch number 28/40:       batch loss 0.020365409553050995
2023-11-22 14:29:48,001 Epoch number 4, batch number 29/40:       batch loss 0.015765974298119545
2023-11-22 14:29:48,662 Epoch number 4, batch number 30/40:       batch loss 0.016096511855721474
2023-11-22 14:29:49,320 Epoch number 4, batch number 31/40:       batch loss 0.029798630625009537
2023-11-22 14:29:49,996 Epoch number 4, batch number 32/40:       batch loss 0.018108226358890533
2023-11-22 14:29:50,666 Epoch number 4, batch number 33/40:       batch loss 0.017226560041308403
2023-11-22 14:29:51,309 Epoch number 4, batch number 34/40:       batch loss 0.014594364911317825
2023-11-22 14:29:51,939 Epoch number 4, batch number 35/40:       batch loss 0.01716563105583191
2023-11-22 14:29:52,585 Epoch number 4, batch number 36/40:       batch loss 0.01291787251830101
2023-11-22 14:29:53,232 Epoch number 4, batch number 37/40:       batch loss 0.014905666001141071
2023-11-22 14:29:53,876 Epoch number 4, batch number 38/40:       batch loss 0.01921754702925682
2023-11-22 14:29:54,519 Epoch number 4, batch number 39/40:       batch loss 0.01875714212656021
2023-11-22 14:29:54,560 Epoch: 5 	Training Loss: 0.015834
2023-11-22 14:29:54,560 Time for epoch 5 : 26 sec
2023-11-22 14:29:54,560 lr for epoch 5 is 0.10000
2023-11-22 14:29:56,614 Epoch number 5, batch number 0/40:       batch loss 0.013832886703312397
2023-11-22 14:29:57,272 Epoch number 5, batch number 1/40:       batch loss 0.012734228745102882
2023-11-22 14:29:57,914 Epoch number 5, batch number 2/40:       batch loss 0.017124585807323456
2023-11-22 14:29:58,552 Epoch number 5, batch number 3/40:       batch loss 0.018969528377056122
2023-11-22 14:29:59,179 Epoch number 5, batch number 4/40:       batch loss 0.015295760706067085
2023-11-22 14:29:59,817 Epoch number 5, batch number 5/40:       batch loss 0.009962045587599277
2023-11-22 14:30:00,439 Epoch number 5, batch number 6/40:       batch loss 0.015856755897402763
2023-11-22 14:30:01,093 Epoch number 5, batch number 7/40:       batch loss 0.007715051993727684
2023-11-22 14:30:01,746 Epoch number 5, batch number 8/40:       batch loss 0.012583577074110508
2023-11-22 14:30:02,388 Epoch number 5, batch number 9/40:       batch loss 0.012782130390405655
2023-11-22 14:30:03,061 Epoch number 5, batch number 10/40:       batch loss 0.01744198612868786
2023-11-22 14:30:03,704 Epoch number 5, batch number 11/40:       batch loss 0.00982765480875969
2023-11-22 14:30:04,340 Epoch number 5, batch number 12/40:       batch loss 0.014613660052418709
2023-11-22 14:30:04,971 Epoch number 5, batch number 13/40:       batch loss 0.016723614186048508
2023-11-22 14:30:05,607 Epoch number 5, batch number 14/40:       batch loss 0.01658390834927559
2023-11-22 14:30:06,254 Epoch number 5, batch number 15/40:       batch loss 0.0129407262429595
2023-11-22 14:30:06,908 Epoch number 5, batch number 16/40:       batch loss 0.0125956442207098
2023-11-22 14:30:07,556 Epoch number 5, batch number 17/40:       batch loss 0.016841519623994827
2023-11-22 14:30:08,237 Epoch number 5, batch number 18/40:       batch loss 0.01291111670434475
2023-11-22 14:30:08,864 Epoch number 5, batch number 19/40:       batch loss 0.019025828689336777
2023-11-22 14:30:09,490 Epoch number 5, batch number 20/40:       batch loss 0.014433540403842926
2023-11-22 14:30:10,131 Epoch number 5, batch number 21/40:       batch loss 0.014112407341599464
2023-11-22 14:30:10,773 Epoch number 5, batch number 22/40:       batch loss 0.014823654666543007
2023-11-22 14:30:11,418 Epoch number 5, batch number 23/40:       batch loss 0.015430264174938202
2023-11-22 14:30:12,069 Epoch number 5, batch number 24/40:       batch loss 0.014115573838353157
2023-11-22 14:30:12,698 Epoch number 5, batch number 25/40:       batch loss 0.024336375296115875
2023-11-22 14:30:13,352 Epoch number 5, batch number 26/40:       batch loss 0.012235680595040321
2023-11-22 14:30:14,009 Epoch number 5, batch number 27/40:       batch loss 0.026807868853211403
2023-11-22 14:30:14,658 Epoch number 5, batch number 28/40:       batch loss 0.013520995154976845
2023-11-22 14:30:15,305 Epoch number 5, batch number 29/40:       batch loss 0.015941575169563293
2023-11-22 14:30:15,961 Epoch number 5, batch number 30/40:       batch loss 0.013514199294149876
2023-11-22 14:30:16,601 Epoch number 5, batch number 31/40:       batch loss 0.013098803348839283
2023-11-22 14:30:17,253 Epoch number 5, batch number 32/40:       batch loss 0.010770645923912525
2023-11-22 14:30:17,901 Epoch number 5, batch number 33/40:       batch loss 0.01793152280151844
2023-11-22 14:30:18,563 Epoch number 5, batch number 34/40:       batch loss 0.012991029769182205
2023-11-22 14:30:19,223 Epoch number 5, batch number 35/40:       batch loss 0.022677956148982048
2023-11-22 14:30:19,852 Epoch number 5, batch number 36/40:       batch loss 0.009343881160020828
2023-11-22 14:30:20,507 Epoch number 5, batch number 37/40:       batch loss 0.018697932362556458
2023-11-22 14:30:21,174 Epoch number 5, batch number 38/40:       batch loss 0.013056832365691662
2023-11-22 14:30:21,802 Epoch number 5, batch number 39/40:       batch loss 0.014912061393260956
2023-11-22 14:30:21,840 Epoch: 6 	Training Loss: 0.014978
2023-11-22 14:30:21,840 Time for epoch 6 : 26 sec
2023-11-22 14:30:21,840 lr for epoch 6 is 0.01000
2023-11-22 14:30:23,841 Epoch number 6, batch number 0/40:       batch loss 0.020357904955744743
2023-11-22 14:30:24,482 Epoch number 6, batch number 1/40:       batch loss 0.013842676766216755
2023-11-22 14:30:25,126 Epoch number 6, batch number 2/40:       batch loss 0.014762339182198048
2023-11-22 14:30:25,762 Epoch number 6, batch number 3/40:       batch loss 0.012672355398535728
2023-11-22 14:30:26,393 Epoch number 6, batch number 4/40:       batch loss 0.012485726736485958
2023-11-22 14:30:27,031 Epoch number 6, batch number 5/40:       batch loss 0.016265876591205597
2023-11-22 14:30:27,678 Epoch number 6, batch number 6/40:       batch loss 0.013961776159703732
2023-11-22 14:30:28,368 Epoch number 6, batch number 7/40:       batch loss 0.01764405518770218
2023-11-22 14:30:29,025 Epoch number 6, batch number 8/40:       batch loss 0.01180229987949133
2023-11-22 14:30:29,679 Epoch number 6, batch number 9/40:       batch loss 0.010061362758278847
2023-11-22 14:30:30,314 Epoch number 6, batch number 10/40:       batch loss 0.018233057111501694
2023-11-22 14:30:30,947 Epoch number 6, batch number 11/40:       batch loss 0.022465333342552185
2023-11-22 14:30:31,581 Epoch number 6, batch number 12/40:       batch loss 0.009485915303230286
2023-11-22 14:30:32,223 Epoch number 6, batch number 13/40:       batch loss 0.013595874421298504
2023-11-22 14:30:32,876 Epoch number 6, batch number 14/40:       batch loss 0.010936470702290535
2023-11-22 14:30:33,513 Epoch number 6, batch number 15/40:       batch loss 0.010998950339853764
2023-11-22 14:30:34,158 Epoch number 6, batch number 16/40:       batch loss 0.01977040246129036
2023-11-22 14:30:34,794 Epoch number 6, batch number 17/40:       batch loss 0.011864212341606617
2023-11-22 14:30:35,428 Epoch number 6, batch number 18/40:       batch loss 0.01769072376191616
2023-11-22 14:30:36,066 Epoch number 6, batch number 19/40:       batch loss 0.014215969480574131
2023-11-22 14:30:36,707 Epoch number 6, batch number 20/40:       batch loss 0.013219110667705536
2023-11-22 14:30:37,354 Epoch number 6, batch number 21/40:       batch loss 0.013288884423673153
2023-11-22 14:30:37,988 Epoch number 6, batch number 22/40:       batch loss 0.011426189914345741
2023-11-22 14:30:38,645 Epoch number 6, batch number 23/40:       batch loss 0.01415157224982977
2023-11-22 14:30:39,296 Epoch number 6, batch number 24/40:       batch loss 0.0159631185233593
2023-11-22 14:30:39,939 Epoch number 6, batch number 25/40:       batch loss 0.010073401033878326
2023-11-22 14:30:40,581 Epoch number 6, batch number 26/40:       batch loss 0.0185873880982399
2023-11-22 14:30:41,241 Epoch number 6, batch number 27/40:       batch loss 0.011225776746869087
2023-11-22 14:30:41,867 Epoch number 6, batch number 28/40:       batch loss 0.015231847763061523
2023-11-22 14:30:42,494 Epoch number 6, batch number 29/40:       batch loss 0.05056064575910568
2023-11-22 14:30:43,126 Epoch number 6, batch number 30/40:       batch loss 0.00819414108991623
2023-11-22 14:30:43,755 Epoch number 6, batch number 31/40:       batch loss 0.034841518849134445
2023-11-22 14:30:44,389 Epoch number 6, batch number 32/40:       batch loss 0.012943361885845661
2023-11-22 14:30:45,038 Epoch number 6, batch number 33/40:       batch loss 0.02373376488685608
2023-11-22 14:30:45,681 Epoch number 6, batch number 34/40:       batch loss 0.011362427845597267
2023-11-22 14:30:46,310 Epoch number 6, batch number 35/40:       batch loss 0.014190497808158398
2023-11-22 14:30:46,948 Epoch number 6, batch number 36/40:       batch loss 0.011099043302237988
2023-11-22 14:30:47,585 Epoch number 6, batch number 37/40:       batch loss 0.014364444650709629
2023-11-22 14:30:48,220 Epoch number 6, batch number 38/40:       batch loss 0.015783047303557396
2023-11-22 14:30:48,868 Epoch number 6, batch number 39/40:       batch loss 0.00841815397143364
2023-11-22 14:30:48,907 Epoch: 7 	Training Loss: 0.015544
2023-11-22 14:30:48,907 Time for epoch 7 : 26 sec
2023-11-22 14:30:48,907 lr for epoch 7 is 0.01000
2023-11-22 14:30:50,992 Epoch number 7, batch number 0/40:       batch loss 0.016253184527158737
2023-11-22 14:30:51,647 Epoch number 7, batch number 1/40:       batch loss 0.011375967413187027
2023-11-22 14:30:52,308 Epoch number 7, batch number 2/40:       batch loss 0.010981788858771324
2023-11-22 14:30:52,958 Epoch number 7, batch number 3/40:       batch loss 0.01955937221646309
2023-11-22 14:30:53,595 Epoch number 7, batch number 4/40:       batch loss 0.010646416805684566
2023-11-22 14:30:54,230 Epoch number 7, batch number 5/40:       batch loss 0.010114538483321667
2023-11-22 14:30:54,892 Epoch number 7, batch number 6/40:       batch loss 0.014905821532011032
2023-11-22 14:30:55,532 Epoch number 7, batch number 7/40:       batch loss 0.017426010221242905
2023-11-22 14:30:56,162 Epoch number 7, batch number 8/40:       batch loss 0.02284388616681099
2023-11-22 14:30:56,804 Epoch number 7, batch number 9/40:       batch loss 0.011530190706253052
2023-11-22 14:30:57,455 Epoch number 7, batch number 10/40:       batch loss 0.015071561560034752
2023-11-22 14:30:58,085 Epoch number 7, batch number 11/40:       batch loss 0.011401709169149399
2023-11-22 14:30:58,724 Epoch number 7, batch number 12/40:       batch loss 0.00863436609506607
2023-11-22 14:30:59,371 Epoch number 7, batch number 13/40:       batch loss 0.014484774321317673
2023-11-22 14:30:59,990 Epoch number 7, batch number 14/40:       batch loss 0.015971096232533455
2023-11-22 14:31:00,641 Epoch number 7, batch number 15/40:       batch loss 0.011575930751860142
2023-11-22 14:31:01,281 Epoch number 7, batch number 16/40:       batch loss 0.015786927193403244
2023-11-22 14:31:01,923 Epoch number 7, batch number 17/40:       batch loss 0.015700750052928925
2023-11-22 14:31:02,571 Epoch number 7, batch number 18/40:       batch loss 0.011291379109025002
2023-11-22 14:31:03,217 Epoch number 7, batch number 19/40:       batch loss 0.012043794617056847
2023-11-22 14:31:03,858 Epoch number 7, batch number 20/40:       batch loss 0.01461111567914486
2023-11-22 14:31:04,500 Epoch number 7, batch number 21/40:       batch loss 0.016154058277606964
2023-11-22 14:31:05,145 Epoch number 7, batch number 22/40:       batch loss 0.011908430606126785
2023-11-22 14:31:05,789 Epoch number 7, batch number 23/40:       batch loss 0.014427410438656807
2023-11-22 14:31:06,440 Epoch number 7, batch number 24/40:       batch loss 0.011461775749921799
2023-11-22 14:31:07,095 Epoch number 7, batch number 25/40:       batch loss 0.01695890724658966
2023-11-22 14:31:07,765 Epoch number 7, batch number 26/40:       batch loss 0.014396806247532368
2023-11-22 14:31:08,415 Epoch number 7, batch number 27/40:       batch loss 0.016268042847514153
2023-11-22 14:31:09,053 Epoch number 7, batch number 28/40:       batch loss 0.013804799877107143
2023-11-22 14:31:09,668 Epoch number 7, batch number 29/40:       batch loss 0.011798122897744179
2023-11-22 14:31:10,297 Epoch number 7, batch number 30/40:       batch loss 0.011987987905740738
2023-11-22 14:31:10,946 Epoch number 7, batch number 31/40:       batch loss 0.010025255382061005
2023-11-22 14:31:11,597 Epoch number 7, batch number 32/40:       batch loss 0.014284591190516949
2023-11-22 14:31:12,238 Epoch number 7, batch number 33/40:       batch loss 0.00954868271946907
2023-11-22 14:31:12,877 Epoch number 7, batch number 34/40:       batch loss 0.014460909180343151
2023-11-22 14:31:13,519 Epoch number 7, batch number 35/40:       batch loss 0.010744052939116955
2023-11-22 14:31:14,162 Epoch number 7, batch number 36/40:       batch loss 0.01127532310783863
2023-11-22 14:31:14,794 Epoch number 7, batch number 37/40:       batch loss 0.01372712105512619
2023-11-22 14:31:15,446 Epoch number 7, batch number 38/40:       batch loss 0.017813391983509064
2023-11-22 14:31:16,082 Epoch number 7, batch number 39/40:       batch loss 0.021590160205960274
2023-11-22 14:31:16,118 Epoch: 8 	Training Loss: 0.013871
2023-11-22 14:31:16,118 Time for epoch 8 : 26 sec
2023-11-22 14:31:16,119 lr for epoch 8 is 0.01000
2023-11-22 14:31:18,191 Epoch number 8, batch number 0/40:       batch loss 0.010345319285988808
2023-11-22 14:31:18,831 Epoch number 8, batch number 1/40:       batch loss 0.016115102916955948
2023-11-22 14:31:19,483 Epoch number 8, batch number 2/40:       batch loss 0.013353195041418076
2023-11-22 14:31:20,120 Epoch number 8, batch number 3/40:       batch loss 0.012409428134560585
2023-11-22 14:31:20,786 Epoch number 8, batch number 4/40:       batch loss 0.011787914671003819
2023-11-22 14:31:21,420 Epoch number 8, batch number 5/40:       batch loss 0.009130818769335747
2023-11-22 14:31:22,038 Epoch number 8, batch number 6/40:       batch loss 0.013840978033840656
2023-11-22 14:31:22,657 Epoch number 8, batch number 7/40:       batch loss 0.022267648950219154
2023-11-22 14:31:23,274 Epoch number 8, batch number 8/40:       batch loss 0.01489033829420805
2023-11-22 14:31:23,929 Epoch number 8, batch number 9/40:       batch loss 0.012695271521806717
2023-11-22 14:31:24,575 Epoch number 8, batch number 10/40:       batch loss 0.035012196749448776
2023-11-22 14:31:25,219 Epoch number 8, batch number 11/40:       batch loss 0.01400847639888525
2023-11-22 14:31:25,860 Epoch number 8, batch number 12/40:       batch loss 0.019201746210455894
2023-11-22 14:31:26,520 Epoch number 8, batch number 13/40:       batch loss 0.011115672066807747
2023-11-22 14:31:27,160 Epoch number 8, batch number 14/40:       batch loss 0.02600695937871933
2023-11-22 14:31:27,801 Epoch number 8, batch number 15/40:       batch loss 0.01581357605755329
2023-11-22 14:31:28,434 Epoch number 8, batch number 16/40:       batch loss 0.012454802170395851
2023-11-22 14:31:29,083 Epoch number 8, batch number 17/40:       batch loss 0.011447754688560963
2023-11-22 14:31:29,732 Epoch number 8, batch number 18/40:       batch loss 0.012546934187412262
2023-11-22 14:31:30,376 Epoch number 8, batch number 19/40:       batch loss 0.015157219022512436
2023-11-22 14:31:31,025 Epoch number 8, batch number 20/40:       batch loss 0.010182740166783333
2023-11-22 14:31:31,659 Epoch number 8, batch number 21/40:       batch loss 0.013203964568674564
2023-11-22 14:31:32,298 Epoch number 8, batch number 22/40:       batch loss 0.014045682735741138
2023-11-22 14:31:32,949 Epoch number 8, batch number 23/40:       batch loss 0.013028431683778763
2023-11-22 14:31:33,581 Epoch number 8, batch number 24/40:       batch loss 0.010097709484398365
2023-11-22 14:31:34,229 Epoch number 8, batch number 25/40:       batch loss 0.010661553591489792
2023-11-22 14:31:34,859 Epoch number 8, batch number 26/40:       batch loss 0.011176014319062233
2023-11-22 14:31:35,497 Epoch number 8, batch number 27/40:       batch loss 0.013285578228533268
2023-11-22 14:31:36,139 Epoch number 8, batch number 28/40:       batch loss 0.00911572016775608
2023-11-22 14:31:36,795 Epoch number 8, batch number 29/40:       batch loss 0.010589802637696266
2023-11-22 14:31:37,465 Epoch number 8, batch number 30/40:       batch loss 0.012454172596335411
2023-11-22 14:31:38,125 Epoch number 8, batch number 31/40:       batch loss 0.014804570935666561
2023-11-22 14:31:38,772 Epoch number 8, batch number 32/40:       batch loss 0.012546030804514885
2023-11-22 14:31:39,416 Epoch number 8, batch number 33/40:       batch loss 0.01267128437757492
2023-11-22 14:31:40,083 Epoch number 8, batch number 34/40:       batch loss 0.017161991447210312
2023-11-22 14:31:40,713 Epoch number 8, batch number 35/40:       batch loss 0.012981371954083443
2023-11-22 14:31:41,363 Epoch number 8, batch number 36/40:       batch loss 0.02365068346261978
2023-11-22 14:31:42,027 Epoch number 8, batch number 37/40:       batch loss 0.015002130530774593
2023-11-22 14:31:42,670 Epoch number 8, batch number 38/40:       batch loss 0.008987175300717354
2023-11-22 14:31:43,325 Epoch number 8, batch number 39/40:       batch loss 0.012828604318201542
2023-11-22 14:31:43,365 Epoch: 9 	Training Loss: 0.014202
2023-11-22 14:31:43,365 Time for epoch 9 : 26 sec
2023-11-22 14:31:43,365 lr for epoch 9 is 0.01000
2023-11-22 14:31:45,382 Epoch number 9, batch number 0/40:       batch loss 0.014872332103550434
2023-11-22 14:31:46,024 Epoch number 9, batch number 1/40:       batch loss 0.02345466800034046
2023-11-22 14:31:46,677 Epoch number 9, batch number 2/40:       batch loss 0.01658003032207489
2023-11-22 14:31:47,341 Epoch number 9, batch number 3/40:       batch loss 0.013707597739994526
2023-11-22 14:31:47,988 Epoch number 9, batch number 4/40:       batch loss 0.0132971853017807
2023-11-22 14:31:48,637 Epoch number 9, batch number 5/40:       batch loss 0.02416592836380005
2023-11-22 14:31:49,334 Epoch number 9, batch number 6/40:       batch loss 0.012488802894949913
2023-11-22 14:31:50,024 Epoch number 9, batch number 7/40:       batch loss 0.010294942185282707
2023-11-22 14:31:50,697 Epoch number 9, batch number 8/40:       batch loss 0.013570686802268028
2023-11-22 14:31:51,336 Epoch number 9, batch number 9/40:       batch loss 0.013105472549796104
2023-11-22 14:31:51,972 Epoch number 9, batch number 10/40:       batch loss 0.01650019735097885
2023-11-22 14:31:52,598 Epoch number 9, batch number 11/40:       batch loss 0.016552254557609558
2023-11-22 14:31:53,234 Epoch number 9, batch number 12/40:       batch loss 0.011930322274565697
2023-11-22 14:31:53,858 Epoch number 9, batch number 13/40:       batch loss 0.011952754110097885
2023-11-22 14:31:54,488 Epoch number 9, batch number 14/40:       batch loss 0.011839666403830051
2023-11-22 14:31:55,121 Epoch number 9, batch number 15/40:       batch loss 0.009853885509073734
2023-11-22 14:31:55,758 Epoch number 9, batch number 16/40:       batch loss 0.008452915586531162
2023-11-22 14:31:56,391 Epoch number 9, batch number 17/40:       batch loss 0.011748534627258778
2023-11-22 14:31:57,042 Epoch number 9, batch number 18/40:       batch loss 0.010638611391186714
2023-11-22 14:31:57,686 Epoch number 9, batch number 19/40:       batch loss 0.010616647079586983
2023-11-22 14:31:58,343 Epoch number 9, batch number 20/40:       batch loss 0.00856044702231884
2023-11-22 14:31:58,981 Epoch number 9, batch number 21/40:       batch loss 0.0137800807133317
2023-11-22 14:31:59,626 Epoch number 9, batch number 22/40:       batch loss 0.014674345962703228
2023-11-22 14:32:00,267 Epoch number 9, batch number 23/40:       batch loss 0.00559687614440918
2023-11-22 14:32:00,925 Epoch number 9, batch number 24/40:       batch loss 0.009160219691693783
2023-11-22 14:32:01,574 Epoch number 9, batch number 25/40:       batch loss 0.012593739666044712
2023-11-22 14:32:02,227 Epoch number 9, batch number 26/40:       batch loss 0.013419918715953827
2023-11-22 14:32:02,881 Epoch number 9, batch number 27/40:       batch loss 0.013229571282863617
2023-11-22 14:32:03,529 Epoch number 9, batch number 28/40:       batch loss 0.020365983247756958
2023-11-22 14:32:04,164 Epoch number 9, batch number 29/40:       batch loss 0.009192852303385735
2023-11-22 14:32:04,810 Epoch number 9, batch number 30/40:       batch loss 0.016053395345807076
2023-11-22 14:32:05,455 Epoch number 9, batch number 31/40:       batch loss 0.011688772588968277
2023-11-22 14:32:06,100 Epoch number 9, batch number 32/40:       batch loss 0.011423932388424873
2023-11-22 14:32:06,756 Epoch number 9, batch number 33/40:       batch loss 0.017305269837379456
2023-11-22 14:32:07,422 Epoch number 9, batch number 34/40:       batch loss 0.012048390693962574
2023-11-22 14:32:08,068 Epoch number 9, batch number 35/40:       batch loss 0.014787578023970127
2023-11-22 14:32:08,722 Epoch number 9, batch number 36/40:       batch loss 0.01535299327224493
2023-11-22 14:32:09,400 Epoch number 9, batch number 37/40:       batch loss 0.011627903208136559
2023-11-22 14:32:10,052 Epoch number 9, batch number 38/40:       batch loss 0.013586828485131264
2023-11-22 14:32:10,722 Epoch number 9, batch number 39/40:       batch loss 0.011023285798728466
2023-11-22 14:32:10,761 Epoch: 10 	Training Loss: 0.013277
2023-11-22 14:32:10,762 Time for epoch 10 : 26 sec
2023-11-22 14:32:10,762 lr for epoch 10 is 0.01000
2023-11-22 14:32:12,908 Epoch number 10, batch number 0/40:       batch loss 0.016871284693479538
2023-11-22 14:32:13,573 Epoch number 10, batch number 1/40:       batch loss 0.015947166830301285
2023-11-22 14:32:14,232 Epoch number 10, batch number 2/40:       batch loss 0.010619617998600006
2023-11-22 14:32:14,880 Epoch number 10, batch number 3/40:       batch loss 0.011168659664690495
2023-11-22 14:32:15,520 Epoch number 10, batch number 4/40:       batch loss 0.010431178845465183
2023-11-22 14:32:16,167 Epoch number 10, batch number 5/40:       batch loss 0.016178615391254425
2023-11-22 14:32:16,819 Epoch number 10, batch number 6/40:       batch loss 0.009642370976507664
2023-11-22 14:32:17,486 Epoch number 10, batch number 7/40:       batch loss 0.011906709522008896
2023-11-22 14:32:18,111 Epoch number 10, batch number 8/40:       batch loss 0.008500109426677227
2023-11-22 14:32:18,753 Epoch number 10, batch number 9/40:       batch loss 0.014429031871259212
2023-11-22 14:32:19,398 Epoch number 10, batch number 10/40:       batch loss 0.014997228980064392
2023-11-22 14:32:20,049 Epoch number 10, batch number 11/40:       batch loss 0.012523697689175606
2023-11-22 14:32:20,709 Epoch number 10, batch number 12/40:       batch loss 0.014177881181240082
2023-11-22 14:32:21,369 Epoch number 10, batch number 13/40:       batch loss 0.007239193189889193
2023-11-22 14:32:22,029 Epoch number 10, batch number 14/40:       batch loss 0.010713424533605576
2023-11-22 14:32:22,689 Epoch number 10, batch number 15/40:       batch loss 0.016778739169239998
2023-11-22 14:32:23,347 Epoch number 10, batch number 16/40:       batch loss 0.011701473034918308
2023-11-22 14:32:23,979 Epoch number 10, batch number 17/40:       batch loss 0.012050580233335495
2023-11-22 14:32:24,616 Epoch number 10, batch number 18/40:       batch loss 0.012854856438934803
2023-11-22 14:32:25,244 Epoch number 10, batch number 19/40:       batch loss 0.010716861113905907
2023-11-22 14:32:25,879 Epoch number 10, batch number 20/40:       batch loss 0.0133693628013134
2023-11-22 14:32:26,501 Epoch number 10, batch number 21/40:       batch loss 0.01099103782325983
2023-11-22 14:32:27,150 Epoch number 10, batch number 22/40:       batch loss 0.010166933760046959
2023-11-22 14:32:27,802 Epoch number 10, batch number 23/40:       batch loss 0.010392604395747185
2023-11-22 14:32:28,442 Epoch number 10, batch number 24/40:       batch loss 0.022551540285348892
2023-11-22 14:32:29,099 Epoch number 10, batch number 25/40:       batch loss 0.010034719482064247
2023-11-22 14:32:29,729 Epoch number 10, batch number 26/40:       batch loss 0.022049322724342346
2023-11-22 14:32:30,372 Epoch number 10, batch number 27/40:       batch loss 0.01520343404263258
2023-11-22 14:32:30,998 Epoch number 10, batch number 28/40:       batch loss 0.007794386241585016
2023-11-22 14:32:31,635 Epoch number 10, batch number 29/40:       batch loss 0.00835359375923872
2023-11-22 14:32:32,274 Epoch number 10, batch number 30/40:       batch loss 0.013438496738672256
2023-11-22 14:32:32,914 Epoch number 10, batch number 31/40:       batch loss 0.017021801322698593
2023-11-22 14:32:33,562 Epoch number 10, batch number 32/40:       batch loss 0.006538177374750376
2023-11-22 14:32:34,212 Epoch number 10, batch number 33/40:       batch loss 0.023182591423392296
2023-11-22 14:32:34,853 Epoch number 10, batch number 34/40:       batch loss 0.00906206015497446
2023-11-22 14:32:35,494 Epoch number 10, batch number 35/40:       batch loss 0.011175836436450481
2023-11-22 14:32:36,120 Epoch number 10, batch number 36/40:       batch loss 0.01489776000380516
2023-11-22 14:32:36,762 Epoch number 10, batch number 37/40:       batch loss 0.021132757887244225
2023-11-22 14:32:37,417 Epoch number 10, batch number 38/40:       batch loss 0.011992638930678368
2023-11-22 14:32:38,057 Epoch number 10, batch number 39/40:       batch loss 0.016403278335928917
2023-11-22 14:32:38,096 Epoch: 11 	Training Loss: 0.013130
2023-11-22 14:32:38,096 Time for epoch 11 : 26 sec
2023-11-22 14:32:38,096 lr for epoch 11 is 0.00100
2023-11-22 14:32:40,114 Epoch number 11, batch number 0/40:       batch loss 0.013759774155914783
2023-11-22 14:32:40,767 Epoch number 11, batch number 1/40:       batch loss 0.012014376930892467
2023-11-22 14:32:41,429 Epoch number 11, batch number 2/40:       batch loss 0.014038214460015297
2023-11-22 14:32:42,082 Epoch number 11, batch number 3/40:       batch loss 0.026438459753990173
2023-11-22 14:32:42,740 Epoch number 11, batch number 4/40:       batch loss 0.010299275629222393
2023-11-22 14:32:43,379 Epoch number 11, batch number 5/40:       batch loss 0.012112993746995926
2023-11-22 14:32:44,024 Epoch number 11, batch number 6/40:       batch loss 0.01528151985257864
2023-11-22 14:32:44,655 Epoch number 11, batch number 7/40:       batch loss 0.011481589637696743
2023-11-22 14:32:45,292 Epoch number 11, batch number 8/40:       batch loss 0.01000201515853405
2023-11-22 14:32:45,922 Epoch number 11, batch number 9/40:       batch loss 0.01399573590606451
2023-11-22 14:32:46,569 Epoch number 11, batch number 10/40:       batch loss 0.010262668132781982
2023-11-22 14:32:47,213 Epoch number 11, batch number 11/40:       batch loss 0.009068412706255913
2023-11-22 14:32:47,858 Epoch number 11, batch number 12/40:       batch loss 0.008815357461571693
2023-11-22 14:32:48,509 Epoch number 11, batch number 13/40:       batch loss 0.015124669298529625
2023-11-22 14:32:49,144 Epoch number 11, batch number 14/40:       batch loss 0.010902713052928448
2023-11-22 14:32:49,790 Epoch number 11, batch number 15/40:       batch loss 0.016217049211263657
2023-11-22 14:32:50,423 Epoch number 11, batch number 16/40:       batch loss 0.014806265011429787
2023-11-22 14:32:51,077 Epoch number 11, batch number 17/40:       batch loss 0.01704050786793232
2023-11-22 14:32:51,714 Epoch number 11, batch number 18/40:       batch loss 0.01105588674545288
2023-11-22 14:32:52,348 Epoch number 11, batch number 19/40:       batch loss 0.017452958971261978
2023-11-22 14:32:52,975 Epoch number 11, batch number 20/40:       batch loss 0.016119085252285004
2023-11-22 14:32:53,606 Epoch number 11, batch number 21/40:       batch loss 0.02043059654533863
2023-11-22 14:32:54,233 Epoch number 11, batch number 22/40:       batch loss 0.010651763528585434
2023-11-22 14:32:54,856 Epoch number 11, batch number 23/40:       batch loss 0.013380955904722214
2023-11-22 14:32:55,489 Epoch number 11, batch number 24/40:       batch loss 0.015168346464633942
2023-11-22 14:32:56,116 Epoch number 11, batch number 25/40:       batch loss 0.0156991109251976
2023-11-22 14:32:56,744 Epoch number 11, batch number 26/40:       batch loss 0.008472643792629242
2023-11-22 14:32:57,400 Epoch number 11, batch number 27/40:       batch loss 0.014274819754064083
2023-11-22 14:32:58,044 Epoch number 11, batch number 28/40:       batch loss 0.012354169972240925
2023-11-22 14:32:58,671 Epoch number 11, batch number 29/40:       batch loss 0.010690403170883656
2023-11-22 14:32:59,321 Epoch number 11, batch number 30/40:       batch loss 0.018210992217063904
2023-11-22 14:32:59,953 Epoch number 11, batch number 31/40:       batch loss 0.008443395607173443
2023-11-22 14:33:00,600 Epoch number 11, batch number 32/40:       batch loss 0.011038435623049736
2023-11-22 14:33:01,247 Epoch number 11, batch number 33/40:       batch loss 0.011806064285337925
2023-11-22 14:33:01,883 Epoch number 11, batch number 34/40:       batch loss 0.015037422999739647
2023-11-22 14:33:02,553 Epoch number 11, batch number 35/40:       batch loss 0.012753254733979702
2023-11-22 14:33:03,192 Epoch number 11, batch number 36/40:       batch loss 0.00833368580788374
2023-11-22 14:33:03,821 Epoch number 11, batch number 37/40:       batch loss 0.01666046492755413
2023-11-22 14:33:04,473 Epoch number 11, batch number 38/40:       batch loss 0.007851870730519295
2023-11-22 14:33:05,109 Epoch number 11, batch number 39/40:       batch loss 0.014767374843358994
2023-11-22 14:33:05,149 Epoch: 12 	Training Loss: 0.013308
2023-11-22 14:33:05,149 Time for epoch 12 : 26 sec
2023-11-22 14:33:05,149 lr for epoch 12 is 0.00100
2023-11-22 14:33:07,183 Epoch number 12, batch number 0/40:       batch loss 0.013931595720350742
2023-11-22 14:33:07,826 Epoch number 12, batch number 1/40:       batch loss 0.010883473791182041
2023-11-22 14:33:08,470 Epoch number 12, batch number 2/40:       batch loss 0.010451518930494785
2023-11-22 14:33:09,106 Epoch number 12, batch number 3/40:       batch loss 0.014913596212863922
2023-11-22 14:33:09,733 Epoch number 12, batch number 4/40:       batch loss 0.015127991326153278
2023-11-22 14:33:10,364 Epoch number 12, batch number 5/40:       batch loss 0.014829951338469982
2023-11-22 14:33:11,011 Epoch number 12, batch number 6/40:       batch loss 0.010740089230239391
2023-11-22 14:33:11,649 Epoch number 12, batch number 7/40:       batch loss 0.010751171968877316
2023-11-22 14:33:12,289 Epoch number 12, batch number 8/40:       batch loss 0.010247903876006603
2023-11-22 14:33:12,958 Epoch number 12, batch number 9/40:       batch loss 0.019620804116129875
2023-11-22 14:33:13,603 Epoch number 12, batch number 10/40:       batch loss 0.010221004486083984
2023-11-22 14:33:14,225 Epoch number 12, batch number 11/40:       batch loss 0.016869280487298965
2023-11-22 14:33:14,850 Epoch number 12, batch number 12/40:       batch loss 0.01176182460039854
2023-11-22 14:33:15,494 Epoch number 12, batch number 13/40:       batch loss 0.010712936520576477
2023-11-22 14:33:16,138 Epoch number 12, batch number 14/40:       batch loss 0.011614229530096054
2023-11-22 14:33:16,782 Epoch number 12, batch number 15/40:       batch loss 0.013772557489573956
2023-11-22 14:33:17,442 Epoch number 12, batch number 16/40:       batch loss 0.01637544296681881
2023-11-22 14:33:18,061 Epoch number 12, batch number 17/40:       batch loss 0.020284686237573624
2023-11-22 14:33:18,684 Epoch number 12, batch number 18/40:       batch loss 0.008220264688134193
2023-11-22 14:33:19,316 Epoch number 12, batch number 19/40:       batch loss 0.009540162980556488
2023-11-22 14:33:19,945 Epoch number 12, batch number 20/40:       batch loss 0.012458129785954952
2023-11-22 14:33:20,589 Epoch number 12, batch number 21/40:       batch loss 0.017724979668855667
2023-11-22 14:33:21,230 Epoch number 12, batch number 22/40:       batch loss 0.008990475907921791
2023-11-22 14:33:21,861 Epoch number 12, batch number 23/40:       batch loss 0.01289927028119564
2023-11-22 14:33:22,506 Epoch number 12, batch number 24/40:       batch loss 0.015501092188060284
2023-11-22 14:33:23,140 Epoch number 12, batch number 25/40:       batch loss 0.015161503106355667
2023-11-22 14:33:23,766 Epoch number 12, batch number 26/40:       batch loss 0.011478700675070286
2023-11-22 14:33:24,397 Epoch number 12, batch number 27/40:       batch loss 0.012368489988148212
2023-11-22 14:33:25,033 Epoch number 12, batch number 28/40:       batch loss 0.010381652042269707
2023-11-22 14:33:25,663 Epoch number 12, batch number 29/40:       batch loss 0.020466448739171028
2023-11-22 14:33:26,293 Epoch number 12, batch number 30/40:       batch loss 0.01415296457707882
2023-11-22 14:33:26,935 Epoch number 12, batch number 31/40:       batch loss 0.02194032073020935
2023-11-22 14:33:27,573 Epoch number 12, batch number 32/40:       batch loss 0.017248909920454025
2023-11-22 14:33:28,204 Epoch number 12, batch number 33/40:       batch loss 0.017558544874191284
2023-11-22 14:33:28,840 Epoch number 12, batch number 34/40:       batch loss 0.01100301742553711
2023-11-22 14:33:29,489 Epoch number 12, batch number 35/40:       batch loss 0.010154851712286472
2023-11-22 14:33:30,128 Epoch number 12, batch number 36/40:       batch loss 0.013794435188174248
2023-11-22 14:33:30,773 Epoch number 12, batch number 37/40:       batch loss 0.014195414260029793
2023-11-22 14:33:31,429 Epoch number 12, batch number 38/40:       batch loss 0.010307321324944496
2023-11-22 14:33:32,066 Epoch number 12, batch number 39/40:       batch loss 0.009343184530735016
2023-11-22 14:33:32,109 Epoch: 13 	Training Loss: 0.013450
2023-11-22 14:33:32,110 Time for epoch 13 : 26 sec
2023-11-22 14:33:32,110 lr for epoch 13 is 0.00100
2023-11-22 14:33:34,179 Epoch number 13, batch number 0/40:       batch loss 0.011155257932841778
2023-11-22 14:33:34,826 Epoch number 13, batch number 1/40:       batch loss 0.011736330576241016
2023-11-22 14:33:35,486 Epoch number 13, batch number 2/40:       batch loss 0.012374630197882652
2023-11-22 14:33:36,122 Epoch number 13, batch number 3/40:       batch loss 0.033379167318344116
2023-11-22 14:33:36,755 Epoch number 13, batch number 4/40:       batch loss 0.013741964474320412
2023-11-22 14:33:37,390 Epoch number 13, batch number 5/40:       batch loss 0.009448196738958359
2023-11-22 14:33:38,021 Epoch number 13, batch number 6/40:       batch loss 0.008736028335988522
2023-11-22 14:33:38,677 Epoch number 13, batch number 7/40:       batch loss 0.014531769789755344
2023-11-22 14:33:39,305 Epoch number 13, batch number 8/40:       batch loss 0.01264719758182764
2023-11-22 14:33:39,940 Epoch number 13, batch number 9/40:       batch loss 0.010192571207880974
2023-11-22 14:33:40,558 Epoch number 13, batch number 10/40:       batch loss 0.011625636368989944
2023-11-22 14:33:41,189 Epoch number 13, batch number 11/40:       batch loss 0.012992623262107372
2023-11-22 14:33:41,808 Epoch number 13, batch number 12/40:       batch loss 0.01159525103867054
2023-11-22 14:33:42,436 Epoch number 13, batch number 13/40:       batch loss 0.009100856259465218
2023-11-22 14:33:43,105 Epoch number 13, batch number 14/40:       batch loss 0.010994331911206245
2023-11-22 14:33:43,742 Epoch number 13, batch number 15/40:       batch loss 0.009578951634466648
2023-11-22 14:33:44,382 Epoch number 13, batch number 16/40:       batch loss 0.01519035641103983
2023-11-22 14:33:45,013 Epoch number 13, batch number 17/40:       batch loss 0.011061877012252808
2023-11-22 14:33:45,648 Epoch number 13, batch number 18/40:       batch loss 0.013130445033311844
2023-11-22 14:33:46,272 Epoch number 13, batch number 19/40:       batch loss 0.010288041085004807
2023-11-22 14:33:46,912 Epoch number 13, batch number 20/40:       batch loss 0.012721310369670391
2023-11-22 14:33:47,556 Epoch number 13, batch number 21/40:       batch loss 0.010042778216302395
2023-11-22 14:33:48,180 Epoch number 13, batch number 22/40:       batch loss 0.01238911971449852
2023-11-22 14:33:48,806 Epoch number 13, batch number 23/40:       batch loss 0.01261625811457634
2023-11-22 14:33:49,445 Epoch number 13, batch number 24/40:       batch loss 0.010634735226631165
2023-11-22 14:33:50,088 Epoch number 13, batch number 25/40:       batch loss 0.014701442793011665
2023-11-22 14:33:50,744 Epoch number 13, batch number 26/40:       batch loss 0.00858977623283863
2023-11-22 14:33:51,384 Epoch number 13, batch number 27/40:       batch loss 0.012390232644975185
2023-11-22 14:33:52,014 Epoch number 13, batch number 28/40:       batch loss 0.011767997406423092
2023-11-22 14:33:52,641 Epoch number 13, batch number 29/40:       batch loss 0.010699525475502014
2023-11-22 14:33:53,279 Epoch number 13, batch number 30/40:       batch loss 0.01924198307096958
2023-11-22 14:33:53,914 Epoch number 13, batch number 31/40:       batch loss 0.015542054548859596
2023-11-22 14:33:54,565 Epoch number 13, batch number 32/40:       batch loss 0.012247933074831963
2023-11-22 14:33:55,197 Epoch number 13, batch number 33/40:       batch loss 0.011529439128935337
2023-11-22 14:33:55,813 Epoch number 13, batch number 34/40:       batch loss 0.013158503919839859
2023-11-22 14:33:56,457 Epoch number 13, batch number 35/40:       batch loss 0.012632876634597778
2023-11-22 14:33:57,078 Epoch number 13, batch number 36/40:       batch loss 0.009579873643815517
2023-11-22 14:33:57,721 Epoch number 13, batch number 37/40:       batch loss 0.011056371964514256
2023-11-22 14:33:58,345 Epoch number 13, batch number 38/40:       batch loss 0.0290074460208416
2023-11-22 14:33:58,982 Epoch number 13, batch number 39/40:       batch loss 0.010638079605996609
2023-11-22 14:33:59,025 Epoch: 14 	Training Loss: 0.012867
2023-11-22 14:33:59,025 Time for epoch 14 : 26 sec
2023-11-22 14:33:59,025 lr for epoch 14 is 0.00100
2023-11-22 14:34:01,050 Epoch number 14, batch number 0/40:       batch loss 0.009763287380337715
2023-11-22 14:34:01,693 Epoch number 14, batch number 1/40:       batch loss 0.01305720116943121
2023-11-22 14:34:02,339 Epoch number 14, batch number 2/40:       batch loss 0.010788423009216785
2023-11-22 14:34:02,985 Epoch number 14, batch number 3/40:       batch loss 0.011205743998289108
2023-11-22 14:34:03,629 Epoch number 14, batch number 4/40:       batch loss 0.015069629997015
2023-11-22 14:34:04,274 Epoch number 14, batch number 5/40:       batch loss 0.015820685774087906
2023-11-22 14:34:04,905 Epoch number 14, batch number 6/40:       batch loss 0.01648423634469509
2023-11-22 14:34:05,550 Epoch number 14, batch number 7/40:       batch loss 0.016013331711292267
2023-11-22 14:34:06,179 Epoch number 14, batch number 8/40:       batch loss 0.011098966002464294
2023-11-22 14:34:06,830 Epoch number 14, batch number 9/40:       batch loss 0.010868323966860771
2023-11-22 14:34:07,463 Epoch number 14, batch number 10/40:       batch loss 0.013878833502531052
2023-11-22 14:34:08,106 Epoch number 14, batch number 11/40:       batch loss 0.01290835440158844
2023-11-22 14:34:08,750 Epoch number 14, batch number 12/40:       batch loss 0.010590357705950737
2023-11-22 14:34:09,389 Epoch number 14, batch number 13/40:       batch loss 0.010355319827795029
2023-11-22 14:34:10,039 Epoch number 14, batch number 14/40:       batch loss 0.014496563002467155
2023-11-22 14:34:10,692 Epoch number 14, batch number 15/40:       batch loss 0.013530143536627293
2023-11-22 14:34:11,307 Epoch number 14, batch number 16/40:       batch loss 0.011249995790421963
2023-11-22 14:34:11,926 Epoch number 14, batch number 17/40:       batch loss 0.012265460565686226
2023-11-22 14:34:12,578 Epoch number 14, batch number 18/40:       batch loss 0.01501501351594925
2023-11-22 14:34:13,227 Epoch number 14, batch number 19/40:       batch loss 0.0217436533421278
2023-11-22 14:34:13,870 Epoch number 14, batch number 20/40:       batch loss 0.01239189226180315
2023-11-22 14:34:14,505 Epoch number 14, batch number 21/40:       batch loss 0.013980044983327389
2023-11-22 14:34:15,133 Epoch number 14, batch number 22/40:       batch loss 0.012174277566373348
2023-11-22 14:34:15,768 Epoch number 14, batch number 23/40:       batch loss 0.008779380470514297
2023-11-22 14:34:16,403 Epoch number 14, batch number 24/40:       batch loss 0.010137313045561314
2023-11-22 14:34:17,069 Epoch number 14, batch number 25/40:       batch loss 0.016746262088418007
2023-11-22 14:34:17,715 Epoch number 14, batch number 26/40:       batch loss 0.011566609144210815
2023-11-22 14:34:18,354 Epoch number 14, batch number 27/40:       batch loss 0.010815517045557499
2023-11-22 14:34:18,970 Epoch number 14, batch number 28/40:       batch loss 0.010208587162196636
2023-11-22 14:34:19,590 Epoch number 14, batch number 29/40:       batch loss 0.012334734201431274
2023-11-22 14:34:20,214 Epoch number 14, batch number 30/40:       batch loss 0.010741039179265499
2023-11-22 14:34:20,867 Epoch number 14, batch number 31/40:       batch loss 0.014826467260718346
2023-11-22 14:34:21,502 Epoch number 14, batch number 32/40:       batch loss 0.011994689702987671
2023-11-22 14:34:22,113 Epoch number 14, batch number 33/40:       batch loss 0.012044861912727356
2023-11-22 14:34:22,739 Epoch number 14, batch number 34/40:       batch loss 0.016000039875507355
2023-11-22 14:34:23,360 Epoch number 14, batch number 35/40:       batch loss 0.008601587265729904
2023-11-22 14:34:23,989 Epoch number 14, batch number 36/40:       batch loss 0.012433735653758049
2023-11-22 14:34:24,620 Epoch number 14, batch number 37/40:       batch loss 0.011317556723952293
2023-11-22 14:34:25,242 Epoch number 14, batch number 38/40:       batch loss 0.006311153061687946
2023-11-22 14:34:25,861 Epoch number 14, batch number 39/40:       batch loss 0.01742139831185341
2023-11-22 14:34:25,901 Epoch: 15 	Training Loss: 0.012676
2023-11-22 14:34:25,901 Time for epoch 15 : 26 sec
2023-11-22 14:34:25,901 lr for epoch 15 is 0.00100
2023-11-22 14:34:27,943 Epoch number 15, batch number 0/40:       batch loss 0.013907871209084988
2023-11-22 14:34:28,590 Epoch number 15, batch number 1/40:       batch loss 0.01227358728647232
2023-11-22 14:34:29,243 Epoch number 15, batch number 2/40:       batch loss 0.009211121127009392
2023-11-22 14:34:29,866 Epoch number 15, batch number 3/40:       batch loss 0.015554923564195633
2023-11-22 14:34:30,496 Epoch number 15, batch number 4/40:       batch loss 0.0126442676410079
2023-11-22 14:34:31,133 Epoch number 15, batch number 5/40:       batch loss 0.00899227149784565
2023-11-22 14:34:31,784 Epoch number 15, batch number 6/40:       batch loss 0.010845936834812164
2023-11-22 14:34:32,422 Epoch number 15, batch number 7/40:       batch loss 0.009912346489727497
2023-11-22 14:34:33,069 Epoch number 15, batch number 8/40:       batch loss 0.013482989743351936
2023-11-22 14:34:33,704 Epoch number 15, batch number 9/40:       batch loss 0.011126630008220673
2023-11-22 14:34:34,338 Epoch number 15, batch number 10/40:       batch loss 0.011507797054946423
2023-11-22 14:34:34,966 Epoch number 15, batch number 11/40:       batch loss 0.013987728394567966
2023-11-22 14:34:35,625 Epoch number 15, batch number 12/40:       batch loss 0.013726189732551575
2023-11-22 14:34:36,243 Epoch number 15, batch number 13/40:       batch loss 0.01074763759970665
2023-11-22 14:34:36,885 Epoch number 15, batch number 14/40:       batch loss 0.03690779581665993
2023-11-22 14:34:37,528 Epoch number 15, batch number 15/40:       batch loss 0.013380374759435654
2023-11-22 14:34:38,154 Epoch number 15, batch number 16/40:       batch loss 0.013422266580164433
2023-11-22 14:34:38,785 Epoch number 15, batch number 17/40:       batch loss 0.01976703107357025
2023-11-22 14:34:39,412 Epoch number 15, batch number 18/40:       batch loss 0.015815667808055878
2023-11-22 14:34:40,052 Epoch number 15, batch number 19/40:       batch loss 0.015503695234656334
2023-11-22 14:34:40,690 Epoch number 15, batch number 20/40:       batch loss 0.007665547542273998
2023-11-22 14:34:41,327 Epoch number 15, batch number 21/40:       batch loss 0.0056172930635511875
2023-11-22 14:34:41,974 Epoch number 15, batch number 22/40:       batch loss 0.008909929543733597
2023-11-22 14:34:42,627 Epoch number 15, batch number 23/40:       batch loss 0.010946638882160187
2023-11-22 14:34:43,272 Epoch number 15, batch number 24/40:       batch loss 0.018881717696785927
2023-11-22 14:34:43,931 Epoch number 15, batch number 25/40:       batch loss 0.009789252653717995
2023-11-22 14:34:44,577 Epoch number 15, batch number 26/40:       batch loss 0.01404089480638504
2023-11-22 14:34:45,222 Epoch number 15, batch number 27/40:       batch loss 0.00928252749145031
2023-11-22 14:34:45,855 Epoch number 15, batch number 28/40:       batch loss 0.010530401021242142
2023-11-22 14:34:46,490 Epoch number 15, batch number 29/40:       batch loss 0.011103087104856968
2023-11-22 14:34:47,135 Epoch number 15, batch number 30/40:       batch loss 0.014388816431164742
2023-11-22 14:34:47,767 Epoch number 15, batch number 31/40:       batch loss 0.012525171972811222
2023-11-22 14:34:48,392 Epoch number 15, batch number 32/40:       batch loss 0.013945868238806725
2023-11-22 14:34:49,028 Epoch number 15, batch number 33/40:       batch loss 0.01672414503991604
2023-11-22 14:34:49,656 Epoch number 15, batch number 34/40:       batch loss 0.013341682031750679
2023-11-22 14:34:50,297 Epoch number 15, batch number 35/40:       batch loss 0.013770494610071182
2023-11-22 14:34:50,946 Epoch number 15, batch number 36/40:       batch loss 0.008510995656251907
2023-11-22 14:34:51,576 Epoch number 15, batch number 37/40:       batch loss 0.010839140973985195
2023-11-22 14:34:52,223 Epoch number 15, batch number 38/40:       batch loss 0.01950928568840027
2023-11-22 14:34:52,850 Epoch number 15, batch number 39/40:       batch loss 0.010542554780840874
2023-11-22 14:34:52,889 Epoch: 16 	Training Loss: 0.013090
2023-11-22 14:34:52,890 Time for epoch 16 : 26 sec
2023-11-22 14:34:52,890 lr for epoch 16 is 0.00050
2023-11-22 14:34:54,957 Epoch number 16, batch number 0/40:       batch loss 0.014616858214139938
2023-11-22 14:34:55,608 Epoch number 16, batch number 1/40:       batch loss 0.004325309302657843
2023-11-22 14:34:56,230 Epoch number 16, batch number 2/40:       batch loss 0.015669722110033035
2023-11-22 14:34:56,853 Epoch number 16, batch number 3/40:       batch loss 0.019806036725640297
2023-11-22 14:34:57,494 Epoch number 16, batch number 4/40:       batch loss 0.01420995406806469
2023-11-22 14:34:58,118 Epoch number 16, batch number 5/40:       batch loss 0.013319761492311954
2023-11-22 14:34:58,744 Epoch number 16, batch number 6/40:       batch loss 0.025822078809142113
2023-11-22 14:34:59,378 Epoch number 16, batch number 7/40:       batch loss 0.01689944416284561
2023-11-22 14:35:00,004 Epoch number 16, batch number 8/40:       batch loss 0.019037723541259766
2023-11-22 14:35:00,627 Epoch number 16, batch number 9/40:       batch loss 0.014387639239430428
2023-11-22 14:35:01,244 Epoch number 16, batch number 10/40:       batch loss 0.016760829836130142
2023-11-22 14:35:01,890 Epoch number 16, batch number 11/40:       batch loss 0.009987554512917995
2023-11-22 14:35:02,524 Epoch number 16, batch number 12/40:       batch loss 0.01159748062491417
2023-11-22 14:35:03,165 Epoch number 16, batch number 13/40:       batch loss 0.010507789440453053
2023-11-22 14:35:03,805 Epoch number 16, batch number 14/40:       batch loss 0.013392397202551365
2023-11-22 14:35:04,443 Epoch number 16, batch number 15/40:       batch loss 0.011791454628109932
2023-11-22 14:35:05,089 Epoch number 16, batch number 16/40:       batch loss 0.02067381702363491
2023-11-22 14:35:05,718 Epoch number 16, batch number 17/40:       batch loss 0.012422229163348675
2023-11-22 14:35:06,355 Epoch number 16, batch number 18/40:       batch loss 0.015984658151865005
2023-11-22 14:35:06,995 Epoch number 16, batch number 19/40:       batch loss 0.017996829003095627
2023-11-22 14:35:07,642 Epoch number 16, batch number 20/40:       batch loss 0.011239389888942242
2023-11-22 14:35:08,274 Epoch number 16, batch number 21/40:       batch loss 0.016245486214756966
2023-11-22 14:35:08,902 Epoch number 16, batch number 22/40:       batch loss 0.009307600557804108
2023-11-22 14:35:09,519 Epoch number 16, batch number 23/40:       batch loss 0.012580660171806812
2023-11-22 14:35:10,152 Epoch number 16, batch number 24/40:       batch loss 0.01290864497423172
2023-11-22 14:35:10,772 Epoch number 16, batch number 25/40:       batch loss 0.013068603351712227
2023-11-22 14:35:11,405 Epoch number 16, batch number 26/40:       batch loss 0.011701938696205616
2023-11-22 14:35:12,022 Epoch number 16, batch number 27/40:       batch loss 0.015625860542058945
2023-11-22 14:35:12,651 Epoch number 16, batch number 28/40:       batch loss 0.010215873830020428
2023-11-22 14:35:13,285 Epoch number 16, batch number 29/40:       batch loss 0.010531995445489883
2023-11-22 14:35:13,908 Epoch number 16, batch number 30/40:       batch loss 0.009364809840917587
2023-11-22 14:35:14,571 Epoch number 16, batch number 31/40:       batch loss 0.009908260777592659
2023-11-22 14:35:15,190 Epoch number 16, batch number 32/40:       batch loss 0.013317317701876163
2023-11-22 14:35:15,815 Epoch number 16, batch number 33/40:       batch loss 0.011506892740726471
2023-11-22 14:35:16,431 Epoch number 16, batch number 34/40:       batch loss 0.01628696732223034
2023-11-22 14:35:17,061 Epoch number 16, batch number 35/40:       batch loss 0.010431541129946709
2023-11-22 14:35:17,700 Epoch number 16, batch number 36/40:       batch loss 0.010042443871498108
2023-11-22 14:35:18,341 Epoch number 16, batch number 37/40:       batch loss 0.012726875953376293
2023-11-22 14:35:18,987 Epoch number 16, batch number 38/40:       batch loss 0.013418877497315407
2023-11-22 14:35:19,618 Epoch number 16, batch number 39/40:       batch loss 0.009130530059337616
2023-11-22 14:35:19,656 Epoch: 17 	Training Loss: 0.013469
2023-11-22 14:35:19,656 Time for epoch 17 : 26 sec
2023-11-22 14:35:19,656 lr for epoch 17 is 0.00050
2023-11-22 14:35:21,727 Epoch number 17, batch number 0/40:       batch loss 0.01741129718720913
2023-11-22 14:35:22,368 Epoch number 17, batch number 1/40:       batch loss 0.017618104815483093
2023-11-22 14:35:23,010 Epoch number 17, batch number 2/40:       batch loss 0.0064713843166828156
2023-11-22 14:35:23,625 Epoch number 17, batch number 3/40:       batch loss 0.011846894398331642
2023-11-22 14:35:24,241 Epoch number 17, batch number 4/40:       batch loss 0.009274682961404324
2023-11-22 14:35:24,872 Epoch number 17, batch number 5/40:       batch loss 0.0100428257137537
2023-11-22 14:35:25,490 Epoch number 17, batch number 6/40:       batch loss 0.020353563129901886
2023-11-22 14:35:26,112 Epoch number 17, batch number 7/40:       batch loss 0.014623783528804779
2023-11-22 14:35:26,748 Epoch number 17, batch number 8/40:       batch loss 0.021484818309545517
2023-11-22 14:35:27,381 Epoch number 17, batch number 9/40:       batch loss 0.0203985758125782
2023-11-22 14:35:28,011 Epoch number 17, batch number 10/40:       batch loss 0.013059129007160664
2023-11-22 14:35:28,633 Epoch number 17, batch number 11/40:       batch loss 0.00939860474318266
2023-11-22 14:35:29,272 Epoch number 17, batch number 12/40:       batch loss 0.010360571555793285
2023-11-22 14:35:29,885 Epoch number 17, batch number 13/40:       batch loss 0.010932305827736855
2023-11-22 14:35:30,517 Epoch number 17, batch number 14/40:       batch loss 0.01121232844889164
2023-11-22 14:35:31,150 Epoch number 17, batch number 15/40:       batch loss 0.008201999589800835
2023-11-22 14:35:31,767 Epoch number 17, batch number 16/40:       batch loss 0.01131006795912981
2023-11-22 14:35:32,405 Epoch number 17, batch number 17/40:       batch loss 0.012445429340004921
2023-11-22 14:35:33,038 Epoch number 17, batch number 18/40:       batch loss 0.01570131629705429
2023-11-22 14:35:33,684 Epoch number 17, batch number 19/40:       batch loss 0.015498215332627296
2023-11-22 14:35:34,315 Epoch number 17, batch number 20/40:       batch loss 0.015554538927972317
2023-11-22 14:35:34,928 Epoch number 17, batch number 21/40:       batch loss 0.013361450284719467
2023-11-22 14:35:35,533 Epoch number 17, batch number 22/40:       batch loss 0.011414940468966961
2023-11-22 14:35:36,152 Epoch number 17, batch number 23/40:       batch loss 0.01256917417049408
2023-11-22 14:35:36,802 Epoch number 17, batch number 24/40:       batch loss 0.010738330893218517
2023-11-22 14:35:37,459 Epoch number 17, batch number 25/40:       batch loss 0.01106487587094307
2023-11-22 14:35:38,088 Epoch number 17, batch number 26/40:       batch loss 0.008752021007239819
2023-11-22 14:35:38,701 Epoch number 17, batch number 27/40:       batch loss 0.013183677569031715
2023-11-22 14:35:39,325 Epoch number 17, batch number 28/40:       batch loss 0.013529198244214058
2023-11-22 14:35:39,951 Epoch number 17, batch number 29/40:       batch loss 0.010057378560304642
2023-11-22 14:35:40,571 Epoch number 17, batch number 30/40:       batch loss 0.0107498150318861
2023-11-22 14:35:41,209 Epoch number 17, batch number 31/40:       batch loss 0.012342994101345539
2023-11-22 14:35:41,827 Epoch number 17, batch number 32/40:       batch loss 0.016556328162550926
2023-11-22 14:35:42,446 Epoch number 17, batch number 33/40:       batch loss 0.012991556897759438
2023-11-22 14:35:43,069 Epoch number 17, batch number 34/40:       batch loss 0.011860862374305725
2023-11-22 14:35:43,700 Epoch number 17, batch number 35/40:       batch loss 0.015438313595950603
2023-11-22 14:35:44,328 Epoch number 17, batch number 36/40:       batch loss 0.012160069309175014
2023-11-22 14:35:44,985 Epoch number 17, batch number 37/40:       batch loss 0.012742763385176659
2023-11-22 14:35:45,631 Epoch number 17, batch number 38/40:       batch loss 0.00982857309281826
2023-11-22 14:35:46,250 Epoch number 17, batch number 39/40:       batch loss 0.0092761917039752
2023-11-22 14:35:46,290 Epoch: 18 	Training Loss: 0.012795
2023-11-22 14:35:46,290 Time for epoch 18 : 26 sec
2023-11-22 14:35:46,290 lr for epoch 18 is 0.00050
2023-11-22 14:35:48,331 Epoch number 18, batch number 0/40:       batch loss 0.011439276859164238
2023-11-22 14:35:48,974 Epoch number 18, batch number 1/40:       batch loss 0.00982431136071682
2023-11-22 14:35:49,606 Epoch number 18, batch number 2/40:       batch loss 0.011653484776616096
2023-11-22 14:35:50,239 Epoch number 18, batch number 3/40:       batch loss 0.0172257199883461
2023-11-22 14:35:50,878 Epoch number 18, batch number 4/40:       batch loss 0.016643336042761803
2023-11-22 14:35:51,507 Epoch number 18, batch number 5/40:       batch loss 0.010027674026787281
2023-11-22 14:35:52,123 Epoch number 18, batch number 6/40:       batch loss 0.013124479912221432
2023-11-22 14:35:52,750 Epoch number 18, batch number 7/40:       batch loss 0.016334347426891327
2023-11-22 14:35:53,368 Epoch number 18, batch number 8/40:       batch loss 0.01217102911323309
2023-11-22 14:35:54,011 Epoch number 18, batch number 9/40:       batch loss 0.009664314799010754
2023-11-22 14:35:54,651 Epoch number 18, batch number 10/40:       batch loss 0.00980171374976635
2023-11-22 14:35:55,286 Epoch number 18, batch number 11/40:       batch loss 0.006019146181643009
2023-11-22 14:35:55,929 Epoch number 18, batch number 12/40:       batch loss 0.013277320191264153
2023-11-22 14:35:56,559 Epoch number 18, batch number 13/40:       batch loss 0.012760678306221962
2023-11-22 14:35:57,187 Epoch number 18, batch number 14/40:       batch loss 0.014181695878505707
2023-11-22 14:35:57,821 Epoch number 18, batch number 15/40:       batch loss 0.011905070394277573
2023-11-22 14:35:58,443 Epoch number 18, batch number 16/40:       batch loss 0.014021281152963638
2023-11-22 14:35:59,083 Epoch number 18, batch number 17/40:       batch loss 0.019024185836315155
2023-11-22 14:35:59,728 Epoch number 18, batch number 18/40:       batch loss 0.008585593663156033
2023-11-22 14:36:00,370 Epoch number 18, batch number 19/40:       batch loss 0.010252121835947037
2023-11-22 14:36:00,993 Epoch number 18, batch number 20/40:       batch loss 0.010858691297471523
2023-11-22 14:36:01,628 Epoch number 18, batch number 21/40:       batch loss 0.01639319211244583
2023-11-22 14:36:02,251 Epoch number 18, batch number 22/40:       batch loss 0.033438969403505325
2023-11-22 14:36:02,887 Epoch number 18, batch number 23/40:       batch loss 0.009968031197786331
2023-11-22 14:36:03,515 Epoch number 18, batch number 24/40:       batch loss 0.014982163906097412
2023-11-22 14:36:04,137 Epoch number 18, batch number 25/40:       batch loss 0.011790956370532513
2023-11-22 14:36:04,785 Epoch number 18, batch number 26/40:       batch loss 0.008717570453882217
2023-11-22 14:36:05,409 Epoch number 18, batch number 27/40:       batch loss 0.013882512226700783
2023-11-22 14:36:06,037 Epoch number 18, batch number 28/40:       batch loss 0.018341556191444397
2023-11-22 14:36:06,662 Epoch number 18, batch number 29/40:       batch loss 0.011222639121115208
2023-11-22 14:36:07,308 Epoch number 18, batch number 30/40:       batch loss 0.00871630571782589
2023-11-22 14:36:07,942 Epoch number 18, batch number 31/40:       batch loss 0.012108348309993744
2023-11-22 14:36:08,548 Epoch number 18, batch number 32/40:       batch loss 0.011891175992786884
2023-11-22 14:36:09,184 Epoch number 18, batch number 33/40:       batch loss 0.009567680768668652
2023-11-22 14:36:09,820 Epoch number 18, batch number 34/40:       batch loss 0.012521883472800255
2023-11-22 14:36:10,446 Epoch number 18, batch number 35/40:       batch loss 0.014405888505280018
2023-11-22 14:36:11,077 Epoch number 18, batch number 36/40:       batch loss 0.009760057553648949
2023-11-22 14:36:11,727 Epoch number 18, batch number 37/40:       batch loss 0.011576728895306587
2023-11-22 14:36:12,351 Epoch number 18, batch number 38/40:       batch loss 0.010524091310799122
2023-11-22 14:36:13,003 Epoch number 18, batch number 39/40:       batch loss 0.01176768820732832
2023-11-22 14:36:13,043 Epoch: 19 	Training Loss: 0.012759
2023-11-22 14:36:13,043 Time for epoch 19 : 26 sec
2023-11-22 14:36:13,044 lr for epoch 19 is 0.00050
2023-11-22 14:36:15,093 Epoch number 19, batch number 0/40:       batch loss 0.014080396853387356
2023-11-22 14:36:15,722 Epoch number 19, batch number 1/40:       batch loss 0.016233885660767555
2023-11-22 14:36:16,353 Epoch number 19, batch number 2/40:       batch loss 0.013036631047725677
2023-11-22 14:36:17,006 Epoch number 19, batch number 3/40:       batch loss 0.008717120625078678
2023-11-22 14:36:17,651 Epoch number 19, batch number 4/40:       batch loss 0.010791817680001259
2023-11-22 14:36:18,279 Epoch number 19, batch number 5/40:       batch loss 0.009249494411051273
2023-11-22 14:36:18,899 Epoch number 19, batch number 6/40:       batch loss 0.017292210832238197
2023-11-22 14:36:19,511 Epoch number 19, batch number 7/40:       batch loss 0.013069448992609978
2023-11-22 14:36:20,128 Epoch number 19, batch number 8/40:       batch loss 0.013139981776475906
2023-11-22 14:36:20,779 Epoch number 19, batch number 9/40:       batch loss 0.014301218092441559
2023-11-22 14:36:21,397 Epoch number 19, batch number 10/40:       batch loss 0.011725866235792637
2023-11-22 14:36:22,040 Epoch number 19, batch number 11/40:       batch loss 0.010176646523177624
2023-11-22 14:36:22,693 Epoch number 19, batch number 12/40:       batch loss 0.030715012922883034
2023-11-22 14:36:23,325 Epoch number 19, batch number 13/40:       batch loss 0.008303872309625149
2023-11-22 14:36:23,943 Epoch number 19, batch number 14/40:       batch loss 0.017036197707057
2023-11-22 14:36:24,565 Epoch number 19, batch number 15/40:       batch loss 0.010294681414961815
2023-11-22 14:36:25,180 Epoch number 19, batch number 16/40:       batch loss 0.010115157812833786
2023-11-22 14:36:25,811 Epoch number 19, batch number 17/40:       batch loss 0.009432136081159115
2023-11-22 14:36:26,432 Epoch number 19, batch number 18/40:       batch loss 0.011201919987797737
2023-11-22 14:36:27,046 Epoch number 19, batch number 19/40:       batch loss 0.009415274485945702
2023-11-22 14:36:27,665 Epoch number 19, batch number 20/40:       batch loss 0.010366573929786682
2023-11-22 14:36:28,279 Epoch number 19, batch number 21/40:       batch loss 0.012494789436459541
2023-11-22 14:36:28,927 Epoch number 19, batch number 22/40:       batch loss 0.012209245935082436
2023-11-22 14:36:29,546 Epoch number 19, batch number 23/40:       batch loss 0.0115049434825778
2023-11-22 14:36:30,167 Epoch number 19, batch number 24/40:       batch loss 0.02608909085392952
2023-11-22 14:36:30,787 Epoch number 19, batch number 25/40:       batch loss 0.006354077253490686
2023-11-22 14:36:31,400 Epoch number 19, batch number 26/40:       batch loss 0.013236978091299534
2023-11-22 14:36:32,027 Epoch number 19, batch number 27/40:       batch loss 0.01590588316321373
2023-11-22 14:36:32,648 Epoch number 19, batch number 28/40:       batch loss 0.007742648478597403
2023-11-22 14:36:33,277 Epoch number 19, batch number 29/40:       batch loss 0.017177943140268326
2023-11-22 14:36:33,901 Epoch number 19, batch number 30/40:       batch loss 0.010996527038514614
2023-11-22 14:36:34,537 Epoch number 19, batch number 31/40:       batch loss 0.013073856011033058
2023-11-22 14:36:35,169 Epoch number 19, batch number 32/40:       batch loss 0.008785317651927471
2023-11-22 14:36:35,803 Epoch number 19, batch number 33/40:       batch loss 0.00922490656375885
2023-11-22 14:36:36,421 Epoch number 19, batch number 34/40:       batch loss 0.012749357149004936
2023-11-22 14:36:37,085 Epoch number 19, batch number 35/40:       batch loss 0.01134438905864954
2023-11-22 14:36:37,712 Epoch number 19, batch number 36/40:       batch loss 0.015121103264391422
2023-11-22 14:36:38,331 Epoch number 19, batch number 37/40:       batch loss 0.011206293478608131
2023-11-22 14:36:38,946 Epoch number 19, batch number 38/40:       batch loss 0.01421752292662859
2023-11-22 14:36:39,573 Epoch number 19, batch number 39/40:       batch loss 0.01956120878458023
2023-11-22 14:36:39,611 Epoch: 20 	Training Loss: 0.012942
2023-11-22 14:36:39,612 Time for epoch 20 : 25 sec
2023-11-22 14:36:39,612 lr for epoch 20 is 0.00050
2023-11-22 14:36:41,776 Epoch number 20, batch number 0/40:       batch loss 0.01980728842318058
2023-11-22 14:36:42,409 Epoch number 20, batch number 1/40:       batch loss 0.011722630821168423
2023-11-22 14:36:43,043 Epoch number 20, batch number 2/40:       batch loss 0.013708459213376045
2023-11-22 14:36:43,670 Epoch number 20, batch number 3/40:       batch loss 0.010206257924437523
2023-11-22 14:36:44,290 Epoch number 20, batch number 4/40:       batch loss 0.018106864765286446
2023-11-22 14:36:44,921 Epoch number 20, batch number 5/40:       batch loss 0.015604732558131218
2023-11-22 14:36:45,566 Epoch number 20, batch number 6/40:       batch loss 0.019262848421931267
2023-11-22 14:36:46,190 Epoch number 20, batch number 7/40:       batch loss 0.011762531474232674
2023-11-22 14:36:46,808 Epoch number 20, batch number 8/40:       batch loss 0.01187360193580389
2023-11-22 14:36:47,467 Epoch number 20, batch number 9/40:       batch loss 0.014638902619481087
2023-11-22 14:36:48,093 Epoch number 20, batch number 10/40:       batch loss 0.015366550534963608
2023-11-22 14:36:48,713 Epoch number 20, batch number 11/40:       batch loss 0.008075092919170856
2023-11-22 14:36:49,330 Epoch number 20, batch number 12/40:       batch loss 0.008061650209128857
2023-11-22 14:36:49,937 Epoch number 20, batch number 13/40:       batch loss 0.019023196771740913
2023-11-22 14:36:50,607 Epoch number 20, batch number 14/40:       batch loss 0.013132669031620026
2023-11-22 14:36:51,221 Epoch number 20, batch number 15/40:       batch loss 0.01186296809464693
2023-11-22 14:36:51,845 Epoch number 20, batch number 16/40:       batch loss 0.015432286076247692
2023-11-22 14:36:52,475 Epoch number 20, batch number 17/40:       batch loss 0.013907626271247864
2023-11-22 14:36:53,119 Epoch number 20, batch number 18/40:       batch loss 0.01010412909090519
2023-11-22 14:36:53,745 Epoch number 20, batch number 19/40:       batch loss 0.009769555181264877
2023-11-22 14:36:54,367 Epoch number 20, batch number 20/40:       batch loss 0.005384419579058886
2023-11-22 14:36:55,005 Epoch number 20, batch number 21/40:       batch loss 0.011021104641258717
2023-11-22 14:36:55,636 Epoch number 20, batch number 22/40:       batch loss 0.034198563545942307
2023-11-22 14:36:56,262 Epoch number 20, batch number 23/40:       batch loss 0.011156192049384117
2023-11-22 14:36:56,914 Epoch number 20, batch number 24/40:       batch loss 0.010481514967978
2023-11-22 14:36:57,542 Epoch number 20, batch number 25/40:       batch loss 0.011160833761096
2023-11-22 14:36:58,154 Epoch number 20, batch number 26/40:       batch loss 0.010190289467573166
2023-11-22 14:36:58,779 Epoch number 20, batch number 27/40:       batch loss 0.011987037025392056
2023-11-22 14:36:59,414 Epoch number 20, batch number 28/40:       batch loss 0.011385795660316944
2023-11-22 14:37:00,039 Epoch number 20, batch number 29/40:       batch loss 0.015323648229241371
2023-11-22 14:37:00,682 Epoch number 20, batch number 30/40:       batch loss 0.012339949607849121
2023-11-22 14:37:01,310 Epoch number 20, batch number 31/40:       batch loss 0.010075852274894714
2023-11-22 14:37:01,931 Epoch number 20, batch number 32/40:       batch loss 0.01799817383289337
2023-11-22 14:37:02,564 Epoch number 20, batch number 33/40:       batch loss 0.010976651683449745
2023-11-22 14:37:03,191 Epoch number 20, batch number 34/40:       batch loss 0.01250343956053257
2023-11-22 14:37:03,814 Epoch number 20, batch number 35/40:       batch loss 0.014313059858977795
2023-11-22 14:37:04,432 Epoch number 20, batch number 36/40:       batch loss 0.012768900953233242
2023-11-22 14:37:05,055 Epoch number 20, batch number 37/40:       batch loss 0.009930574335157871
2023-11-22 14:37:05,677 Epoch number 20, batch number 38/40:       batch loss 0.013520104810595512
2023-11-22 14:37:06,302 Epoch number 20, batch number 39/40:       batch loss 0.010856492444872856
2023-11-22 14:37:07,491 findfont: Font family 'Arial' not found.
2023-11-22 14:37:07,493 findfont: Font family 'Arial' not found.
2023-11-22 14:37:07,494 findfont: Font family 'Times New Roman' not found.
2023-11-22 14:37:07,494 findfont: Font family 'Times New Roman' not found.
2023-11-22 14:37:07,495 findfont: Font family 'Times New Roman' not found.
2023-11-22 14:37:07,516 findfont: Font family 'Arial' not found.
2023-11-22 14:37:07,517 findfont: Font family 'Arial' not found.
2023-11-22 14:37:07,529 findfont: Font family 'Arial' not found.
2023-11-22 14:37:07,531 findfont: Font family 'Times New Roman' not found.
2023-11-22 14:37:07,532 findfont: Font family 'Times New Roman' not found.
2023-11-22 14:37:07,606 findfont: Font family 'Arial' not found.
2023-11-22 14:37:07,619 findfont: Font family 'Arial' not found.
2023-11-22 14:37:07,621 findfont: Font family 'Times New Roman' not found.
2023-11-22 14:37:07,622 findfont: Font family 'Times New Roman' not found.
2023-11-22 14:37:07,664 findfont: Font family 'Arial' not found.
2023-11-22 14:37:07,665 findfont: Font family 'Arial' not found.
2023-11-22 14:37:07,665 findfont: Font family 'Times New Roman' not found.
2023-11-22 14:37:07,665 findfont: Font family 'Times New Roman' not found.
2023-11-22 14:37:07,666 findfont: Font family 'Times New Roman' not found.
2023-11-22 14:37:07,687 findfont: Font family 'Arial' not found.
2023-11-22 14:37:07,688 findfont: Font family 'Arial' not found.
2023-11-22 14:37:07,698 findfont: Font family 'Arial' not found.
2023-11-22 14:37:07,701 findfont: Font family 'Times New Roman' not found.
2023-11-22 14:37:07,702 findfont: Font family 'Times New Roman' not found.
2023-11-22 14:37:07,770 findfont: Font family 'Arial' not found.
2023-11-22 14:37:07,780 findfont: Font family 'Arial' not found.
2023-11-22 14:37:07,782 findfont: Font family 'Times New Roman' not found.
2023-11-22 14:37:07,783 findfont: Font family 'Times New Roman' not found.
2023-11-22 14:37:07,791 Run Finished Successfully
