2023-11-18 21:00:55,202 This is a summery of the run:
2023-11-18 21:00:55,202 Batch size for this run: 2
2023-11-18 21:00:55,202 Size of original image: 32 X 32
2023-11-18 21:00:55,202 learning rate: 0.001
2023-11-18 21:00:55,202 number of masks: 10
2023-11-18 21:00:55,202 Compression ratio: 100
2023-11-18 21:00:55,202 epochs : 5
2023-11-18 21:00:55,202 ***************************************************************************


2023-11-18 21:00:55,202 learning rate: 0.001
2023-11-18 21:00:55,816 Epoch number 0, batch number 0/8:       batch loss 0.05462785065174103
2023-11-18 21:00:56,928 Epoch number 0, batch number 1/8:       batch loss 0.04639727622270584
2023-11-18 21:01:00,140 Epoch number 0, batch number 2/8:       batch loss 0.023141762241721153
2023-11-18 21:01:02,351 Epoch number 0, batch number 3/8:       batch loss 0.041928455233573914
2023-11-18 21:01:05,352 Epoch number 0, batch number 4/8:       batch loss 0.057428378611803055
2023-11-18 21:01:08,104 Epoch number 0, batch number 5/8:       batch loss 0.06218966469168663
2023-11-18 21:01:11,456 Epoch number 0, batch number 6/8:       batch loss 0.0669357180595398
2023-11-18 21:01:15,077 Epoch number 0, batch number 7/8:       batch loss 0.036816973239183426
2023-11-18 21:01:17,094 Epoch: 1 	Training Loss: 0.048683
2023-11-18 21:01:17,094 Time for epoch 1 : 22 sec
2023-11-18 21:01:17,094 lr for epoch 1 is 0.00100
