2023-11-18 21:11:52,055 This is a summery of the run:
2023-11-18 21:11:52,056 Batch size for this run: 2
2023-11-18 21:11:52,056 Size of original image: 32 X 32
2023-11-18 21:11:52,056 learning rate: 0.001
2023-11-18 21:11:52,056 number of masks: 10
2023-11-18 21:11:52,056 Compression ratio: 100
2023-11-18 21:11:52,056 epochs : 5
2023-11-18 21:11:52,056 ***************************************************************************


2023-11-18 21:11:52,056 learning rate: 0.001
2023-11-18 21:11:52,694 Epoch number 0, batch number 0/8:       batch loss 0.05572187528014183
2023-11-18 21:11:53,814 Epoch number 0, batch number 1/8:       batch loss 0.05396414175629616
2023-11-18 21:11:57,080 Epoch number 0, batch number 2/8:       batch loss 0.05518561601638794
2023-11-18 21:11:59,267 Epoch number 0, batch number 3/8:       batch loss 0.04338284581899643
2023-11-18 21:12:02,237 Epoch number 0, batch number 4/8:       batch loss 0.04184998944401741
2023-11-18 21:12:04,948 Epoch number 0, batch number 5/8:       batch loss 0.03703634440898895
2023-11-18 21:12:08,304 Epoch number 0, batch number 6/8:       batch loss 0.03954058885574341
2023-11-18 21:12:11,884 Epoch number 0, batch number 7/8:       batch loss 0.06541696190834045
2023-11-18 21:12:13,867 Epoch: 1 	Training Loss: 0.049012
2023-11-18 21:12:13,868 Time for epoch 1 : 22 sec
2023-11-18 21:12:13,868 lr for epoch 1 is 0.00100
2023-11-18 21:12:16,294 Epoch number 1, batch number 0/8:       batch loss 0.027978647500276566
2023-11-18 21:12:18,743 Epoch number 1, batch number 1/8:       batch loss 0.05176124721765518
2023-11-18 21:12:20,897 Epoch number 1, batch number 2/8:       batch loss 0.052616097033023834
2023-11-18 21:12:23,837 Epoch number 1, batch number 3/8:       batch loss 0.06707561761140823
2023-11-18 21:12:27,030 Epoch number 1, batch number 4/8:       batch loss 0.045880481600761414
2023-11-18 21:12:28,621 Epoch number 1, batch number 5/8:       batch loss 0.056182123720645905
2023-11-18 21:12:30,792 Epoch number 1, batch number 6/8:       batch loss 0.031612809747457504
2023-11-18 21:12:34,392 Epoch number 1, batch number 7/8:       batch loss 0.051572222262620926
2023-11-18 21:12:37,357 Epoch: 2 	Training Loss: 0.048085
2023-11-18 21:12:37,357 Time for epoch 2 : 22 sec
2023-11-18 21:12:37,357 lr for epoch 2 is 0.00100
2023-11-18 21:12:39,787 Epoch number 2, batch number 0/8:       batch loss 0.03335464373230934
2023-11-18 21:12:41,878 Epoch number 2, batch number 1/8:       batch loss 0.04912838339805603
2023-11-18 21:12:44,091 Epoch number 2, batch number 2/8:       batch loss 0.03983088955283165
2023-11-18 21:12:45,527 Epoch number 2, batch number 3/8:       batch loss 0.05960908159613609
2023-11-18 21:12:50,110 Epoch number 2, batch number 4/8:       batch loss 0.051556460559368134
2023-11-18 21:12:51,228 Epoch number 2, batch number 5/8:       batch loss 0.06253327429294586
2023-11-18 21:12:54,368 Epoch number 2, batch number 6/8:       batch loss 0.05409695953130722
2023-11-18 21:12:57,680 Epoch number 2, batch number 7/8:       batch loss 0.038202058523893356
2023-11-18 21:13:00,709 Epoch: 3 	Training Loss: 0.048539
2023-11-18 21:13:00,709 Time for epoch 3 : 22 sec
2023-11-18 21:13:00,709 lr for epoch 3 is 0.00100
2023-11-18 21:13:04,081 Epoch number 3, batch number 0/8:       batch loss 0.0401814840734005
2023-11-18 21:13:07,059 Epoch number 3, batch number 1/8:       batch loss 0.06482870876789093
2023-11-18 21:13:08,745 Epoch number 3, batch number 2/8:       batch loss 0.04618329182267189
2023-11-18 21:13:10,191 Epoch number 3, batch number 3/8:       batch loss 0.038802191615104675
2023-11-18 21:13:13,356 Epoch number 3, batch number 4/8:       batch loss 0.061068955808877945
2023-11-18 21:13:15,905 Epoch number 3, batch number 5/8:       batch loss 0.04265198856592178
2023-11-18 21:13:17,131 Epoch number 3, batch number 6/8:       batch loss 0.03785572946071625
2023-11-18 21:13:20,796 Epoch number 3, batch number 7/8:       batch loss 0.05431218445301056
2023-11-18 21:13:25,357 Epoch: 4 	Training Loss: 0.048236
2023-11-18 21:13:25,357 Time for epoch 4 : 22 sec
2023-11-18 21:13:25,358 lr for epoch 4 is 0.00100
2023-11-18 21:13:27,943 Epoch number 4, batch number 0/8:       batch loss 0.05271759629249573
2023-11-18 21:13:29,296 Epoch number 4, batch number 1/8:       batch loss 0.03639760613441467
2023-11-18 21:13:32,014 Epoch number 4, batch number 2/8:       batch loss 0.045658960938453674
