2023-10-15 02:16:48,465 This is a summery of the run:
2023-10-15 02:16:48,465 Batch size for this run: 2
2023-10-15 02:16:48,465 Size of original image: 64 X 64
2023-10-15 02:16:48,465 learning rate: 0.003
2023-10-15 02:16:48,465 number of masks: 2048
2023-10-15 02:16:48,465 Compression ratio: 2
2023-10-15 02:16:48,465 epochs : 20
2023-10-15 02:16:48,465 ***************************************************************************


2023-10-15 02:16:48,465 learning rate: 0.003
2023-10-15 02:17:09,191 Epoch number 0, batch number 0/2:       batch loss 0.1044832319021225
2023-10-15 02:17:14,162 Epoch number 0, batch number 1/2:       batch loss 0.11656845360994339
2023-10-15 02:17:14,248 Epoch: 1 	Training Loss: 0.110526
2023-10-15 02:17:14,248 Time for epoch 1 : 16 sec
2023-10-15 02:17:14,248 Average PSNR for epoch 1 on training set is 0.000000
2023-10-15 02:17:38,417 Epoch number 1, batch number 0/2:       batch loss 0.11082041263580322
2023-10-15 02:17:43,369 Epoch number 1, batch number 1/2:       batch loss 0.11543366312980652
2023-10-15 02:17:44,079 Epoch: 2 	Training Loss: 0.113127
2023-10-15 02:17:44,079 Time for epoch 2 : 28 sec
2023-10-15 02:17:44,079 Average PSNR for epoch 2 on training set is 0.000000
2023-10-15 02:18:10,290 Epoch number 2, batch number 0/2:       batch loss 0.1185394898056984
2023-10-15 02:18:14,818 Epoch number 2, batch number 1/2:       batch loss 0.11053954064846039
2023-10-15 02:18:15,622 Epoch: 3 	Training Loss: 0.114540
2023-10-15 02:18:15,622 Time for epoch 3 : 28 sec
2023-10-15 02:18:15,622 Average PSNR for epoch 3 on training set is 0.000000
2023-10-15 02:18:39,695 Epoch number 3, batch number 0/2:       batch loss 0.10968577116727829
2023-10-15 02:18:44,187 Epoch number 3, batch number 1/2:       batch loss 0.11478617042303085
2023-10-15 02:18:45,048 Epoch: 4 	Training Loss: 0.112236
2023-10-15 02:18:45,048 Time for epoch 4 : 27 sec
2023-10-15 02:18:45,048 Average PSNR for epoch 4 on training set is 0.000000
2023-10-15 02:19:08,838 Epoch number 4, batch number 0/2:       batch loss 0.1109917163848877
2023-10-15 02:19:13,315 Epoch number 4, batch number 1/2:       batch loss 0.1121688112616539
2023-10-15 02:19:14,180 Epoch: 5 	Training Loss: 0.111580
2023-10-15 02:19:14,180 Time for epoch 5 : 27 sec
2023-10-15 02:19:14,180 Average PSNR for epoch 5 on training set is 0.000000
2023-10-15 02:19:38,243 Epoch number 5, batch number 0/2:       batch loss 0.10165448486804962
2023-10-15 02:19:42,802 Epoch number 5, batch number 1/2:       batch loss 0.11435945332050323
2023-10-15 02:19:43,604 Epoch: 6 	Training Loss: 0.108007
2023-10-15 02:19:43,604 Time for epoch 6 : 27 sec
2023-10-15 02:19:43,604 Average PSNR for epoch 6 on training set is 0.000000
2023-10-15 02:20:09,698 Epoch number 6, batch number 0/2:       batch loss 0.10113710165023804
2023-10-15 02:20:14,217 Epoch number 6, batch number 1/2:       batch loss 0.11074469238519669
2023-10-15 02:20:15,013 Epoch: 7 	Training Loss: 0.105941
2023-10-15 02:20:15,013 Time for epoch 7 : 29 sec
2023-10-15 02:20:15,013 Average PSNR for epoch 7 on training set is 0.000000
2023-10-15 02:20:39,216 Epoch number 7, batch number 0/2:       batch loss 0.11056888848543167
2023-10-15 02:20:43,707 Epoch number 7, batch number 1/2:       batch loss 0.10445176810026169
2023-10-15 02:20:44,532 Epoch: 8 	Training Loss: 0.107510
2023-10-15 02:20:44,532 Time for epoch 8 : 27 sec
2023-10-15 02:20:44,532 Average PSNR for epoch 8 on training set is 0.000000
2023-10-15 02:21:08,745 Epoch number 8, batch number 0/2:       batch loss 0.11159767955541611
2023-10-15 02:21:13,231 Epoch number 8, batch number 1/2:       batch loss 0.10924555361270905
2023-10-15 02:21:14,065 Epoch: 9 	Training Loss: 0.110422
2023-10-15 02:21:14,065 Time for epoch 9 : 27 sec
2023-10-15 02:21:14,065 Average PSNR for epoch 9 on training set is 0.000000
2023-10-15 02:21:38,131 Epoch number 9, batch number 0/2:       batch loss 0.10635598748922348
2023-10-15 02:21:42,650 Epoch number 9, batch number 1/2:       batch loss 0.11645784229040146
2023-10-15 02:21:43,490 Epoch: 10 	Training Loss: 0.111407
2023-10-15 02:21:43,490 Time for epoch 10 : 27 sec
2023-10-15 02:21:43,490 Average PSNR for epoch 10 on training set is 0.000000
2023-10-15 02:22:07,502 Epoch number 10, batch number 0/2:       batch loss 0.10743812471628189
2023-10-15 02:22:12,412 Epoch number 10, batch number 1/2:       batch loss 0.10825551301240921
2023-10-15 02:22:14,050 Epoch: 11 	Training Loss: 0.107847
2023-10-15 02:22:14,051 Time for epoch 11 : 28 sec
2023-10-15 02:22:14,051 Average PSNR for epoch 11 on training set is 0.000000
2023-10-15 02:22:40,121 Epoch number 11, batch number 0/2:       batch loss 0.09649099409580231
2023-10-15 02:22:45,132 Epoch number 11, batch number 1/2:       batch loss 0.11121880263090134
2023-10-15 02:22:46,679 Epoch: 12 	Training Loss: 0.103855
2023-10-15 02:22:46,680 Time for epoch 12 : 29 sec
2023-10-15 02:22:46,680 Average PSNR for epoch 12 on training set is 0.000000
2023-10-15 02:23:12,907 Epoch number 12, batch number 0/2:       batch loss 0.11301273107528687
2023-10-15 02:23:17,880 Epoch number 12, batch number 1/2:       batch loss 0.10354345291852951
2023-10-15 02:23:18,734 Epoch: 13 	Training Loss: 0.108278
2023-10-15 02:23:18,734 Time for epoch 13 : 28 sec
2023-10-15 02:23:18,734 Average PSNR for epoch 13 on training set is 0.000000
2023-10-15 02:23:42,788 Epoch number 13, batch number 0/2:       batch loss 0.1063363254070282
2023-10-15 02:23:47,299 Epoch number 13, batch number 1/2:       batch loss 0.11609864979982376
2023-10-15 02:23:48,081 Epoch: 14 	Training Loss: 0.111217
2023-10-15 02:23:48,081 Time for epoch 14 : 27 sec
2023-10-15 02:23:48,081 Average PSNR for epoch 14 on training set is 0.000000
2023-10-15 02:24:12,288 Epoch number 14, batch number 0/2:       batch loss 0.11304499208927155
2023-10-15 02:24:16,832 Epoch number 14, batch number 1/2:       batch loss 0.10231947898864746
2023-10-15 02:24:17,673 Epoch: 15 	Training Loss: 0.107682
2023-10-15 02:24:17,673 Time for epoch 15 : 27 sec
2023-10-15 02:24:17,673 Average PSNR for epoch 15 on training set is 0.000000
2023-10-15 02:24:41,684 Epoch number 15, batch number 0/2:       batch loss 0.11384286731481552
2023-10-15 02:24:46,160 Epoch number 15, batch number 1/2:       batch loss 0.10352924466133118
2023-10-15 02:24:46,892 Epoch: 16 	Training Loss: 0.108686
2023-10-15 02:24:46,892 Time for epoch 16 : 27 sec
2023-10-15 02:24:46,892 Average PSNR for epoch 16 on training set is 0.000000
2023-10-15 02:25:10,663 Epoch number 16, batch number 0/2:       batch loss 0.10648365318775177
2023-10-15 02:25:15,149 Epoch number 16, batch number 1/2:       batch loss 0.10920628905296326
2023-10-15 02:25:16,018 Epoch: 17 	Training Loss: 0.107845
2023-10-15 02:25:16,018 Time for epoch 17 : 27 sec
2023-10-15 02:25:16,018 Average PSNR for epoch 17 on training set is 0.000000
2023-10-15 02:25:39,759 Epoch number 17, batch number 0/2:       batch loss 0.10611949115991592
2023-10-15 02:25:44,281 Epoch number 17, batch number 1/2:       batch loss 0.11006411910057068
2023-10-15 02:25:45,167 Epoch: 18 	Training Loss: 0.108092
2023-10-15 02:25:45,167 Time for epoch 18 : 27 sec
2023-10-15 02:25:45,167 Average PSNR for epoch 18 on training set is 0.000000
2023-10-15 02:26:09,273 Epoch number 18, batch number 0/2:       batch loss 0.11673992872238159
2023-10-15 02:26:14,290 Epoch number 18, batch number 1/2:       batch loss 0.0962725505232811
2023-10-15 02:26:15,853 Epoch: 19 	Training Loss: 0.106506
2023-10-15 02:26:15,853 Time for epoch 19 : 28 sec
2023-10-15 02:26:15,853 Average PSNR for epoch 19 on training set is 0.000000
2023-10-15 02:26:42,169 Epoch number 19, batch number 0/2:       batch loss 0.11717726290225983
2023-10-15 02:26:47,174 Epoch number 19, batch number 1/2:       batch loss 0.0937478095293045
2023-10-15 02:26:48,732 Epoch: 20 	Training Loss: 0.105463
2023-10-15 02:26:48,732 Time for epoch 20 : 29 sec
2023-10-15 02:26:48,732 Average PSNR for epoch 20 on training set is 0.000000
2023-10-15 02:27:14,837 Epoch number 20, batch number 0/2:       batch loss 0.10254562646150589
2023-10-15 02:27:19,799 Epoch number 20, batch number 1/2:       batch loss 0.11846599727869034
2023-10-15 02:27:23,453 findfont: Font family 'Arial' not found.
2023-10-15 02:27:23,459 findfont: Font family 'Arial' not found.
2023-10-15 02:27:23,461 findfont: Font family 'Times New Roman' not found.
2023-10-15 02:27:23,461 findfont: Font family 'Times New Roman' not found.
2023-10-15 02:27:23,461 findfont: Font family 'Times New Roman' not found.
2023-10-15 02:27:23,476 findfont: Font family 'Arial' not found.
2023-10-15 02:27:23,477 findfont: Font family 'Arial' not found.
2023-10-15 02:27:23,483 findfont: Font family 'Arial' not found.
2023-10-15 02:27:23,484 findfont: Font family 'Times New Roman' not found.
2023-10-15 02:27:23,485 findfont: Font family 'Times New Roman' not found.
2023-10-15 02:27:23,534 findfont: Font family 'Arial' not found.
2023-10-15 02:27:23,540 findfont: Font family 'Arial' not found.
2023-10-15 02:27:23,541 findfont: Font family 'Times New Roman' not found.
2023-10-15 02:27:23,542 findfont: Font family 'Times New Roman' not found.
2023-10-15 02:27:23,548 Run Finished Successfully
