2023-11-10 08:41:02,869 This is a summery of the run:
2023-11-10 08:41:02,869 Batch size for this run: 2
2023-11-10 08:41:02,869 Size of original image: 32 X 32
2023-11-10 08:41:02,869 learning rate: 0.001
2023-11-10 08:41:02,869 number of masks: 102
2023-11-10 08:41:02,869 Compression ratio: 10
2023-11-10 08:41:02,869 epochs : 80
2023-11-10 08:41:02,869 ***************************************************************************


2023-11-10 08:41:02,869 learning rate: 0.001
2023-11-10 08:41:04,216 Epoch number 0, batch number 0/40:       batch loss 0.03612720966339111
2023-11-10 08:41:04,788 Epoch number 0, batch number 1/40:       batch loss 0.059281665831804276
2023-11-10 08:41:05,348 Epoch number 0, batch number 2/40:       batch loss 0.05574110150337219
2023-11-10 08:41:05,895 Epoch number 0, batch number 3/40:       batch loss 0.05813215672969818
2023-11-10 08:41:06,443 Epoch number 0, batch number 4/40:       batch loss 0.05335718020796776
2023-11-10 08:41:06,999 Epoch number 0, batch number 5/40:       batch loss 0.06030930578708649
2023-11-10 08:41:07,539 Epoch number 0, batch number 6/40:       batch loss 0.05750959366559982
2023-11-10 08:41:08,076 Epoch number 0, batch number 7/40:       batch loss 0.03375430405139923
2023-11-10 08:41:08,618 Epoch number 0, batch number 8/40:       batch loss 0.03353549912571907
2023-11-10 08:41:09,164 Epoch number 0, batch number 9/40:       batch loss 0.032205451279878616
2023-11-10 08:41:09,714 Epoch number 0, batch number 10/40:       batch loss 0.041988555341959
2023-11-10 08:41:10,273 Epoch number 0, batch number 11/40:       batch loss 0.022069621831178665
2023-11-10 08:41:10,843 Epoch number 0, batch number 12/40:       batch loss 0.023320917040109634
2023-11-10 08:41:11,405 Epoch number 0, batch number 13/40:       batch loss 0.03258596360683441
2023-11-10 08:41:11,971 Epoch number 0, batch number 14/40:       batch loss 0.021330878138542175
2023-11-10 08:41:12,530 Epoch number 0, batch number 15/40:       batch loss 0.027504928410053253
2023-11-10 08:41:13,081 Epoch number 0, batch number 16/40:       batch loss 0.04011150449514389
2023-11-10 08:41:13,636 Epoch number 0, batch number 17/40:       batch loss 0.019969195127487183
2023-11-10 08:41:14,185 Epoch number 0, batch number 18/40:       batch loss 0.013268942944705486
2023-11-10 08:41:14,758 Epoch number 0, batch number 19/40:       batch loss 0.02213873900473118
2023-11-10 08:41:15,315 Epoch number 0, batch number 20/40:       batch loss 0.028803672641515732
2023-11-10 08:41:15,866 Epoch number 0, batch number 21/40:       batch loss 0.031084366142749786
2023-11-10 08:41:16,421 Epoch number 0, batch number 22/40:       batch loss 0.02261354774236679
2023-11-10 08:41:16,963 Epoch number 0, batch number 23/40:       batch loss 0.030893921852111816
2023-11-10 08:41:17,497 Epoch number 0, batch number 24/40:       batch loss 0.02469547837972641
2023-11-10 08:41:18,024 Epoch number 0, batch number 25/40:       batch loss 0.028071368113160133
2023-11-10 08:41:18,564 Epoch number 0, batch number 26/40:       batch loss 0.023399455472826958
2023-11-10 08:41:19,096 Epoch number 0, batch number 27/40:       batch loss 0.02845590002834797
2023-11-10 08:41:19,632 Epoch number 0, batch number 28/40:       batch loss 0.021584458649158478
2023-11-10 08:41:20,179 Epoch number 0, batch number 29/40:       batch loss 0.026530439034104347
2023-11-10 08:41:20,722 Epoch number 0, batch number 30/40:       batch loss 0.02579125203192234
2023-11-10 08:41:21,266 Epoch number 0, batch number 31/40:       batch loss 0.02019326388835907
2023-11-10 08:41:21,810 Epoch number 0, batch number 32/40:       batch loss 0.026602482423186302
2023-11-10 08:41:22,349 Epoch number 0, batch number 33/40:       batch loss 0.024518892168998718
2023-11-10 08:41:22,885 Epoch number 0, batch number 34/40:       batch loss 0.02205253764986992
2023-11-10 08:41:23,451 Epoch number 0, batch number 35/40:       batch loss 0.018422119319438934
2023-11-10 08:41:24,010 Epoch number 0, batch number 36/40:       batch loss 0.020028866827487946
2023-11-10 08:41:24,570 Epoch number 0, batch number 37/40:       batch loss 0.016788577660918236
2023-11-10 08:41:25,113 Epoch number 0, batch number 38/40:       batch loss 0.01773413084447384
2023-11-10 08:41:25,648 Epoch number 0, batch number 39/40:       batch loss 0.022807516157627106
2023-11-10 08:41:25,690 Epoch: 1 	Training Loss: 0.030633
2023-11-10 08:41:25,691 Time for epoch 1 : 23 sec
2023-11-10 08:41:25,691 lr for epoch 1 is 0.10000
2023-11-10 08:41:27,701 Epoch number 1, batch number 0/40:       batch loss 0.01223151944577694
2023-11-10 08:41:28,311 Epoch number 1, batch number 1/40:       batch loss 0.02752351388335228
2023-11-10 08:41:28,919 Epoch number 1, batch number 2/40:       batch loss 0.015466553159058094
2023-11-10 08:41:29,554 Epoch number 1, batch number 3/40:       batch loss 0.025329820811748505
2023-11-10 08:41:30,168 Epoch number 1, batch number 4/40:       batch loss 0.018012812361121178
2023-11-10 08:41:30,769 Epoch number 1, batch number 5/40:       batch loss 0.016073456034064293
2023-11-10 08:41:31,367 Epoch number 1, batch number 6/40:       batch loss 0.023464800789952278
2023-11-10 08:41:31,965 Epoch number 1, batch number 7/40:       batch loss 0.02062981203198433
2023-11-10 08:41:32,566 Epoch number 1, batch number 8/40:       batch loss 0.013848261907696724
2023-11-10 08:41:33,158 Epoch number 1, batch number 9/40:       batch loss 0.016371116042137146
2023-11-10 08:41:33,771 Epoch number 1, batch number 10/40:       batch loss 0.020623188465833664
2023-11-10 08:41:34,364 Epoch number 1, batch number 11/40:       batch loss 0.015716327354311943
2023-11-10 08:41:34,945 Epoch number 1, batch number 12/40:       batch loss 0.026997124776244164
2023-11-10 08:41:35,528 Epoch number 1, batch number 13/40:       batch loss 0.018962137401103973
2023-11-10 08:41:36,115 Epoch number 1, batch number 14/40:       batch loss 0.023292142897844315
2023-11-10 08:41:36,705 Epoch number 1, batch number 15/40:       batch loss 0.01856566220521927
2023-11-10 08:41:37,295 Epoch number 1, batch number 16/40:       batch loss 0.016472484916448593
2023-11-10 08:41:37,872 Epoch number 1, batch number 17/40:       batch loss 0.022179149091243744
2023-11-10 08:41:38,466 Epoch number 1, batch number 18/40:       batch loss 0.01893223077058792
2023-11-10 08:41:39,045 Epoch number 1, batch number 19/40:       batch loss 0.015722647309303284
2023-11-10 08:41:39,629 Epoch number 1, batch number 20/40:       batch loss 0.019179251044988632
2023-11-10 08:41:40,232 Epoch number 1, batch number 21/40:       batch loss 0.02198338508605957
2023-11-10 08:41:40,832 Epoch number 1, batch number 22/40:       batch loss 0.020144497975707054
2023-11-10 08:41:41,439 Epoch number 1, batch number 23/40:       batch loss 0.020754927769303322
2023-11-10 08:41:42,045 Epoch number 1, batch number 24/40:       batch loss 0.01367457676678896
2023-11-10 08:41:42,646 Epoch number 1, batch number 25/40:       batch loss 0.01717769168317318
2023-11-10 08:41:43,242 Epoch number 1, batch number 26/40:       batch loss 0.02269512042403221
2023-11-10 08:41:43,840 Epoch number 1, batch number 27/40:       batch loss 0.01877240464091301
2023-11-10 08:41:44,439 Epoch number 1, batch number 28/40:       batch loss 0.02035757526755333
2023-11-10 08:41:45,024 Epoch number 1, batch number 29/40:       batch loss 0.017392799258232117
2023-11-10 08:41:45,627 Epoch number 1, batch number 30/40:       batch loss 0.024701833724975586
2023-11-10 08:41:46,210 Epoch number 1, batch number 31/40:       batch loss 0.012833932414650917
2023-11-10 08:41:46,809 Epoch number 1, batch number 32/40:       batch loss 0.012040636502206326
2023-11-10 08:41:47,409 Epoch number 1, batch number 33/40:       batch loss 0.016710327938199043
2023-11-10 08:41:47,997 Epoch number 1, batch number 34/40:       batch loss 0.014864038676023483
2023-11-10 08:41:48,619 Epoch number 1, batch number 35/40:       batch loss 0.017718836665153503
2023-11-10 08:41:49,213 Epoch number 1, batch number 36/40:       batch loss 0.020231453701853752
2023-11-10 08:41:49,816 Epoch number 1, batch number 37/40:       batch loss 0.013687925413250923
2023-11-10 08:41:50,419 Epoch number 1, batch number 38/40:       batch loss 0.011605504900217056
2023-11-10 08:41:51,005 Epoch number 1, batch number 39/40:       batch loss 0.015877682715654373
2023-11-10 08:41:51,049 Epoch: 2 	Training Loss: 0.018470
2023-11-10 08:41:51,050 Time for epoch 2 : 24 sec
2023-11-10 08:41:51,050 lr for epoch 2 is 0.10000
2023-11-10 08:41:53,162 Epoch number 2, batch number 0/40:       batch loss 0.00926598347723484
2023-11-10 08:41:53,810 Epoch number 2, batch number 1/40:       batch loss 0.010186315514147282
2023-11-10 08:41:54,447 Epoch number 2, batch number 2/40:       batch loss 0.012584944255650043
2023-11-10 08:41:55,071 Epoch number 2, batch number 3/40:       batch loss 0.008742938749492168
2023-11-10 08:41:55,682 Epoch number 2, batch number 4/40:       batch loss 0.014000756666064262
2023-11-10 08:41:56,295 Epoch number 2, batch number 5/40:       batch loss 0.013302373699843884
2023-11-10 08:41:56,905 Epoch number 2, batch number 6/40:       batch loss 0.020248528569936752
2023-11-10 08:41:57,525 Epoch number 2, batch number 7/40:       batch loss 0.014221956953406334
2023-11-10 08:41:58,140 Epoch number 2, batch number 8/40:       batch loss 0.018566595390439034
2023-11-10 08:41:58,755 Epoch number 2, batch number 9/40:       batch loss 0.01447583083063364
2023-11-10 08:41:59,370 Epoch number 2, batch number 10/40:       batch loss 0.017336349934339523
2023-11-10 08:41:59,997 Epoch number 2, batch number 11/40:       batch loss 0.010448423214256763
2023-11-10 08:42:00,607 Epoch number 2, batch number 12/40:       batch loss 0.015500040724873543
2023-11-10 08:42:01,236 Epoch number 2, batch number 13/40:       batch loss 0.01573941670358181
2023-11-10 08:42:01,858 Epoch number 2, batch number 14/40:       batch loss 0.014408234506845474
2023-11-10 08:42:02,495 Epoch number 2, batch number 15/40:       batch loss 0.023999754339456558
2023-11-10 08:42:03,119 Epoch number 2, batch number 16/40:       batch loss 0.014294978231191635
2023-11-10 08:42:03,738 Epoch number 2, batch number 17/40:       batch loss 0.012768487446010113
2023-11-10 08:42:04,376 Epoch number 2, batch number 18/40:       batch loss 0.014543270692229271
2023-11-10 08:42:04,998 Epoch number 2, batch number 19/40:       batch loss 0.01627131551504135
2023-11-10 08:42:05,633 Epoch number 2, batch number 20/40:       batch loss 0.021799994632601738
2023-11-10 08:42:06,269 Epoch number 2, batch number 21/40:       batch loss 0.01627504453063011
2023-11-10 08:42:06,890 Epoch number 2, batch number 22/40:       batch loss 0.013837749138474464
2023-11-10 08:42:07,502 Epoch number 2, batch number 23/40:       batch loss 0.011702094227075577
2023-11-10 08:42:08,130 Epoch number 2, batch number 24/40:       batch loss 0.011331098154187202
2023-11-10 08:42:08,763 Epoch number 2, batch number 25/40:       batch loss 0.013321652077138424
2023-11-10 08:42:09,403 Epoch number 2, batch number 26/40:       batch loss 0.016681889072060585
2023-11-10 08:42:10,053 Epoch number 2, batch number 27/40:       batch loss 0.02202712558209896
2023-11-10 08:42:10,670 Epoch number 2, batch number 28/40:       batch loss 0.018526878207921982
2023-11-10 08:42:11,286 Epoch number 2, batch number 29/40:       batch loss 0.015625417232513428
2023-11-10 08:42:11,909 Epoch number 2, batch number 30/40:       batch loss 0.010409098118543625
2023-11-10 08:42:12,548 Epoch number 2, batch number 31/40:       batch loss 0.014597908593714237
2023-11-10 08:42:13,167 Epoch number 2, batch number 32/40:       batch loss 0.013508723117411137
2023-11-10 08:42:13,781 Epoch number 2, batch number 33/40:       batch loss 0.01771850511431694
2023-11-10 08:42:14,393 Epoch number 2, batch number 34/40:       batch loss 0.014005754142999649
2023-11-10 08:42:15,020 Epoch number 2, batch number 35/40:       batch loss 0.01586015895009041
2023-11-10 08:42:15,642 Epoch number 2, batch number 36/40:       batch loss 0.009379353374242783
2023-11-10 08:42:16,268 Epoch number 2, batch number 37/40:       batch loss 0.01834687776863575
2023-11-10 08:42:16,878 Epoch number 2, batch number 38/40:       batch loss 0.01041183527559042
2023-11-10 08:42:17,478 Epoch number 2, batch number 39/40:       batch loss 0.014347931370139122
2023-11-10 08:42:17,519 Epoch: 3 	Training Loss: 0.014766
2023-11-10 08:42:17,520 Time for epoch 3 : 25 sec
2023-11-10 08:42:17,520 lr for epoch 3 is 0.10000
2023-11-10 08:42:19,551 Epoch number 3, batch number 0/40:       batch loss 0.01016050111502409
2023-11-10 08:42:20,198 Epoch number 3, batch number 1/40:       batch loss 0.01434509176760912
2023-11-10 08:42:20,812 Epoch number 3, batch number 2/40:       batch loss 0.018666286021471024
2023-11-10 08:42:21,443 Epoch number 3, batch number 3/40:       batch loss 0.012809094041585922
2023-11-10 08:42:22,093 Epoch number 3, batch number 4/40:       batch loss 0.011910893023014069
2023-11-10 08:42:22,735 Epoch number 3, batch number 5/40:       batch loss 0.012399793602526188
2023-11-10 08:42:23,384 Epoch number 3, batch number 6/40:       batch loss 0.01026415266096592
2023-11-10 08:42:24,013 Epoch number 3, batch number 7/40:       batch loss 0.01095256581902504
2023-11-10 08:42:24,639 Epoch number 3, batch number 8/40:       batch loss 0.013118918985128403
2023-11-10 08:42:25,257 Epoch number 3, batch number 9/40:       batch loss 0.013746575452387333
2023-11-10 08:42:25,879 Epoch number 3, batch number 10/40:       batch loss 0.013134878128767014
2023-11-10 08:42:26,511 Epoch number 3, batch number 11/40:       batch loss 0.016308892518281937
2023-11-10 08:42:27,132 Epoch number 3, batch number 12/40:       batch loss 0.01536195632070303
2023-11-10 08:42:27,731 Epoch number 3, batch number 13/40:       batch loss 0.011827216483652592
2023-11-10 08:42:28,344 Epoch number 3, batch number 14/40:       batch loss 0.01612277701497078
2023-11-10 08:42:28,952 Epoch number 3, batch number 15/40:       batch loss 0.013597195968031883
2023-11-10 08:42:29,559 Epoch number 3, batch number 16/40:       batch loss 0.011923341080546379
2023-11-10 08:42:30,190 Epoch number 3, batch number 17/40:       batch loss 0.011499681510031223
2023-11-10 08:42:30,810 Epoch number 3, batch number 18/40:       batch loss 0.01294255442917347
2023-11-10 08:42:31,422 Epoch number 3, batch number 19/40:       batch loss 0.011722571216523647
2023-11-10 08:42:32,031 Epoch number 3, batch number 20/40:       batch loss 0.01816106215119362
2023-11-10 08:42:32,654 Epoch number 3, batch number 21/40:       batch loss 0.015994545072317123
2023-11-10 08:42:33,271 Epoch number 3, batch number 22/40:       batch loss 0.020373638719320297
2023-11-10 08:42:33,896 Epoch number 3, batch number 23/40:       batch loss 0.013565165922045708
2023-11-10 08:42:34,526 Epoch number 3, batch number 24/40:       batch loss 0.013859485276043415
2023-11-10 08:42:35,148 Epoch number 3, batch number 25/40:       batch loss 0.012453769333660603
2023-11-10 08:42:35,767 Epoch number 3, batch number 26/40:       batch loss 0.010943591594696045
2023-11-10 08:42:36,391 Epoch number 3, batch number 27/40:       batch loss 0.01988918147981167
2023-11-10 08:42:37,011 Epoch number 3, batch number 28/40:       batch loss 0.014524547383189201
2023-11-10 08:42:37,631 Epoch number 3, batch number 29/40:       batch loss 0.012286120094358921
2023-11-10 08:42:38,252 Epoch number 3, batch number 30/40:       batch loss 0.014612412080168724
2023-11-10 08:42:38,876 Epoch number 3, batch number 31/40:       batch loss 0.013314047828316689
2023-11-10 08:42:39,491 Epoch number 3, batch number 32/40:       batch loss 0.011834430508315563
2023-11-10 08:42:40,127 Epoch number 3, batch number 33/40:       batch loss 0.010409047827124596
2023-11-10 08:42:40,749 Epoch number 3, batch number 34/40:       batch loss 0.01590878516435623
2023-11-10 08:42:41,359 Epoch number 3, batch number 35/40:       batch loss 0.01219000481069088
2023-11-10 08:42:41,983 Epoch number 3, batch number 36/40:       batch loss 0.013948116451501846
2023-11-10 08:42:42,618 Epoch number 3, batch number 37/40:       batch loss 0.011636600829660892
2023-11-10 08:42:43,235 Epoch number 3, batch number 38/40:       batch loss 0.012484709732234478
2023-11-10 08:42:43,867 Epoch number 3, batch number 39/40:       batch loss 0.013581737875938416
2023-11-10 08:42:43,911 Epoch: 4 	Training Loss: 0.013620
2023-11-10 08:42:43,912 Time for epoch 4 : 25 sec
2023-11-10 08:42:43,912 lr for epoch 4 is 0.10000
2023-11-10 08:42:46,002 Epoch number 4, batch number 0/40:       batch loss 0.012895951047539711
2023-11-10 08:42:46,632 Epoch number 4, batch number 1/40:       batch loss 0.01318060327321291
2023-11-10 08:42:47,247 Epoch number 4, batch number 2/40:       batch loss 0.008480451069772243
2023-11-10 08:42:47,866 Epoch number 4, batch number 3/40:       batch loss 0.010348115116357803
2023-11-10 08:42:48,480 Epoch number 4, batch number 4/40:       batch loss 0.015181251801550388
2023-11-10 08:42:49,097 Epoch number 4, batch number 5/40:       batch loss 0.009823291562497616
2023-11-10 08:42:49,710 Epoch number 4, batch number 6/40:       batch loss 0.013151190243661404
2023-11-10 08:42:50,333 Epoch number 4, batch number 7/40:       batch loss 0.018379252403974533
2023-11-10 08:42:50,943 Epoch number 4, batch number 8/40:       batch loss 0.012578723020851612
2023-11-10 08:42:51,572 Epoch number 4, batch number 9/40:       batch loss 0.012671382166445255
2023-11-10 08:42:52,209 Epoch number 4, batch number 10/40:       batch loss 0.013582279905676842
2023-11-10 08:42:52,822 Epoch number 4, batch number 11/40:       batch loss 0.01155217457562685
2023-11-10 08:42:53,437 Epoch number 4, batch number 12/40:       batch loss 0.01158858835697174
2023-11-10 08:42:54,066 Epoch number 4, batch number 13/40:       batch loss 0.011198923923075199
2023-11-10 08:42:54,713 Epoch number 4, batch number 14/40:       batch loss 0.009511630050837994
2023-11-10 08:42:55,335 Epoch number 4, batch number 15/40:       batch loss 0.015946419909596443
2023-11-10 08:42:55,957 Epoch number 4, batch number 16/40:       batch loss 0.015052182599902153
2023-11-10 08:42:56,585 Epoch number 4, batch number 17/40:       batch loss 0.00994261633604765
2023-11-10 08:42:57,230 Epoch number 4, batch number 18/40:       batch loss 0.010430258698761463
2023-11-10 08:42:57,856 Epoch number 4, batch number 19/40:       batch loss 0.012828786857426167
2023-11-10 08:42:58,487 Epoch number 4, batch number 20/40:       batch loss 0.009644648991525173
2023-11-10 08:42:59,111 Epoch number 4, batch number 21/40:       batch loss 0.01522835437208414
2023-11-10 08:42:59,743 Epoch number 4, batch number 22/40:       batch loss 0.015548491850495338
2023-11-10 08:43:00,387 Epoch number 4, batch number 23/40:       batch loss 0.011296125128865242
2023-11-10 08:43:01,012 Epoch number 4, batch number 24/40:       batch loss 0.009745558723807335
2023-11-10 08:43:01,635 Epoch number 4, batch number 25/40:       batch loss 0.010925164446234703
2023-11-10 08:43:02,271 Epoch number 4, batch number 26/40:       batch loss 0.010673005133867264
2023-11-10 08:43:02,886 Epoch number 4, batch number 27/40:       batch loss 0.013018099591135979
2023-11-10 08:43:03,498 Epoch number 4, batch number 28/40:       batch loss 0.012644988484680653
2023-11-10 08:43:04,133 Epoch number 4, batch number 29/40:       batch loss 0.019687127321958542
2023-11-10 08:43:04,762 Epoch number 4, batch number 30/40:       batch loss 0.009359725750982761
2023-11-10 08:43:05,384 Epoch number 4, batch number 31/40:       batch loss 0.010215140879154205
2023-11-10 08:43:06,006 Epoch number 4, batch number 32/40:       batch loss 0.013646470382809639
2023-11-10 08:43:06,633 Epoch number 4, batch number 33/40:       batch loss 0.008010036312043667
2023-11-10 08:43:07,253 Epoch number 4, batch number 34/40:       batch loss 0.0095486706122756
2023-11-10 08:43:07,865 Epoch number 4, batch number 35/40:       batch loss 0.013346193358302116
2023-11-10 08:43:08,479 Epoch number 4, batch number 36/40:       batch loss 0.007395315915346146
2023-11-10 08:43:09,098 Epoch number 4, batch number 37/40:       batch loss 0.01945800893008709
2023-11-10 08:43:09,711 Epoch number 4, batch number 38/40:       batch loss 0.011952504515647888
2023-11-10 08:43:10,338 Epoch number 4, batch number 39/40:       batch loss 0.010080484673380852
2023-11-10 08:43:10,382 Epoch: 5 	Training Loss: 0.012244
2023-11-10 08:43:10,382 Time for epoch 5 : 25 sec
2023-11-10 08:43:10,382 lr for epoch 5 is 0.10000
2023-11-10 08:43:12,458 Epoch number 5, batch number 0/40:       batch loss 0.01288788765668869
2023-11-10 08:43:13,095 Epoch number 5, batch number 1/40:       batch loss 0.00817833561450243
2023-11-10 08:43:13,736 Epoch number 5, batch number 2/40:       batch loss 0.009138381108641624
2023-11-10 08:43:14,377 Epoch number 5, batch number 3/40:       batch loss 0.010085769928991795
2023-11-10 08:43:15,025 Epoch number 5, batch number 4/40:       batch loss 0.012233416549861431
2023-11-10 08:43:15,664 Epoch number 5, batch number 5/40:       batch loss 0.00995504017919302
2023-11-10 08:43:16,315 Epoch number 5, batch number 6/40:       batch loss 0.012162686325609684
2023-11-10 08:43:16,957 Epoch number 5, batch number 7/40:       batch loss 0.013576741330325603
2023-11-10 08:43:17,590 Epoch number 5, batch number 8/40:       batch loss 0.020756235346198082
2023-11-10 08:43:18,243 Epoch number 5, batch number 9/40:       batch loss 0.01134740374982357
2023-11-10 08:43:18,879 Epoch number 5, batch number 10/40:       batch loss 0.011942821554839611
2023-11-10 08:43:19,527 Epoch number 5, batch number 11/40:       batch loss 0.013052800670266151
2023-11-10 08:43:20,183 Epoch number 5, batch number 12/40:       batch loss 0.011501513421535492
2023-11-10 08:43:20,839 Epoch number 5, batch number 13/40:       batch loss 0.010600139386951923
2023-11-10 08:43:21,492 Epoch number 5, batch number 14/40:       batch loss 0.014274935238063335
2023-11-10 08:43:22,143 Epoch number 5, batch number 15/40:       batch loss 0.012116951867938042
2023-11-10 08:43:22,790 Epoch number 5, batch number 16/40:       batch loss 0.017121337354183197
2023-11-10 08:43:23,459 Epoch number 5, batch number 17/40:       batch loss 0.013094077818095684
2023-11-10 08:43:24,102 Epoch number 5, batch number 18/40:       batch loss 0.013148786500096321
2023-11-10 08:43:24,750 Epoch number 5, batch number 19/40:       batch loss 0.012508893385529518
2023-11-10 08:43:25,384 Epoch number 5, batch number 20/40:       batch loss 0.013473300263285637
2023-11-10 08:43:26,020 Epoch number 5, batch number 21/40:       batch loss 0.007919120602309704
2023-11-10 08:43:26,667 Epoch number 5, batch number 22/40:       batch loss 0.012739451602101326
2023-11-10 08:43:27,280 Epoch number 5, batch number 23/40:       batch loss 0.012015536427497864
2023-11-10 08:43:27,901 Epoch number 5, batch number 24/40:       batch loss 0.009744026698172092
2023-11-10 08:43:28,526 Epoch number 5, batch number 25/40:       batch loss 0.012518959119915962
2023-11-10 08:43:29,144 Epoch number 5, batch number 26/40:       batch loss 0.01640208438038826
2023-11-10 08:43:29,777 Epoch number 5, batch number 27/40:       batch loss 0.012701811268925667
2023-11-10 08:43:30,414 Epoch number 5, batch number 28/40:       batch loss 0.015639211982488632
2023-11-10 08:43:31,036 Epoch number 5, batch number 29/40:       batch loss 0.012845117598772049
2023-11-10 08:43:31,660 Epoch number 5, batch number 30/40:       batch loss 0.009770441800355911
2023-11-10 08:43:32,301 Epoch number 5, batch number 31/40:       batch loss 0.009393418207764626
2023-11-10 08:43:32,932 Epoch number 5, batch number 32/40:       batch loss 0.013028986752033234
2023-11-10 08:43:33,578 Epoch number 5, batch number 33/40:       batch loss 0.009211662225425243
2023-11-10 08:43:34,220 Epoch number 5, batch number 34/40:       batch loss 0.014663683250546455
2023-11-10 08:43:34,875 Epoch number 5, batch number 35/40:       batch loss 0.01600513607263565
2023-11-10 08:43:35,507 Epoch number 5, batch number 36/40:       batch loss 0.010798871517181396
2023-11-10 08:43:36,151 Epoch number 5, batch number 37/40:       batch loss 0.011632430367171764
2023-11-10 08:43:36,789 Epoch number 5, batch number 38/40:       batch loss 0.010018855333328247
2023-11-10 08:43:37,427 Epoch number 5, batch number 39/40:       batch loss 0.008611518889665604
2023-11-10 08:43:37,472 Epoch: 6 	Training Loss: 0.012220
2023-11-10 08:43:37,472 Time for epoch 6 : 26 sec
2023-11-10 08:43:37,472 lr for epoch 6 is 0.10000
2023-11-10 08:43:39,577 Epoch number 6, batch number 0/40:       batch loss 0.012634778395295143
2023-11-10 08:43:40,223 Epoch number 6, batch number 1/40:       batch loss 0.009096946567296982
2023-11-10 08:43:40,853 Epoch number 6, batch number 2/40:       batch loss 0.008183637633919716
2023-11-10 08:43:41,469 Epoch number 6, batch number 3/40:       batch loss 0.010575433261692524
2023-11-10 08:43:42,108 Epoch number 6, batch number 4/40:       batch loss 0.009849327616393566
2023-11-10 08:43:42,739 Epoch number 6, batch number 5/40:       batch loss 0.012371059507131577
2023-11-10 08:43:43,364 Epoch number 6, batch number 6/40:       batch loss 0.011095513589680195
2023-11-10 08:43:43,980 Epoch number 6, batch number 7/40:       batch loss 0.017973558977246284
2023-11-10 08:43:44,606 Epoch number 6, batch number 8/40:       batch loss 0.01844567432999611
2023-11-10 08:43:45,234 Epoch number 6, batch number 9/40:       batch loss 0.014642582274973392
2023-11-10 08:43:45,858 Epoch number 6, batch number 10/40:       batch loss 0.010538626462221146
2023-11-10 08:43:46,480 Epoch number 6, batch number 11/40:       batch loss 0.012414436787366867
2023-11-10 08:43:47,109 Epoch number 6, batch number 12/40:       batch loss 0.013042754493653774
2023-11-10 08:43:47,734 Epoch number 6, batch number 13/40:       batch loss 0.010198130272328854
2023-11-10 08:43:48,361 Epoch number 6, batch number 14/40:       batch loss 0.007603734266012907
2023-11-10 08:43:48,989 Epoch number 6, batch number 15/40:       batch loss 0.013020440004765987
2023-11-10 08:43:49,620 Epoch number 6, batch number 16/40:       batch loss 0.009485537186264992
2023-11-10 08:43:50,261 Epoch number 6, batch number 17/40:       batch loss 0.01225463766604662
2023-11-10 08:43:50,887 Epoch number 6, batch number 18/40:       batch loss 0.012042458169162273
2023-11-10 08:43:51,522 Epoch number 6, batch number 19/40:       batch loss 0.01672530546784401
2023-11-10 08:43:52,175 Epoch number 6, batch number 20/40:       batch loss 0.011359840631484985
2023-11-10 08:43:52,818 Epoch number 6, batch number 21/40:       batch loss 0.008919760584831238
2023-11-10 08:43:53,467 Epoch number 6, batch number 22/40:       batch loss 0.013575802557170391
2023-11-10 08:43:54,111 Epoch number 6, batch number 23/40:       batch loss 0.014310337603092194
2023-11-10 08:43:54,756 Epoch number 6, batch number 24/40:       batch loss 0.013060920871794224
2023-11-10 08:43:55,403 Epoch number 6, batch number 25/40:       batch loss 0.010293513536453247
2023-11-10 08:43:56,049 Epoch number 6, batch number 26/40:       batch loss 0.009785307571291924
2023-11-10 08:43:56,671 Epoch number 6, batch number 27/40:       batch loss 0.012758470140397549
2023-11-10 08:43:57,290 Epoch number 6, batch number 28/40:       batch loss 0.007934089750051498
2023-11-10 08:43:57,901 Epoch number 6, batch number 29/40:       batch loss 0.01060561928898096
2023-11-10 08:43:58,533 Epoch number 6, batch number 30/40:       batch loss 0.00806301087141037
2023-11-10 08:43:59,145 Epoch number 6, batch number 31/40:       batch loss 0.013027097098529339
2023-11-10 08:43:59,759 Epoch number 6, batch number 32/40:       batch loss 0.013024425134062767
2023-11-10 08:44:00,386 Epoch number 6, batch number 33/40:       batch loss 0.01251608319580555
2023-11-10 08:44:00,999 Epoch number 6, batch number 34/40:       batch loss 0.01355693954974413
2023-11-10 08:44:01,621 Epoch number 6, batch number 35/40:       batch loss 0.00843682698905468
2023-11-10 08:44:02,276 Epoch number 6, batch number 36/40:       batch loss 0.008618436753749847
2023-11-10 08:44:02,879 Epoch number 6, batch number 37/40:       batch loss 0.014420690014958382
2023-11-10 08:44:03,495 Epoch number 6, batch number 38/40:       batch loss 0.014018399640917778
2023-11-10 08:44:04,126 Epoch number 6, batch number 39/40:       batch loss 0.009392613545060158
2023-11-10 08:44:04,170 Epoch: 7 	Training Loss: 0.011747
2023-11-10 08:44:04,171 Time for epoch 7 : 26 sec
2023-11-10 08:44:04,171 lr for epoch 7 is 0.10000
2023-11-10 08:44:06,236 Epoch number 7, batch number 0/40:       batch loss 0.012081926688551903
2023-11-10 08:44:06,872 Epoch number 7, batch number 1/40:       batch loss 0.009575804695487022
2023-11-10 08:44:07,511 Epoch number 7, batch number 2/40:       batch loss 0.009210634045302868
2023-11-10 08:44:08,145 Epoch number 7, batch number 3/40:       batch loss 0.008468717336654663
2023-11-10 08:44:08,804 Epoch number 7, batch number 4/40:       batch loss 0.009386008605360985
2023-11-10 08:44:09,444 Epoch number 7, batch number 5/40:       batch loss 0.012105917558073997
2023-11-10 08:44:10,096 Epoch number 7, batch number 6/40:       batch loss 0.013385188765823841
2023-11-10 08:44:10,743 Epoch number 7, batch number 7/40:       batch loss 0.012717192992568016
2023-11-10 08:44:11,386 Epoch number 7, batch number 8/40:       batch loss 0.009515514597296715
2023-11-10 08:44:12,026 Epoch number 7, batch number 9/40:       batch loss 0.011425100266933441
2023-11-10 08:44:12,679 Epoch number 7, batch number 10/40:       batch loss 0.011869283393025398
2023-11-10 08:44:13,312 Epoch number 7, batch number 11/40:       batch loss 0.010080619715154171
2023-11-10 08:44:13,938 Epoch number 7, batch number 12/40:       batch loss 0.010061954148113728
2023-11-10 08:44:14,574 Epoch number 7, batch number 13/40:       batch loss 0.01241269614547491
2023-11-10 08:44:15,226 Epoch number 7, batch number 14/40:       batch loss 0.013935448601841927
2023-11-10 08:44:15,850 Epoch number 7, batch number 15/40:       batch loss 0.011211808770895004
2023-11-10 08:44:16,487 Epoch number 7, batch number 16/40:       batch loss 0.00777298491448164
2023-11-10 08:44:17,147 Epoch number 7, batch number 17/40:       batch loss 0.008529688231647015
2023-11-10 08:44:17,795 Epoch number 7, batch number 18/40:       batch loss 0.014208733104169369
2023-11-10 08:44:18,426 Epoch number 7, batch number 19/40:       batch loss 0.00954992976039648
2023-11-10 08:44:19,056 Epoch number 7, batch number 20/40:       batch loss 0.011565887369215488
2023-11-10 08:44:19,692 Epoch number 7, batch number 21/40:       batch loss 0.010662268847227097
2023-11-10 08:44:20,336 Epoch number 7, batch number 22/40:       batch loss 0.008891446515917778
2023-11-10 08:44:20,966 Epoch number 7, batch number 23/40:       batch loss 0.008841956034302711
2023-11-10 08:44:21,605 Epoch number 7, batch number 24/40:       batch loss 0.013938840478658676
2023-11-10 08:44:22,246 Epoch number 7, batch number 25/40:       batch loss 0.011773495934903622
2023-11-10 08:44:22,873 Epoch number 7, batch number 26/40:       batch loss 0.007998303510248661
2023-11-10 08:44:23,509 Epoch number 7, batch number 27/40:       batch loss 0.01130707561969757
2023-11-10 08:44:24,161 Epoch number 7, batch number 28/40:       batch loss 0.011240823194384575
2023-11-10 08:44:24,799 Epoch number 7, batch number 29/40:       batch loss 0.008407801389694214
2023-11-10 08:44:25,433 Epoch number 7, batch number 30/40:       batch loss 0.013586449436843395
2023-11-10 08:44:26,069 Epoch number 7, batch number 31/40:       batch loss 0.01361413300037384
2023-11-10 08:44:26,715 Epoch number 7, batch number 32/40:       batch loss 0.010042363777756691
2023-11-10 08:44:27,345 Epoch number 7, batch number 33/40:       batch loss 0.015066750347614288
2023-11-10 08:44:27,989 Epoch number 7, batch number 34/40:       batch loss 0.013904772698879242
2023-11-10 08:44:28,639 Epoch number 7, batch number 35/40:       batch loss 0.018466729670763016
2023-11-10 08:44:29,290 Epoch number 7, batch number 36/40:       batch loss 0.007005762308835983
2023-11-10 08:44:29,927 Epoch number 7, batch number 37/40:       batch loss 0.01059859711676836
2023-11-10 08:44:30,572 Epoch number 7, batch number 38/40:       batch loss 0.013045450672507286
2023-11-10 08:44:31,208 Epoch number 7, batch number 39/40:       batch loss 0.01230486948043108
2023-11-10 08:44:31,250 Epoch: 8 	Training Loss: 0.011244
2023-11-10 08:44:31,251 Time for epoch 8 : 26 sec
2023-11-10 08:44:31,251 lr for epoch 8 is 0.10000
2023-11-10 08:44:33,333 Epoch number 8, batch number 0/40:       batch loss 0.011127615347504616
2023-11-10 08:44:33,996 Epoch number 8, batch number 1/40:       batch loss 0.012102537788450718
2023-11-10 08:44:34,642 Epoch number 8, batch number 2/40:       batch loss 0.008692217990756035
2023-11-10 08:44:35,273 Epoch number 8, batch number 3/40:       batch loss 0.00788534339517355
2023-11-10 08:44:35,919 Epoch number 8, batch number 4/40:       batch loss 0.01241722796112299
2023-11-10 08:44:36,569 Epoch number 8, batch number 5/40:       batch loss 0.0101808812469244
2023-11-10 08:44:37,209 Epoch number 8, batch number 6/40:       batch loss 0.010321085341274738
2023-11-10 08:44:37,844 Epoch number 8, batch number 7/40:       batch loss 0.006352605298161507
2023-11-10 08:44:38,502 Epoch number 8, batch number 8/40:       batch loss 0.009828525595366955
2023-11-10 08:44:39,172 Epoch number 8, batch number 9/40:       batch loss 0.008930676616728306
2023-11-10 08:44:39,860 Epoch number 8, batch number 10/40:       batch loss 0.009001501835882664
2023-11-10 08:44:40,525 Epoch number 8, batch number 11/40:       batch loss 0.009705099277198315
2023-11-10 08:44:41,179 Epoch number 8, batch number 12/40:       batch loss 0.00672930758446455
2023-11-10 08:44:41,840 Epoch number 8, batch number 13/40:       batch loss 0.014279920607805252
2023-11-10 08:44:42,516 Epoch number 8, batch number 14/40:       batch loss 0.00927840918302536
2023-11-10 08:44:43,182 Epoch number 8, batch number 15/40:       batch loss 0.01070302352309227
2023-11-10 08:44:43,840 Epoch number 8, batch number 16/40:       batch loss 0.013153335079550743
2023-11-10 08:44:44,504 Epoch number 8, batch number 17/40:       batch loss 0.010188711807131767
2023-11-10 08:44:45,163 Epoch number 8, batch number 18/40:       batch loss 0.014257353730499744
2023-11-10 08:44:45,817 Epoch number 8, batch number 19/40:       batch loss 0.01247994601726532
2023-11-10 08:44:46,462 Epoch number 8, batch number 20/40:       batch loss 0.012123252265155315
2023-11-10 08:44:47,109 Epoch number 8, batch number 21/40:       batch loss 0.015158808790147305
2023-11-10 08:44:47,765 Epoch number 8, batch number 22/40:       batch loss 0.01346976961940527
2023-11-10 08:44:48,411 Epoch number 8, batch number 23/40:       batch loss 0.011509327217936516
2023-11-10 08:44:49,044 Epoch number 8, batch number 24/40:       batch loss 0.011216612532734871
2023-11-10 08:44:49,682 Epoch number 8, batch number 25/40:       batch loss 0.012445350177586079
2023-11-10 08:44:50,335 Epoch number 8, batch number 26/40:       batch loss 0.01214489247649908
2023-11-10 08:44:50,961 Epoch number 8, batch number 27/40:       batch loss 0.015457085333764553
2023-11-10 08:44:51,616 Epoch number 8, batch number 28/40:       batch loss 0.016405731439590454
2023-11-10 08:44:52,278 Epoch number 8, batch number 29/40:       batch loss 0.010822451673448086
2023-11-10 08:44:52,932 Epoch number 8, batch number 30/40:       batch loss 0.010220886208117008
2023-11-10 08:44:53,566 Epoch number 8, batch number 31/40:       batch loss 0.010618126019835472
2023-11-10 08:44:54,208 Epoch number 8, batch number 32/40:       batch loss 0.010974247008562088
2023-11-10 08:44:54,865 Epoch number 8, batch number 33/40:       batch loss 0.011427474208176136
2023-11-10 08:44:55,520 Epoch number 8, batch number 34/40:       batch loss 0.012735068798065186
2023-11-10 08:44:56,158 Epoch number 8, batch number 35/40:       batch loss 0.00955408439040184
2023-11-10 08:44:56,802 Epoch number 8, batch number 36/40:       batch loss 0.011892169713973999
2023-11-10 08:44:57,447 Epoch number 8, batch number 37/40:       batch loss 0.011554904282093048
2023-11-10 08:44:58,090 Epoch number 8, batch number 38/40:       batch loss 0.008827255107462406
2023-11-10 08:44:58,743 Epoch number 8, batch number 39/40:       batch loss 0.011160897091031075
2023-11-10 08:44:58,787 Epoch: 9 	Training Loss: 0.011183
2023-11-10 08:44:58,787 Time for epoch 9 : 26 sec
2023-11-10 08:44:58,788 lr for epoch 9 is 0.10000
2023-11-10 08:45:00,945 Epoch number 9, batch number 0/40:       batch loss 0.007104938384145498
2023-11-10 08:45:01,629 Epoch number 9, batch number 1/40:       batch loss 0.011664303950965405
2023-11-10 08:45:02,329 Epoch number 9, batch number 2/40:       batch loss 0.010287074372172356
2023-11-10 08:45:03,010 Epoch number 9, batch number 3/40:       batch loss 0.008514434099197388
2023-11-10 08:45:03,688 Epoch number 9, batch number 4/40:       batch loss 0.01592154987156391
2023-11-10 08:45:04,361 Epoch number 9, batch number 5/40:       batch loss 0.011968692764639854
2023-11-10 08:45:05,028 Epoch number 9, batch number 6/40:       batch loss 0.011647540144622326
2023-11-10 08:45:05,704 Epoch number 9, batch number 7/40:       batch loss 0.013907870277762413
2023-11-10 08:45:06,370 Epoch number 9, batch number 8/40:       batch loss 0.012817969545722008
2023-11-10 08:45:07,035 Epoch number 9, batch number 9/40:       batch loss 0.010189722292125225
2023-11-10 08:45:07,702 Epoch number 9, batch number 10/40:       batch loss 0.011897914111614227
2023-11-10 08:45:08,368 Epoch number 9, batch number 11/40:       batch loss 0.016409795731306076
2023-11-10 08:45:09,008 Epoch number 9, batch number 12/40:       batch loss 0.010307793505489826
2023-11-10 08:45:09,672 Epoch number 9, batch number 13/40:       batch loss 0.014229361899197102
2023-11-10 08:45:10,348 Epoch number 9, batch number 14/40:       batch loss 0.0071997009217739105
2023-11-10 08:45:11,015 Epoch number 9, batch number 15/40:       batch loss 0.011307202279567719
2023-11-10 08:45:11,678 Epoch number 9, batch number 16/40:       batch loss 0.010546490550041199
2023-11-10 08:45:12,349 Epoch number 9, batch number 17/40:       batch loss 0.012196708470582962
2023-11-10 08:45:13,011 Epoch number 9, batch number 18/40:       batch loss 0.008459793403744698
2023-11-10 08:45:13,666 Epoch number 9, batch number 19/40:       batch loss 0.014452663250267506
2023-11-10 08:45:14,325 Epoch number 9, batch number 20/40:       batch loss 0.00978560745716095
2023-11-10 08:45:14,991 Epoch number 9, batch number 21/40:       batch loss 0.008960948325693607
2023-11-10 08:45:15,684 Epoch number 9, batch number 22/40:       batch loss 0.011992632411420345
2023-11-10 08:45:16,356 Epoch number 9, batch number 23/40:       batch loss 0.010924669913947582
2023-11-10 08:45:17,023 Epoch number 9, batch number 24/40:       batch loss 0.009935639798641205
2023-11-10 08:45:17,673 Epoch number 9, batch number 25/40:       batch loss 0.011786788702011108
2023-11-10 08:45:18,356 Epoch number 9, batch number 26/40:       batch loss 0.011092747561633587
2023-11-10 08:45:19,006 Epoch number 9, batch number 27/40:       batch loss 0.00962176825851202
2023-11-10 08:45:19,657 Epoch number 9, batch number 28/40:       batch loss 0.009128271602094173
2023-11-10 08:45:20,308 Epoch number 9, batch number 29/40:       batch loss 0.009679919108748436
2023-11-10 08:45:20,956 Epoch number 9, batch number 30/40:       batch loss 0.011045881547033787
2023-11-10 08:45:21,619 Epoch number 9, batch number 31/40:       batch loss 0.011620942503213882
2023-11-10 08:45:22,271 Epoch number 9, batch number 32/40:       batch loss 0.012245971709489822
2023-11-10 08:45:22,911 Epoch number 9, batch number 33/40:       batch loss 0.010689080692827702
2023-11-10 08:45:23,543 Epoch number 9, batch number 34/40:       batch loss 0.013257578015327454
2023-11-10 08:45:24,190 Epoch number 9, batch number 35/40:       batch loss 0.010939220897853374
2023-11-10 08:45:24,834 Epoch number 9, batch number 36/40:       batch loss 0.012703794986009598
2023-11-10 08:45:25,478 Epoch number 9, batch number 37/40:       batch loss 0.00968259945511818
2023-11-10 08:45:26,139 Epoch number 9, batch number 38/40:       batch loss 0.009341208264231682
2023-11-10 08:45:26,770 Epoch number 9, batch number 39/40:       batch loss 0.01196611300110817
2023-11-10 08:45:26,812 Epoch: 10 	Training Loss: 0.011186
2023-11-10 08:45:26,813 Time for epoch 10 : 27 sec
2023-11-10 08:45:26,813 lr for epoch 10 is 0.10000
2023-11-10 08:45:28,893 Epoch number 10, batch number 0/40:       batch loss 0.0095767080783844
2023-11-10 08:45:29,553 Epoch number 10, batch number 1/40:       batch loss 0.008412282913923264
2023-11-10 08:45:30,217 Epoch number 10, batch number 2/40:       batch loss 0.00795717816799879
2023-11-10 08:45:30,864 Epoch number 10, batch number 3/40:       batch loss 0.010423216037452221
2023-11-10 08:45:31,504 Epoch number 10, batch number 4/40:       batch loss 0.009426552802324295
2023-11-10 08:45:32,168 Epoch number 10, batch number 5/40:       batch loss 0.01137717068195343
2023-11-10 08:45:32,802 Epoch number 10, batch number 6/40:       batch loss 0.008151104673743248
2023-11-10 08:45:33,453 Epoch number 10, batch number 7/40:       batch loss 0.010760899633169174
2023-11-10 08:45:34,110 Epoch number 10, batch number 8/40:       batch loss 0.007729378994554281
2023-11-10 08:45:34,758 Epoch number 10, batch number 9/40:       batch loss 0.008490070700645447
2023-11-10 08:45:35,416 Epoch number 10, batch number 10/40:       batch loss 0.010881109163165092
2023-11-10 08:45:36,083 Epoch number 10, batch number 11/40:       batch loss 0.0069796498864889145
2023-11-10 08:45:36,749 Epoch number 10, batch number 12/40:       batch loss 0.010787797160446644
2023-11-10 08:45:37,409 Epoch number 10, batch number 13/40:       batch loss 0.008874131366610527
2023-11-10 08:45:38,059 Epoch number 10, batch number 14/40:       batch loss 0.009896378964185715
2023-11-10 08:45:38,719 Epoch number 10, batch number 15/40:       batch loss 0.008984807878732681
2023-11-10 08:45:39,393 Epoch number 10, batch number 16/40:       batch loss 0.007341654505580664
2023-11-10 08:45:40,073 Epoch number 10, batch number 17/40:       batch loss 0.015793602913618088
2023-11-10 08:45:40,743 Epoch number 10, batch number 18/40:       batch loss 0.01083658542484045
2023-11-10 08:45:41,415 Epoch number 10, batch number 19/40:       batch loss 0.011092189699411392
2023-11-10 08:45:42,081 Epoch number 10, batch number 20/40:       batch loss 0.007560019381344318
2023-11-10 08:45:42,750 Epoch number 10, batch number 21/40:       batch loss 0.006619481835514307
2023-11-10 08:45:43,413 Epoch number 10, batch number 22/40:       batch loss 0.010606952011585236
2023-11-10 08:45:44,084 Epoch number 10, batch number 23/40:       batch loss 0.011575884185731411
2023-11-10 08:45:44,753 Epoch number 10, batch number 24/40:       batch loss 0.009234187193214893
2023-11-10 08:45:45,409 Epoch number 10, batch number 25/40:       batch loss 0.011923271231353283
2023-11-10 08:45:46,087 Epoch number 10, batch number 26/40:       batch loss 0.011710871011018753
2023-11-10 08:45:46,776 Epoch number 10, batch number 27/40:       batch loss 0.009926343336701393
2023-11-10 08:45:47,452 Epoch number 10, batch number 28/40:       batch loss 0.006522722542285919
2023-11-10 08:45:48,127 Epoch number 10, batch number 29/40:       batch loss 0.013540925458073616
2023-11-10 08:45:48,810 Epoch number 10, batch number 30/40:       batch loss 0.011343227699398994
2023-11-10 08:45:49,473 Epoch number 10, batch number 31/40:       batch loss 0.008680199272930622
2023-11-10 08:45:50,136 Epoch number 10, batch number 32/40:       batch loss 0.010463695041835308
2023-11-10 08:45:50,799 Epoch number 10, batch number 33/40:       batch loss 0.004943529609590769
2023-11-10 08:45:51,466 Epoch number 10, batch number 34/40:       batch loss 0.009197723120450974
2023-11-10 08:45:52,139 Epoch number 10, batch number 35/40:       batch loss 0.00916830264031887
2023-11-10 08:45:52,808 Epoch number 10, batch number 36/40:       batch loss 0.009542523883283138
2023-11-10 08:45:53,482 Epoch number 10, batch number 37/40:       batch loss 0.008854814805090427
2023-11-10 08:45:54,150 Epoch number 10, batch number 38/40:       batch loss 0.012790392152965069
2023-11-10 08:45:54,817 Epoch number 10, batch number 39/40:       batch loss 0.009113145060837269
2023-11-10 08:45:54,861 Epoch: 11 	Training Loss: 0.009677
2023-11-10 08:45:54,862 Time for epoch 11 : 27 sec
2023-11-10 08:45:54,862 lr for epoch 11 is 0.01000
2023-11-10 08:45:56,978 Epoch number 11, batch number 0/40:       batch loss 0.012479198165237904
2023-11-10 08:45:57,661 Epoch number 11, batch number 1/40:       batch loss 0.009494161233305931
2023-11-10 08:45:58,340 Epoch number 11, batch number 2/40:       batch loss 0.010288949124515057
2023-11-10 08:45:59,030 Epoch number 11, batch number 3/40:       batch loss 0.008011061698198318
2023-11-10 08:45:59,689 Epoch number 11, batch number 4/40:       batch loss 0.008470073342323303
2023-11-10 08:46:00,357 Epoch number 11, batch number 5/40:       batch loss 0.00696240458637476
2023-11-10 08:46:01,034 Epoch number 11, batch number 6/40:       batch loss 0.008705168962478638
2023-11-10 08:46:01,712 Epoch number 11, batch number 7/40:       batch loss 0.009465477429330349
2023-11-10 08:46:02,383 Epoch number 11, batch number 8/40:       batch loss 0.008706226944923401
2023-11-10 08:46:03,056 Epoch number 11, batch number 9/40:       batch loss 0.009533880278468132
2023-11-10 08:46:03,726 Epoch number 11, batch number 10/40:       batch loss 0.008051874116063118
2023-11-10 08:46:04,405 Epoch number 11, batch number 11/40:       batch loss 0.009163962677121162
2023-11-10 08:46:05,073 Epoch number 11, batch number 12/40:       batch loss 0.014806536026299
2023-11-10 08:46:05,741 Epoch number 11, batch number 13/40:       batch loss 0.009902788326144218
