2023-11-10 08:57:49,533 This is a summery of the run:
2023-11-10 08:57:49,533 Batch size for this run: 2
2023-11-10 08:57:49,534 Size of original image: 32 X 32
2023-11-10 08:57:49,534 learning rate: 0.001
2023-11-10 08:57:49,534 number of masks: 102
2023-11-10 08:57:49,534 Compression ratio: 10
2023-11-10 08:57:49,534 epochs : 80
2023-11-10 08:57:49,534 ***************************************************************************


2023-11-10 08:57:49,534 learning rate: 0.001
2023-11-10 08:57:50,608 Epoch number 0, batch number 0/40:       batch loss 0.042644962668418884
2023-11-10 08:57:51,164 Epoch number 0, batch number 1/40:       batch loss 0.0647115707397461
2023-11-10 08:57:51,744 Epoch number 0, batch number 2/40:       batch loss 0.048368651419878006
2023-11-10 08:57:52,309 Epoch number 0, batch number 3/40:       batch loss 0.04442203417420387
2023-11-10 08:57:52,847 Epoch number 0, batch number 4/40:       batch loss 0.04427115246653557
2023-11-10 08:57:53,388 Epoch number 0, batch number 5/40:       batch loss 0.03354281187057495
2023-11-10 08:57:53,925 Epoch number 0, batch number 6/40:       batch loss 0.040854476392269135
2023-11-10 08:57:54,462 Epoch number 0, batch number 7/40:       batch loss 0.03180265799164772
2023-11-10 08:57:55,021 Epoch number 0, batch number 8/40:       batch loss 0.036313533782958984
2023-11-10 08:57:55,564 Epoch number 0, batch number 9/40:       batch loss 0.04948737844824791
2023-11-10 08:57:56,112 Epoch number 0, batch number 10/40:       batch loss 0.025218842551112175
2023-11-10 08:57:56,654 Epoch number 0, batch number 11/40:       batch loss 0.02830124832689762
2023-11-10 08:57:57,206 Epoch number 0, batch number 12/40:       batch loss 0.02852959744632244
2023-11-10 08:57:57,744 Epoch number 0, batch number 13/40:       batch loss 0.02629978582262993
2023-11-10 08:57:58,288 Epoch number 0, batch number 14/40:       batch loss 0.03235895559191704
2023-11-10 08:57:58,821 Epoch number 0, batch number 15/40:       batch loss 0.028904100880026817
2023-11-10 08:57:59,362 Epoch number 0, batch number 16/40:       batch loss 0.02872336283326149
2023-11-10 08:57:59,908 Epoch number 0, batch number 17/40:       batch loss 0.031841810792684555
2023-11-10 08:58:00,450 Epoch number 0, batch number 18/40:       batch loss 0.02183450758457184
2023-11-10 08:58:00,983 Epoch number 0, batch number 19/40:       batch loss 0.026146654039621353
2023-11-10 08:58:01,525 Epoch number 0, batch number 20/40:       batch loss 0.0244034081697464
2023-11-10 08:58:02,089 Epoch number 0, batch number 21/40:       batch loss 0.02561585232615471
2023-11-10 08:58:02,653 Epoch number 0, batch number 22/40:       batch loss 0.04160824790596962
2023-11-10 08:58:03,205 Epoch number 0, batch number 23/40:       batch loss 0.02086048200726509
2023-11-10 08:58:03,756 Epoch number 0, batch number 24/40:       batch loss 0.0217529758810997
2023-11-10 08:58:04,302 Epoch number 0, batch number 25/40:       batch loss 0.03247207775712013
2023-11-10 08:58:04,855 Epoch number 0, batch number 26/40:       batch loss 0.028769418597221375
2023-11-10 08:58:05,427 Epoch number 0, batch number 27/40:       batch loss 0.022685088217258453
2023-11-10 08:58:05,978 Epoch number 0, batch number 28/40:       batch loss 0.017027990892529488
2023-11-10 08:58:06,532 Epoch number 0, batch number 29/40:       batch loss 0.026286201551556587
2023-11-10 08:58:07,080 Epoch number 0, batch number 30/40:       batch loss 0.022246813401579857
2023-11-10 08:58:07,625 Epoch number 0, batch number 31/40:       batch loss 0.012915538623929024
2023-11-10 08:58:08,187 Epoch number 0, batch number 32/40:       batch loss 0.024123812094330788
2023-11-10 08:58:08,724 Epoch number 0, batch number 33/40:       batch loss 0.02048826590180397
2023-11-10 08:58:09,271 Epoch number 0, batch number 34/40:       batch loss 0.021747738122940063
2023-11-10 08:58:09,821 Epoch number 0, batch number 35/40:       batch loss 0.01630130037665367
2023-11-10 08:58:10,372 Epoch number 0, batch number 36/40:       batch loss 0.022623952478170395
2023-11-10 08:58:10,905 Epoch number 0, batch number 37/40:       batch loss 0.022109784185886383
2023-11-10 08:58:11,452 Epoch number 0, batch number 38/40:       batch loss 0.015445091761648655
2023-11-10 08:58:11,996 Epoch number 0, batch number 39/40:       batch loss 0.02085525542497635
2023-11-10 08:58:12,030 Epoch: 1 	Training Loss: 0.029373
2023-11-10 08:58:12,030 Time for epoch 1 : 22 sec
2023-11-10 08:58:12,031 lr for epoch 1 is 0.10000
2023-11-10 08:58:14,057 Epoch number 1, batch number 0/40:       batch loss 0.02162131667137146
2023-11-10 08:58:14,674 Epoch number 1, batch number 1/40:       batch loss 0.015135069377720356
2023-11-10 08:58:15,309 Epoch number 1, batch number 2/40:       batch loss 0.018648507073521614
2023-11-10 08:58:15,914 Epoch number 1, batch number 3/40:       batch loss 0.021759504452347755
2023-11-10 08:58:16,500 Epoch number 1, batch number 4/40:       batch loss 0.01854104921221733
2023-11-10 08:58:17,096 Epoch number 1, batch number 5/40:       batch loss 0.014672485180199146
2023-11-10 08:58:17,693 Epoch number 1, batch number 6/40:       batch loss 0.016681527718901634
2023-11-10 08:58:18,294 Epoch number 1, batch number 7/40:       batch loss 0.014046920463442802
2023-11-10 08:58:18,889 Epoch number 1, batch number 8/40:       batch loss 0.01890524849295616
2023-11-10 08:58:19,506 Epoch number 1, batch number 9/40:       batch loss 0.01755567267537117
2023-11-10 08:58:20,123 Epoch number 1, batch number 10/40:       batch loss 0.021013030782341957
2023-11-10 08:58:20,727 Epoch number 1, batch number 11/40:       batch loss 0.02416628785431385
2023-11-10 08:58:21,337 Epoch number 1, batch number 12/40:       batch loss 0.020271576941013336
2023-11-10 08:58:21,944 Epoch number 1, batch number 13/40:       batch loss 0.020951543003320694
2023-11-10 08:58:22,561 Epoch number 1, batch number 14/40:       batch loss 0.021709397435188293
2023-11-10 08:58:23,171 Epoch number 1, batch number 15/40:       batch loss 0.014779183082282543
2023-11-10 08:58:23,773 Epoch number 1, batch number 16/40:       batch loss 0.02154327929019928
2023-11-10 08:58:24,405 Epoch number 1, batch number 17/40:       batch loss 0.015315444208681583
2023-11-10 08:58:25,016 Epoch number 1, batch number 18/40:       batch loss 0.01866234838962555
2023-11-10 08:58:25,626 Epoch number 1, batch number 19/40:       batch loss 0.016839617863297462
2023-11-10 08:58:26,234 Epoch number 1, batch number 20/40:       batch loss 0.01934101991355419
2023-11-10 08:58:26,848 Epoch number 1, batch number 21/40:       batch loss 0.019132260233163834
2023-11-10 08:58:27,462 Epoch number 1, batch number 22/40:       batch loss 0.023371970281004906
2023-11-10 08:58:28,070 Epoch number 1, batch number 23/40:       batch loss 0.012470105662941933
2023-11-10 08:58:28,664 Epoch number 1, batch number 24/40:       batch loss 0.016131136566400528
2023-11-10 08:58:29,263 Epoch number 1, batch number 25/40:       batch loss 0.01796923391520977
2023-11-10 08:58:29,861 Epoch number 1, batch number 26/40:       batch loss 0.013172592967748642
2023-11-10 08:58:30,456 Epoch number 1, batch number 27/40:       batch loss 0.017957234755158424
2023-11-10 08:58:31,041 Epoch number 1, batch number 28/40:       batch loss 0.01651942729949951
2023-11-10 08:58:31,620 Epoch number 1, batch number 29/40:       batch loss 0.019704146310687065
2023-11-10 08:58:32,216 Epoch number 1, batch number 30/40:       batch loss 0.016427159309387207
2023-11-10 08:58:32,819 Epoch number 1, batch number 31/40:       batch loss 0.0221419595181942
2023-11-10 08:58:33,437 Epoch number 1, batch number 32/40:       batch loss 0.018320856615900993
2023-11-10 08:58:34,039 Epoch number 1, batch number 33/40:       batch loss 0.022324752062559128
2023-11-10 08:58:34,638 Epoch number 1, batch number 34/40:       batch loss 0.02156468853354454
2023-11-10 08:58:35,217 Epoch number 1, batch number 35/40:       batch loss 0.016915559768676758
2023-11-10 08:58:35,813 Epoch number 1, batch number 36/40:       batch loss 0.01627303846180439
2023-11-10 08:58:36,406 Epoch number 1, batch number 37/40:       batch loss 0.013103284873068333
2023-11-10 08:58:37,001 Epoch number 1, batch number 38/40:       batch loss 0.01522752270102501
2023-11-10 08:58:37,598 Epoch number 1, batch number 39/40:       batch loss 0.02272423356771469
2023-11-10 08:58:37,639 Epoch: 2 	Training Loss: 0.018340
2023-11-10 08:58:37,640 Time for epoch 2 : 25 sec
2023-11-10 08:58:37,640 lr for epoch 2 is 0.10000
2023-11-10 08:58:39,696 Epoch number 2, batch number 0/40:       batch loss 0.0108523303642869
2023-11-10 08:58:40,335 Epoch number 2, batch number 1/40:       batch loss 0.01496888231486082
2023-11-10 08:58:40,952 Epoch number 2, batch number 2/40:       batch loss 0.012345587834715843
2023-11-10 08:58:41,562 Epoch number 2, batch number 3/40:       batch loss 0.013340246863663197
2023-11-10 08:58:42,175 Epoch number 2, batch number 4/40:       batch loss 0.017851082608103752
2023-11-10 08:58:42,771 Epoch number 2, batch number 5/40:       batch loss 0.018432527780532837
2023-11-10 08:58:43,382 Epoch number 2, batch number 6/40:       batch loss 0.01357036828994751
2023-11-10 08:58:43,985 Epoch number 2, batch number 7/40:       batch loss 0.0164655614644289
2023-11-10 08:58:44,593 Epoch number 2, batch number 8/40:       batch loss 0.011882301419973373
2023-11-10 08:58:45,202 Epoch number 2, batch number 9/40:       batch loss 0.014809486456215382
2023-11-10 08:58:45,820 Epoch number 2, batch number 10/40:       batch loss 0.016040142625570297
2023-11-10 08:58:46,422 Epoch number 2, batch number 11/40:       batch loss 0.018990367650985718
2023-11-10 08:58:47,024 Epoch number 2, batch number 12/40:       batch loss 0.019088875502347946
2023-11-10 08:58:47,627 Epoch number 2, batch number 13/40:       batch loss 0.012606745585799217
2023-11-10 08:58:48,240 Epoch number 2, batch number 14/40:       batch loss 0.01522450428456068
2023-11-10 08:58:48,838 Epoch number 2, batch number 15/40:       batch loss 0.010319122113287449
2023-11-10 08:58:49,452 Epoch number 2, batch number 16/40:       batch loss 0.015332730486989021
2023-11-10 08:58:50,068 Epoch number 2, batch number 17/40:       batch loss 0.018711689859628677
2023-11-10 08:58:50,675 Epoch number 2, batch number 18/40:       batch loss 0.018878789618611336
2023-11-10 08:58:51,288 Epoch number 2, batch number 19/40:       batch loss 0.01138125080615282
2023-11-10 08:58:51,895 Epoch number 2, batch number 20/40:       batch loss 0.014059890992939472
2023-11-10 08:58:52,514 Epoch number 2, batch number 21/40:       batch loss 0.014825939200818539
2023-11-10 08:58:53,112 Epoch number 2, batch number 22/40:       batch loss 0.015000280924141407
2023-11-10 08:58:53,712 Epoch number 2, batch number 23/40:       batch loss 0.01836356148123741
2023-11-10 08:58:54,314 Epoch number 2, batch number 24/40:       batch loss 0.013622538186609745
2023-11-10 08:58:54,929 Epoch number 2, batch number 25/40:       batch loss 0.015165300108492374
2023-11-10 08:58:55,546 Epoch number 2, batch number 26/40:       batch loss 0.01484686229377985
2023-11-10 08:58:56,140 Epoch number 2, batch number 27/40:       batch loss 0.016508297994732857
2023-11-10 08:58:56,751 Epoch number 2, batch number 28/40:       batch loss 0.01311512291431427
2023-11-10 08:58:57,361 Epoch number 2, batch number 29/40:       batch loss 0.017342805862426758
2023-11-10 08:58:57,968 Epoch number 2, batch number 30/40:       batch loss 0.012508420273661613
2023-11-10 08:58:58,584 Epoch number 2, batch number 31/40:       batch loss 0.012679627165198326
2023-11-10 08:58:59,187 Epoch number 2, batch number 32/40:       batch loss 0.011993339285254478
2023-11-10 08:58:59,800 Epoch number 2, batch number 33/40:       batch loss 0.015115860849618912
2023-11-10 08:59:00,423 Epoch number 2, batch number 34/40:       batch loss 0.028405696153640747
2023-11-10 08:59:01,036 Epoch number 2, batch number 35/40:       batch loss 0.012923925183713436
2023-11-10 08:59:01,661 Epoch number 2, batch number 36/40:       batch loss 0.016291258856654167
2023-11-10 08:59:02,307 Epoch number 2, batch number 37/40:       batch loss 0.00858980417251587
2023-11-10 08:59:02,922 Epoch number 2, batch number 38/40:       batch loss 0.01329148467630148
2023-11-10 08:59:03,534 Epoch number 2, batch number 39/40:       batch loss 0.010964972898364067
2023-11-10 08:59:03,578 Epoch: 3 	Training Loss: 0.014918
2023-11-10 08:59:03,579 Time for epoch 3 : 25 sec
2023-11-10 08:59:03,579 lr for epoch 3 is 0.10000
2023-11-10 08:59:05,665 Epoch number 3, batch number 0/40:       batch loss 0.011523962952196598
2023-11-10 08:59:06,293 Epoch number 3, batch number 1/40:       batch loss 0.012166869826614857
2023-11-10 08:59:06,930 Epoch number 3, batch number 2/40:       batch loss 0.012175578624010086
2023-11-10 08:59:07,553 Epoch number 3, batch number 3/40:       batch loss 0.010394121520221233
2023-11-10 08:59:08,165 Epoch number 3, batch number 4/40:       batch loss 0.00949193350970745
2023-11-10 08:59:08,788 Epoch number 3, batch number 5/40:       batch loss 0.01113941427320242
2023-11-10 08:59:09,405 Epoch number 3, batch number 6/40:       batch loss 0.009189349599182606
2023-11-10 08:59:10,025 Epoch number 3, batch number 7/40:       batch loss 0.009205447509884834
2023-11-10 08:59:10,639 Epoch number 3, batch number 8/40:       batch loss 0.013396911323070526
2023-11-10 08:59:11,250 Epoch number 3, batch number 9/40:       batch loss 0.01386658102273941
2023-11-10 08:59:11,854 Epoch number 3, batch number 10/40:       batch loss 0.011970850639045238
2023-11-10 08:59:12,474 Epoch number 3, batch number 11/40:       batch loss 0.013209238648414612
2023-11-10 08:59:13,076 Epoch number 3, batch number 12/40:       batch loss 0.009866918437182903
2023-11-10 08:59:13,705 Epoch number 3, batch number 13/40:       batch loss 0.009009981527924538
2023-11-10 08:59:14,333 Epoch number 3, batch number 14/40:       batch loss 0.015002280473709106
2023-11-10 08:59:14,956 Epoch number 3, batch number 15/40:       batch loss 0.009467029012739658
2023-11-10 08:59:15,570 Epoch number 3, batch number 16/40:       batch loss 0.012309528887271881
2023-11-10 08:59:16,190 Epoch number 3, batch number 17/40:       batch loss 0.011094052344560623
2023-11-10 08:59:16,820 Epoch number 3, batch number 18/40:       batch loss 0.01937466859817505
2023-11-10 08:59:17,446 Epoch number 3, batch number 19/40:       batch loss 0.014922578819096088
2023-11-10 08:59:18,077 Epoch number 3, batch number 20/40:       batch loss 0.011858624406158924
2023-11-10 08:59:18,696 Epoch number 3, batch number 21/40:       batch loss 0.011991791427135468
2023-11-10 08:59:19,319 Epoch number 3, batch number 22/40:       batch loss 0.018772484734654427
2023-11-10 08:59:19,946 Epoch number 3, batch number 23/40:       batch loss 0.015038937330245972
2023-11-10 08:59:20,578 Epoch number 3, batch number 24/40:       batch loss 0.01949457637965679
2023-11-10 08:59:21,200 Epoch number 3, batch number 25/40:       batch loss 0.015232771635055542
2023-11-10 08:59:21,833 Epoch number 3, batch number 26/40:       batch loss 0.015099835582077503
2023-11-10 08:59:22,461 Epoch number 3, batch number 27/40:       batch loss 0.01101669855415821
2023-11-10 08:59:23,092 Epoch number 3, batch number 28/40:       batch loss 0.01331507507711649
2023-11-10 08:59:23,710 Epoch number 3, batch number 29/40:       batch loss 0.008876566775143147
2023-11-10 08:59:24,333 Epoch number 3, batch number 30/40:       batch loss 0.010591964237391949
2023-11-10 08:59:24,959 Epoch number 3, batch number 31/40:       batch loss 0.011611618101596832
2023-11-10 08:59:25,593 Epoch number 3, batch number 32/40:       batch loss 0.03119713068008423
2023-11-10 08:59:26,206 Epoch number 3, batch number 33/40:       batch loss 0.010813728906214237
2023-11-10 08:59:26,817 Epoch number 3, batch number 34/40:       batch loss 0.012869621627032757
2023-11-10 08:59:27,431 Epoch number 3, batch number 35/40:       batch loss 0.016367396339774132
2023-11-10 08:59:28,057 Epoch number 3, batch number 36/40:       batch loss 0.011240116320550442
2023-11-10 08:59:28,673 Epoch number 3, batch number 37/40:       batch loss 0.013877812772989273
2023-11-10 08:59:29,289 Epoch number 3, batch number 38/40:       batch loss 0.011043975129723549
2023-11-10 08:59:29,894 Epoch number 3, batch number 39/40:       batch loss 0.013005534186959267
2023-11-10 08:59:29,938 Epoch: 4 	Training Loss: 0.013052
2023-11-10 08:59:29,939 Time for epoch 4 : 25 sec
2023-11-10 08:59:29,939 lr for epoch 4 is 0.10000
2023-11-10 08:59:32,023 Epoch number 4, batch number 0/40:       batch loss 0.014724353328347206
2023-11-10 08:59:32,661 Epoch number 4, batch number 1/40:       batch loss 0.009661708027124405
2023-11-10 08:59:33,294 Epoch number 4, batch number 2/40:       batch loss 0.011758538894355297
2023-11-10 08:59:33,920 Epoch number 4, batch number 3/40:       batch loss 0.009222868829965591
2023-11-10 08:59:34,563 Epoch number 4, batch number 4/40:       batch loss 0.015199684537947178
2023-11-10 08:59:35,203 Epoch number 4, batch number 5/40:       batch loss 0.01325808186084032
2023-11-10 08:59:35,846 Epoch number 4, batch number 6/40:       batch loss 0.011083223856985569
2023-11-10 08:59:36,492 Epoch number 4, batch number 7/40:       batch loss 0.014093529433012009
2023-11-10 08:59:37,141 Epoch number 4, batch number 8/40:       batch loss 0.013551319018006325
2023-11-10 08:59:37,774 Epoch number 4, batch number 9/40:       batch loss 0.015270896255970001
2023-11-10 08:59:38,420 Epoch number 4, batch number 10/40:       batch loss 0.009300725534558296
2023-11-10 08:59:39,069 Epoch number 4, batch number 11/40:       batch loss 0.013299280777573586
2023-11-10 08:59:39,688 Epoch number 4, batch number 12/40:       batch loss 0.015429451130330563
2023-11-10 08:59:40,308 Epoch number 4, batch number 13/40:       batch loss 0.010707971639931202
2023-11-10 08:59:40,938 Epoch number 4, batch number 14/40:       batch loss 0.010782028548419476
2023-11-10 08:59:41,556 Epoch number 4, batch number 15/40:       batch loss 0.009675148874521255
2023-11-10 08:59:42,188 Epoch number 4, batch number 16/40:       batch loss 0.01531789731234312
2023-11-10 08:59:42,811 Epoch number 4, batch number 17/40:       batch loss 0.013887097127735615
2023-11-10 08:59:43,443 Epoch number 4, batch number 18/40:       batch loss 0.009781689383089542
2023-11-10 08:59:44,059 Epoch number 4, batch number 19/40:       batch loss 0.011685402132570744
2023-11-10 08:59:44,700 Epoch number 4, batch number 20/40:       batch loss 0.009701522067189217
2023-11-10 08:59:45,325 Epoch number 4, batch number 21/40:       batch loss 0.012812730856239796
2023-11-10 08:59:45,943 Epoch number 4, batch number 22/40:       batch loss 0.01005645003169775
2023-11-10 08:59:46,573 Epoch number 4, batch number 23/40:       batch loss 0.015685586258769035
2023-11-10 08:59:47,209 Epoch number 4, batch number 24/40:       batch loss 0.012980850413441658
2023-11-10 08:59:47,836 Epoch number 4, batch number 25/40:       batch loss 0.009751701727509499
2023-11-10 08:59:48,443 Epoch number 4, batch number 26/40:       batch loss 0.01132457796484232
2023-11-10 08:59:49,066 Epoch number 4, batch number 27/40:       batch loss 0.008562391623854637
2023-11-10 08:59:49,685 Epoch number 4, batch number 28/40:       batch loss 0.010592513717710972
2023-11-10 08:59:50,315 Epoch number 4, batch number 29/40:       batch loss 0.016501696780323982
2023-11-10 08:59:50,940 Epoch number 4, batch number 30/40:       batch loss 0.011785836890339851
2023-11-10 08:59:51,592 Epoch number 4, batch number 31/40:       batch loss 0.008931692689657211
2023-11-10 08:59:52,228 Epoch number 4, batch number 32/40:       batch loss 0.01303613930940628
2023-11-10 08:59:52,846 Epoch number 4, batch number 33/40:       batch loss 0.01998201012611389
2023-11-10 08:59:53,469 Epoch number 4, batch number 34/40:       batch loss 0.009927242994308472
2023-11-10 08:59:54,098 Epoch number 4, batch number 35/40:       batch loss 0.011233516968786716
2023-11-10 08:59:54,738 Epoch number 4, batch number 36/40:       batch loss 0.013254652731120586
2023-11-10 08:59:55,377 Epoch number 4, batch number 37/40:       batch loss 0.01471790298819542
2023-11-10 08:59:56,008 Epoch number 4, batch number 38/40:       batch loss 0.009939487092196941
2023-11-10 08:59:56,636 Epoch number 4, batch number 39/40:       batch loss 0.011996425688266754
2023-11-10 08:59:56,682 Epoch: 5 	Training Loss: 0.012262
2023-11-10 08:59:56,683 Time for epoch 5 : 26 sec
2023-11-10 08:59:56,683 lr for epoch 5 is 0.10000
2023-11-10 08:59:58,787 Epoch number 5, batch number 0/40:       batch loss 0.0105724623426795
2023-11-10 08:59:59,452 Epoch number 5, batch number 1/40:       batch loss 0.0085319047793746
2023-11-10 09:00:00,102 Epoch number 5, batch number 2/40:       batch loss 0.007040871772915125
2023-11-10 09:00:00,743 Epoch number 5, batch number 3/40:       batch loss 0.0097975367680192
2023-11-10 09:00:01,377 Epoch number 5, batch number 4/40:       batch loss 0.010449671186506748
2023-11-10 09:00:02,018 Epoch number 5, batch number 5/40:       batch loss 0.011522606015205383
2023-11-10 09:00:02,666 Epoch number 5, batch number 6/40:       batch loss 0.008487739600241184
2023-11-10 09:00:03,323 Epoch number 5, batch number 7/40:       batch loss 0.011915617622435093
2023-11-10 09:00:03,964 Epoch number 5, batch number 8/40:       batch loss 0.007864072918891907
2023-11-10 09:00:04,604 Epoch number 5, batch number 9/40:       batch loss 0.012902866117656231
2023-11-10 09:00:05,232 Epoch number 5, batch number 10/40:       batch loss 0.010208068415522575
2023-11-10 09:00:05,882 Epoch number 5, batch number 11/40:       batch loss 0.011251266114413738
2023-11-10 09:00:06,518 Epoch number 5, batch number 12/40:       batch loss 0.016666023060679436
2023-11-10 09:00:07,157 Epoch number 5, batch number 13/40:       batch loss 0.016064604744315147
2023-11-10 09:00:07,795 Epoch number 5, batch number 14/40:       batch loss 0.010966703295707703
2023-11-10 09:00:08,422 Epoch number 5, batch number 15/40:       batch loss 0.011440886184573174
2023-11-10 09:00:09,065 Epoch number 5, batch number 16/40:       batch loss 0.010494990274310112
2023-11-10 09:00:09,714 Epoch number 5, batch number 17/40:       batch loss 0.008983532898128033
2023-11-10 09:00:10,365 Epoch number 5, batch number 18/40:       batch loss 0.012581315822899342
2023-11-10 09:00:11,008 Epoch number 5, batch number 19/40:       batch loss 0.013857622630894184
2023-11-10 09:00:11,644 Epoch number 5, batch number 20/40:       batch loss 0.012021703645586967
2023-11-10 09:00:12,296 Epoch number 5, batch number 21/40:       batch loss 0.009371960535645485
2023-11-10 09:00:12,932 Epoch number 5, batch number 22/40:       batch loss 0.013535701669752598
2023-11-10 09:00:13,583 Epoch number 5, batch number 23/40:       batch loss 0.014178711920976639
2023-11-10 09:00:14,241 Epoch number 5, batch number 24/40:       batch loss 0.009966861456632614
2023-11-10 09:00:14,899 Epoch number 5, batch number 25/40:       batch loss 0.010745941661298275
2023-11-10 09:00:15,531 Epoch number 5, batch number 26/40:       batch loss 0.010718696750700474
2023-11-10 09:00:16,163 Epoch number 5, batch number 27/40:       batch loss 0.010297542437911034
2023-11-10 09:00:16,784 Epoch number 5, batch number 28/40:       batch loss 0.01188809983432293
2023-11-10 09:00:17,425 Epoch number 5, batch number 29/40:       batch loss 0.012233322486281395
2023-11-10 09:00:18,064 Epoch number 5, batch number 30/40:       batch loss 0.012216735631227493
2023-11-10 09:00:18,695 Epoch number 5, batch number 31/40:       batch loss 0.013776404783129692
2023-11-10 09:00:19,329 Epoch number 5, batch number 32/40:       batch loss 0.010401232168078423
2023-11-10 09:00:19,967 Epoch number 5, batch number 33/40:       batch loss 0.01102522574365139
2023-11-10 09:00:20,595 Epoch number 5, batch number 34/40:       batch loss 0.015760889276862144
2023-11-10 09:00:21,232 Epoch number 5, batch number 35/40:       batch loss 0.013456243090331554
2023-11-10 09:00:21,860 Epoch number 5, batch number 36/40:       batch loss 0.010581953451037407
2023-11-10 09:00:22,495 Epoch number 5, batch number 37/40:       batch loss 0.01070184912532568
2023-11-10 09:00:23,132 Epoch number 5, batch number 38/40:       batch loss 0.01310738269239664
2023-11-10 09:00:23,749 Epoch number 5, batch number 39/40:       batch loss 0.011818662285804749
2023-11-10 09:00:23,792 Epoch: 6 	Training Loss: 0.011485
2023-11-10 09:00:23,792 Time for epoch 6 : 26 sec
2023-11-10 09:00:23,792 lr for epoch 6 is 0.10000
2023-11-10 09:00:25,864 Epoch number 6, batch number 0/40:       batch loss 0.012877467088401318
2023-11-10 09:00:26,521 Epoch number 6, batch number 1/40:       batch loss 0.010810554958879948
2023-11-10 09:00:27,191 Epoch number 6, batch number 2/40:       batch loss 0.010977407917380333
2023-11-10 09:00:27,842 Epoch number 6, batch number 3/40:       batch loss 0.01120730396360159
2023-11-10 09:00:28,499 Epoch number 6, batch number 4/40:       batch loss 0.009241675026714802
2023-11-10 09:00:29,157 Epoch number 6, batch number 5/40:       batch loss 0.013415907509624958
2023-11-10 09:00:29,828 Epoch number 6, batch number 6/40:       batch loss 0.008944757282733917
2023-11-10 09:00:30,493 Epoch number 6, batch number 7/40:       batch loss 0.012608690187335014
2023-11-10 09:00:31,156 Epoch number 6, batch number 8/40:       batch loss 0.01079395692795515
2023-11-10 09:00:31,802 Epoch number 6, batch number 9/40:       batch loss 0.010163151659071445
2023-11-10 09:00:32,458 Epoch number 6, batch number 10/40:       batch loss 0.012341550551354885
2023-11-10 09:00:33,095 Epoch number 6, batch number 11/40:       batch loss 0.013796953484416008
2023-11-10 09:00:33,720 Epoch number 6, batch number 12/40:       batch loss 0.01538461446762085
2023-11-10 09:00:34,349 Epoch number 6, batch number 13/40:       batch loss 0.010288574732840061
2023-11-10 09:00:34,984 Epoch number 6, batch number 14/40:       batch loss 0.012415366247296333
2023-11-10 09:00:35,616 Epoch number 6, batch number 15/40:       batch loss 0.012143963016569614
2023-11-10 09:00:36,260 Epoch number 6, batch number 16/40:       batch loss 0.012563083320856094
2023-11-10 09:00:36,928 Epoch number 6, batch number 17/40:       batch loss 0.012770229019224644
2023-11-10 09:00:37,577 Epoch number 6, batch number 18/40:       batch loss 0.009399937465786934
2023-11-10 09:00:38,215 Epoch number 6, batch number 19/40:       batch loss 0.010929392650723457
2023-11-10 09:00:38,856 Epoch number 6, batch number 20/40:       batch loss 0.009630810469388962
2023-11-10 09:00:39,499 Epoch number 6, batch number 21/40:       batch loss 0.011792022734880447
2023-11-10 09:00:40,136 Epoch number 6, batch number 22/40:       batch loss 0.012455863878130913
2023-11-10 09:00:40,772 Epoch number 6, batch number 23/40:       batch loss 0.008451237343251705
2023-11-10 09:00:41,414 Epoch number 6, batch number 24/40:       batch loss 0.009503014385700226
2023-11-10 09:00:42,068 Epoch number 6, batch number 25/40:       batch loss 0.010576221160590649
2023-11-10 09:00:42,706 Epoch number 6, batch number 26/40:       batch loss 0.012142838910222054
2023-11-10 09:00:43,346 Epoch number 6, batch number 27/40:       batch loss 0.010099830105900764
2023-11-10 09:00:43,994 Epoch number 6, batch number 28/40:       batch loss 0.01038174144923687
2023-11-10 09:00:44,638 Epoch number 6, batch number 29/40:       batch loss 0.010146476328372955
2023-11-10 09:00:45,299 Epoch number 6, batch number 30/40:       batch loss 0.01290417555719614
2023-11-10 09:00:45,933 Epoch number 6, batch number 31/40:       batch loss 0.011112569831311703
2023-11-10 09:00:46,587 Epoch number 6, batch number 32/40:       batch loss 0.009470836259424686
2023-11-10 09:00:47,249 Epoch number 6, batch number 33/40:       batch loss 0.010376080870628357
2023-11-10 09:00:47,890 Epoch number 6, batch number 34/40:       batch loss 0.01356260571628809
2023-11-10 09:00:48,533 Epoch number 6, batch number 35/40:       batch loss 0.012801078148186207
2023-11-10 09:00:49,181 Epoch number 6, batch number 36/40:       batch loss 0.00879701692610979
2023-11-10 09:00:49,828 Epoch number 6, batch number 37/40:       batch loss 0.01345624215900898
2023-11-10 09:00:50,472 Epoch number 6, batch number 38/40:       batch loss 0.015886152163147926
2023-11-10 09:00:51,108 Epoch number 6, batch number 39/40:       batch loss 0.010003069415688515
2023-11-10 09:00:51,152 Epoch: 7 	Training Loss: 0.011416
2023-11-10 09:00:51,152 Time for epoch 7 : 26 sec
2023-11-10 09:00:51,152 lr for epoch 7 is 0.10000
2023-11-10 09:00:53,239 Epoch number 7, batch number 0/40:       batch loss 0.012994905933737755
2023-11-10 09:00:53,876 Epoch number 7, batch number 1/40:       batch loss 0.013894770294427872
2023-11-10 09:00:54,512 Epoch number 7, batch number 2/40:       batch loss 0.009535867720842361
2023-11-10 09:00:55,158 Epoch number 7, batch number 3/40:       batch loss 0.009455041028559208
2023-11-10 09:00:55,816 Epoch number 7, batch number 4/40:       batch loss 0.008841467089951038
2023-11-10 09:00:56,459 Epoch number 7, batch number 5/40:       batch loss 0.012768905609846115
2023-11-10 09:00:57,100 Epoch number 7, batch number 6/40:       batch loss 0.00885720457881689
2023-11-10 09:00:57,731 Epoch number 7, batch number 7/40:       batch loss 0.007700546178966761
2023-11-10 09:00:58,365 Epoch number 7, batch number 8/40:       batch loss 0.008513393811881542
2023-11-10 09:00:59,004 Epoch number 7, batch number 9/40:       batch loss 0.011584753170609474
2023-11-10 09:00:59,641 Epoch number 7, batch number 10/40:       batch loss 0.013764157891273499
2023-11-10 09:01:00,290 Epoch number 7, batch number 11/40:       batch loss 0.010739159770309925
2023-11-10 09:01:00,950 Epoch number 7, batch number 12/40:       batch loss 0.010887280106544495
2023-11-10 09:01:01,612 Epoch number 7, batch number 13/40:       batch loss 0.011932690627872944
2023-11-10 09:01:02,293 Epoch number 7, batch number 14/40:       batch loss 0.013171682134270668
2023-11-10 09:01:02,950 Epoch number 7, batch number 15/40:       batch loss 0.009436589665710926
2023-11-10 09:01:03,614 Epoch number 7, batch number 16/40:       batch loss 0.008288930170238018
2023-11-10 09:01:04,268 Epoch number 7, batch number 17/40:       batch loss 0.00911758840084076
2023-11-10 09:01:04,937 Epoch number 7, batch number 18/40:       batch loss 0.01192361768335104
2023-11-10 09:01:05,599 Epoch number 7, batch number 19/40:       batch loss 0.011461474001407623
2023-11-10 09:01:06,254 Epoch number 7, batch number 20/40:       batch loss 0.018454667180776596
2023-11-10 09:01:06,906 Epoch number 7, batch number 21/40:       batch loss 0.010905592702329159
2023-11-10 09:01:07,578 Epoch number 7, batch number 22/40:       batch loss 0.010260307230055332
2023-11-10 09:01:08,214 Epoch number 7, batch number 23/40:       batch loss 0.01007924135774374
2023-11-10 09:01:08,856 Epoch number 7, batch number 24/40:       batch loss 0.012353023514151573
2023-11-10 09:01:09,497 Epoch number 7, batch number 25/40:       batch loss 0.011158156208693981
2023-11-10 09:01:10,166 Epoch number 7, batch number 26/40:       batch loss 0.012269774451851845
2023-11-10 09:01:10,824 Epoch number 7, batch number 27/40:       batch loss 0.013498867861926556
2023-11-10 09:01:11,466 Epoch number 7, batch number 28/40:       batch loss 0.007674365770071745
2023-11-10 09:01:12,116 Epoch number 7, batch number 29/40:       batch loss 0.012068286538124084
2023-11-10 09:01:12,765 Epoch number 7, batch number 30/40:       batch loss 0.010091882199048996
2023-11-10 09:01:13,414 Epoch number 7, batch number 31/40:       batch loss 0.01285327598452568
2023-11-10 09:01:14,056 Epoch number 7, batch number 32/40:       batch loss 0.018070153892040253
2023-11-10 09:01:14,705 Epoch number 7, batch number 33/40:       batch loss 0.01200514193624258
2023-11-10 09:01:15,366 Epoch number 7, batch number 34/40:       batch loss 0.011499514803290367
2023-11-10 09:01:16,003 Epoch number 7, batch number 35/40:       batch loss 0.013861837796866894
2023-11-10 09:01:16,654 Epoch number 7, batch number 36/40:       batch loss 0.008893455378711224
2023-11-10 09:01:17,309 Epoch number 7, batch number 37/40:       batch loss 0.012747128494083881
2023-11-10 09:01:17,962 Epoch number 7, batch number 38/40:       batch loss 0.01600106991827488
2023-11-10 09:01:18,612 Epoch number 7, batch number 39/40:       batch loss 0.00962765235453844
2023-11-10 09:01:18,655 Epoch: 8 	Training Loss: 0.011481
2023-11-10 09:01:18,655 Time for epoch 8 : 26 sec
2023-11-10 09:01:18,655 lr for epoch 8 is 0.10000
