2023-11-13 10:17:43,292 This is a summery of the run:
2023-11-13 10:17:43,292 Batch size for this run: 2
2023-11-13 10:17:43,292 Size of original image: 32 X 32
2023-11-13 10:17:43,292 learning rate: 0.001
2023-11-13 10:17:43,292 number of masks: 5
2023-11-13 10:17:43,292 Compression ratio: 200
2023-11-13 10:17:43,292 epochs : 80
2023-11-13 10:17:43,292 ***************************************************************************


2023-11-13 10:17:43,292 learning rate: 0.001
2023-11-13 10:17:43,772 Epoch number 0, batch number 0/40:       batch loss 0.04871026426553726
2023-11-13 10:17:44,081 Epoch number 0, batch number 1/40:       batch loss 0.07570423185825348
2023-11-13 10:17:44,388 Epoch number 0, batch number 2/40:       batch loss 0.0764523595571518
2023-11-13 10:17:44,711 Epoch number 0, batch number 3/40:       batch loss 0.06778007000684738
2023-11-13 10:17:45,018 Epoch number 0, batch number 4/40:       batch loss 0.06999915838241577
2023-11-13 10:17:45,318 Epoch number 0, batch number 5/40:       batch loss 0.05384539067745209
2023-11-13 10:17:45,623 Epoch number 0, batch number 6/40:       batch loss 0.04002439230680466
2023-11-13 10:17:45,926 Epoch number 0, batch number 7/40:       batch loss 0.05128718540072441
2023-11-13 10:17:46,232 Epoch number 0, batch number 8/40:       batch loss 0.042428068816661835
2023-11-13 10:17:46,544 Epoch number 0, batch number 9/40:       batch loss 0.04192037135362625
2023-11-13 10:17:46,847 Epoch number 0, batch number 10/40:       batch loss 0.04096405953168869
2023-11-13 10:17:47,144 Epoch number 0, batch number 11/40:       batch loss 0.024845004081726074
2023-11-13 10:17:47,447 Epoch number 0, batch number 12/40:       batch loss 0.033861931413412094
2023-11-13 10:17:47,760 Epoch number 0, batch number 13/40:       batch loss 0.035370346158742905
2023-11-13 10:17:48,063 Epoch number 0, batch number 14/40:       batch loss 0.023761022835969925
2023-11-13 10:17:48,372 Epoch number 0, batch number 15/40:       batch loss 0.03099561668932438
2023-11-13 10:17:48,680 Epoch number 0, batch number 16/40:       batch loss 0.03799377381801605
2023-11-13 10:17:48,968 Epoch number 0, batch number 17/40:       batch loss 0.04894934594631195
2023-11-13 10:17:49,275 Epoch number 0, batch number 18/40:       batch loss 0.02797534316778183
2023-11-13 10:17:49,590 Epoch number 0, batch number 19/40:       batch loss 0.04083588719367981
2023-11-13 10:17:49,913 Epoch number 0, batch number 20/40:       batch loss 0.039684753865003586
2023-11-13 10:17:50,224 Epoch number 0, batch number 21/40:       batch loss 0.030498839914798737
2023-11-13 10:17:50,535 Epoch number 0, batch number 22/40:       batch loss 0.030035583302378654
2023-11-13 10:17:50,835 Epoch number 0, batch number 23/40:       batch loss 0.03014082834124565
2023-11-13 10:17:51,137 Epoch number 0, batch number 24/40:       batch loss 0.0247889943420887
2023-11-13 10:17:51,462 Epoch number 0, batch number 25/40:       batch loss 0.029938211664557457
2023-11-13 10:17:51,773 Epoch number 0, batch number 26/40:       batch loss 0.0274304561316967
2023-11-13 10:17:52,093 Epoch number 0, batch number 27/40:       batch loss 0.045345958322286606
2023-11-13 10:17:52,403 Epoch number 0, batch number 28/40:       batch loss 0.03154629468917847
2023-11-13 10:17:52,720 Epoch number 0, batch number 29/40:       batch loss 0.02616751566529274
2023-11-13 10:17:53,020 Epoch number 0, batch number 30/40:       batch loss 0.026452578604221344
2023-11-13 10:17:53,324 Epoch number 0, batch number 31/40:       batch loss 0.02479112148284912
2023-11-13 10:17:53,634 Epoch number 0, batch number 32/40:       batch loss 0.03710556775331497
2023-11-13 10:17:53,928 Epoch number 0, batch number 33/40:       batch loss 0.03133688122034073
2023-11-13 10:17:54,234 Epoch number 0, batch number 34/40:       batch loss 0.058997441083192825
2023-11-13 10:17:54,544 Epoch number 0, batch number 35/40:       batch loss 0.02952587977051735
2023-11-13 10:17:54,848 Epoch number 0, batch number 36/40:       batch loss 0.03193555772304535
2023-11-13 10:17:55,149 Epoch number 0, batch number 37/40:       batch loss 0.026887541636824608
2023-11-13 10:17:55,460 Epoch number 0, batch number 38/40:       batch loss 0.03390657156705856
2023-11-13 10:17:55,757 Epoch number 0, batch number 39/40:       batch loss 0.020689591765403748
2023-11-13 10:17:55,788 Epoch: 1 	Training Loss: 0.038773
2023-11-13 10:17:55,788 Time for epoch 1 : 12 sec
2023-11-13 10:17:55,789 lr for epoch 1 is 0.10000
2023-11-13 10:17:57,203 Epoch number 1, batch number 0/40:       batch loss 0.02211291529238224
2023-11-13 10:17:57,532 Epoch number 1, batch number 1/40:       batch loss 0.026960134506225586
2023-11-13 10:17:57,850 Epoch number 1, batch number 2/40:       batch loss 0.021837182343006134
2023-11-13 10:17:58,162 Epoch number 1, batch number 3/40:       batch loss 0.03121061436831951
2023-11-13 10:17:58,490 Epoch number 1, batch number 4/40:       batch loss 0.025442205369472504
2023-11-13 10:17:58,809 Epoch number 1, batch number 5/40:       batch loss 0.03048640675842762
2023-11-13 10:17:59,131 Epoch number 1, batch number 6/40:       batch loss 0.029827997088432312
2023-11-13 10:17:59,436 Epoch number 1, batch number 7/40:       batch loss 0.02496250346302986
2023-11-13 10:17:59,767 Epoch number 1, batch number 8/40:       batch loss 0.024734165519475937
2023-11-13 10:18:00,090 Epoch number 1, batch number 9/40:       batch loss 0.036804597824811935
2023-11-13 10:18:00,419 Epoch number 1, batch number 10/40:       batch loss 0.042101576924324036
2023-11-13 10:18:00,739 Epoch number 1, batch number 11/40:       batch loss 0.04042729735374451
2023-11-13 10:18:01,056 Epoch number 1, batch number 12/40:       batch loss 0.030194541439414024
2023-11-13 10:18:01,373 Epoch number 1, batch number 13/40:       batch loss 0.024656517431139946
2023-11-13 10:18:01,718 Epoch number 1, batch number 14/40:       batch loss 0.01695817895233631
2023-11-13 10:18:02,052 Epoch number 1, batch number 15/40:       batch loss 0.028330402448773384
2023-11-13 10:18:02,377 Epoch number 1, batch number 16/40:       batch loss 0.02057185024023056
2023-11-13 10:18:02,704 Epoch number 1, batch number 17/40:       batch loss 0.03324725478887558
2023-11-13 10:18:03,029 Epoch number 1, batch number 18/40:       batch loss 0.022464394569396973
2023-11-13 10:18:03,350 Epoch number 1, batch number 19/40:       batch loss 0.02179684117436409
2023-11-13 10:18:03,661 Epoch number 1, batch number 20/40:       batch loss 0.020023725926876068
2023-11-13 10:18:03,971 Epoch number 1, batch number 21/40:       batch loss 0.023190520703792572
2023-11-13 10:18:04,281 Epoch number 1, batch number 22/40:       batch loss 0.021909184753894806
2023-11-13 10:18:04,592 Epoch number 1, batch number 23/40:       batch loss 0.031522348523139954
2023-11-13 10:18:04,891 Epoch number 1, batch number 24/40:       batch loss 0.0237627774477005
2023-11-13 10:18:05,204 Epoch number 1, batch number 25/40:       batch loss 0.018598994240164757
2023-11-13 10:18:05,534 Epoch number 1, batch number 26/40:       batch loss 0.017574558034539223
2023-11-13 10:18:05,848 Epoch number 1, batch number 27/40:       batch loss 0.021138224750757217
2023-11-13 10:18:06,171 Epoch number 1, batch number 28/40:       batch loss 0.02103896252810955
2023-11-13 10:18:06,486 Epoch number 1, batch number 29/40:       batch loss 0.02857620269060135
2023-11-13 10:18:06,823 Epoch number 1, batch number 30/40:       batch loss 0.026440568268299103
2023-11-13 10:18:07,133 Epoch number 1, batch number 31/40:       batch loss 0.02843499556183815
2023-11-13 10:18:07,471 Epoch number 1, batch number 32/40:       batch loss 0.028581608086824417
2023-11-13 10:18:07,787 Epoch number 1, batch number 33/40:       batch loss 0.026468342170119286
2023-11-13 10:18:08,098 Epoch number 1, batch number 34/40:       batch loss 0.033072441816329956
2023-11-13 10:18:08,417 Epoch number 1, batch number 35/40:       batch loss 0.03864430636167526
2023-11-13 10:18:08,749 Epoch number 1, batch number 36/40:       batch loss 0.02075960300862789
2023-11-13 10:18:09,062 Epoch number 1, batch number 37/40:       batch loss 0.02966415509581566
2023-11-13 10:18:09,392 Epoch number 1, batch number 38/40:       batch loss 0.034220851957798004
2023-11-13 10:18:09,709 Epoch number 1, batch number 39/40:       batch loss 0.025530628859996796
2023-11-13 10:18:09,741 Epoch: 2 	Training Loss: 0.026857
2023-11-13 10:18:09,741 Time for epoch 2 : 13 sec
2023-11-13 10:18:09,741 lr for epoch 2 is 0.10000
2023-11-13 10:18:11,159 Epoch number 2, batch number 0/40:       batch loss 0.018983060494065285
2023-11-13 10:18:11,478 Epoch number 2, batch number 1/40:       batch loss 0.019949456676840782
2023-11-13 10:18:11,796 Epoch number 2, batch number 2/40:       batch loss 0.025907393544912338
2023-11-13 10:18:12,121 Epoch number 2, batch number 3/40:       batch loss 0.030500641092658043
2023-11-13 10:18:12,440 Epoch number 2, batch number 4/40:       batch loss 0.015843970701098442
2023-11-13 10:18:12,750 Epoch number 2, batch number 5/40:       batch loss 0.02549673058092594
2023-11-13 10:18:13,071 Epoch number 2, batch number 6/40:       batch loss 0.025271926075220108
2023-11-13 10:18:13,384 Epoch number 2, batch number 7/40:       batch loss 0.023018263280391693
2023-11-13 10:18:13,700 Epoch number 2, batch number 8/40:       batch loss 0.016151579096913338
2023-11-13 10:18:14,009 Epoch number 2, batch number 9/40:       batch loss 0.021273445338010788
2023-11-13 10:18:14,328 Epoch number 2, batch number 10/40:       batch loss 0.018000416457653046
2023-11-13 10:18:14,657 Epoch number 2, batch number 11/40:       batch loss 0.02253599651157856
2023-11-13 10:18:14,961 Epoch number 2, batch number 12/40:       batch loss 0.025583479553461075
2023-11-13 10:18:15,269 Epoch number 2, batch number 13/40:       batch loss 0.02593895047903061
2023-11-13 10:18:15,590 Epoch number 2, batch number 14/40:       batch loss 0.02391347661614418
2023-11-13 10:18:15,899 Epoch number 2, batch number 15/40:       batch loss 0.02110470086336136
2023-11-13 10:18:16,223 Epoch number 2, batch number 16/40:       batch loss 0.023903094232082367
2023-11-13 10:18:16,542 Epoch number 2, batch number 17/40:       batch loss 0.024822909384965897
2023-11-13 10:18:16,869 Epoch number 2, batch number 18/40:       batch loss 0.013713626191020012
2023-11-13 10:18:17,190 Epoch number 2, batch number 19/40:       batch loss 0.034972961992025375
2023-11-13 10:18:17,501 Epoch number 2, batch number 20/40:       batch loss 0.02668694406747818
2023-11-13 10:18:17,802 Epoch number 2, batch number 21/40:       batch loss 0.03067481331527233
2023-11-13 10:18:18,121 Epoch number 2, batch number 22/40:       batch loss 0.026704415678977966
2023-11-13 10:18:18,430 Epoch number 2, batch number 23/40:       batch loss 0.029051516205072403
2023-11-13 10:18:18,742 Epoch number 2, batch number 24/40:       batch loss 0.021108586341142654
2023-11-13 10:18:19,046 Epoch number 2, batch number 25/40:       batch loss 0.021118510514497757
2023-11-13 10:18:19,362 Epoch number 2, batch number 26/40:       batch loss 0.025759462267160416
2023-11-13 10:18:19,667 Epoch number 2, batch number 27/40:       batch loss 0.02591598406434059
2023-11-13 10:18:19,990 Epoch number 2, batch number 28/40:       batch loss 0.02325417473912239
2023-11-13 10:18:20,305 Epoch number 2, batch number 29/40:       batch loss 0.0360957570374012
2023-11-13 10:18:20,624 Epoch number 2, batch number 30/40:       batch loss 0.01801149733364582
2023-11-13 10:18:20,940 Epoch number 2, batch number 31/40:       batch loss 0.02624131739139557
2023-11-13 10:18:21,259 Epoch number 2, batch number 32/40:       batch loss 0.02030789852142334
2023-11-13 10:18:21,582 Epoch number 2, batch number 33/40:       batch loss 0.027254313230514526
2023-11-13 10:18:21,894 Epoch number 2, batch number 34/40:       batch loss 0.01775919273495674
2023-11-13 10:18:22,218 Epoch number 2, batch number 35/40:       batch loss 0.023403463885188103
2023-11-13 10:18:22,532 Epoch number 2, batch number 36/40:       batch loss 0.023991206660866737
2023-11-13 10:18:22,839 Epoch number 2, batch number 37/40:       batch loss 0.031726762652397156
2023-11-13 10:18:23,152 Epoch number 2, batch number 38/40:       batch loss 0.02019963040947914
2023-11-13 10:18:23,464 Epoch number 2, batch number 39/40:       batch loss 0.020552117377519608
2023-11-13 10:18:23,499 Epoch: 3 	Training Loss: 0.023818
2023-11-13 10:18:23,499 Time for epoch 3 : 13 sec
2023-11-13 10:18:23,499 lr for epoch 3 is 0.10000
2023-11-13 10:18:24,874 Epoch number 3, batch number 0/40:       batch loss 0.023892542347311974
2023-11-13 10:18:25,206 Epoch number 3, batch number 1/40:       batch loss 0.021854106336832047
