2023-09-07 06:59:28,549 This is a summery of the run:
2023-09-07 06:59:28,549 Batch size for this run: 2
2023-09-07 06:59:28,549 Size of original image: 64 X 64
2023-09-07 06:59:28,549 learning rate: 0.001
2023-09-07 06:59:28,549 number of masks: 4096
2023-09-07 06:59:28,549 Compression ratio: 1
2023-09-07 06:59:28,549 epochs : 50
2023-09-07 06:59:28,549 ***************************************************************************


2023-09-07 06:59:28,549 learning rate: 0.001
2023-09-07 07:00:08,581 batch loss 0/4: 0.06630143523216248
2023-09-07 07:00:16,863 batch loss 1/4: 0.08802656084299088
2023-09-07 07:00:24,284 batch loss 2/4: 0.07678806781768799
2023-09-07 07:00:31,686 batch loss 3/4: 0.134247288107872
2023-09-07 07:00:31,753 Epoch: 1 	Training Loss: 0.091341
2023-09-07 07:00:31,753 Time for epoch 1 : 43 sec
2023-09-07 07:00:31,753 Average PSNR for epoch 1 on training set is 0.000000
2023-09-07 07:01:16,021 batch loss 0/4: 0.09040185064077377
2023-09-07 07:01:23,462 batch loss 1/4: 0.09580183029174805
2023-09-07 07:01:31,202 batch loss 2/4: 0.05353190004825592
2023-09-07 07:01:39,379 batch loss 3/4: 0.1569315493106842
2023-09-07 07:01:41,158 Epoch: 2 	Training Loss: 0.099167
2023-09-07 07:01:41,158 Time for epoch 2 : 67 sec
2023-09-07 07:01:41,158 Average PSNR for epoch 2 on training set is 0.000000
2023-09-07 07:02:30,379 batch loss 0/4: 0.08595526963472366
2023-09-07 07:02:38,944 batch loss 1/4: 0.02989324927330017
2023-09-07 07:02:47,505 batch loss 2/4: 0.09768567979335785
2023-09-07 07:02:56,189 batch loss 3/4: 0.16209399700164795
