2023-09-05 13:12:07,485 This is a summery of the run:
2023-09-05 13:12:07,485 Batch size for this run: 2
2023-09-05 13:12:07,485 Size of original image: 64 X 64
2023-09-05 13:12:07,485 learning rate: 0.001
2023-09-05 13:12:07,485 number of masks: 4096
2023-09-05 13:12:07,485 Compression ratio: 1
2023-09-05 13:12:07,485 epochs : 1
2023-09-05 13:12:07,485 ***************************************************************************


2023-09-05 13:12:07,485 learning rate: 0.001
2023-09-05 13:12:50,056 batch loss 0/4: 0.11548221111297607
2023-09-05 13:12:58,445 batch loss 1/4: 0.08996544778347015
2023-09-05 13:13:06,978 batch loss 2/4: 0.08921462297439575
2023-09-05 13:13:15,276 batch loss 3/4: 0.03158530965447426
2023-09-05 13:13:15,334 Epoch: 1 	Training Loss: 0.081562
2023-09-05 13:13:15,334 Time for epoch 1 : 47 sec
2023-09-05 13:13:15,334 Average PSNR for epoch 1 on training set is 0.000000
2023-09-05 13:13:18,034 Test Loss: 0.530430

2023-09-05 13:14:06,239 batch loss 0/4: 0.06995432078838348
2023-09-05 13:14:14,651 batch loss 1/4: 0.09010302275419235
2023-09-05 13:14:22,996 batch loss 2/4: 0.11112833768129349
2023-09-05 13:14:31,430 batch loss 3/4: 0.053624287247657776
2023-09-05 13:14:36,734 Test Loss: 0.359564

2023-09-05 13:14:36,782 findfont: Font family 'Arial' not found.
2023-09-05 13:14:36,783 findfont: Font family 'Arial' not found.
2023-09-05 13:14:36,784 findfont: Font family 'Times New Roman' not found.
2023-09-05 13:14:36,784 findfont: Font family 'Times New Roman' not found.
2023-09-05 13:14:36,785 findfont: Font family 'Times New Roman' not found.
2023-09-05 13:14:36,798 findfont: Font family 'Arial' not found.
2023-09-05 13:14:36,798 findfont: Font family 'Arial' not found.
2023-09-05 13:14:36,805 findfont: Font family 'Arial' not found.
2023-09-05 13:14:36,806 findfont: Font family 'Times New Roman' not found.
2023-09-05 13:14:36,807 findfont: Font family 'Times New Roman' not found.
2023-09-05 13:14:36,861 findfont: Font family 'Arial' not found.
2023-09-05 13:14:36,867 findfont: Font family 'Arial' not found.
2023-09-05 13:14:36,868 findfont: Font family 'Times New Roman' not found.
2023-09-05 13:14:36,869 findfont: Font family 'Times New Roman' not found.
2023-09-05 13:14:36,875 Run Finished Successfully
