2023-09-05 11:56:05,496 This is a summery of the run:
2023-09-05 11:56:05,497 Batch size for this run: 2
2023-09-05 11:56:05,497 Size of original image: 64 X 64
2023-09-05 11:56:05,497 learning rate: 0.001
2023-09-05 11:56:05,497 number of masks: 4096
2023-09-05 11:56:05,497 Compression ratio: 1
2023-09-05 11:56:05,497 epochs : 1
2023-09-05 11:56:05,497 ***************************************************************************


2023-09-05 11:56:05,497 learning rate: 0.001
2023-09-05 11:56:46,603 batch loss 0/4: 0.07125315815210342
2023-09-05 11:56:54,952 batch loss 1/4: 0.035079214721918106
2023-09-05 11:57:03,096 batch loss 2/4: 0.14512450993061066
2023-09-05 11:57:11,322 batch loss 3/4: 0.10779677331447601
2023-09-05 11:57:11,382 Epoch: 1 	Training Loss: 0.089813
2023-09-05 11:57:11,382 Time for epoch 1 : 46 sec
2023-09-05 11:57:11,382 Average PSNR for epoch 1 on training set is 0.000000
2023-09-05 11:57:14,129 Test Loss: 0.300748

2023-09-05 11:58:01,626 batch loss 0/4: 0.0385274812579155
2023-09-05 11:58:09,992 batch loss 1/4: 0.10421542078256607
2023-09-05 11:58:18,309 batch loss 2/4: 0.1736854910850525
2023-09-05 11:58:26,505 batch loss 3/4: 0.09795798361301422
2023-09-05 11:58:31,790 Test Loss: 0.194159

