2023-09-06 14:44:35,218 This is a summery of the run:
2023-09-06 14:44:35,218 Batch size for this run: 2
2023-09-06 14:44:35,218 Size of original image: 64 X 64
2023-09-06 14:44:35,218 learning rate: 0.001
2023-09-06 14:44:35,218 number of masks: 4096
2023-09-06 14:44:35,218 Compression ratio: 1
2023-09-06 14:44:35,218 epochs : 50
2023-09-06 14:44:35,218 ***************************************************************************


2023-09-06 14:44:35,218 learning rate: 0.001
2023-09-06 14:45:13,416 batch loss 0/40: 0.8837748765945435
2023-09-06 14:45:20,783 batch loss 1/40: 1.0582462549209595
2023-09-06 14:45:28,196 batch loss 2/40: 0.8683052062988281
2023-09-06 14:45:35,531 batch loss 3/40: 0.8204148411750793
2023-09-06 14:45:42,951 batch loss 4/40: 0.6608555912971497
2023-09-06 14:45:50,296 batch loss 5/40: 0.6737436056137085
2023-09-06 14:45:57,671 batch loss 6/40: 0.7712957859039307
2023-09-06 14:46:05,019 batch loss 7/40: 0.9602292776107788
2023-09-06 14:46:12,415 batch loss 8/40: 0.6121827363967896
2023-09-06 14:46:19,869 batch loss 9/40: 0.8181511759757996
2023-09-06 14:46:27,226 batch loss 10/40: 0.9633265137672424
2023-09-06 14:46:34,592 batch loss 11/40: 1.0760953426361084
2023-09-06 14:46:41,951 batch loss 12/40: 0.6992521286010742
2023-09-06 14:46:49,378 batch loss 13/40: 0.7773615717887878
2023-09-06 14:46:56,778 batch loss 14/40: 1.2804720401763916
2023-09-06 14:47:04,103 batch loss 15/40: 0.8844304084777832
2023-09-06 14:47:11,597 batch loss 16/40: 1.2773395776748657
2023-09-06 14:47:19,972 batch loss 17/40: 0.8382629156112671
2023-09-06 14:47:28,302 batch loss 18/40: 0.664850115776062
2023-09-06 14:47:36,624 batch loss 19/40: 0.9211556911468506
2023-09-06 14:47:44,983 batch loss 20/40: 0.5365245938301086
2023-09-06 14:47:53,340 batch loss 21/40: 0.9963758587837219
2023-09-06 14:48:01,654 batch loss 22/40: 0.8762477040290833
2023-09-06 14:48:10,085 batch loss 23/40: 0.8942698836326599
2023-09-06 14:48:18,426 batch loss 24/40: 1.2594826221466064
2023-09-06 14:48:26,804 batch loss 25/40: 1.239487648010254
2023-09-06 14:48:35,164 batch loss 26/40: 0.707993745803833
2023-09-06 14:48:43,491 batch loss 27/40: 0.842113196849823
2023-09-06 14:48:52,031 batch loss 28/40: 0.8121415376663208
2023-09-06 14:49:00,345 batch loss 29/40: 0.6061570644378662
2023-09-06 14:49:08,911 batch loss 30/40: 0.8983394503593445
2023-09-06 14:49:17,327 batch loss 31/40: 0.704635739326477
2023-09-06 14:49:25,652 batch loss 32/40: 0.8631640672683716
2023-09-06 14:49:33,984 batch loss 33/40: 0.8685218095779419
2023-09-06 14:49:42,404 batch loss 34/40: 0.6254443526268005
2023-09-06 14:49:50,756 batch loss 35/40: 0.8971630930900574
2023-09-06 14:49:59,098 batch loss 36/40: 0.7435801029205322
2023-09-06 14:50:07,434 batch loss 37/40: 0.6514103412628174
2023-09-06 14:50:15,794 batch loss 38/40: 0.9158977270126343
2023-09-06 14:50:24,278 batch loss 39/40: 1.1059685945510864
