2023-09-07 06:15:16,897 This is a summery of the run:
2023-09-07 06:15:16,897 Batch size for this run: 2
2023-09-07 06:15:16,897 Size of original image: 64 X 64
2023-09-07 06:15:16,897 learning rate: 0.001
2023-09-07 06:15:16,897 number of masks: 4096
2023-09-07 06:15:16,897 Compression ratio: 1
2023-09-07 06:15:16,897 epochs : 50
2023-09-07 06:15:16,897 ***************************************************************************


2023-09-07 06:15:16,897 learning rate: 0.001
2023-09-07 06:15:55,588 batch loss 0/4: 1.2860187292099
2023-09-07 06:16:03,060 batch loss 1/4: 1.3329073190689087
2023-09-07 06:16:10,654 batch loss 2/4: 1.0860099792480469
2023-09-07 06:16:18,082 batch loss 3/4: 1.128163456916809
2023-09-07 06:16:18,146 Epoch: 1 	Training Loss: 1.208275
2023-09-07 06:16:18,146 Time for epoch 1 : 42 sec
2023-09-07 06:16:18,146 Average PSNR for epoch 1 on training set is 0.000000
2023-09-07 06:17:02,501 batch loss 0/4: 1.4288579225540161
2023-09-07 06:17:10,030 batch loss 1/4: 1.145838737487793
2023-09-07 06:17:17,434 batch loss 2/4: 1.1235357522964478
2023-09-07 06:17:24,903 batch loss 3/4: 1.3518571853637695
2023-09-07 06:17:26,130 Epoch: 2 	Training Loss: 1.262522
2023-09-07 06:17:26,130 Time for epoch 2 : 65 sec
2023-09-07 06:17:26,130 Average PSNR for epoch 2 on training set is 0.000000
2023-09-07 06:18:13,073 batch loss 0/4: 1.1045963764190674
2023-09-07 06:18:20,741 batch loss 1/4: 1.3907450437545776
2023-09-07 06:18:28,135 batch loss 2/4: 1.320737600326538
2023-09-07 06:18:36,145 batch loss 3/4: 1.1456260681152344
2023-09-07 06:18:40,448 Epoch: 3 	Training Loss: 1.240426
2023-09-07 06:18:40,449 Time for epoch 3 : 70 sec
2023-09-07 06:18:40,449 Average PSNR for epoch 3 on training set is 0.000000
2023-09-07 06:19:29,742 batch loss 0/4: 1.3758177757263184
2023-09-07 06:19:38,211 batch loss 1/4: 0.9643011093139648
2023-09-07 06:19:46,608 batch loss 2/4: 1.345313310623169
2023-09-07 06:19:55,095 batch loss 3/4: 1.3307949304580688
2023-09-07 06:19:59,438 Epoch: 4 	Training Loss: 1.254057
2023-09-07 06:19:59,438 Time for epoch 4 : 73 sec
2023-09-07 06:19:59,438 Average PSNR for epoch 4 on training set is 0.000000
2023-09-07 06:20:48,729 batch loss 0/4: 1.5141355991363525
2023-09-07 06:20:57,136 batch loss 1/4: 1.3636566400527954
2023-09-07 06:21:05,571 batch loss 2/4: 1.0867345333099365
2023-09-07 06:21:14,060 batch loss 3/4: 0.9785553216934204
2023-09-07 06:21:18,412 Epoch: 5 	Training Loss: 1.235771
2023-09-07 06:21:18,412 Time for epoch 5 : 73 sec
2023-09-07 06:21:18,412 Average PSNR for epoch 5 on training set is 0.000000
2023-09-07 06:22:07,164 batch loss 0/4: 1.2368255853652954
2023-09-07 06:22:15,609 batch loss 1/4: 1.660176157951355
2023-09-07 06:22:24,022 batch loss 2/4: 1.0547192096710205
2023-09-07 06:22:32,463 batch loss 3/4: 1.1928848028182983
2023-09-07 06:22:36,797 Epoch: 6 	Training Loss: 1.286151
2023-09-07 06:22:36,797 Time for epoch 6 : 72 sec
2023-09-07 06:22:36,797 Average PSNR for epoch 6 on training set is 0.000000
2023-09-07 06:23:26,046 batch loss 0/4: 1.5900698900222778
2023-09-07 06:23:34,475 batch loss 1/4: 1.3313544988632202
2023-09-07 06:23:42,864 batch loss 2/4: 1.1199543476104736
2023-09-07 06:23:51,333 batch loss 3/4: 1.0594478845596313
2023-09-07 06:23:55,723 Epoch: 7 	Training Loss: 1.275207
2023-09-07 06:23:55,723 Time for epoch 7 : 73 sec
2023-09-07 06:23:55,723 Average PSNR for epoch 7 on training set is 0.000000
2023-09-07 06:24:44,599 batch loss 0/4: 1.0279688835144043
2023-09-07 06:24:53,029 batch loss 1/4: 1.1513422727584839
2023-09-07 06:25:01,454 batch loss 2/4: 1.2508461475372314
2023-09-07 06:25:09,957 batch loss 3/4: 1.5636496543884277
2023-09-07 06:25:13,744 Epoch: 8 	Training Loss: 1.248452
2023-09-07 06:25:13,745 Time for epoch 8 : 72 sec
2023-09-07 06:25:13,745 Average PSNR for epoch 8 on training set is 0.000000
2023-09-07 06:26:00,371 batch loss 0/4: 1.3268505334854126
2023-09-07 06:26:07,859 batch loss 1/4: 1.505563735961914
2023-09-07 06:26:15,226 batch loss 2/4: 1.2101210355758667
2023-09-07 06:26:22,765 batch loss 3/4: 1.1426466703414917
2023-09-07 06:26:25,997 Epoch: 9 	Training Loss: 1.296295
2023-09-07 06:26:25,997 Time for epoch 9 : 68 sec
2023-09-07 06:26:25,997 Average PSNR for epoch 9 on training set is 0.000000
2023-09-07 06:27:12,557 batch loss 0/4: 1.5464160442352295
2023-09-07 06:27:20,003 batch loss 1/4: 0.9990245699882507
2023-09-07 06:27:27,401 batch loss 2/4: 1.3592042922973633
2023-09-07 06:27:34,818 batch loss 3/4: 0.9422405958175659
2023-09-07 06:27:38,021 Epoch: 10 	Training Loss: 1.211721
2023-09-07 06:27:38,021 Time for epoch 10 : 68 sec
2023-09-07 06:27:38,021 Average PSNR for epoch 10 on training set is 0.000000
2023-09-07 06:28:24,228 batch loss 0/4: 1.6837821006774902
2023-09-07 06:28:31,787 batch loss 1/4: 1.3205605745315552
2023-09-07 06:28:39,227 batch loss 2/4: 1.2279512882232666
2023-09-07 06:28:46,688 batch loss 3/4: 0.9367649555206299
2023-09-07 06:28:49,918 Epoch: 11 	Training Loss: 1.292265
2023-09-07 06:28:49,918 Time for epoch 11 : 68 sec
2023-09-07 06:28:49,918 Average PSNR for epoch 11 on training set is 0.000000
2023-09-07 06:29:36,538 batch loss 0/4: 1.4930771589279175
2023-09-07 06:29:44,019 batch loss 1/4: 1.2317147254943848
2023-09-07 06:29:51,379 batch loss 2/4: 1.1681432723999023
2023-09-07 06:29:58,843 batch loss 3/4: 1.0979806184768677
2023-09-07 06:30:02,068 Epoch: 12 	Training Loss: 1.247729
2023-09-07 06:30:02,068 Time for epoch 12 : 68 sec
2023-09-07 06:30:02,068 Average PSNR for epoch 12 on training set is 0.000000
2023-09-07 06:30:47,976 batch loss 0/4: 1.5232031345367432
2023-09-07 06:30:56,497 batch loss 1/4: 1.1149497032165527
2023-09-07 06:31:04,929 batch loss 2/4: 1.3705787658691406
2023-09-07 06:31:13,342 batch loss 3/4: 1.2477765083312988
2023-09-07 06:31:17,705 Epoch: 13 	Training Loss: 1.314127
2023-09-07 06:31:17,705 Time for epoch 13 : 71 sec
2023-09-07 06:31:17,705 Average PSNR for epoch 13 on training set is 0.000000
2023-09-07 06:32:06,586 batch loss 0/4: 1.413500428199768
2023-09-07 06:32:15,119 batch loss 1/4: 1.0129376649856567
2023-09-07 06:32:23,660 batch loss 2/4: 1.441136121749878
2023-09-07 06:32:32,073 batch loss 3/4: 1.1863566637039185
2023-09-07 06:32:36,466 Epoch: 14 	Training Loss: 1.263483
2023-09-07 06:32:36,466 Time for epoch 14 : 73 sec
2023-09-07 06:32:36,466 Average PSNR for epoch 14 on training set is 0.000000
2023-09-07 06:33:26,086 batch loss 0/4: 1.4532368183135986
2023-09-07 06:33:33,573 batch loss 1/4: 1.2779991626739502
2023-09-07 06:33:40,933 batch loss 2/4: 1.1691169738769531
2023-09-07 06:33:48,417 batch loss 3/4: 1.109523892402649
2023-09-07 06:33:51,674 Epoch: 15 	Training Loss: 1.252469
2023-09-07 06:33:51,674 Time for epoch 15 : 69 sec
2023-09-07 06:33:51,674 Average PSNR for epoch 15 on training set is 0.000000
2023-09-07 06:34:38,523 batch loss 0/4: 1.4562724828720093
2023-09-07 06:34:46,040 batch loss 1/4: 1.3788670301437378
2023-09-07 06:34:53,555 batch loss 2/4: 1.115952968597412
2023-09-07 06:35:01,055 batch loss 3/4: 0.9312835931777954
2023-09-07 06:35:04,228 Epoch: 16 	Training Loss: 1.220594
2023-09-07 06:35:04,228 Time for epoch 16 : 68 sec
2023-09-07 06:35:04,228 Average PSNR for epoch 16 on training set is 0.000000
2023-09-07 06:35:51,253 batch loss 0/4: 1.5195297002792358
2023-09-07 06:35:59,359 batch loss 1/4: 1.1193732023239136
2023-09-07 06:36:08,518 batch loss 2/4: 1.0311455726623535
2023-09-07 06:36:17,665 batch loss 3/4: 1.3529678583145142
2023-09-07 06:36:21,951 Epoch: 17 	Training Loss: 1.255754
2023-09-07 06:36:21,951 Time for epoch 17 : 73 sec
2023-09-07 06:36:21,951 Average PSNR for epoch 17 on training set is 0.000000
2023-09-07 06:37:12,388 batch loss 0/4: 1.0939180850982666
2023-09-07 06:37:20,831 batch loss 1/4: 1.539738655090332
2023-09-07 06:37:29,267 batch loss 2/4: 1.1734174489974976
2023-09-07 06:37:38,315 batch loss 3/4: 1.13717782497406
2023-09-07 06:37:42,682 Epoch: 18 	Training Loss: 1.236063
2023-09-07 06:37:42,682 Time for epoch 18 : 74 sec
2023-09-07 06:37:42,682 Average PSNR for epoch 18 on training set is 0.000000
2023-09-07 06:38:32,704 batch loss 0/4: 1.3205214738845825
2023-09-07 06:38:41,363 batch loss 1/4: 1.0004193782806396
2023-09-07 06:38:50,084 batch loss 2/4: 1.4229618310928345
2023-09-07 06:38:58,921 batch loss 3/4: 1.4691344499588013
2023-09-07 06:39:03,271 Epoch: 19 	Training Loss: 1.303259
2023-09-07 06:39:03,271 Time for epoch 19 : 74 sec
2023-09-07 06:39:03,271 Average PSNR for epoch 19 on training set is 0.000000
2023-09-07 06:39:52,635 batch loss 0/4: 1.3018598556518555
2023-09-07 06:40:01,331 batch loss 1/4: 1.4016931056976318
2023-09-07 06:40:09,831 batch loss 2/4: 0.9759631752967834
2023-09-07 06:40:18,339 batch loss 3/4: 1.2685277462005615
2023-09-07 06:40:22,709 Epoch: 20 	Training Loss: 1.237011
2023-09-07 06:40:22,709 Time for epoch 20 : 73 sec
2023-09-07 06:40:22,709 Average PSNR for epoch 20 on training set is 0.000000
2023-09-07 06:41:12,557 batch loss 0/4: 1.2314693927764893
2023-09-07 06:41:20,959 batch loss 1/4: 1.53428053855896
2023-09-07 06:41:29,605 batch loss 2/4: 1.2611422538757324
2023-09-07 06:41:38,002 batch loss 3/4: 1.060142159461975
2023-09-07 06:41:42,393 Epoch: 21 	Training Loss: 1.271759
2023-09-07 06:41:42,393 Time for epoch 21 : 73 sec
2023-09-07 06:41:42,393 Average PSNR for epoch 21 on training set is 0.000000
2023-09-07 06:42:31,547 batch loss 0/4: 1.1921563148498535
2023-09-07 06:42:40,048 batch loss 1/4: 1.14887273311615
2023-09-07 06:42:48,512 batch loss 2/4: 1.4377408027648926
2023-09-07 06:42:56,968 batch loss 3/4: 1.30096435546875
2023-09-07 06:43:01,342 Epoch: 22 	Training Loss: 1.269934
2023-09-07 06:43:01,342 Time for epoch 22 : 73 sec
2023-09-07 06:43:01,342 Average PSNR for epoch 22 on training set is 0.000000
2023-09-07 06:43:50,410 batch loss 0/4: 1.1181466579437256
2023-09-07 06:43:58,928 batch loss 1/4: 1.6339023113250732
2023-09-07 06:44:07,456 batch loss 2/4: 1.351889967918396
2023-09-07 06:44:16,123 batch loss 3/4: 1.0211756229400635
2023-09-07 06:44:20,438 Epoch: 23 	Training Loss: 1.281279
2023-09-07 06:44:20,438 Time for epoch 23 : 73 sec
2023-09-07 06:44:20,439 Average PSNR for epoch 23 on training set is 0.000000
2023-09-07 06:45:09,662 batch loss 0/4: 1.129899501800537
2023-09-07 06:45:18,152 batch loss 1/4: 1.245147943496704
2023-09-07 06:45:26,613 batch loss 2/4: 1.3288216590881348
2023-09-07 06:45:35,159 batch loss 3/4: 1.3619163036346436
2023-09-07 06:45:39,465 Epoch: 24 	Training Loss: 1.266446
2023-09-07 06:45:39,465 Time for epoch 24 : 73 sec
2023-09-07 06:45:39,465 Average PSNR for epoch 24 on training set is 0.000000
2023-09-07 06:46:28,714 batch loss 0/4: 1.3457725048065186
2023-09-07 06:46:37,226 batch loss 1/4: 1.235866904258728
2023-09-07 06:46:45,699 batch loss 2/4: 1.3084043264389038
2023-09-07 06:46:54,421 batch loss 3/4: 1.2531793117523193
2023-09-07 06:46:58,820 Epoch: 25 	Training Loss: 1.285806
2023-09-07 06:46:58,821 Time for epoch 25 : 73 sec
2023-09-07 06:46:58,821 Average PSNR for epoch 25 on training set is 0.000000
2023-09-07 06:47:48,413 batch loss 0/4: 1.4668642282485962
2023-09-07 06:47:56,999 batch loss 1/4: 1.3129969835281372
2023-09-07 06:48:05,513 batch loss 2/4: 1.0981554985046387
2023-09-07 06:48:14,165 batch loss 3/4: 1.2709028720855713
2023-09-07 06:48:18,566 Epoch: 26 	Training Loss: 1.287230
2023-09-07 06:48:18,566 Time for epoch 26 : 73 sec
2023-09-07 06:48:18,567 Average PSNR for epoch 26 on training set is 0.000000
2023-09-07 06:49:08,209 batch loss 0/4: 1.172426700592041
2023-09-07 06:49:16,717 batch loss 1/4: 1.508833646774292
2023-09-07 06:49:25,485 batch loss 2/4: 1.1379367113113403
2023-09-07 06:49:34,094 batch loss 3/4: 1.15032958984375
2023-09-07 06:49:38,479 Epoch: 27 	Training Loss: 1.242382
2023-09-07 06:49:38,479 Time for epoch 27 : 74 sec
2023-09-07 06:49:38,479 Average PSNR for epoch 27 on training set is 0.000000
2023-09-07 06:50:27,631 batch loss 0/4: 1.4685063362121582
2023-09-07 06:50:36,216 batch loss 1/4: 1.0875862836837769
2023-09-07 06:50:44,895 batch loss 2/4: 1.2474266290664673
2023-09-07 06:50:53,605 batch loss 3/4: 1.2185144424438477
2023-09-07 06:50:57,958 Epoch: 28 	Training Loss: 1.255508
2023-09-07 06:50:57,958 Time for epoch 28 : 73 sec
2023-09-07 06:50:57,958 Average PSNR for epoch 28 on training set is 0.000000
2023-09-07 06:51:48,961 batch loss 0/4: 1.4805868864059448
2023-09-07 06:51:57,826 batch loss 1/4: 1.264943242073059
2023-09-07 06:52:06,565 batch loss 2/4: 1.0709434747695923
2023-09-07 06:52:15,152 batch loss 3/4: 1.3255366086959839
2023-09-07 06:52:19,490 Epoch: 29 	Training Loss: 1.285503
2023-09-07 06:52:19,490 Time for epoch 29 : 75 sec
2023-09-07 06:52:19,490 Average PSNR for epoch 29 on training set is 0.000000
2023-09-07 06:53:09,198 batch loss 0/4: 1.3557575941085815
2023-09-07 06:53:18,194 batch loss 1/4: 1.1615452766418457
2023-09-07 06:53:27,153 batch loss 2/4: 1.375045657157898
2023-09-07 06:53:36,109 batch loss 3/4: 1.5158610343933105
2023-09-07 06:53:40,460 Epoch: 30 	Training Loss: 1.352052
2023-09-07 06:53:40,460 Time for epoch 30 : 75 sec
2023-09-07 06:53:40,460 Average PSNR for epoch 30 on training set is 0.000000
2023-09-07 06:54:32,215 batch loss 0/4: 1.2180700302124023
2023-09-07 06:54:41,197 batch loss 1/4: 1.1513961553573608
2023-09-07 06:54:50,130 batch loss 2/4: 1.1133219003677368
2023-09-07 06:54:59,090 batch loss 3/4: 1.5160216093063354
2023-09-07 06:55:03,540 Epoch: 31 	Training Loss: 1.249702
2023-09-07 06:55:03,540 Time for epoch 31 : 77 sec
2023-09-07 06:55:03,540 Average PSNR for epoch 31 on training set is 0.000000
2023-09-07 06:55:55,051 batch loss 0/4: 1.1239659786224365
2023-09-07 06:56:03,965 batch loss 1/4: 1.2795768976211548
2023-09-07 06:56:13,068 batch loss 2/4: 1.8911577463150024
2023-09-07 06:56:21,744 batch loss 3/4: 1.2530133724212646
2023-09-07 06:56:26,140 Epoch: 32 	Training Loss: 1.386928
2023-09-07 06:56:26,140 Time for epoch 32 : 76 sec
2023-09-07 06:56:26,140 Average PSNR for epoch 32 on training set is 0.000000
2023-09-07 06:57:15,316 batch loss 0/4: 1.3524730205535889
2023-09-07 06:57:23,795 batch loss 1/4: 1.075089454650879
2023-09-07 06:57:32,273 batch loss 2/4: 1.2693254947662354
2023-09-07 06:57:40,725 batch loss 3/4: 1.3404078483581543
2023-09-07 06:57:45,105 Epoch: 33 	Training Loss: 1.259324
2023-09-07 06:57:45,105 Time for epoch 33 : 73 sec
2023-09-07 06:57:45,105 Average PSNR for epoch 33 on training set is 0.000000
