2023-09-06 14:32:27,258 This is a summery of the run:
2023-09-06 14:32:27,258 Batch size for this run: 2
2023-09-06 14:32:27,258 Size of original image: 64 X 64
2023-09-06 14:32:27,259 learning rate: 0.001
2023-09-06 14:32:27,259 number of masks: 4096
2023-09-06 14:32:27,259 Compression ratio: 1
2023-09-06 14:32:27,259 epochs : 50
2023-09-06 14:32:27,259 ***************************************************************************


2023-09-06 14:32:27,259 learning rate: 0.001
2023-09-06 14:33:05,451 batch loss 0/40: 0.5551186203956604
2023-09-06 14:33:12,808 batch loss 1/40: 0.9949829578399658
2023-09-06 14:33:20,214 batch loss 2/40: 0.5914812088012695
2023-09-06 14:33:27,642 batch loss 3/40: 0.8004702925682068
2023-09-06 14:33:35,115 batch loss 4/40: 0.8283047676086426
2023-09-06 14:33:42,498 batch loss 5/40: 0.8533726930618286
2023-09-06 14:33:49,934 batch loss 6/40: 0.8099831342697144
2023-09-06 14:33:57,296 batch loss 7/40: 0.8739836812019348
2023-09-06 14:34:04,657 batch loss 8/40: 0.8822330832481384
2023-09-06 14:34:12,243 batch loss 9/40: 0.9730328917503357
2023-09-06 14:34:19,634 batch loss 10/40: 0.6813234686851501
2023-09-06 14:34:27,152 batch loss 11/40: 1.237486720085144
2023-09-06 14:34:34,506 batch loss 12/40: 0.7576867938041687
2023-09-06 14:34:41,898 batch loss 13/40: 0.7763102650642395
2023-09-06 14:34:49,331 batch loss 14/40: 1.0131971836090088
2023-09-06 14:34:56,700 batch loss 15/40: 0.6467818021774292
2023-09-06 14:35:04,413 batch loss 16/40: 0.9984844326972961
2023-09-06 14:35:12,831 batch loss 17/40: 0.6253057718276978
2023-09-06 14:35:21,237 batch loss 18/40: 0.8745760917663574
2023-09-06 14:35:29,696 batch loss 19/40: 0.79691082239151
2023-09-06 14:35:38,090 batch loss 20/40: 0.5483206510543823
2023-09-06 14:35:46,471 batch loss 21/40: 1.1009219884872437
2023-09-06 14:35:54,768 batch loss 22/40: 1.2352465391159058
2023-09-06 14:36:03,101 batch loss 23/40: 0.8327608108520508
2023-09-06 14:36:11,429 batch loss 24/40: 0.5756404399871826
2023-09-06 14:36:19,813 batch loss 25/40: 0.752264678478241
2023-09-06 14:36:28,194 batch loss 26/40: 0.7382853031158447
2023-09-06 14:36:36,492 batch loss 27/40: 0.6126180291175842
2023-09-06 14:36:44,843 batch loss 28/40: 0.6140751838684082
2023-09-06 14:36:53,170 batch loss 29/40: 0.8577497601509094
2023-09-06 14:37:01,500 batch loss 30/40: 0.9216178059577942
2023-09-06 14:37:09,805 batch loss 31/40: 0.8500442504882812
2023-09-06 14:37:18,184 batch loss 32/40: 0.765461266040802
2023-09-06 14:37:26,601 batch loss 33/40: 1.3866593837738037
2023-09-06 14:37:35,004 batch loss 34/40: 1.4075647592544556
2023-09-06 14:37:43,453 batch loss 35/40: 0.7516580820083618
2023-09-06 14:37:51,775 batch loss 36/40: 0.8265487551689148
2023-09-06 14:38:00,155 batch loss 37/40: 1.0136141777038574
2023-09-06 14:38:08,495 batch loss 38/40: 1.2299211025238037
2023-09-06 14:38:16,860 batch loss 39/40: 1.2079650163650513
