2023-09-06 14:24:08,384 This is a summery of the run:
2023-09-06 14:24:08,384 Batch size for this run: 2
2023-09-06 14:24:08,384 Size of original image: 64 X 64
2023-09-06 14:24:08,384 learning rate: 0.001
2023-09-06 14:24:08,384 number of masks: 4096
2023-09-06 14:24:08,384 Compression ratio: 1
2023-09-06 14:24:08,384 epochs : 1
2023-09-06 14:24:08,384 ***************************************************************************


2023-09-06 14:24:08,384 learning rate: 0.001
2023-09-06 14:24:46,768 batch loss 0/471: 1.2513618469238281
2023-09-06 14:24:54,166 batch loss 1/471: 0.7560943365097046
2023-09-06 14:25:01,575 batch loss 2/471: 1.040355920791626
2023-09-06 14:25:08,950 batch loss 3/471: 0.470889151096344
2023-09-06 14:25:16,273 batch loss 4/471: 0.62666916847229
2023-09-06 14:25:23,652 batch loss 5/471: 0.5740789771080017
2023-09-06 14:25:30,979 batch loss 6/471: 1.2953377962112427
2023-09-06 14:25:38,383 batch loss 7/471: 0.938094973564148
2023-09-06 14:25:45,720 batch loss 8/471: 1.0089683532714844
2023-09-06 14:25:53,085 batch loss 9/471: 0.8211297392845154
2023-09-06 14:26:00,408 batch loss 10/471: 1.1856615543365479
2023-09-06 14:26:07,812 batch loss 11/471: 0.3809732496738434
