2023-09-05 12:03:06,796 This is a summery of the run:
2023-09-05 12:03:06,797 Batch size for this run: 2
2023-09-05 12:03:06,797 Size of original image: 64 X 64
2023-09-05 12:03:06,797 learning rate: 0.001
2023-09-05 12:03:06,797 number of masks: 4096
2023-09-05 12:03:06,798 Compression ratio: 1
2023-09-05 12:03:06,798 epochs : 1
2023-09-05 12:03:06,798 ***************************************************************************


2023-09-05 12:03:06,798 learning rate: 0.001
2023-09-05 12:03:48,748 batch loss 0/4: 0.05270196497440338
2023-09-05 12:03:56,948 batch loss 1/4: 0.07768018543720245
2023-09-05 12:04:05,272 batch loss 2/4: 0.11226997524499893
2023-09-05 12:04:13,580 batch loss 3/4: 0.02541721984744072
2023-09-05 12:04:13,642 Epoch: 1 	Training Loss: 0.067017
2023-09-05 12:04:13,642 Time for epoch 1 : 47 sec
2023-09-05 12:04:13,642 Average PSNR for epoch 1 on training set is 0.000000
2023-09-05 12:04:16,404 Test Loss: 0.871163

2023-09-05 12:05:03,846 batch loss 0/4: 0.10885121673345566
2023-09-05 12:05:13,220 batch loss 1/4: 0.06870394200086594
2023-09-05 12:05:22,492 batch loss 2/4: 0.05209406465291977
2023-09-05 12:05:31,841 batch loss 3/4: 0.08125622570514679
2023-09-05 12:05:40,154 Test Loss: 0.566822

2023-09-05 12:05:40,219 findfont: Font family 'Arial' not found.
2023-09-05 12:05:40,227 findfont: Font family 'Arial' not found.
2023-09-05 12:05:40,232 findfont: Font family 'Times New Roman' not found.
2023-09-05 12:05:40,233 findfont: Font family 'Times New Roman' not found.
2023-09-05 12:05:40,233 findfont: Font family 'Times New Roman' not found.
2023-09-05 12:05:40,250 findfont: Font family 'Arial' not found.
2023-09-05 12:05:40,251 findfont: Font family 'Arial' not found.
2023-09-05 12:05:40,262 findfont: Font family 'Arial' not found.
2023-09-05 12:05:40,264 findfont: Font family 'Times New Roman' not found.
2023-09-05 12:05:40,264 findfont: Font family 'Times New Roman' not found.
2023-09-05 12:05:40,320 findfont: Font family 'Arial' not found.
2023-09-05 12:05:40,329 findfont: Font family 'Arial' not found.
2023-09-05 12:05:40,330 findfont: Font family 'Times New Roman' not found.
2023-09-05 12:05:40,330 findfont: Font family 'Times New Roman' not found.
2023-09-05 12:05:40,336 Run Finished Successfully
