2023-09-04 15:14:41,778 This is a summery of the run:
2023-09-04 15:14:41,778 Batch size for this run: 2
2023-09-04 15:14:41,778 Size of original image: 64 X 64
2023-09-04 15:14:41,778 learning rate: 0.001
2023-09-04 15:14:41,778 number of masks: 4096
2023-09-04 15:14:41,778 Compression ratio: 1
2023-09-04 15:14:41,778 epochs : 1
2023-09-04 15:14:41,778 ***************************************************************************


2023-09-04 15:14:41,778 learning rate: 0.001
2023-09-04 15:15:24,112 batch loss 0/8000: 0.04905968904495239
2023-09-04 15:15:32,541 batch loss 1/8000: 0.07292809337377548
2023-09-04 15:15:40,900 batch loss 2/8000: 0.08552736788988113
2023-09-04 15:15:49,288 batch loss 3/8000: 0.11711688339710236
2023-09-04 15:15:57,685 batch loss 4/8000: 0.0683232992887497
2023-09-04 15:16:06,113 batch loss 5/8000: 0.07765485346317291
2023-09-04 15:16:14,410 batch loss 6/8000: 0.1747807264328003
2023-09-04 15:16:23,139 batch loss 7/8000: 0.11823379993438721
2023-09-04 15:16:32,501 batch loss 8/8000: 0.06996914744377136
2023-09-04 15:16:41,842 batch loss 9/8000: 0.06302633881568909
2023-09-04 15:16:51,246 batch loss 10/8000: 0.14537064731121063
2023-09-04 15:17:00,519 batch loss 11/8000: 0.1065792590379715
2023-09-04 15:17:09,823 batch loss 12/8000: 0.2885695695877075
2023-09-04 15:17:19,223 batch loss 13/8000: 0.04027857258915901
2023-09-04 15:17:28,543 batch loss 14/8000: 0.1427479088306427
2023-09-04 15:17:37,843 batch loss 15/8000: 0.14658953249454498
2023-09-04 15:17:47,330 batch loss 16/8000: 0.15115977823734283
2023-09-04 15:17:56,804 batch loss 17/8000: 0.06017063930630684
2023-09-04 15:18:06,109 batch loss 18/8000: 0.08966358751058578
2023-09-04 15:18:15,491 batch loss 19/8000: 0.04692896455526352
2023-09-04 15:18:24,776 batch loss 20/8000: 0.11839607357978821
2023-09-04 15:18:34,051 batch loss 21/8000: 0.049419939517974854
2023-09-04 15:18:43,319 batch loss 22/8000: 0.1377200335264206
2023-09-04 15:18:52,641 batch loss 23/8000: 0.07803653180599213
2023-09-04 15:19:02,118 batch loss 24/8000: 0.1380980759859085
2023-09-04 15:19:11,433 batch loss 25/8000: 0.1845685839653015
2023-09-04 15:19:20,724 batch loss 26/8000: 0.0780612900853157
2023-09-04 15:19:30,163 batch loss 27/8000: 0.039313510060310364
2023-09-04 15:19:39,446 batch loss 28/8000: 0.11999653279781342
2023-09-04 15:19:48,640 batch loss 29/8000: 0.1571289300918579
2023-09-04 15:19:57,894 batch loss 30/8000: 0.12306830286979675
2023-09-04 15:20:07,222 batch loss 31/8000: 0.10886847972869873
2023-09-04 15:20:16,505 batch loss 32/8000: 0.03475518524646759
2023-09-04 15:20:25,908 batch loss 33/8000: 0.07567528635263443
2023-09-04 15:20:35,283 batch loss 34/8000: 0.19691331684589386
2023-09-04 15:20:44,650 batch loss 35/8000: 0.1375325322151184
2023-09-04 15:20:54,025 batch loss 36/8000: 0.20060880482196808
2023-09-04 15:21:03,484 batch loss 37/8000: 0.117526575922966
2023-09-04 15:21:12,803 batch loss 38/8000: 0.11099544167518616
2023-09-04 15:21:22,077 batch loss 39/8000: 0.16953016817569733
2023-09-04 15:21:31,288 batch loss 40/8000: 0.13063737750053406
2023-09-04 15:21:40,630 batch loss 41/8000: 0.11004229635000229
2023-09-04 15:21:49,902 batch loss 42/8000: 0.1841166466474533
2023-09-04 15:21:59,210 batch loss 43/8000: 0.11550629138946533
2023-09-04 15:22:08,740 batch loss 44/8000: 0.15878844261169434
2023-09-04 15:22:18,031 batch loss 45/8000: 0.11757975816726685
2023-09-04 15:22:27,289 batch loss 46/8000: 0.058390893042087555
2023-09-04 15:22:36,732 batch loss 47/8000: 0.07439248263835907
2023-09-04 15:22:46,042 batch loss 48/8000: 0.042319536209106445
2023-09-04 15:22:55,387 batch loss 49/8000: 0.06037263944745064
2023-09-04 15:23:04,640 batch loss 50/8000: 0.18823805451393127
2023-09-04 15:23:13,951 batch loss 51/8000: 0.127090722322464
2023-09-04 15:23:23,197 batch loss 52/8000: 0.1963333934545517
2023-09-04 15:23:32,483 batch loss 53/8000: 0.09298058599233627
2023-09-04 15:23:41,812 batch loss 54/8000: 0.15126115083694458
2023-09-04 15:23:51,217 batch loss 55/8000: 0.13409727811813354
2023-09-04 15:24:00,600 batch loss 56/8000: 0.13505248725414276
2023-09-04 15:24:09,883 batch loss 57/8000: 0.11376425623893738
2023-09-04 15:24:19,151 batch loss 58/8000: 0.04340555518865585
2023-09-04 15:24:28,485 batch loss 59/8000: 0.11184696108102798
2023-09-04 15:24:37,741 batch loss 60/8000: 0.09752127528190613
2023-09-04 15:24:46,966 batch loss 61/8000: 0.1662817746400833
2023-09-04 15:24:56,282 batch loss 62/8000: 0.0843491330742836
2023-09-04 15:25:05,572 batch loss 63/8000: 0.11853303015232086
2023-09-04 15:25:14,881 batch loss 64/8000: 0.1184600368142128
2023-09-04 15:25:24,339 batch loss 65/8000: 0.06083502247929573
2023-09-04 15:25:33,633 batch loss 66/8000: 0.09349507093429565
2023-09-04 15:25:42,960 batch loss 67/8000: 0.013484402559697628
2023-09-04 15:25:52,195 batch loss 68/8000: 0.22402285039424896
2023-09-04 15:26:01,685 batch loss 69/8000: 0.12496426701545715
2023-09-04 15:26:11,163 batch loss 70/8000: 0.11932164430618286
2023-09-04 15:26:20,484 batch loss 71/8000: 0.04871580749750137
2023-09-04 15:26:29,820 batch loss 72/8000: 0.08512236177921295
2023-09-04 15:26:39,143 batch loss 73/8000: 0.2341318279504776
2023-09-04 15:26:48,530 batch loss 74/8000: 0.13873952627182007
2023-09-04 15:26:57,909 batch loss 75/8000: 0.06464774906635284
2023-09-04 15:27:07,270 batch loss 76/8000: 0.03050493821501732
2023-09-04 15:27:16,627 batch loss 77/8000: 0.05006527528166771
2023-09-04 15:27:25,946 batch loss 78/8000: 0.07459840178489685
2023-09-04 15:27:35,381 batch loss 79/8000: 0.12578287720680237
2023-09-04 15:27:44,713 batch loss 80/8000: 0.12411481142044067
2023-09-04 15:27:54,050 batch loss 81/8000: 0.07253620773553848
2023-09-04 15:28:03,434 batch loss 82/8000: 0.14159098267555237
2023-09-04 15:28:12,916 batch loss 83/8000: 0.08264341950416565
2023-09-04 15:28:22,164 batch loss 84/8000: 0.09168342500925064
2023-09-04 15:28:31,489 batch loss 85/8000: 0.08629414439201355
2023-09-04 15:28:40,775 batch loss 86/8000: 0.0500333309173584
2023-09-04 15:28:50,028 batch loss 87/8000: 0.15532079339027405
2023-09-04 15:28:59,346 batch loss 88/8000: 0.06577189266681671
2023-09-04 15:29:08,702 batch loss 89/8000: 0.16038869321346283
2023-09-04 15:29:18,066 batch loss 90/8000: 0.191309854388237
2023-09-04 15:29:27,366 batch loss 91/8000: 0.18015822768211365
2023-09-04 15:29:36,852 batch loss 92/8000: 0.05204703286290169
2023-09-04 15:29:46,162 batch loss 93/8000: 0.0622018501162529
2023-09-04 15:29:55,489 batch loss 94/8000: 0.108822301030159
2023-09-04 15:30:04,844 batch loss 95/8000: 0.0971214547753334
2023-09-04 15:30:14,148 batch loss 96/8000: 0.23993001878261566
2023-09-04 15:30:23,388 batch loss 97/8000: 0.08138367533683777
2023-09-04 15:30:32,865 batch loss 98/8000: 0.1707874834537506
2023-09-04 15:30:42,142 batch loss 99/8000: 0.04362383484840393
2023-09-04 15:30:51,699 batch loss 100/8000: 0.10950567573308945
2023-09-04 15:31:00,956 batch loss 101/8000: 0.07750673592090607
2023-09-04 15:31:10,305 batch loss 102/8000: 0.13907811045646667
2023-09-04 15:31:19,573 batch loss 103/8000: 0.1596595048904419
2023-09-04 15:31:29,001 batch loss 104/8000: 0.0859735831618309
2023-09-04 15:31:38,445 batch loss 105/8000: 0.10000036656856537
2023-09-04 15:31:47,847 batch loss 106/8000: 0.08331985771656036
2023-09-04 15:31:57,056 batch loss 107/8000: 0.0928725153207779
2023-09-04 15:32:06,335 batch loss 108/8000: 0.09581554681062698
2023-09-04 15:32:15,702 batch loss 109/8000: 0.15741319954395294
2023-09-04 15:32:25,001 batch loss 110/8000: 0.07024403661489487
2023-09-04 15:32:34,241 batch loss 111/8000: 0.01912662759423256
2023-09-04 15:32:43,581 batch loss 112/8000: 0.1563137173652649
2023-09-04 15:32:52,888 batch loss 113/8000: 0.06713413447141647
2023-09-04 15:33:02,179 batch loss 114/8000: 0.05838944390416145
2023-09-04 15:33:11,421 batch loss 115/8000: 0.04189270734786987
2023-09-04 15:33:20,891 batch loss 116/8000: 0.042679496109485626
2023-09-04 15:33:30,204 batch loss 117/8000: 0.11295682191848755
2023-09-04 15:33:39,602 batch loss 118/8000: 0.06785652786493301
2023-09-04 15:33:48,856 batch loss 119/8000: 0.15233756601810455
2023-09-04 15:33:58,120 batch loss 120/8000: 0.06027386337518692
2023-09-04 15:34:07,341 batch loss 121/8000: 0.09421294927597046
2023-09-04 15:34:16,857 batch loss 122/8000: 0.17650599777698517
2023-09-04 15:34:26,089 batch loss 123/8000: 0.15934622287750244
2023-09-04 15:34:35,343 batch loss 124/8000: 0.07256385684013367
2023-09-04 15:34:44,733 batch loss 125/8000: 0.22572605311870575
2023-09-04 15:34:54,072 batch loss 126/8000: 0.06664643436670303
2023-09-04 15:35:03,507 batch loss 127/8000: 0.06438327580690384
2023-09-04 15:35:12,818 batch loss 128/8000: 0.1693861484527588
2023-09-04 15:35:22,162 batch loss 129/8000: 0.04396273195743561
2023-09-04 15:35:31,547 batch loss 130/8000: 0.06308244913816452
2023-09-04 15:35:40,851 batch loss 131/8000: 0.1066100150346756
2023-09-04 15:35:50,380 batch loss 132/8000: 0.07009392231702805
2023-09-04 15:35:59,760 batch loss 133/8000: 0.051744427531957626
2023-09-04 15:36:09,066 batch loss 134/8000: 0.06708590686321259
2023-09-04 15:36:18,335 batch loss 135/8000: 0.06698063015937805
2023-09-04 15:36:27,662 batch loss 136/8000: 0.08360898494720459
2023-09-04 15:36:36,977 batch loss 137/8000: 0.04914897307753563
2023-09-04 15:36:46,240 batch loss 138/8000: 0.06667879968881607
2023-09-04 15:36:55,627 batch loss 139/8000: 0.16316938400268555
2023-09-04 15:37:04,951 batch loss 140/8000: 0.03867598623037338
2023-09-04 15:37:14,328 batch loss 141/8000: 0.04473262280225754
2023-09-04 15:37:23,605 batch loss 142/8000: 0.13061238825321198
2023-09-04 15:37:32,955 batch loss 143/8000: 0.10567530989646912
2023-09-04 15:37:42,326 batch loss 144/8000: 0.05357296019792557
2023-09-04 15:37:51,691 batch loss 145/8000: 0.13647091388702393
2023-09-04 15:38:01,002 batch loss 146/8000: 0.12970755994319916
2023-09-04 15:38:10,341 batch loss 147/8000: 0.10615565627813339
2023-09-04 15:38:19,733 batch loss 148/8000: 0.09940695762634277
2023-09-04 15:38:29,122 batch loss 149/8000: 0.09906071424484253
2023-09-04 15:38:38,430 batch loss 150/8000: 0.11732171475887299
2023-09-04 15:38:47,752 batch loss 151/8000: 0.03219948709011078
2023-09-04 15:38:57,099 batch loss 152/8000: 0.1517229527235031
2023-09-04 15:39:06,423 batch loss 153/8000: 0.11960570514202118
2023-09-04 15:39:15,766 batch loss 154/8000: 0.11930002272129059
2023-09-04 15:39:25,032 batch loss 155/8000: 0.08318378031253815
2023-09-04 15:39:34,483 batch loss 156/8000: 0.1671055406332016
2023-09-04 15:39:43,742 batch loss 157/8000: 0.062156952917575836
2023-09-04 15:39:53,080 batch loss 158/8000: 0.1573353409767151
2023-09-04 15:40:02,402 batch loss 159/8000: 0.11053003370761871
2023-09-04 15:40:11,694 batch loss 160/8000: 0.06295371055603027
2023-09-04 15:40:21,110 batch loss 161/8000: 0.0822741761803627
2023-09-04 15:40:30,464 batch loss 162/8000: 0.11635389178991318
2023-09-04 15:40:39,739 batch loss 163/8000: 0.032301321625709534
2023-09-04 15:40:48,996 batch loss 164/8000: 0.17754198610782623
2023-09-04 15:40:58,291 batch loss 165/8000: 0.1195627897977829
2023-09-04 15:41:07,633 batch loss 166/8000: 0.11042477935552597
2023-09-04 15:41:16,986 batch loss 167/8000: 0.1377573013305664
2023-09-04 15:41:26,283 batch loss 168/8000: 0.10712280869483948
2023-09-04 15:41:35,603 batch loss 169/8000: 0.1366499364376068
2023-09-04 15:41:44,850 batch loss 170/8000: 0.28557127714157104
2023-09-04 15:41:54,141 batch loss 171/8000: 0.043863311409950256
2023-09-04 15:42:03,403 batch loss 172/8000: 0.06299978494644165
2023-09-04 15:42:12,824 batch loss 173/8000: 0.20865614712238312
2023-09-04 15:42:22,177 batch loss 174/8000: 0.04668483883142471
2023-09-04 15:42:31,400 batch loss 175/8000: 0.04522576183080673
2023-09-04 15:42:40,690 batch loss 176/8000: 0.0819205716252327
2023-09-04 15:42:50,231 batch loss 177/8000: 0.06713471561670303
2023-09-04 15:42:59,792 batch loss 178/8000: 0.0729583352804184
2023-09-04 15:43:09,167 batch loss 179/8000: 0.06544967740774155
2023-09-04 15:43:18,472 batch loss 180/8000: 0.047059036791324615
2023-09-04 15:43:27,811 batch loss 181/8000: 0.13774491846561432
2023-09-04 15:43:37,036 batch loss 182/8000: 0.06672768294811249
2023-09-04 15:43:46,414 batch loss 183/8000: 0.04732061177492142
2023-09-04 15:43:55,914 batch loss 184/8000: 0.10070765763521194
2023-09-04 15:44:05,251 batch loss 185/8000: 0.0647258311510086
2023-09-04 15:44:14,446 batch loss 186/8000: 0.16398034989833832
2023-09-04 15:44:23,679 batch loss 187/8000: 0.1504357010126114
2023-09-04 15:44:32,989 batch loss 188/8000: 0.2089196890592575
2023-09-04 15:44:42,337 batch loss 189/8000: 0.06390024721622467
2023-09-04 15:44:51,653 batch loss 190/8000: 0.1116546019911766
2023-09-04 15:45:01,017 batch loss 191/8000: 0.045677997171878815
2023-09-04 15:45:10,347 batch loss 192/8000: 0.07953223586082458
2023-09-04 15:45:19,603 batch loss 193/8000: 0.1671074628829956
2023-09-04 15:45:28,860 batch loss 194/8000: 0.19324703514575958
2023-09-04 15:45:38,335 batch loss 195/8000: 0.11670564860105515
2023-09-04 15:45:47,620 batch loss 196/8000: 0.1571914404630661
2023-09-04 15:45:56,958 batch loss 197/8000: 0.1528855562210083
2023-09-04 15:46:06,418 batch loss 198/8000: 0.08467105776071548
2023-09-04 15:46:15,651 batch loss 199/8000: 0.0741383358836174
2023-09-04 15:46:24,967 batch loss 200/8000: 0.1570485234260559
2023-09-04 15:46:34,308 batch loss 201/8000: 0.1299431473016739
2023-09-04 15:46:43,561 batch loss 202/8000: 0.07956751435995102
2023-09-04 15:46:52,902 batch loss 203/8000: 0.24432490766048431
2023-09-04 15:47:02,266 batch loss 204/8000: 0.0641188696026802
2023-09-04 15:47:11,624 batch loss 205/8000: 0.10362539440393448
