2023-09-06 14:06:21,736 This is a summery of the run:
2023-09-06 14:06:21,736 Batch size for this run: 2
2023-09-06 14:06:21,736 Size of original image: 64 X 64
2023-09-06 14:06:21,736 learning rate: 0.001
2023-09-06 14:06:21,736 number of masks: 4096
2023-09-06 14:06:21,736 Compression ratio: 1
2023-09-06 14:06:21,736 epochs : 1
2023-09-06 14:06:21,736 ***************************************************************************


2023-09-06 14:06:21,736 learning rate: 0.001
2023-09-06 14:07:00,838 batch loss 0/471: 1.0040560960769653
2023-09-06 14:07:08,244 batch loss 1/471: 0.9481801986694336
2023-09-06 14:07:15,688 batch loss 2/471: 1.1785471439361572
2023-09-06 14:07:23,065 batch loss 3/471: 0.5587656497955322
2023-09-06 14:07:30,420 batch loss 4/471: 0.5992522239685059
2023-09-06 14:07:37,893 batch loss 5/471: 1.2412058115005493
2023-09-06 14:07:45,254 batch loss 6/471: 0.7900682687759399
2023-09-06 14:07:52,655 batch loss 7/471: 0.8341456651687622
2023-09-06 14:07:59,996 batch loss 8/471: 0.7929819822311401
2023-09-06 14:08:07,692 batch loss 9/471: 0.8588114380836487
2023-09-06 14:08:16,038 batch loss 10/471: 0.6290399432182312
2023-09-06 14:08:24,448 batch loss 11/471: 0.8795385956764221
2023-09-06 14:08:32,843 batch loss 12/471: 0.6618987321853638
2023-09-06 14:08:41,237 batch loss 13/471: 0.8451685905456543
2023-09-06 14:08:49,539 batch loss 14/471: 0.6678692102432251
2023-09-06 14:08:57,878 batch loss 15/471: 1.1839747428894043
2023-09-06 14:09:06,206 batch loss 16/471: 0.8994362354278564
2023-09-06 14:09:14,530 batch loss 17/471: 0.9253907203674316
2023-09-06 14:09:22,868 batch loss 18/471: 0.5956531763076782
2023-09-06 14:09:31,272 batch loss 19/471: 0.5972661972045898
2023-09-06 14:09:39,633 batch loss 20/471: 1.130801796913147
2023-09-06 14:09:48,051 batch loss 21/471: 0.6712583303451538
2023-09-06 14:09:56,410 batch loss 22/471: 1.2815279960632324
2023-09-06 14:10:04,786 batch loss 23/471: 0.8787637948989868
2023-09-06 14:10:13,232 batch loss 24/471: 0.6826819181442261
2023-09-06 14:10:21,668 batch loss 25/471: 0.8354856371879578
2023-09-06 14:10:30,080 batch loss 26/471: 0.6012173295021057
2023-09-06 14:10:38,454 batch loss 27/471: 0.9592012166976929
2023-09-06 14:10:46,848 batch loss 28/471: 0.9824925661087036
2023-09-06 14:10:55,172 batch loss 29/471: 0.7654873728752136
2023-09-06 14:11:03,555 batch loss 30/471: 0.8793687224388123
2023-09-06 14:11:12,060 batch loss 31/471: 0.7175031900405884
2023-09-06 14:11:20,424 batch loss 32/471: 0.6453118324279785
2023-09-06 14:11:28,820 batch loss 33/471: 0.9056727290153503
2023-09-06 14:11:37,235 batch loss 34/471: 0.684492826461792
2023-09-06 14:11:45,628 batch loss 35/471: 0.7868844270706177
2023-09-06 14:11:54,000 batch loss 36/471: 0.5349034667015076
2023-09-06 14:12:02,325 batch loss 37/471: 0.6115531921386719
2023-09-06 14:12:10,657 batch loss 38/471: 0.6178626418113708
2023-09-06 14:12:19,030 batch loss 39/471: 0.518829882144928
2023-09-06 14:12:27,360 batch loss 40/471: 0.8576018810272217
2023-09-06 14:12:35,750 batch loss 41/471: 0.8434255719184875
2023-09-06 14:12:44,100 batch loss 42/471: 0.6531505584716797
2023-09-06 14:12:52,447 batch loss 43/471: 0.7112411856651306
2023-09-06 14:13:00,749 batch loss 44/471: 0.6694841980934143
2023-09-06 14:13:09,105 batch loss 45/471: 0.9547869563102722
2023-09-06 14:13:17,522 batch loss 46/471: 0.6356582641601562
2023-09-06 14:13:25,893 batch loss 47/471: 0.5711044669151306
2023-09-06 14:13:34,444 batch loss 48/471: 0.7257013916969299
2023-09-06 14:13:42,767 batch loss 49/471: 0.7628647089004517
2023-09-06 14:13:51,162 batch loss 50/471: 0.6992436647415161
2023-09-06 14:13:59,480 batch loss 51/471: 0.7524329423904419
2023-09-06 14:14:07,816 batch loss 52/471: 0.7861258387565613
2023-09-06 14:14:16,224 batch loss 53/471: 0.9209215641021729
