2023-09-06 14:51:38,821 This is a summery of the run:
2023-09-06 14:51:38,821 Batch size for this run: 2
2023-09-06 14:51:38,821 Size of original image: 64 X 64
2023-09-06 14:51:38,821 learning rate: 0.001
2023-09-06 14:51:38,821 number of masks: 4096
2023-09-06 14:51:38,821 Compression ratio: 1
2023-09-06 14:51:38,821 epochs : 50
2023-09-06 14:51:38,821 ***************************************************************************


2023-09-06 14:51:38,821 learning rate: 0.001
2023-09-06 14:52:20,597 batch loss 0/40: 0.8972216844558716
2023-09-06 14:52:28,960 batch loss 1/40: 0.5882629752159119
2023-09-06 14:52:37,049 batch loss 2/40: 0.7645971775054932
2023-09-06 14:52:44,430 batch loss 3/40: 0.5413408279418945
2023-09-06 14:52:51,870 batch loss 4/40: 0.6940999627113342
2023-09-06 14:52:59,294 batch loss 5/40: 0.8307046890258789
2023-09-06 14:53:06,746 batch loss 6/40: 1.1025474071502686
2023-09-06 14:53:14,172 batch loss 7/40: 0.7716384530067444
2023-09-06 14:53:21,610 batch loss 8/40: 0.5575507283210754
2023-09-06 14:53:29,133 batch loss 9/40: 0.8435960412025452
2023-09-06 14:53:36,459 batch loss 10/40: 1.0341836214065552
2023-09-06 14:53:43,772 batch loss 11/40: 0.8609403967857361
2023-09-06 14:53:51,141 batch loss 12/40: 0.5878044366836548
2023-09-06 14:53:59,157 batch loss 13/40: 0.8326395750045776
2023-09-06 14:54:07,581 batch loss 14/40: 0.48161834478378296
2023-09-06 14:54:15,951 batch loss 15/40: 0.952237069606781
2023-09-06 14:54:24,314 batch loss 16/40: 1.3511042594909668
2023-09-06 14:54:32,704 batch loss 17/40: 0.6123929619789124
2023-09-06 14:54:41,032 batch loss 18/40: 0.9017834067344666
2023-09-06 14:54:49,371 batch loss 19/40: 1.0538121461868286
2023-09-06 14:54:57,763 batch loss 20/40: 0.454403817653656
2023-09-06 14:55:06,095 batch loss 21/40: 0.8270871639251709
2023-09-06 14:55:14,447 batch loss 22/40: 0.8422489762306213
2023-09-06 14:55:22,845 batch loss 23/40: 1.0477745532989502
2023-09-06 14:55:31,168 batch loss 24/40: 0.9871751666069031
2023-09-06 14:55:39,519 batch loss 25/40: 0.8657071590423584
2023-09-06 14:55:47,861 batch loss 26/40: 0.7716333270072937
2023-09-06 14:55:56,232 batch loss 27/40: 0.8388258814811707
2023-09-06 14:56:04,548 batch loss 28/40: 0.6951482892036438
2023-09-06 14:56:12,941 batch loss 29/40: 1.4191091060638428
2023-09-06 14:56:21,268 batch loss 30/40: 1.0583479404449463
2023-09-06 14:56:29,605 batch loss 31/40: 0.793877124786377
2023-09-06 14:56:37,959 batch loss 32/40: 1.3150129318237305
2023-09-06 14:56:46,323 batch loss 33/40: 0.7716224193572998
2023-09-06 14:56:54,752 batch loss 34/40: 0.9363954663276672
2023-09-06 14:57:03,135 batch loss 35/40: 0.882172703742981
2023-09-06 14:57:11,519 batch loss 36/40: 1.0466821193695068
2023-09-06 14:57:19,928 batch loss 37/40: 1.4500077962875366
2023-09-06 14:57:28,245 batch loss 38/40: 0.794111967086792
2023-09-06 14:57:36,576 batch loss 39/40: 0.8998652696609497
2023-09-06 14:57:36,720 Epoch: 1 	Training Loss: 0.873932
2023-09-06 14:57:36,720 Time for epoch 1 : 336 sec
2023-09-06 14:57:36,720 Average PSNR for epoch 1 on training set is 0.000000
2023-09-06 14:58:38,128 batch loss 0/40: 0.8976227641105652
2023-09-06 14:58:46,484 batch loss 1/40: 0.9081910848617554
2023-09-06 14:58:54,847 batch loss 2/40: 0.7785487174987793
2023-09-06 14:59:03,352 batch loss 3/40: 0.572235107421875
2023-09-06 14:59:11,760 batch loss 4/40: 1.2296364307403564
2023-09-06 14:59:19,697 batch loss 5/40: 0.956456184387207
2023-09-06 14:59:27,134 batch loss 6/40: 0.8175625205039978
2023-09-06 14:59:34,538 batch loss 7/40: 0.6002371311187744
2023-09-06 14:59:41,938 batch loss 8/40: 1.0974839925765991
2023-09-06 14:59:49,357 batch loss 9/40: 0.6891465783119202
2023-09-06 14:59:56,740 batch loss 10/40: 0.8142795562744141
2023-09-06 15:00:04,142 batch loss 11/40: 0.7103344798088074
2023-09-06 15:00:11,496 batch loss 12/40: 0.917711079120636
2023-09-06 15:00:18,881 batch loss 13/40: 0.8174147009849548
2023-09-06 15:00:26,197 batch loss 14/40: 0.9331768751144409
2023-09-06 15:00:33,585 batch loss 15/40: 0.8834739327430725
2023-09-06 15:00:41,429 batch loss 16/40: 0.7399846911430359
2023-09-06 15:00:49,795 batch loss 17/40: 1.4438267946243286
2023-09-06 15:00:58,228 batch loss 18/40: 1.408063292503357
2023-09-06 15:01:06,564 batch loss 19/40: 0.508862316608429
2023-09-06 15:01:15,074 batch loss 20/40: 1.6836001873016357
2023-09-06 15:01:23,423 batch loss 21/40: 0.7281053066253662
2023-09-06 15:01:31,847 batch loss 22/40: 0.48681241273880005
2023-09-06 15:01:40,219 batch loss 23/40: 1.0017049312591553
2023-09-06 15:01:48,569 batch loss 24/40: 0.8083910346031189
2023-09-06 15:01:56,955 batch loss 25/40: 1.049081563949585
2023-09-06 15:02:05,317 batch loss 26/40: 0.9160731434822083
2023-09-06 15:02:13,697 batch loss 27/40: 0.65276038646698
2023-09-06 15:02:22,117 batch loss 28/40: 1.0410021543502808
2023-09-06 15:02:30,541 batch loss 29/40: 0.9961249828338623
2023-09-06 15:02:38,913 batch loss 30/40: 0.6248090267181396
2023-09-06 15:02:47,228 batch loss 31/40: 0.6933215856552124
2023-09-06 15:02:55,531 batch loss 32/40: 0.6437734961509705
2023-09-06 15:03:03,954 batch loss 33/40: 1.0584862232208252
2023-09-06 15:03:12,273 batch loss 34/40: 0.847141683101654
2023-09-06 15:03:20,640 batch loss 35/40: 1.13077712059021
2023-09-06 15:03:29,057 batch loss 36/40: 0.7418153285980225
2023-09-06 15:03:37,431 batch loss 37/40: 0.7420869469642639
2023-09-06 15:03:45,889 batch loss 38/40: 1.0081452131271362
2023-09-06 15:03:54,277 batch loss 39/40: 1.1598860025405884
2023-09-06 15:03:56,126 Epoch: 2 	Training Loss: 0.893454
2023-09-06 15:03:56,126 Time for epoch 2 : 359 sec
2023-09-06 15:03:56,126 Average PSNR for epoch 2 on training set is 0.000000
2023-09-06 15:05:01,949 batch loss 0/40: 0.7990472912788391
2023-09-06 15:05:10,364 batch loss 1/40: 0.9391644597053528
2023-09-06 15:05:18,656 batch loss 2/40: 0.7912405729293823
2023-09-06 15:05:27,013 batch loss 3/40: 0.7007650136947632
2023-09-06 15:05:35,409 batch loss 4/40: 1.087488055229187
2023-09-06 15:05:43,824 batch loss 5/40: 1.5031672716140747
2023-09-06 15:05:52,204 batch loss 6/40: 0.7976788282394409
2023-09-06 15:06:00,443 batch loss 7/40: 1.0687755346298218
2023-09-06 15:06:07,853 batch loss 8/40: 0.8318852782249451
2023-09-06 15:06:15,256 batch loss 9/40: 0.6024893522262573
2023-09-06 15:06:22,635 batch loss 10/40: 0.719768226146698
2023-09-06 15:06:30,030 batch loss 11/40: 0.7912940382957458
2023-09-06 15:06:37,388 batch loss 12/40: 0.5048716068267822
2023-09-06 15:06:44,701 batch loss 13/40: 0.8320001363754272
2023-09-06 15:06:52,029 batch loss 14/40: 1.0038992166519165
2023-09-06 15:06:59,411 batch loss 15/40: 0.8447362184524536
2023-09-06 15:07:06,734 batch loss 16/40: 0.7204403281211853
2023-09-06 15:07:14,142 batch loss 17/40: 0.6673176288604736
2023-09-06 15:07:21,732 batch loss 18/40: 0.8133633136749268
2023-09-06 15:07:30,201 batch loss 19/40: 0.7040548324584961
2023-09-06 15:07:38,585 batch loss 20/40: 1.2041010856628418
2023-09-06 15:07:46,949 batch loss 21/40: 0.5841101408004761
2023-09-06 15:07:55,351 batch loss 22/40: 1.10053551197052
2023-09-06 15:08:03,776 batch loss 23/40: 0.9292492866516113
2023-09-06 15:08:12,207 batch loss 24/40: 1.2504756450653076
2023-09-06 15:08:20,607 batch loss 25/40: 0.8743447065353394
2023-09-06 15:08:28,959 batch loss 26/40: 1.0810372829437256
2023-09-06 15:08:37,348 batch loss 27/40: 0.6865377426147461
2023-09-06 15:08:45,727 batch loss 28/40: 0.75467449426651
2023-09-06 15:08:54,132 batch loss 29/40: 0.7997146248817444
2023-09-06 15:09:02,512 batch loss 30/40: 1.010441780090332
2023-09-06 15:09:10,897 batch loss 31/40: 1.2440745830535889
2023-09-06 15:09:19,329 batch loss 32/40: 0.9018496870994568
2023-09-06 15:09:27,642 batch loss 33/40: 0.5861831903457642
2023-09-06 15:09:35,989 batch loss 34/40: 0.5511067509651184
2023-09-06 15:09:44,373 batch loss 35/40: 1.189812421798706
2023-09-06 15:09:52,714 batch loss 36/40: 0.8970054984092712
2023-09-06 15:10:01,135 batch loss 37/40: 0.8343064188957214
2023-09-06 15:10:09,551 batch loss 38/40: 1.0057823657989502
2023-09-06 15:10:17,904 batch loss 39/40: 1.0080770254135132
2023-09-06 15:10:22,174 Epoch: 3 	Training Loss: 0.880422
2023-09-06 15:10:22,174 Time for epoch 3 : 363 sec
2023-09-06 15:10:22,174 Average PSNR for epoch 3 on training set is 0.000000
2023-09-06 15:11:27,801 batch loss 0/40: 1.2960784435272217
2023-09-06 15:11:36,265 batch loss 1/40: 0.7193318009376526
2023-09-06 15:11:44,742 batch loss 2/40: 0.755989134311676
2023-09-06 15:11:53,103 batch loss 3/40: 0.7754480838775635
2023-09-06 15:12:01,444 batch loss 4/40: 1.666861891746521
2023-09-06 15:12:09,791 batch loss 5/40: 0.9684247374534607
2023-09-06 15:12:18,142 batch loss 6/40: 1.06461763381958
2023-09-06 15:12:26,560 batch loss 7/40: 0.96315598487854
2023-09-06 15:12:34,917 batch loss 8/40: 0.8744179606437683
2023-09-06 15:12:43,233 batch loss 9/40: 0.7462096214294434
2023-09-06 15:12:50,634 batch loss 10/40: 0.979215145111084
