2024-01-21 09:41:14,566 This is a summery of the run:
2024-01-21 09:41:14,566 Batch size for this run: 2
2024-01-21 09:41:14,566 Size of original image: 32 X 32
2024-01-21 09:41:14,566 number of masks: 102
2024-01-21 09:41:14,566 Compression ratio: 10
2024-01-21 09:41:14,567 number of epochs per lr: [5, 5, 5, 5]
2024-01-21 09:41:14,567 diff learning rate in the run: [0.1, 0.01, 0.001, 0.0005]
2024-01-21 09:41:14,567 ***************************************************************************


2024-01-21 09:41:14,567 learning rate: 0.1
2024-01-21 09:41:15,446 Epoch number 0, batch number 0/40:       batch loss 0.03566194325685501
2024-01-21 09:41:15,573 Epoch number 0, batch number 1/40:       batch loss 0.057207707315683365
2024-01-21 09:41:15,704 Epoch number 0, batch number 2/40:       batch loss 0.03801450878381729
2024-01-21 09:41:15,827 Epoch number 0, batch number 3/40:       batch loss 0.04005585238337517
2024-01-21 09:41:15,952 Epoch number 0, batch number 4/40:       batch loss 0.033884745091199875
2024-01-21 09:41:16,079 Epoch number 0, batch number 5/40:       batch loss 0.026684531942009926
2024-01-21 09:41:16,204 Epoch number 0, batch number 6/40:       batch loss 0.03459661081433296
2024-01-21 09:41:16,329 Epoch number 0, batch number 7/40:       batch loss 0.031915608793497086
2024-01-21 09:41:16,455 Epoch number 0, batch number 8/40:       batch loss 0.04071064293384552
2024-01-21 09:41:16,580 Epoch number 0, batch number 9/40:       batch loss 0.03733409568667412
2024-01-21 09:41:16,707 Epoch number 0, batch number 10/40:       batch loss 0.03303869068622589
2024-01-21 09:41:16,834 Epoch number 0, batch number 11/40:       batch loss 0.02134956419467926
2024-01-21 09:41:16,961 Epoch number 0, batch number 12/40:       batch loss 0.03218520060181618
2024-01-21 09:41:17,085 Epoch number 0, batch number 13/40:       batch loss 0.023201651871204376
2024-01-21 09:41:17,212 Epoch number 0, batch number 14/40:       batch loss 0.026648983359336853
2024-01-21 09:41:17,350 Epoch number 0, batch number 15/40:       batch loss 0.035149071365594864
2024-01-21 09:41:17,476 Epoch number 0, batch number 16/40:       batch loss 0.021517638117074966
2024-01-21 09:41:17,604 Epoch number 0, batch number 17/40:       batch loss 0.023465348407626152
2024-01-21 09:41:17,730 Epoch number 0, batch number 18/40:       batch loss 0.027599738910794258
2024-01-21 09:41:17,856 Epoch number 0, batch number 19/40:       batch loss 0.02200746163725853
2024-01-21 09:41:17,980 Epoch number 0, batch number 20/40:       batch loss 0.024628380313515663
2024-01-21 09:41:18,105 Epoch number 0, batch number 21/40:       batch loss 0.03652895241975784
2024-01-21 09:41:18,231 Epoch number 0, batch number 22/40:       batch loss 0.037510134279727936
2024-01-21 09:41:18,359 Epoch number 0, batch number 23/40:       batch loss 0.03458108752965927
2024-01-21 09:41:18,486 Epoch number 0, batch number 24/40:       batch loss 0.021122170612215996
2024-01-21 09:41:18,611 Epoch number 0, batch number 25/40:       batch loss 0.020232772454619408
2024-01-21 09:41:18,735 Epoch number 0, batch number 26/40:       batch loss 0.02450825646519661
2024-01-21 09:41:18,859 Epoch number 0, batch number 27/40:       batch loss 0.02566380426287651
2024-01-21 09:41:18,984 Epoch number 0, batch number 28/40:       batch loss 0.023603839799761772
2024-01-21 09:41:19,111 Epoch number 0, batch number 29/40:       batch loss 0.020565733313560486
2024-01-21 09:41:19,237 Epoch number 0, batch number 30/40:       batch loss 0.02597551792860031
2024-01-21 09:41:19,362 Epoch number 0, batch number 31/40:       batch loss 0.0218331478536129
2024-01-21 09:41:19,485 Epoch number 0, batch number 32/40:       batch loss 0.019331734627485275
2024-01-21 09:41:19,610 Epoch number 0, batch number 33/40:       batch loss 0.020975261926651
2024-01-21 09:41:19,736 Epoch number 0, batch number 34/40:       batch loss 0.010331184603273869
2024-01-21 09:41:19,862 Epoch number 0, batch number 35/40:       batch loss 0.023473698645830154
2024-01-21 09:41:19,989 Epoch number 0, batch number 36/40:       batch loss 0.02051885612308979
2024-01-21 09:41:20,114 Epoch number 0, batch number 37/40:       batch loss 0.021956026554107666
2024-01-21 09:41:20,233 Epoch number 0, batch number 38/40:       batch loss 0.019963674247264862
2024-01-21 09:41:20,352 Epoch number 0, batch number 39/40:       batch loss 0.020213250070810318
2024-01-21 09:41:20,374 Epoch: 1 	Training Loss: 0.013947
2024-01-21 09:41:20,374 Time for epoch 1 : 5 sec
2024-01-21 09:41:20,374 lr for epoch 1 is 0.10000
2024-01-21 09:41:22,058 Epoch number 1, batch number 0/40:       batch loss 0.021989353001117706
2024-01-21 09:41:22,209 Epoch number 1, batch number 1/40:       batch loss 0.012749593704938889
2024-01-21 09:41:22,344 Epoch number 1, batch number 2/40:       batch loss 0.009909972548484802
2024-01-21 09:41:22,488 Epoch number 1, batch number 3/40:       batch loss 0.010297214612364769
2024-01-21 09:41:22,613 Epoch number 1, batch number 4/40:       batch loss 0.017673393711447716
2024-01-21 09:41:22,738 Epoch number 1, batch number 5/40:       batch loss 0.019067801535129547
2024-01-21 09:41:22,862 Epoch number 1, batch number 6/40:       batch loss 0.013652801513671875
2024-01-21 09:41:22,986 Epoch number 1, batch number 7/40:       batch loss 0.021734939888119698
2024-01-21 09:41:23,106 Epoch number 1, batch number 8/40:       batch loss 0.015909647569060326
2024-01-21 09:41:23,233 Epoch number 1, batch number 9/40:       batch loss 0.02262112684547901
2024-01-21 09:41:23,359 Epoch number 1, batch number 10/40:       batch loss 0.012772870250046253
2024-01-21 09:41:23,485 Epoch number 1, batch number 11/40:       batch loss 0.018646370619535446
2024-01-21 09:41:23,613 Epoch number 1, batch number 12/40:       batch loss 0.016906170174479485
2024-01-21 09:41:23,741 Epoch number 1, batch number 13/40:       batch loss 0.013170264661312103
2024-01-21 09:41:23,866 Epoch number 1, batch number 14/40:       batch loss 0.01832985132932663
2024-01-21 09:41:23,993 Epoch number 1, batch number 15/40:       batch loss 0.021922865882515907
2024-01-21 09:41:24,120 Epoch number 1, batch number 16/40:       batch loss 0.02448137104511261
2024-01-21 09:41:24,246 Epoch number 1, batch number 17/40:       batch loss 0.014517494477331638
2024-01-21 09:41:24,371 Epoch number 1, batch number 18/40:       batch loss 0.019050437957048416
2024-01-21 09:41:24,497 Epoch number 1, batch number 19/40:       batch loss 0.017674144357442856
2024-01-21 09:41:24,625 Epoch number 1, batch number 20/40:       batch loss 0.009771784767508507
2024-01-21 09:41:24,750 Epoch number 1, batch number 21/40:       batch loss 0.01863381825387478
2024-01-21 09:41:24,879 Epoch number 1, batch number 22/40:       batch loss 0.015123194083571434
2024-01-21 09:41:25,008 Epoch number 1, batch number 23/40:       batch loss 0.019195258617401123
2024-01-21 09:41:25,135 Epoch number 1, batch number 24/40:       batch loss 0.014272293075919151
2024-01-21 09:41:25,262 Epoch number 1, batch number 25/40:       batch loss 0.01238301768898964
2024-01-21 09:41:25,390 Epoch number 1, batch number 26/40:       batch loss 0.017265684902668
2024-01-21 09:41:25,521 Epoch number 1, batch number 27/40:       batch loss 0.013864916749298573
2024-01-21 09:41:25,648 Epoch number 1, batch number 28/40:       batch loss 0.016865070909261703
2024-01-21 09:41:25,771 Epoch number 1, batch number 29/40:       batch loss 0.017042864114046097
2024-01-21 09:41:25,896 Epoch number 1, batch number 30/40:       batch loss 0.01882007345557213
2024-01-21 09:41:26,026 Epoch number 1, batch number 31/40:       batch loss 0.021687490865588188
2024-01-21 09:41:26,164 Epoch number 1, batch number 32/40:       batch loss 0.011684803292155266
2024-01-21 09:41:26,286 Epoch number 1, batch number 33/40:       batch loss 0.01655828393995762
2024-01-21 09:41:26,406 Epoch number 1, batch number 34/40:       batch loss 0.019693173468112946
2024-01-21 09:41:26,528 Epoch number 1, batch number 35/40:       batch loss 0.024778394028544426
2024-01-21 09:41:26,650 Epoch number 1, batch number 36/40:       batch loss 0.018580986186861992
2024-01-21 09:41:26,769 Epoch number 1, batch number 37/40:       batch loss 0.017471563071012497
2024-01-21 09:41:26,890 Epoch number 1, batch number 38/40:       batch loss 0.01802133396267891
2024-01-21 09:41:27,014 Epoch number 1, batch number 39/40:       batch loss 0.012030526995658875
2024-01-21 09:41:27,051 Epoch: 2 	Training Loss: 0.008460
2024-01-21 09:41:27,051 Time for epoch 2 : 6 sec
2024-01-21 09:41:27,051 lr for epoch 2 is 0.10000
2024-01-21 09:41:28,621 Epoch number 2, batch number 0/40:       batch loss 0.010823193937540054
2024-01-21 09:41:28,788 Epoch number 2, batch number 1/40:       batch loss 0.012051711790263653
2024-01-21 09:41:28,928 Epoch number 2, batch number 2/40:       batch loss 0.010449040681123734
2024-01-21 09:41:29,075 Epoch number 2, batch number 3/40:       batch loss 0.01381739228963852
2024-01-21 09:41:29,200 Epoch number 2, batch number 4/40:       batch loss 0.019671738147735596
2024-01-21 09:41:29,343 Epoch number 2, batch number 5/40:       batch loss 0.01355983316898346
2024-01-21 09:41:29,465 Epoch number 2, batch number 6/40:       batch loss 0.014877418987452984
2024-01-21 09:41:29,588 Epoch number 2, batch number 7/40:       batch loss 0.011675778776407242
2024-01-21 09:41:29,716 Epoch number 2, batch number 8/40:       batch loss 0.011373312212526798
2024-01-21 09:41:29,842 Epoch number 2, batch number 9/40:       batch loss 0.013159491121768951
2024-01-21 09:41:29,971 Epoch number 2, batch number 10/40:       batch loss 0.012815575115382671
2024-01-21 09:41:30,096 Epoch number 2, batch number 11/40:       batch loss 0.013494241051375866
2024-01-21 09:41:30,233 Epoch number 2, batch number 12/40:       batch loss 0.009410833939909935
2024-01-21 09:41:30,377 Epoch number 2, batch number 13/40:       batch loss 0.009597539901733398
2024-01-21 09:41:30,504 Epoch number 2, batch number 14/40:       batch loss 0.0173931997269392
2024-01-21 09:41:30,631 Epoch number 2, batch number 15/40:       batch loss 0.013675132766366005
2024-01-21 09:41:30,758 Epoch number 2, batch number 16/40:       batch loss 0.009990655817091465
2024-01-21 09:41:30,883 Epoch number 2, batch number 17/40:       batch loss 0.019452931359410286
2024-01-21 09:41:31,012 Epoch number 2, batch number 18/40:       batch loss 0.019936155527830124
2024-01-21 09:41:31,140 Epoch number 2, batch number 19/40:       batch loss 0.01333101186901331
2024-01-21 09:41:31,265 Epoch number 2, batch number 20/40:       batch loss 0.016108401119709015
2024-01-21 09:41:31,389 Epoch number 2, batch number 21/40:       batch loss 0.0178066398948431
2024-01-21 09:41:31,515 Epoch number 2, batch number 22/40:       batch loss 0.01223828736692667
2024-01-21 09:41:31,642 Epoch number 2, batch number 23/40:       batch loss 0.01205391064286232
2024-01-21 09:41:31,774 Epoch number 2, batch number 24/40:       batch loss 0.01431567408144474
2024-01-21 09:41:31,901 Epoch number 2, batch number 25/40:       batch loss 0.011783337220549583
2024-01-21 09:41:32,026 Epoch number 2, batch number 26/40:       batch loss 0.009660688228905201
2024-01-21 09:41:32,151 Epoch number 2, batch number 27/40:       batch loss 0.012609299272298813
2024-01-21 09:41:32,274 Epoch number 2, batch number 28/40:       batch loss 0.01669476553797722
2024-01-21 09:41:32,403 Epoch number 2, batch number 29/40:       batch loss 0.009512733668088913
2024-01-21 09:41:32,528 Epoch number 2, batch number 30/40:       batch loss 0.013660815544426441
2024-01-21 09:41:32,651 Epoch number 2, batch number 31/40:       batch loss 0.013854657299816608
2024-01-21 09:41:32,777 Epoch number 2, batch number 32/40:       batch loss 0.01214540097862482
2024-01-21 09:41:32,901 Epoch number 2, batch number 33/40:       batch loss 0.012597396969795227
2024-01-21 09:41:33,025 Epoch number 2, batch number 34/40:       batch loss 0.013524908572435379
2024-01-21 09:41:33,150 Epoch number 2, batch number 35/40:       batch loss 0.021794183179736137
2024-01-21 09:41:33,272 Epoch number 2, batch number 36/40:       batch loss 0.01362669188529253
2024-01-21 09:41:33,398 Epoch number 2, batch number 37/40:       batch loss 0.011319064535200596
2024-01-21 09:41:33,524 Epoch number 2, batch number 38/40:       batch loss 0.01139664463698864
2024-01-21 09:41:33,650 Epoch number 2, batch number 39/40:       batch loss 0.013481038622558117
2024-01-21 09:41:33,693 Epoch: 3 	Training Loss: 0.006759
2024-01-21 09:41:33,693 Time for epoch 3 : 6 sec
2024-01-21 09:41:33,693 lr for epoch 3 is 0.10000
2024-01-21 09:41:35,191 Epoch number 3, batch number 0/40:       batch loss 0.009874693118035793
2024-01-21 09:41:35,368 Epoch number 3, batch number 1/40:       batch loss 0.026521489024162292
2024-01-21 09:41:35,499 Epoch number 3, batch number 2/40:       batch loss 0.01451884675770998
2024-01-21 09:41:35,629 Epoch number 3, batch number 3/40:       batch loss 0.013569379225373268
2024-01-21 09:41:35,759 Epoch number 3, batch number 4/40:       batch loss 0.015841607004404068
2024-01-21 09:41:35,884 Epoch number 3, batch number 5/40:       batch loss 0.01889398694038391
2024-01-21 09:41:36,009 Epoch number 3, batch number 6/40:       batch loss 0.010687063448131084
2024-01-21 09:41:36,132 Epoch number 3, batch number 7/40:       batch loss 0.009685557335615158
2024-01-21 09:41:36,259 Epoch number 3, batch number 8/40:       batch loss 0.014654110185801983
2024-01-21 09:41:36,386 Epoch number 3, batch number 9/40:       batch loss 0.013765944167971611
2024-01-21 09:41:36,515 Epoch number 3, batch number 10/40:       batch loss 0.02143530361354351
2024-01-21 09:41:36,638 Epoch number 3, batch number 11/40:       batch loss 0.015858178958296776
2024-01-21 09:41:36,774 Epoch number 3, batch number 12/40:       batch loss 0.011173535138368607
2024-01-21 09:41:36,922 Epoch number 3, batch number 13/40:       batch loss 0.008816266432404518
2024-01-21 09:41:37,048 Epoch number 3, batch number 14/40:       batch loss 0.016405301168560982
2024-01-21 09:41:37,174 Epoch number 3, batch number 15/40:       batch loss 0.011303280480206013
2024-01-21 09:41:37,304 Epoch number 3, batch number 16/40:       batch loss 0.016374647617340088
2024-01-21 09:41:37,430 Epoch number 3, batch number 17/40:       batch loss 0.008971321396529675
2024-01-21 09:41:37,553 Epoch number 3, batch number 18/40:       batch loss 0.012065902352333069
2024-01-21 09:41:37,676 Epoch number 3, batch number 19/40:       batch loss 0.01605471782386303
2024-01-21 09:41:37,796 Epoch number 3, batch number 20/40:       batch loss 0.009008292108774185
2024-01-21 09:41:37,914 Epoch number 3, batch number 21/40:       batch loss 0.008787489496171474
2024-01-21 09:41:38,036 Epoch number 3, batch number 22/40:       batch loss 0.01826934888958931
2024-01-21 09:41:38,156 Epoch number 3, batch number 23/40:       batch loss 0.009960390627384186
2024-01-21 09:41:38,277 Epoch number 3, batch number 24/40:       batch loss 0.012784592807292938
2024-01-21 09:41:38,397 Epoch number 3, batch number 25/40:       batch loss 0.01414387859404087
2024-01-21 09:41:38,518 Epoch number 3, batch number 26/40:       batch loss 0.016592809930443764
2024-01-21 09:41:38,638 Epoch number 3, batch number 27/40:       batch loss 0.009881916455924511
2024-01-21 09:41:38,760 Epoch number 3, batch number 28/40:       batch loss 0.01271482277661562
2024-01-21 09:41:38,882 Epoch number 3, batch number 29/40:       batch loss 0.009184750728309155
2024-01-21 09:41:39,004 Epoch number 3, batch number 30/40:       batch loss 0.012599846348166466
2024-01-21 09:41:39,124 Epoch number 3, batch number 31/40:       batch loss 0.011227558366954327
2024-01-21 09:41:39,247 Epoch number 3, batch number 32/40:       batch loss 0.013494456186890602
2024-01-21 09:41:39,369 Epoch number 3, batch number 33/40:       batch loss 0.012856727465987206
2024-01-21 09:41:39,486 Epoch number 3, batch number 34/40:       batch loss 0.01045562606304884
2024-01-21 09:41:39,606 Epoch number 3, batch number 35/40:       batch loss 0.009575281292200089
2024-01-21 09:41:39,725 Epoch number 3, batch number 36/40:       batch loss 0.013965492136776447
2024-01-21 09:41:39,844 Epoch number 3, batch number 37/40:       batch loss 0.014620257541537285
2024-01-21 09:41:39,964 Epoch number 3, batch number 38/40:       batch loss 0.011965703219175339
2024-01-21 09:41:40,084 Epoch number 3, batch number 39/40:       batch loss 0.012338565662503242
2024-01-21 09:41:40,123 Epoch: 4 	Training Loss: 0.006636
2024-01-21 09:41:40,123 Time for epoch 4 : 5 sec
2024-01-21 09:41:40,123 lr for epoch 4 is 0.10000
2024-01-21 09:41:41,594 Epoch number 4, batch number 0/40:       batch loss 0.007689001504331827
2024-01-21 09:41:41,743 Epoch number 4, batch number 1/40:       batch loss 0.010824899189174175
2024-01-21 09:41:41,900 Epoch number 4, batch number 2/40:       batch loss 0.00788647960871458
2024-01-21 09:41:42,029 Epoch number 4, batch number 3/40:       batch loss 0.013083314523100853
2024-01-21 09:41:42,149 Epoch number 4, batch number 4/40:       batch loss 0.013335831463336945
2024-01-21 09:41:42,271 Epoch number 4, batch number 5/40:       batch loss 0.010814552195370197
2024-01-21 09:41:42,392 Epoch number 4, batch number 6/40:       batch loss 0.011824563145637512
2024-01-21 09:41:42,514 Epoch number 4, batch number 7/40:       batch loss 0.012873414903879166
2024-01-21 09:41:42,634 Epoch number 4, batch number 8/40:       batch loss 0.009136744774878025
2024-01-21 09:41:42,756 Epoch number 4, batch number 9/40:       batch loss 0.011431029066443443
2024-01-21 09:41:42,877 Epoch number 4, batch number 10/40:       batch loss 0.00901123322546482
2024-01-21 09:41:42,999 Epoch number 4, batch number 11/40:       batch loss 0.009079543873667717
2024-01-21 09:41:43,124 Epoch number 4, batch number 12/40:       batch loss 0.010201328434050083
2024-01-21 09:41:43,246 Epoch number 4, batch number 13/40:       batch loss 0.011928007937967777
2024-01-21 09:41:43,372 Epoch number 4, batch number 14/40:       batch loss 0.010224060155451298
2024-01-21 09:41:43,497 Epoch number 4, batch number 15/40:       batch loss 0.013326246291399002
2024-01-21 09:41:43,620 Epoch number 4, batch number 16/40:       batch loss 0.00931514147669077
2024-01-21 09:41:43,744 Epoch number 4, batch number 17/40:       batch loss 0.008417259901762009
2024-01-21 09:41:43,872 Epoch number 4, batch number 18/40:       batch loss 0.011471888981759548
2024-01-21 09:41:43,995 Epoch number 4, batch number 19/40:       batch loss 0.012555398978292942
2024-01-21 09:41:44,118 Epoch number 4, batch number 20/40:       batch loss 0.008925146423280239
2024-01-21 09:41:44,238 Epoch number 4, batch number 21/40:       batch loss 0.012702363543212414
2024-01-21 09:41:44,362 Epoch number 4, batch number 22/40:       batch loss 0.011470825411379337
2024-01-21 09:41:44,485 Epoch number 4, batch number 23/40:       batch loss 0.015352670103311539
2024-01-21 09:41:44,609 Epoch number 4, batch number 24/40:       batch loss 0.012430749833583832
2024-01-21 09:41:44,730 Epoch number 4, batch number 25/40:       batch loss 0.013798383064568043
2024-01-21 09:41:44,853 Epoch number 4, batch number 26/40:       batch loss 0.012019289657473564
2024-01-21 09:41:44,976 Epoch number 4, batch number 27/40:       batch loss 0.010362030938267708
2024-01-21 09:41:45,105 Epoch number 4, batch number 28/40:       batch loss 0.014969673939049244
2024-01-21 09:41:45,226 Epoch number 4, batch number 29/40:       batch loss 0.010087159462273121
2024-01-21 09:41:45,350 Epoch number 4, batch number 30/40:       batch loss 0.010904749855399132
2024-01-21 09:41:45,479 Epoch number 4, batch number 31/40:       batch loss 0.008887669071555138
2024-01-21 09:41:45,601 Epoch number 4, batch number 32/40:       batch loss 0.013451465405523777
2024-01-21 09:41:45,723 Epoch number 4, batch number 33/40:       batch loss 0.010568358935415745
2024-01-21 09:41:45,846 Epoch number 4, batch number 34/40:       batch loss 0.011163080111145973
2024-01-21 09:41:45,966 Epoch number 4, batch number 35/40:       batch loss 0.010056600905954838
2024-01-21 09:41:46,089 Epoch number 4, batch number 36/40:       batch loss 0.01381318736821413
2024-01-21 09:41:46,210 Epoch number 4, batch number 37/40:       batch loss 0.013608919456601143
2024-01-21 09:41:46,335 Epoch number 4, batch number 38/40:       batch loss 0.00788320042192936
2024-01-21 09:41:46,457 Epoch number 4, batch number 39/40:       batch loss 0.007514065597206354
2024-01-21 09:41:46,482 Epoch: 5 	Training Loss: 0.005555
2024-01-21 09:41:46,482 Time for epoch 5 : 5 sec
2024-01-21 09:41:46,482 lr for epoch 5 is 0.10000
2024-01-21 09:41:47,911 Epoch number 5, batch number 0/40:       batch loss 0.013102659955620766
2024-01-21 09:41:48,086 Epoch number 5, batch number 1/40:       batch loss 0.017496397718787193
2024-01-21 09:41:48,212 Epoch number 5, batch number 2/40:       batch loss 0.00611980352550745
2024-01-21 09:41:48,361 Epoch number 5, batch number 3/40:       batch loss 0.008772499859333038
2024-01-21 09:41:48,498 Epoch number 5, batch number 4/40:       batch loss 0.0100220562890172
2024-01-21 09:41:48,630 Epoch number 5, batch number 5/40:       batch loss 0.009509947150945663
2024-01-21 09:41:48,760 Epoch number 5, batch number 6/40:       batch loss 0.00806970801204443
2024-01-21 09:41:48,882 Epoch number 5, batch number 7/40:       batch loss 0.0126106021925807
2024-01-21 09:41:49,008 Epoch number 5, batch number 8/40:       batch loss 0.007516729645431042
2024-01-21 09:41:49,132 Epoch number 5, batch number 9/40:       batch loss 0.00764036737382412
2024-01-21 09:41:49,257 Epoch number 5, batch number 10/40:       batch loss 0.012451636604964733
2024-01-21 09:41:49,383 Epoch number 5, batch number 11/40:       batch loss 0.010647352784872055
2024-01-21 09:41:49,510 Epoch number 5, batch number 12/40:       batch loss 0.010877933353185654
2024-01-21 09:41:49,634 Epoch number 5, batch number 13/40:       batch loss 0.011857667937874794
2024-01-21 09:41:49,758 Epoch number 5, batch number 14/40:       batch loss 0.008956234902143478
2024-01-21 09:41:49,885 Epoch number 5, batch number 15/40:       batch loss 0.010554753243923187
2024-01-21 09:41:50,022 Epoch number 5, batch number 16/40:       batch loss 0.009096230380237103
2024-01-21 09:41:50,146 Epoch number 5, batch number 17/40:       batch loss 0.00967793446034193
2024-01-21 09:41:50,274 Epoch number 5, batch number 18/40:       batch loss 0.008826133795082569
2024-01-21 09:41:50,400 Epoch number 5, batch number 19/40:       batch loss 0.012938360683619976
2024-01-21 09:41:50,527 Epoch number 5, batch number 20/40:       batch loss 0.009517447091639042
2024-01-21 09:41:50,655 Epoch number 5, batch number 21/40:       batch loss 0.011742549017071724
2024-01-21 09:41:50,783 Epoch number 5, batch number 22/40:       batch loss 0.006212776061147451
2024-01-21 09:41:50,910 Epoch number 5, batch number 23/40:       batch loss 0.01031237281858921
2024-01-21 09:41:51,037 Epoch number 5, batch number 24/40:       batch loss 0.010284203104674816
2024-01-21 09:41:51,161 Epoch number 5, batch number 25/40:       batch loss 0.009200634434819221
2024-01-21 09:41:51,293 Epoch number 5, batch number 26/40:       batch loss 0.0077284155413508415
2024-01-21 09:41:51,422 Epoch number 5, batch number 27/40:       batch loss 0.01054458785802126
2024-01-21 09:41:51,553 Epoch number 5, batch number 28/40:       batch loss 0.00860255490988493
2024-01-21 09:41:51,681 Epoch number 5, batch number 29/40:       batch loss 0.010800264775753021
2024-01-21 09:41:51,808 Epoch number 5, batch number 30/40:       batch loss 0.009823477827012539
2024-01-21 09:41:51,934 Epoch number 5, batch number 31/40:       batch loss 0.008483474142849445
2024-01-21 09:41:52,061 Epoch number 5, batch number 32/40:       batch loss 0.009376175701618195
2024-01-21 09:41:52,187 Epoch number 5, batch number 33/40:       batch loss 0.009191416203975677
2024-01-21 09:41:52,314 Epoch number 5, batch number 34/40:       batch loss 0.010368322022259235
2024-01-21 09:41:52,440 Epoch number 5, batch number 35/40:       batch loss 0.010872416198253632
2024-01-21 09:41:52,567 Epoch number 5, batch number 36/40:       batch loss 0.00801343098282814
2024-01-21 09:41:52,691 Epoch number 5, batch number 37/40:       batch loss 0.012517750263214111
2024-01-21 09:41:52,817 Epoch number 5, batch number 38/40:       batch loss 0.007313350215554237
2024-01-21 09:41:52,943 Epoch number 5, batch number 39/40:       batch loss 0.01049613393843174
2024-01-21 09:41:52,975 Epoch: 6 	Training Loss: 0.004977
2024-01-21 09:41:52,975 Time for epoch 6 : 6 sec
2024-01-21 09:41:52,975 lr for epoch 6 is 0.01000
2024-01-21 09:41:54,470 Epoch number 6, batch number 0/40:       batch loss 0.008661688305437565
2024-01-21 09:41:54,645 Epoch number 6, batch number 1/40:       batch loss 0.010242440737783909
2024-01-21 09:41:54,779 Epoch number 6, batch number 2/40:       batch loss 0.005483374930918217
2024-01-21 09:41:54,921 Epoch number 6, batch number 3/40:       batch loss 0.007824720814824104
2024-01-21 09:41:55,055 Epoch number 6, batch number 4/40:       batch loss 0.010119659826159477
2024-01-21 09:41:55,183 Epoch number 6, batch number 5/40:       batch loss 0.010079460218548775
2024-01-21 09:41:55,305 Epoch number 6, batch number 6/40:       batch loss 0.010538141243159771
2024-01-21 09:41:55,429 Epoch number 6, batch number 7/40:       batch loss 0.0053068529814481735
2024-01-21 09:41:55,557 Epoch number 6, batch number 8/40:       batch loss 0.010042775422334671
2024-01-21 09:41:55,682 Epoch number 6, batch number 9/40:       batch loss 0.007914184592664242
2024-01-21 09:41:55,808 Epoch number 6, batch number 10/40:       batch loss 0.010042627342045307
2024-01-21 09:41:55,931 Epoch number 6, batch number 11/40:       batch loss 0.009255764074623585
2024-01-21 09:41:56,053 Epoch number 6, batch number 12/40:       batch loss 0.006336478516459465
2024-01-21 09:41:56,180 Epoch number 6, batch number 13/40:       batch loss 0.005305340979248285
2024-01-21 09:41:56,304 Epoch number 6, batch number 14/40:       batch loss 0.007119731977581978
2024-01-21 09:41:56,434 Epoch number 6, batch number 15/40:       batch loss 0.009838733822107315
2024-01-21 09:41:56,560 Epoch number 6, batch number 16/40:       batch loss 0.007951313629746437
2024-01-21 09:41:56,679 Epoch number 6, batch number 17/40:       batch loss 0.007675842847675085
2024-01-21 09:41:56,803 Epoch number 6, batch number 18/40:       batch loss 0.008568689227104187
2024-01-21 09:41:56,921 Epoch number 6, batch number 19/40:       batch loss 0.008519931696355343
2024-01-21 09:41:57,044 Epoch number 6, batch number 20/40:       batch loss 0.007304799742996693
2024-01-21 09:41:57,176 Epoch number 6, batch number 21/40:       batch loss 0.009390363469719887
2024-01-21 09:41:57,308 Epoch number 6, batch number 22/40:       batch loss 0.007496126927435398
2024-01-21 09:41:57,429 Epoch number 6, batch number 23/40:       batch loss 0.009354827925562859
2024-01-21 09:41:57,554 Epoch number 6, batch number 24/40:       batch loss 0.010674495249986649
2024-01-21 09:41:57,678 Epoch number 6, batch number 25/40:       batch loss 0.011948228813707829
2024-01-21 09:41:57,802 Epoch number 6, batch number 26/40:       batch loss 0.010885127820074558
2024-01-21 09:41:57,924 Epoch number 6, batch number 27/40:       batch loss 0.0070378826931118965
2024-01-21 09:41:58,079 Epoch number 6, batch number 28/40:       batch loss 0.00551361171528697
2024-01-21 09:41:58,211 Epoch number 6, batch number 29/40:       batch loss 0.008073787204921246
2024-01-21 09:41:58,333 Epoch number 6, batch number 30/40:       batch loss 0.006464667618274689
2024-01-21 09:41:58,455 Epoch number 6, batch number 31/40:       batch loss 0.009223402477800846
2024-01-21 09:41:58,579 Epoch number 6, batch number 32/40:       batch loss 0.009681038558483124
2024-01-21 09:41:58,702 Epoch number 6, batch number 33/40:       batch loss 0.006203874945640564
2024-01-21 09:41:58,822 Epoch number 6, batch number 34/40:       batch loss 0.010244902223348618
2024-01-21 09:41:58,945 Epoch number 6, batch number 35/40:       batch loss 0.008425211533904076
2024-01-21 09:41:59,070 Epoch number 6, batch number 36/40:       batch loss 0.008493805304169655
2024-01-21 09:41:59,192 Epoch number 6, batch number 37/40:       batch loss 0.008806352503597736
2024-01-21 09:41:59,315 Epoch number 6, batch number 38/40:       batch loss 0.012770215049386024
2024-01-21 09:41:59,437 Epoch number 6, batch number 39/40:       batch loss 0.007002732716500759
2024-01-21 09:41:59,482 Epoch: 7 	Training Loss: 0.004273
2024-01-21 09:41:59,482 Time for epoch 7 : 5 sec
2024-01-21 09:41:59,482 lr for epoch 7 is 0.01000
2024-01-21 09:42:00,996 Epoch number 7, batch number 0/40:       batch loss 0.006079662125557661
2024-01-21 09:42:01,159 Epoch number 7, batch number 1/40:       batch loss 0.00713204313069582
2024-01-21 09:42:01,288 Epoch number 7, batch number 2/40:       batch loss 0.008766723796725273
2024-01-21 09:42:01,424 Epoch number 7, batch number 3/40:       batch loss 0.010050713084638119
2024-01-21 09:42:01,556 Epoch number 7, batch number 4/40:       batch loss 0.007912916131317616
2024-01-21 09:42:01,690 Epoch number 7, batch number 5/40:       batch loss 0.007638166658580303
2024-01-21 09:42:01,815 Epoch number 7, batch number 6/40:       batch loss 0.005675384774804115
2024-01-21 09:42:01,941 Epoch number 7, batch number 7/40:       batch loss 0.009877365082502365
2024-01-21 09:42:02,062 Epoch number 7, batch number 8/40:       batch loss 0.01547352783381939
2024-01-21 09:42:02,184 Epoch number 7, batch number 9/40:       batch loss 0.00546911358833313
2024-01-21 09:42:02,308 Epoch number 7, batch number 10/40:       batch loss 0.0058878581039607525
2024-01-21 09:42:02,433 Epoch number 7, batch number 11/40:       batch loss 0.005532311275601387
2024-01-21 09:42:02,559 Epoch number 7, batch number 12/40:       batch loss 0.007258995436131954
2024-01-21 09:42:02,699 Epoch number 7, batch number 13/40:       batch loss 0.011249477975070477
2024-01-21 09:42:02,844 Epoch number 7, batch number 14/40:       batch loss 0.007868013344705105
2024-01-21 09:42:02,969 Epoch number 7, batch number 15/40:       batch loss 0.008339150808751583
2024-01-21 09:42:03,093 Epoch number 7, batch number 16/40:       batch loss 0.00930103100836277
2024-01-21 09:42:03,219 Epoch number 7, batch number 17/40:       batch loss 0.009363117627799511
2024-01-21 09:42:03,342 Epoch number 7, batch number 18/40:       batch loss 0.006993883289396763
2024-01-21 09:42:03,469 Epoch number 7, batch number 19/40:       batch loss 0.006606624461710453
2024-01-21 09:42:03,596 Epoch number 7, batch number 20/40:       batch loss 0.0068459357134997845
2024-01-21 09:42:03,738 Epoch number 7, batch number 21/40:       batch loss 0.008765882812440395
2024-01-21 09:42:03,868 Epoch number 7, batch number 22/40:       batch loss 0.014489407651126385
2024-01-21 09:42:03,997 Epoch number 7, batch number 23/40:       batch loss 0.01201712153851986
2024-01-21 09:42:04,124 Epoch number 7, batch number 24/40:       batch loss 0.008163964375853539
2024-01-21 09:42:04,249 Epoch number 7, batch number 25/40:       batch loss 0.013376070186495781
2024-01-21 09:42:04,374 Epoch number 7, batch number 26/40:       batch loss 0.00660092243924737
2024-01-21 09:42:04,500 Epoch number 7, batch number 27/40:       batch loss 0.009414700791239738
2024-01-21 09:42:04,624 Epoch number 7, batch number 28/40:       batch loss 0.006020139902830124
2024-01-21 09:42:04,749 Epoch number 7, batch number 29/40:       batch loss 0.005305293016135693
2024-01-21 09:42:04,875 Epoch number 7, batch number 30/40:       batch loss 0.006955724209547043
2024-01-21 09:42:04,997 Epoch number 7, batch number 31/40:       batch loss 0.007868887856602669
2024-01-21 09:42:05,120 Epoch number 7, batch number 32/40:       batch loss 0.008705120533704758
2024-01-21 09:42:05,247 Epoch number 7, batch number 33/40:       batch loss 0.007477549370378256
2024-01-21 09:42:05,368 Epoch number 7, batch number 34/40:       batch loss 0.011662173084914684
2024-01-21 09:42:05,491 Epoch number 7, batch number 35/40:       batch loss 0.010168058797717094
2024-01-21 09:42:05,619 Epoch number 7, batch number 36/40:       batch loss 0.005255360156297684
2024-01-21 09:42:05,742 Epoch number 7, batch number 37/40:       batch loss 0.007946189492940903
2024-01-21 09:42:05,867 Epoch number 7, batch number 38/40:       batch loss 0.008560150861740112
2024-01-21 09:42:05,994 Epoch number 7, batch number 39/40:       batch loss 0.010035792365670204
2024-01-21 09:42:06,018 Epoch: 8 	Training Loss: 0.004226
2024-01-21 09:42:06,018 Time for epoch 8 : 6 sec
2024-01-21 09:42:06,018 lr for epoch 8 is 0.01000
2024-01-21 09:42:07,456 Epoch number 8, batch number 0/40:       batch loss 0.006544755771756172
2024-01-21 09:42:07,609 Epoch number 8, batch number 1/40:       batch loss 0.010438656434416771
2024-01-21 09:42:07,741 Epoch number 8, batch number 2/40:       batch loss 0.006887503899633884
2024-01-21 09:42:07,883 Epoch number 8, batch number 3/40:       batch loss 0.008356528356671333
2024-01-21 09:42:08,003 Epoch number 8, batch number 4/40:       batch loss 0.004921389278024435
2024-01-21 09:42:08,123 Epoch number 8, batch number 5/40:       batch loss 0.012096831575036049
2024-01-21 09:42:08,243 Epoch number 8, batch number 6/40:       batch loss 0.008765424601733685
2024-01-21 09:42:08,366 Epoch number 8, batch number 7/40:       batch loss 0.0104172108694911
2024-01-21 09:42:08,489 Epoch number 8, batch number 8/40:       batch loss 0.0077604493126273155
2024-01-21 09:42:08,618 Epoch number 8, batch number 9/40:       batch loss 0.009796121157705784
2024-01-21 09:42:08,743 Epoch number 8, batch number 10/40:       batch loss 0.006927908398211002
2024-01-21 09:42:08,867 Epoch number 8, batch number 11/40:       batch loss 0.007333093788474798
2024-01-21 09:42:08,989 Epoch number 8, batch number 12/40:       batch loss 0.009673135355114937
2024-01-21 09:42:09,124 Epoch number 8, batch number 13/40:       batch loss 0.007525204680860043
2024-01-21 09:42:09,260 Epoch number 8, batch number 14/40:       batch loss 0.005223666317760944
2024-01-21 09:42:09,383 Epoch number 8, batch number 15/40:       batch loss 0.008391349576413631
2024-01-21 09:42:09,505 Epoch number 8, batch number 16/40:       batch loss 0.006875726394355297
2024-01-21 09:42:09,627 Epoch number 8, batch number 17/40:       batch loss 0.011640110053122044
2024-01-21 09:42:09,748 Epoch number 8, batch number 18/40:       batch loss 0.004758842755109072
2024-01-21 09:42:09,871 Epoch number 8, batch number 19/40:       batch loss 0.01010891329497099
2024-01-21 09:42:09,990 Epoch number 8, batch number 20/40:       batch loss 0.008063242770731449
2024-01-21 09:42:10,111 Epoch number 8, batch number 21/40:       batch loss 0.006215973291546106
2024-01-21 09:42:10,232 Epoch number 8, batch number 22/40:       batch loss 0.007977002300322056
2024-01-21 09:42:10,352 Epoch number 8, batch number 23/40:       batch loss 0.008447103202342987
2024-01-21 09:42:10,472 Epoch number 8, batch number 24/40:       batch loss 0.006755392532795668
2024-01-21 09:42:10,596 Epoch number 8, batch number 25/40:       batch loss 0.006292709149420261
2024-01-21 09:42:10,717 Epoch number 8, batch number 26/40:       batch loss 0.01483611948788166
2024-01-21 09:42:10,839 Epoch number 8, batch number 27/40:       batch loss 0.011284563690423965
2024-01-21 09:42:10,958 Epoch number 8, batch number 28/40:       batch loss 0.008153467439115047
2024-01-21 09:42:11,079 Epoch number 8, batch number 29/40:       batch loss 0.00769672729074955
2024-01-21 09:42:11,199 Epoch number 8, batch number 30/40:       batch loss 0.007802240084856749
2024-01-21 09:42:11,317 Epoch number 8, batch number 31/40:       batch loss 0.0090181240811944
2024-01-21 09:42:11,435 Epoch number 8, batch number 32/40:       batch loss 0.005499337799847126
2024-01-21 09:42:11,554 Epoch number 8, batch number 33/40:       batch loss 0.009532603435218334
2024-01-21 09:42:11,673 Epoch number 8, batch number 34/40:       batch loss 0.006456197239458561
2024-01-21 09:42:11,793 Epoch number 8, batch number 35/40:       batch loss 0.008064379915595055
2024-01-21 09:42:11,910 Epoch number 8, batch number 36/40:       batch loss 0.006350286304950714
2024-01-21 09:42:12,030 Epoch number 8, batch number 37/40:       batch loss 0.0045587229542434216
2024-01-21 09:42:12,148 Epoch number 8, batch number 38/40:       batch loss 0.009693864732980728
2024-01-21 09:42:12,263 Epoch number 8, batch number 39/40:       batch loss 0.0080889742821455
2024-01-21 09:42:12,297 Epoch: 9 	Training Loss: 0.004065
2024-01-21 09:42:12,297 Time for epoch 9 : 5 sec
2024-01-21 09:42:12,297 lr for epoch 9 is 0.01000
2024-01-21 09:42:13,696 Epoch number 9, batch number 0/40:       batch loss 0.007907708175480366
2024-01-21 09:42:13,838 Epoch number 9, batch number 1/40:       batch loss 0.009434465318918228
2024-01-21 09:42:13,992 Epoch number 9, batch number 2/40:       batch loss 0.009164592251181602
2024-01-21 09:42:14,126 Epoch number 9, batch number 3/40:       batch loss 0.0077237277291715145
2024-01-21 09:42:14,246 Epoch number 9, batch number 4/40:       batch loss 0.010578022338449955
2024-01-21 09:42:14,364 Epoch number 9, batch number 5/40:       batch loss 0.007896761409938335
2024-01-21 09:42:14,485 Epoch number 9, batch number 6/40:       batch loss 0.005541390273720026
2024-01-21 09:42:14,606 Epoch number 9, batch number 7/40:       batch loss 0.005697380751371384
2024-01-21 09:42:14,724 Epoch number 9, batch number 8/40:       batch loss 0.004992675501853228
2024-01-21 09:42:14,845 Epoch number 9, batch number 9/40:       batch loss 0.007022209465503693
2024-01-21 09:42:14,966 Epoch number 9, batch number 10/40:       batch loss 0.00946850050240755
2024-01-21 09:42:15,086 Epoch number 9, batch number 11/40:       batch loss 0.004513963591307402
2024-01-21 09:42:15,207 Epoch number 9, batch number 12/40:       batch loss 0.006330558098852634
2024-01-21 09:42:15,326 Epoch number 9, batch number 13/40:       batch loss 0.00972113385796547
2024-01-21 09:42:15,451 Epoch number 9, batch number 14/40:       batch loss 0.009406564757227898
2024-01-21 09:42:15,592 Epoch number 9, batch number 15/40:       batch loss 0.006545985583215952
2024-01-21 09:42:15,715 Epoch number 9, batch number 16/40:       batch loss 0.0065386490896344185
2024-01-21 09:42:15,836 Epoch number 9, batch number 17/40:       batch loss 0.007588276173919439
2024-01-21 09:42:15,957 Epoch number 9, batch number 18/40:       batch loss 0.009843078441917896
2024-01-21 09:42:16,078 Epoch number 9, batch number 19/40:       batch loss 0.00642967876046896
2024-01-21 09:42:16,197 Epoch number 9, batch number 20/40:       batch loss 0.00872863456606865
2024-01-21 09:42:16,317 Epoch number 9, batch number 21/40:       batch loss 0.008729679509997368
2024-01-21 09:42:16,439 Epoch number 9, batch number 22/40:       batch loss 0.006246941164135933
2024-01-21 09:42:16,559 Epoch number 9, batch number 23/40:       batch loss 0.008292222395539284
2024-01-21 09:42:16,681 Epoch number 9, batch number 24/40:       batch loss 0.006283145397901535
2024-01-21 09:42:16,805 Epoch number 9, batch number 25/40:       batch loss 0.005951057653874159
2024-01-21 09:42:16,926 Epoch number 9, batch number 26/40:       batch loss 0.008091459050774574
2024-01-21 09:42:17,048 Epoch number 9, batch number 27/40:       batch loss 0.007748879957944155
2024-01-21 09:42:17,169 Epoch number 9, batch number 28/40:       batch loss 0.005901857744902372
2024-01-21 09:42:17,301 Epoch number 9, batch number 29/40:       batch loss 0.007202973589301109
2024-01-21 09:42:17,423 Epoch number 9, batch number 30/40:       batch loss 0.008833550848066807
2024-01-21 09:42:17,544 Epoch number 9, batch number 31/40:       batch loss 0.005818457342684269
2024-01-21 09:42:17,663 Epoch number 9, batch number 32/40:       batch loss 0.007576189935207367
2024-01-21 09:42:17,784 Epoch number 9, batch number 33/40:       batch loss 0.015542187727987766
2024-01-21 09:42:17,905 Epoch number 9, batch number 34/40:       batch loss 0.007726067677140236
2024-01-21 09:42:18,026 Epoch number 9, batch number 35/40:       batch loss 0.0073242937214672565
2024-01-21 09:42:18,147 Epoch number 9, batch number 36/40:       batch loss 0.005527867469936609
2024-01-21 09:42:18,266 Epoch number 9, batch number 37/40:       batch loss 0.006653756368905306
2024-01-21 09:42:18,400 Epoch number 9, batch number 38/40:       batch loss 0.008119966834783554
2024-01-21 09:42:18,521 Epoch number 9, batch number 39/40:       batch loss 0.010855961591005325
2024-01-21 09:42:18,555 Epoch: 10 	Training Loss: 0.003869
2024-01-21 09:42:18,555 Time for epoch 10 : 5 sec
2024-01-21 09:42:18,555 lr for epoch 10 is 0.01000
2024-01-21 09:42:20,003 Epoch number 10, batch number 0/40:       batch loss 0.006086628884077072
2024-01-21 09:42:20,177 Epoch number 10, batch number 1/40:       batch loss 0.006356289144605398
2024-01-21 09:42:20,303 Epoch number 10, batch number 2/40:       batch loss 0.010905035771429539
2024-01-21 09:42:20,438 Epoch number 10, batch number 3/40:       batch loss 0.01108348835259676
2024-01-21 09:42:20,565 Epoch number 10, batch number 4/40:       batch loss 0.008276686072349548
2024-01-21 09:42:20,690 Epoch number 10, batch number 5/40:       batch loss 0.006100421771407127
2024-01-21 09:42:20,814 Epoch number 10, batch number 6/40:       batch loss 0.010919496417045593
2024-01-21 09:42:20,943 Epoch number 10, batch number 7/40:       batch loss 0.007483580149710178
2024-01-21 09:42:21,068 Epoch number 10, batch number 8/40:       batch loss 0.006340462248772383
2024-01-21 09:42:21,195 Epoch number 10, batch number 9/40:       batch loss 0.009152582846581936
2024-01-21 09:42:21,318 Epoch number 10, batch number 10/40:       batch loss 0.00800059363245964
2024-01-21 09:42:21,445 Epoch number 10, batch number 11/40:       batch loss 0.00677666999399662
2024-01-21 09:42:21,573 Epoch number 10, batch number 12/40:       batch loss 0.006460709497332573
2024-01-21 09:42:21,702 Epoch number 10, batch number 13/40:       batch loss 0.004435715731233358
2024-01-21 09:42:21,828 Epoch number 10, batch number 14/40:       batch loss 0.007022728677839041
2024-01-21 09:42:21,957 Epoch number 10, batch number 15/40:       batch loss 0.0076270801946520805
2024-01-21 09:42:22,098 Epoch number 10, batch number 16/40:       batch loss 0.00963327381759882
2024-01-21 09:42:22,224 Epoch number 10, batch number 17/40:       batch loss 0.005327895283699036
2024-01-21 09:42:22,354 Epoch number 10, batch number 18/40:       batch loss 0.005962061230093241
2024-01-21 09:42:22,484 Epoch number 10, batch number 19/40:       batch loss 0.007881581783294678
2024-01-21 09:42:22,614 Epoch number 10, batch number 20/40:       batch loss 0.009481199085712433
2024-01-21 09:42:22,745 Epoch number 10, batch number 21/40:       batch loss 0.007442398928105831
2024-01-21 09:42:22,870 Epoch number 10, batch number 22/40:       batch loss 0.005399775225669146
2024-01-21 09:42:22,996 Epoch number 10, batch number 23/40:       batch loss 0.008910490199923515
2024-01-21 09:42:23,125 Epoch number 10, batch number 24/40:       batch loss 0.0048816511407494545
2024-01-21 09:42:23,253 Epoch number 10, batch number 25/40:       batch loss 0.011527837254106998
2024-01-21 09:42:23,379 Epoch number 10, batch number 26/40:       batch loss 0.006016835570335388
2024-01-21 09:42:23,510 Epoch number 10, batch number 27/40:       batch loss 0.006291757337749004
2024-01-21 09:42:23,638 Epoch number 10, batch number 28/40:       batch loss 0.007800783962011337
2024-01-21 09:42:23,766 Epoch number 10, batch number 29/40:       batch loss 0.007715250365436077
2024-01-21 09:42:23,893 Epoch number 10, batch number 30/40:       batch loss 0.01109396480023861
2024-01-21 09:42:24,024 Epoch number 10, batch number 31/40:       batch loss 0.004789335187524557
2024-01-21 09:42:24,149 Epoch number 10, batch number 32/40:       batch loss 0.00976663175970316
2024-01-21 09:42:24,275 Epoch number 10, batch number 33/40:       batch loss 0.009795251302421093
2024-01-21 09:42:24,401 Epoch number 10, batch number 34/40:       batch loss 0.008166181854903698
2024-01-21 09:42:24,528 Epoch number 10, batch number 35/40:       batch loss 0.008032743819057941
2024-01-21 09:42:24,655 Epoch number 10, batch number 36/40:       batch loss 0.006138302385807037
2024-01-21 09:42:24,782 Epoch number 10, batch number 37/40:       batch loss 0.005807762034237385
2024-01-21 09:42:24,906 Epoch number 10, batch number 38/40:       batch loss 0.006992981769144535
2024-01-21 09:42:25,031 Epoch number 10, batch number 39/40:       batch loss 0.010359171777963638
2024-01-21 09:42:25,059 Epoch: 11 	Training Loss: 0.003853
2024-01-21 09:42:25,059 Time for epoch 11 : 6 sec
2024-01-21 09:42:25,059 lr for epoch 11 is 0.00100
2024-01-21 09:42:26,659 Epoch number 11, batch number 0/40:       batch loss 0.005006777588278055
2024-01-21 09:42:26,806 Epoch number 11, batch number 1/40:       batch loss 0.007932065054774284
2024-01-21 09:42:26,943 Epoch number 11, batch number 2/40:       batch loss 0.007130753248929977
2024-01-21 09:42:27,070 Epoch number 11, batch number 3/40:       batch loss 0.005873391404747963
2024-01-21 09:42:27,195 Epoch number 11, batch number 4/40:       batch loss 0.011191179044544697
2024-01-21 09:42:27,314 Epoch number 11, batch number 5/40:       batch loss 0.007907641120254993
2024-01-21 09:42:27,435 Epoch number 11, batch number 6/40:       batch loss 0.01556725800037384
2024-01-21 09:42:27,560 Epoch number 11, batch number 7/40:       batch loss 0.008317314088344574
2024-01-21 09:42:27,682 Epoch number 11, batch number 8/40:       batch loss 0.008287064731121063
2024-01-21 09:42:27,803 Epoch number 11, batch number 9/40:       batch loss 0.005497627891600132
2024-01-21 09:42:27,926 Epoch number 11, batch number 10/40:       batch loss 0.008841676637530327
2024-01-21 09:42:28,049 Epoch number 11, batch number 11/40:       batch loss 0.008147044107317924
2024-01-21 09:42:28,171 Epoch number 11, batch number 12/40:       batch loss 0.006747490260750055
2024-01-21 09:42:28,293 Epoch number 11, batch number 13/40:       batch loss 0.008235475048422813
2024-01-21 09:42:28,433 Epoch number 11, batch number 14/40:       batch loss 0.008732056245207787
2024-01-21 09:42:28,557 Epoch number 11, batch number 15/40:       batch loss 0.008198874071240425
2024-01-21 09:42:28,681 Epoch number 11, batch number 16/40:       batch loss 0.005905334837734699
2024-01-21 09:42:28,804 Epoch number 11, batch number 17/40:       batch loss 0.006979425437748432
2024-01-21 09:42:28,942 Epoch number 11, batch number 18/40:       batch loss 0.006058205850422382
2024-01-21 09:42:29,073 Epoch number 11, batch number 19/40:       batch loss 0.00672487448900938
2024-01-21 09:42:29,210 Epoch number 11, batch number 20/40:       batch loss 0.005984737072139978
2024-01-21 09:42:29,335 Epoch number 11, batch number 21/40:       batch loss 0.008786392398178577
2024-01-21 09:42:29,458 Epoch number 11, batch number 22/40:       batch loss 0.006473683286458254
2024-01-21 09:42:29,587 Epoch number 11, batch number 23/40:       batch loss 0.006252141669392586
2024-01-21 09:42:29,712 Epoch number 11, batch number 24/40:       batch loss 0.004684424493461847
2024-01-21 09:42:29,836 Epoch number 11, batch number 25/40:       batch loss 0.007525356952100992
2024-01-21 09:42:29,962 Epoch number 11, batch number 26/40:       batch loss 0.006483315024524927
2024-01-21 09:42:30,091 Epoch number 11, batch number 27/40:       batch loss 0.006681600119918585
2024-01-21 09:42:30,233 Epoch number 11, batch number 28/40:       batch loss 0.008117415942251682
2024-01-21 09:42:30,356 Epoch number 11, batch number 29/40:       batch loss 0.010095846839249134
2024-01-21 09:42:30,476 Epoch number 11, batch number 30/40:       batch loss 0.008445835672318935
2024-01-21 09:42:30,598 Epoch number 11, batch number 31/40:       batch loss 0.00788690522313118
2024-01-21 09:42:30,719 Epoch number 11, batch number 32/40:       batch loss 0.005812204908579588
2024-01-21 09:42:30,838 Epoch number 11, batch number 33/40:       batch loss 0.0068086846731603146
2024-01-21 09:42:30,961 Epoch number 11, batch number 34/40:       batch loss 0.006080642808228731
2024-01-21 09:42:31,082 Epoch number 11, batch number 35/40:       batch loss 0.009324193932116032
2024-01-21 09:42:31,205 Epoch number 11, batch number 36/40:       batch loss 0.007791412994265556
2024-01-21 09:42:31,326 Epoch number 11, batch number 37/40:       batch loss 0.00800127349793911
2024-01-21 09:42:31,448 Epoch number 11, batch number 38/40:       batch loss 0.012531119398772717
2024-01-21 09:42:31,567 Epoch number 11, batch number 39/40:       batch loss 0.007257592864334583
2024-01-21 09:42:31,596 Epoch: 12 	Training Loss: 0.003854
2024-01-21 09:42:31,596 Time for epoch 12 : 5 sec
2024-01-21 09:42:31,596 lr for epoch 12 is 0.00100
2024-01-21 09:42:33,190 Epoch number 12, batch number 0/40:       batch loss 0.005719711538404226
2024-01-21 09:42:33,354 Epoch number 12, batch number 1/40:       batch loss 0.009847603738307953
2024-01-21 09:42:33,492 Epoch number 12, batch number 2/40:       batch loss 0.005838679615408182
2024-01-21 09:42:33,647 Epoch number 12, batch number 3/40:       batch loss 0.00971140991896391
2024-01-21 09:42:33,777 Epoch number 12, batch number 4/40:       batch loss 0.005025938153266907
2024-01-21 09:42:33,903 Epoch number 12, batch number 5/40:       batch loss 0.008982572704553604
2024-01-21 09:42:34,028 Epoch number 12, batch number 6/40:       batch loss 0.00815220084041357
2024-01-21 09:42:34,155 Epoch number 12, batch number 7/40:       batch loss 0.013522963970899582
2024-01-21 09:42:34,279 Epoch number 12, batch number 8/40:       batch loss 0.00716755073517561
2024-01-21 09:42:34,404 Epoch number 12, batch number 9/40:       batch loss 0.007449754513800144
2024-01-21 09:42:34,531 Epoch number 12, batch number 10/40:       batch loss 0.012263841927051544
2024-01-21 09:42:34,655 Epoch number 12, batch number 11/40:       batch loss 0.0050095426850020885
2024-01-21 09:42:34,779 Epoch number 12, batch number 12/40:       batch loss 0.00943957082927227
2024-01-21 09:42:34,904 Epoch number 12, batch number 13/40:       batch loss 0.0044069066643714905
2024-01-21 09:42:35,028 Epoch number 12, batch number 14/40:       batch loss 0.010269231162965298
2024-01-21 09:42:35,153 Epoch number 12, batch number 15/40:       batch loss 0.0054978919215500355
2024-01-21 09:42:35,277 Epoch number 12, batch number 16/40:       batch loss 0.007029671221971512
2024-01-21 09:42:35,399 Epoch number 12, batch number 17/40:       batch loss 0.008429886773228645
2024-01-21 09:42:35,522 Epoch number 12, batch number 18/40:       batch loss 0.009151998907327652
2024-01-21 09:42:35,645 Epoch number 12, batch number 19/40:       batch loss 0.008566923439502716
2024-01-21 09:42:35,771 Epoch number 12, batch number 20/40:       batch loss 0.008795080706477165
2024-01-21 09:42:35,895 Epoch number 12, batch number 21/40:       batch loss 0.006797190755605698
2024-01-21 09:42:36,021 Epoch number 12, batch number 22/40:       batch loss 0.008019950240850449
2024-01-21 09:42:36,146 Epoch number 12, batch number 23/40:       batch loss 0.0071299937553703785
2024-01-21 09:42:36,273 Epoch number 12, batch number 24/40:       batch loss 0.00608038529753685
2024-01-21 09:42:36,397 Epoch number 12, batch number 25/40:       batch loss 0.007086299825459719
2024-01-21 09:42:36,521 Epoch number 12, batch number 26/40:       batch loss 0.012984339147806168
2024-01-21 09:42:36,646 Epoch number 12, batch number 27/40:       batch loss 0.006875141989439726
2024-01-21 09:42:36,781 Epoch number 12, batch number 28/40:       batch loss 0.007087585981935263
2024-01-21 09:42:36,907 Epoch number 12, batch number 29/40:       batch loss 0.00588067714124918
2024-01-21 09:42:37,033 Epoch number 12, batch number 30/40:       batch loss 0.0037377052940428257
2024-01-21 09:42:37,162 Epoch number 12, batch number 31/40:       batch loss 0.006622646935284138
2024-01-21 09:42:37,285 Epoch number 12, batch number 32/40:       batch loss 0.005126373842358589
2024-01-21 09:42:37,409 Epoch number 12, batch number 33/40:       batch loss 0.01114087738096714
2024-01-21 09:42:37,542 Epoch number 12, batch number 34/40:       batch loss 0.010635003447532654
2024-01-21 09:42:37,672 Epoch number 12, batch number 35/40:       batch loss 0.007888521999120712
2024-01-21 09:42:37,800 Epoch number 12, batch number 36/40:       batch loss 0.006205878686159849
2024-01-21 09:42:37,926 Epoch number 12, batch number 37/40:       batch loss 0.007655739784240723
2024-01-21 09:42:38,051 Epoch number 12, batch number 38/40:       batch loss 0.0066200923174619675
2024-01-21 09:42:38,175 Epoch number 12, batch number 39/40:       batch loss 0.007730396930128336
2024-01-21 09:42:38,210 Epoch: 13 	Training Loss: 0.003895
2024-01-21 09:42:38,210 Time for epoch 13 : 6 sec
2024-01-21 09:42:38,210 lr for epoch 13 is 0.00100
2024-01-21 09:42:39,755 Epoch number 13, batch number 0/40:       batch loss 0.013133153319358826
2024-01-21 09:42:39,920 Epoch number 13, batch number 1/40:       batch loss 0.006295335944741964
2024-01-21 09:42:40,061 Epoch number 13, batch number 2/40:       batch loss 0.008729500696063042
2024-01-21 09:42:40,200 Epoch number 13, batch number 3/40:       batch loss 0.00726104062050581
2024-01-21 09:42:40,329 Epoch number 13, batch number 4/40:       batch loss 0.00584814790636301
2024-01-21 09:42:40,456 Epoch number 13, batch number 5/40:       batch loss 0.008668002672493458
2024-01-21 09:42:40,578 Epoch number 13, batch number 6/40:       batch loss 0.005821936298161745
2024-01-21 09:42:40,702 Epoch number 13, batch number 7/40:       batch loss 0.006113868206739426
2024-01-21 09:42:40,827 Epoch number 13, batch number 8/40:       batch loss 0.013343233615159988
2024-01-21 09:42:40,951 Epoch number 13, batch number 9/40:       batch loss 0.00737761752679944
2024-01-21 09:42:41,073 Epoch number 13, batch number 10/40:       batch loss 0.00441980455070734
2024-01-21 09:42:41,199 Epoch number 13, batch number 11/40:       batch loss 0.010204793885350227
2024-01-21 09:42:41,322 Epoch number 13, batch number 12/40:       batch loss 0.006898911669850349
2024-01-21 09:42:41,446 Epoch number 13, batch number 13/40:       batch loss 0.007995239458978176
2024-01-21 09:42:41,567 Epoch number 13, batch number 14/40:       batch loss 0.005493690259754658
2024-01-21 09:42:41,690 Epoch number 13, batch number 15/40:       batch loss 0.005250872578471899
2024-01-21 09:42:41,812 Epoch number 13, batch number 16/40:       batch loss 0.009397702291607857
2024-01-21 09:42:41,933 Epoch number 13, batch number 17/40:       batch loss 0.00942543987184763
2024-01-21 09:42:42,054 Epoch number 13, batch number 18/40:       batch loss 0.009151800535619259
2024-01-21 09:42:42,177 Epoch number 13, batch number 19/40:       batch loss 0.007363815791904926
2024-01-21 09:42:42,298 Epoch number 13, batch number 20/40:       batch loss 0.00665266951546073
2024-01-21 09:42:42,420 Epoch number 13, batch number 21/40:       batch loss 0.009674029424786568
2024-01-21 09:42:42,542 Epoch number 13, batch number 22/40:       batch loss 0.0058148144744336605
2024-01-21 09:42:42,662 Epoch number 13, batch number 23/40:       batch loss 0.008361626416444778
2024-01-21 09:42:42,785 Epoch number 13, batch number 24/40:       batch loss 0.011302814818918705
2024-01-21 09:42:42,907 Epoch number 13, batch number 25/40:       batch loss 0.004966842010617256
2024-01-21 09:42:43,028 Epoch number 13, batch number 26/40:       batch loss 0.00796936359256506
2024-01-21 09:42:43,150 Epoch number 13, batch number 27/40:       batch loss 0.011047424748539925
2024-01-21 09:42:43,270 Epoch number 13, batch number 28/40:       batch loss 0.010307971388101578
2024-01-21 09:42:43,392 Epoch number 13, batch number 29/40:       batch loss 0.04001602530479431
2024-01-21 09:42:43,515 Epoch number 13, batch number 30/40:       batch loss 0.0051880343817174435
2024-01-21 09:42:43,637 Epoch number 13, batch number 31/40:       batch loss 0.005916868336498737
2024-01-21 09:42:43,758 Epoch number 13, batch number 32/40:       batch loss 0.007417858578264713
2024-01-21 09:42:43,878 Epoch number 13, batch number 33/40:       batch loss 0.007622094824910164
2024-01-21 09:42:43,998 Epoch number 13, batch number 34/40:       batch loss 0.007776958867907524
2024-01-21 09:42:44,118 Epoch number 13, batch number 35/40:       batch loss 0.007733874022960663
2024-01-21 09:42:44,237 Epoch number 13, batch number 36/40:       batch loss 0.0059362794272601604
2024-01-21 09:42:44,359 Epoch number 13, batch number 37/40:       batch loss 0.007469579577445984
2024-01-21 09:42:44,479 Epoch number 13, batch number 38/40:       batch loss 0.00887994933873415
2024-01-21 09:42:44,601 Epoch number 13, batch number 39/40:       batch loss 0.010906118899583817
2024-01-21 09:42:44,638 Epoch: 14 	Training Loss: 0.004364
2024-01-21 09:42:44,638 Time for epoch 14 : 5 sec
2024-01-21 09:42:44,638 lr for epoch 14 is 0.00100
2024-01-21 09:42:46,180 Epoch number 14, batch number 0/40:       batch loss 0.012514371424913406
2024-01-21 09:42:46,328 Epoch number 14, batch number 1/40:       batch loss 0.006166213192045689
2024-01-21 09:42:46,460 Epoch number 14, batch number 2/40:       batch loss 0.00832962617278099
2024-01-21 09:42:46,607 Epoch number 14, batch number 3/40:       batch loss 0.009257085621356964
2024-01-21 09:42:46,728 Epoch number 14, batch number 4/40:       batch loss 0.008882026188075542
2024-01-21 09:42:46,850 Epoch number 14, batch number 5/40:       batch loss 0.008759749121963978
2024-01-21 09:42:46,972 Epoch number 14, batch number 6/40:       batch loss 0.005169048439711332
2024-01-21 09:42:47,094 Epoch number 14, batch number 7/40:       batch loss 0.00579326506704092
2024-01-21 09:42:47,215 Epoch number 14, batch number 8/40:       batch loss 0.006039039697498083
2024-01-21 09:42:47,338 Epoch number 14, batch number 9/40:       batch loss 0.007464185357093811
2024-01-21 09:42:47,459 Epoch number 14, batch number 10/40:       batch loss 0.008913765661418438
2024-01-21 09:42:47,581 Epoch number 14, batch number 11/40:       batch loss 0.007611936889588833
2024-01-21 09:42:47,703 Epoch number 14, batch number 12/40:       batch loss 0.006943033542484045
2024-01-21 09:42:47,825 Epoch number 14, batch number 13/40:       batch loss 0.007155534811317921
2024-01-21 09:42:47,948 Epoch number 14, batch number 14/40:       batch loss 0.006771869026124477
2024-01-21 09:42:48,071 Epoch number 14, batch number 15/40:       batch loss 0.008016830310225487
2024-01-21 09:42:48,195 Epoch number 14, batch number 16/40:       batch loss 0.010776693001389503
2024-01-21 09:42:48,319 Epoch number 14, batch number 17/40:       batch loss 0.009342757984995842
2024-01-21 09:42:48,441 Epoch number 14, batch number 18/40:       batch loss 0.008561433292925358
2024-01-21 09:42:48,562 Epoch number 14, batch number 19/40:       batch loss 0.00568985752761364
2024-01-21 09:42:48,698 Epoch number 14, batch number 20/40:       batch loss 0.008902477100491524
2024-01-21 09:42:48,832 Epoch number 14, batch number 21/40:       batch loss 0.007141342386603355
2024-01-21 09:42:48,966 Epoch number 14, batch number 22/40:       batch loss 0.004775679670274258
2024-01-21 09:42:49,101 Epoch number 14, batch number 23/40:       batch loss 0.0075114513747394085
2024-01-21 09:42:49,227 Epoch number 14, batch number 24/40:       batch loss 0.00603707367554307
2024-01-21 09:42:49,351 Epoch number 14, batch number 25/40:       batch loss 0.007101866416633129
2024-01-21 09:42:49,478 Epoch number 14, batch number 26/40:       batch loss 0.006340417079627514
2024-01-21 09:42:49,603 Epoch number 14, batch number 27/40:       batch loss 0.007415159605443478
2024-01-21 09:42:49,730 Epoch number 14, batch number 28/40:       batch loss 0.006639149039983749
2024-01-21 09:42:49,853 Epoch number 14, batch number 29/40:       batch loss 0.0076576173305511475
2024-01-21 09:42:49,981 Epoch number 14, batch number 30/40:       batch loss 0.0077468520030379295
2024-01-21 09:42:50,106 Epoch number 14, batch number 31/40:       batch loss 0.008216488175094128
2024-01-21 09:42:50,230 Epoch number 14, batch number 32/40:       batch loss 0.009508446790277958
2024-01-21 09:42:50,355 Epoch number 14, batch number 33/40:       batch loss 0.008264048956334591
2024-01-21 09:42:50,482 Epoch number 14, batch number 34/40:       batch loss 0.004305134527385235
2024-01-21 09:42:50,607 Epoch number 14, batch number 35/40:       batch loss 0.00783225055783987
2024-01-21 09:42:50,736 Epoch number 14, batch number 36/40:       batch loss 0.006518427282571793
2024-01-21 09:42:50,863 Epoch number 14, batch number 37/40:       batch loss 0.027048693969845772
2024-01-21 09:42:50,990 Epoch number 14, batch number 38/40:       batch loss 0.007180177140980959
2024-01-21 09:42:51,111 Epoch number 14, batch number 39/40:       batch loss 0.004960031248629093
2024-01-21 09:42:51,152 Epoch: 15 	Training Loss: 0.003991
2024-01-21 09:42:51,152 Time for epoch 15 : 6 sec
2024-01-21 09:42:51,152 lr for epoch 15 is 0.00100
2024-01-21 09:42:52,566 Epoch number 15, batch number 0/40:       batch loss 0.007303331978619099
2024-01-21 09:42:52,750 Epoch number 15, batch number 1/40:       batch loss 0.005271653179079294
2024-01-21 09:42:52,882 Epoch number 15, batch number 2/40:       batch loss 0.007355532608926296
2024-01-21 09:42:53,007 Epoch number 15, batch number 3/40:       batch loss 0.0067146895453333855
2024-01-21 09:42:53,141 Epoch number 15, batch number 4/40:       batch loss 0.004059866536408663
2024-01-21 09:42:53,287 Epoch number 15, batch number 5/40:       batch loss 0.0035137892700731754
2024-01-21 09:42:53,411 Epoch number 15, batch number 6/40:       batch loss 0.010484329424798489
2024-01-21 09:42:53,535 Epoch number 15, batch number 7/40:       batch loss 0.005921602714806795
2024-01-21 09:42:53,657 Epoch number 15, batch number 8/40:       batch loss 0.010283971205353737
2024-01-21 09:42:53,781 Epoch number 15, batch number 9/40:       batch loss 0.007122935261577368
2024-01-21 09:42:53,913 Epoch number 15, batch number 10/40:       batch loss 0.0063059963285923
2024-01-21 09:42:54,033 Epoch number 15, batch number 11/40:       batch loss 0.0056154304184019566
2024-01-21 09:42:54,157 Epoch number 15, batch number 12/40:       batch loss 0.008062571287155151
2024-01-21 09:42:54,285 Epoch number 15, batch number 13/40:       batch loss 0.006325282156467438
2024-01-21 09:42:54,412 Epoch number 15, batch number 14/40:       batch loss 0.006755372975021601
2024-01-21 09:42:54,535 Epoch number 15, batch number 15/40:       batch loss 0.006139209959656
2024-01-21 09:42:54,670 Epoch number 15, batch number 16/40:       batch loss 0.007234218530356884
2024-01-21 09:42:54,795 Epoch number 15, batch number 17/40:       batch loss 0.00848841667175293
2024-01-21 09:42:54,922 Epoch number 15, batch number 18/40:       batch loss 0.0059967017732560635
2024-01-21 09:42:55,050 Epoch number 15, batch number 19/40:       batch loss 0.005982675589621067
2024-01-21 09:42:55,174 Epoch number 15, batch number 20/40:       batch loss 0.007129872217774391
2024-01-21 09:42:55,299 Epoch number 15, batch number 21/40:       batch loss 0.006799287628382444
2024-01-21 09:42:55,426 Epoch number 15, batch number 22/40:       batch loss 0.009167206473648548
2024-01-21 09:42:55,553 Epoch number 15, batch number 23/40:       batch loss 0.006974759045988321
2024-01-21 09:42:55,680 Epoch number 15, batch number 24/40:       batch loss 0.00739646889269352
2024-01-21 09:42:55,805 Epoch number 15, batch number 25/40:       batch loss 0.007906945422291756
2024-01-21 09:42:55,931 Epoch number 15, batch number 26/40:       batch loss 0.00734625244513154
2024-01-21 09:42:56,058 Epoch number 15, batch number 27/40:       batch loss 0.006574385333806276
2024-01-21 09:42:56,194 Epoch number 15, batch number 28/40:       batch loss 0.005774391815066338
2024-01-21 09:42:56,329 Epoch number 15, batch number 29/40:       batch loss 0.007214794866740704
2024-01-21 09:42:56,463 Epoch number 15, batch number 30/40:       batch loss 0.00875390600413084
2024-01-21 09:42:56,595 Epoch number 15, batch number 31/40:       batch loss 0.006135241128504276
2024-01-21 09:42:56,722 Epoch number 15, batch number 32/40:       batch loss 0.007478669285774231
2024-01-21 09:42:56,848 Epoch number 15, batch number 33/40:       batch loss 0.007757009007036686
2024-01-21 09:42:56,972 Epoch number 15, batch number 34/40:       batch loss 0.009055719710886478
2024-01-21 09:42:57,094 Epoch number 15, batch number 35/40:       batch loss 0.005884437821805477
2024-01-21 09:42:57,216 Epoch number 15, batch number 36/40:       batch loss 0.012731875292956829
2024-01-21 09:42:57,339 Epoch number 15, batch number 37/40:       batch loss 0.007198769599199295
2024-01-21 09:42:57,464 Epoch number 15, batch number 38/40:       batch loss 0.008168818429112434
2024-01-21 09:42:57,588 Epoch number 15, batch number 39/40:       batch loss 0.00770046329125762
2024-01-21 09:42:57,607 Epoch: 16 	Training Loss: 0.003601
2024-01-21 09:42:57,607 Time for epoch 16 : 6 sec
2024-01-21 09:42:57,607 lr for epoch 16 is 0.00050
2024-01-21 09:42:59,157 Epoch number 16, batch number 0/40:       batch loss 0.005717411171644926
2024-01-21 09:42:59,303 Epoch number 16, batch number 1/40:       batch loss 0.006693989038467407
2024-01-21 09:42:59,431 Epoch number 16, batch number 2/40:       batch loss 0.006731261499226093
2024-01-21 09:42:59,589 Epoch number 16, batch number 3/40:       batch loss 0.008171796798706055
2024-01-21 09:42:59,732 Epoch number 16, batch number 4/40:       batch loss 0.006922545842826366
2024-01-21 09:42:59,866 Epoch number 16, batch number 5/40:       batch loss 0.008278237655758858
2024-01-21 09:42:59,998 Epoch number 16, batch number 6/40:       batch loss 0.005187739618122578
2024-01-21 09:43:00,128 Epoch number 16, batch number 7/40:       batch loss 0.00428760377690196
2024-01-21 09:43:00,252 Epoch number 16, batch number 8/40:       batch loss 0.009067652747035027
2024-01-21 09:43:00,374 Epoch number 16, batch number 9/40:       batch loss 0.00805092416703701
2024-01-21 09:43:00,510 Epoch number 16, batch number 10/40:       batch loss 0.00650030467659235
2024-01-21 09:43:00,638 Epoch number 16, batch number 11/40:       batch loss 0.00829609576612711
2024-01-21 09:43:00,763 Epoch number 16, batch number 12/40:       batch loss 0.009671530686318874
2024-01-21 09:43:00,890 Epoch number 16, batch number 13/40:       batch loss 0.00541951647028327
2024-01-21 09:43:01,035 Epoch number 16, batch number 14/40:       batch loss 0.005274603143334389
2024-01-21 09:43:01,165 Epoch number 16, batch number 15/40:       batch loss 0.009190326556563377
2024-01-21 09:43:01,292 Epoch number 16, batch number 16/40:       batch loss 0.010409916751086712
2024-01-21 09:43:01,416 Epoch number 16, batch number 17/40:       batch loss 0.00628719013184309
2024-01-21 09:43:01,542 Epoch number 16, batch number 18/40:       batch loss 0.006092536728829145
2024-01-21 09:43:01,666 Epoch number 16, batch number 19/40:       batch loss 0.005558507516980171
2024-01-21 09:43:01,788 Epoch number 16, batch number 20/40:       batch loss 0.010078598745167255
2024-01-21 09:43:01,911 Epoch number 16, batch number 21/40:       batch loss 0.00576911773532629
2024-01-21 09:43:02,034 Epoch number 16, batch number 22/40:       batch loss 0.008730695582926273
2024-01-21 09:43:02,157 Epoch number 16, batch number 23/40:       batch loss 0.005629371851682663
2024-01-21 09:43:02,281 Epoch number 16, batch number 24/40:       batch loss 0.007003258913755417
2024-01-21 09:43:02,405 Epoch number 16, batch number 25/40:       batch loss 0.008213075809180737
2024-01-21 09:43:02,528 Epoch number 16, batch number 26/40:       batch loss 0.0072058262303471565
2024-01-21 09:43:02,653 Epoch number 16, batch number 27/40:       batch loss 0.0070195929147303104
2024-01-21 09:43:02,777 Epoch number 16, batch number 28/40:       batch loss 0.006345655769109726
2024-01-21 09:43:02,907 Epoch number 16, batch number 29/40:       batch loss 0.010848053731024265
2024-01-21 09:43:03,031 Epoch number 16, batch number 30/40:       batch loss 0.007702747359871864
2024-01-21 09:43:03,159 Epoch number 16, batch number 31/40:       batch loss 0.00759971234947443
2024-01-21 09:43:03,286 Epoch number 16, batch number 32/40:       batch loss 0.006282865069806576
2024-01-21 09:43:03,413 Epoch number 16, batch number 33/40:       batch loss 0.009486234746873379
2024-01-21 09:43:03,538 Epoch number 16, batch number 34/40:       batch loss 0.007181908003985882
2024-01-21 09:43:03,664 Epoch number 16, batch number 35/40:       batch loss 0.011750759556889534
2024-01-21 09:43:03,790 Epoch number 16, batch number 36/40:       batch loss 0.007131884805858135
2024-01-21 09:43:03,912 Epoch number 16, batch number 37/40:       batch loss 0.009139823727309704
2024-01-21 09:43:04,038 Epoch number 16, batch number 38/40:       batch loss 0.006884894333779812
2024-01-21 09:43:04,181 Epoch number 16, batch number 39/40:       batch loss 0.004868524614721537
2024-01-21 09:43:04,217 Epoch: 17 	Training Loss: 0.003709
2024-01-21 09:43:04,217 Time for epoch 17 : 6 sec
2024-01-21 09:43:04,217 lr for epoch 17 is 0.00050
2024-01-21 09:43:05,527 Epoch number 17, batch number 0/40:       batch loss 0.004249591380357742
2024-01-21 09:43:05,692 Epoch number 17, batch number 1/40:       batch loss 0.00567324785515666
2024-01-21 09:43:05,827 Epoch number 17, batch number 2/40:       batch loss 0.0068753501400351524
2024-01-21 09:43:05,958 Epoch number 17, batch number 3/40:       batch loss 0.007332323584705591
2024-01-21 09:43:06,084 Epoch number 17, batch number 4/40:       batch loss 0.006029260810464621
2024-01-21 09:43:06,209 Epoch number 17, batch number 5/40:       batch loss 0.004811099264770746
2024-01-21 09:43:06,343 Epoch number 17, batch number 6/40:       batch loss 0.007720347959548235
2024-01-21 09:43:06,471 Epoch number 17, batch number 7/40:       batch loss 0.008600789122283459
2024-01-21 09:43:06,597 Epoch number 17, batch number 8/40:       batch loss 0.007377873174846172
2024-01-21 09:43:06,722 Epoch number 17, batch number 9/40:       batch loss 0.006414008792489767
2024-01-21 09:43:06,848 Epoch number 17, batch number 10/40:       batch loss 0.009250134229660034
2024-01-21 09:43:06,975 Epoch number 17, batch number 11/40:       batch loss 0.00561097078025341
2024-01-21 09:43:07,127 Epoch number 17, batch number 12/40:       batch loss 0.009097281843423843
2024-01-21 09:43:07,253 Epoch number 17, batch number 13/40:       batch loss 0.008090658113360405
2024-01-21 09:43:07,381 Epoch number 17, batch number 14/40:       batch loss 0.005409543868154287
2024-01-21 09:43:07,505 Epoch number 17, batch number 15/40:       batch loss 0.006071051117032766
2024-01-21 09:43:07,633 Epoch number 17, batch number 16/40:       batch loss 0.006009836681187153
2024-01-21 09:43:07,759 Epoch number 17, batch number 17/40:       batch loss 0.007459381129592657
2024-01-21 09:43:07,893 Epoch number 17, batch number 18/40:       batch loss 0.00782141461968422
2024-01-21 09:43:08,025 Epoch number 17, batch number 19/40:       batch loss 0.006879504304379225
2024-01-21 09:43:08,159 Epoch number 17, batch number 20/40:       batch loss 0.007306660991162062
2024-01-21 09:43:08,291 Epoch number 17, batch number 21/40:       batch loss 0.010199731215834618
2024-01-21 09:43:08,417 Epoch number 17, batch number 22/40:       batch loss 0.010666314512491226
2024-01-21 09:43:08,546 Epoch number 17, batch number 23/40:       batch loss 0.009221384301781654
2024-01-21 09:43:08,673 Epoch number 17, batch number 24/40:       batch loss 0.00788411870598793
2024-01-21 09:43:08,801 Epoch number 17, batch number 25/40:       batch loss 0.005555953364819288
2024-01-21 09:43:08,927 Epoch number 17, batch number 26/40:       batch loss 0.007746129762381315
2024-01-21 09:43:09,061 Epoch number 17, batch number 27/40:       batch loss 0.009127653203904629
2024-01-21 09:43:09,190 Epoch number 17, batch number 28/40:       batch loss 0.005459980107843876
2024-01-21 09:43:09,315 Epoch number 17, batch number 29/40:       batch loss 0.0094508808106184
2024-01-21 09:43:09,444 Epoch number 17, batch number 30/40:       batch loss 0.007350604981184006
2024-01-21 09:43:09,570 Epoch number 17, batch number 31/40:       batch loss 0.004891782533377409
2024-01-21 09:43:09,697 Epoch number 17, batch number 32/40:       batch loss 0.006121546495705843
2024-01-21 09:43:09,823 Epoch number 17, batch number 33/40:       batch loss 0.019617784768342972
2024-01-21 09:43:09,955 Epoch number 17, batch number 34/40:       batch loss 0.005919588729739189
2024-01-21 09:43:10,088 Epoch number 17, batch number 35/40:       batch loss 0.006580322980880737
2024-01-21 09:43:10,221 Epoch number 17, batch number 36/40:       batch loss 0.007900943979620934
2024-01-21 09:43:10,346 Epoch number 17, batch number 37/40:       batch loss 0.008074826560914516
2024-01-21 09:43:10,470 Epoch number 17, batch number 38/40:       batch loss 0.006722216494381428
2024-01-21 09:43:10,593 Epoch number 17, batch number 39/40:       batch loss 0.007430807687342167
2024-01-21 09:43:10,626 Epoch: 18 	Training Loss: 0.003750
2024-01-21 09:43:10,626 Time for epoch 18 : 6 sec
2024-01-21 09:43:10,626 lr for epoch 18 is 0.00050
2024-01-21 09:43:12,202 Epoch number 18, batch number 0/40:       batch loss 0.007294169627130032
2024-01-21 09:43:12,360 Epoch number 18, batch number 1/40:       batch loss 0.006451459601521492
2024-01-21 09:43:12,486 Epoch number 18, batch number 2/40:       batch loss 0.0073655033484101295
2024-01-21 09:43:12,627 Epoch number 18, batch number 3/40:       batch loss 0.008964775130152702
2024-01-21 09:43:12,753 Epoch number 18, batch number 4/40:       batch loss 0.010847650468349457
2024-01-21 09:43:12,888 Epoch number 18, batch number 5/40:       batch loss 0.0056039150804281235
2024-01-21 09:43:13,017 Epoch number 18, batch number 6/40:       batch loss 0.006409319583326578
2024-01-21 09:43:13,145 Epoch number 18, batch number 7/40:       batch loss 0.006854180246591568
2024-01-21 09:43:13,271 Epoch number 18, batch number 8/40:       batch loss 0.004359863232821226
2024-01-21 09:43:13,413 Epoch number 18, batch number 9/40:       batch loss 0.007804992608726025
2024-01-21 09:43:13,543 Epoch number 18, batch number 10/40:       batch loss 0.005756977014243603
2024-01-21 09:43:13,675 Epoch number 18, batch number 11/40:       batch loss 0.005775455851107836
2024-01-21 09:43:13,805 Epoch number 18, batch number 12/40:       batch loss 0.007516391575336456
2024-01-21 09:43:13,927 Epoch number 18, batch number 13/40:       batch loss 0.005756950005888939
2024-01-21 09:43:14,058 Epoch number 18, batch number 14/40:       batch loss 0.007103700656443834
2024-01-21 09:43:14,202 Epoch number 18, batch number 15/40:       batch loss 0.009088137187063694
2024-01-21 09:43:14,337 Epoch number 18, batch number 16/40:       batch loss 0.005128508899360895
2024-01-21 09:43:14,467 Epoch number 18, batch number 17/40:       batch loss 0.008774513378739357
2024-01-21 09:43:14,594 Epoch number 18, batch number 18/40:       batch loss 0.00726873567327857
2024-01-21 09:43:14,721 Epoch number 18, batch number 19/40:       batch loss 0.007050559855997562
2024-01-21 09:43:14,852 Epoch number 18, batch number 20/40:       batch loss 0.00391677999868989
2024-01-21 09:43:14,979 Epoch number 18, batch number 21/40:       batch loss 0.007883413694798946
2024-01-21 09:43:15,107 Epoch number 18, batch number 22/40:       batch loss 0.006666120141744614
2024-01-21 09:43:15,234 Epoch number 18, batch number 23/40:       batch loss 0.010430337861180305
2024-01-21 09:43:15,360 Epoch number 18, batch number 24/40:       batch loss 0.0073005459271371365
2024-01-21 09:43:15,489 Epoch number 18, batch number 25/40:       batch loss 0.008023317903280258
2024-01-21 09:43:15,620 Epoch number 18, batch number 26/40:       batch loss 0.0050927698612213135
2024-01-21 09:43:15,751 Epoch number 18, batch number 27/40:       batch loss 0.005632876418530941
2024-01-21 09:43:15,877 Epoch number 18, batch number 28/40:       batch loss 0.0063903178088366985
2024-01-21 09:43:16,004 Epoch number 18, batch number 29/40:       batch loss 0.008323542773723602
2024-01-21 09:43:16,129 Epoch number 18, batch number 30/40:       batch loss 0.006603569258004427
2024-01-21 09:43:16,260 Epoch number 18, batch number 31/40:       batch loss 0.008162976242601871
2024-01-21 09:43:16,384 Epoch number 18, batch number 32/40:       batch loss 0.0071414681151509285
2024-01-21 09:43:16,508 Epoch number 18, batch number 33/40:       batch loss 0.00688317883759737
2024-01-21 09:43:16,635 Epoch number 18, batch number 34/40:       batch loss 0.007374458946287632
2024-01-21 09:43:16,763 Epoch number 18, batch number 35/40:       batch loss 0.006399502977728844
2024-01-21 09:43:16,888 Epoch number 18, batch number 36/40:       batch loss 0.010437642224133015
2024-01-21 09:43:17,011 Epoch number 18, batch number 37/40:       batch loss 0.005383433774113655
2024-01-21 09:43:17,137 Epoch number 18, batch number 38/40:       batch loss 0.009174864739179611
2024-01-21 09:43:17,264 Epoch number 18, batch number 39/40:       batch loss 0.006620996631681919
2024-01-21 09:43:17,315 Epoch: 19 	Training Loss: 0.003563
2024-01-21 09:43:17,316 Time for epoch 19 : 6 sec
2024-01-21 09:43:17,316 lr for epoch 19 is 0.00050
2024-01-21 09:43:18,883 Epoch number 19, batch number 0/40:       batch loss 0.00857850257307291
2024-01-21 09:43:19,059 Epoch number 19, batch number 1/40:       batch loss 0.007223764434456825
2024-01-21 09:43:19,209 Epoch number 19, batch number 2/40:       batch loss 0.008077099919319153
2024-01-21 09:43:19,341 Epoch number 19, batch number 3/40:       batch loss 0.005510267335921526
2024-01-21 09:43:19,481 Epoch number 19, batch number 4/40:       batch loss 0.006951264105737209
2024-01-21 09:43:19,606 Epoch number 19, batch number 5/40:       batch loss 0.006625048816204071
2024-01-21 09:43:19,735 Epoch number 19, batch number 6/40:       batch loss 0.005109527613967657
2024-01-21 09:43:19,867 Epoch number 19, batch number 7/40:       batch loss 0.00805441290140152
2024-01-21 09:43:20,011 Epoch number 19, batch number 8/40:       batch loss 0.00724346237257123
2024-01-21 09:43:20,139 Epoch number 19, batch number 9/40:       batch loss 0.008924394845962524
2024-01-21 09:43:20,266 Epoch number 19, batch number 10/40:       batch loss 0.011765814386308193
2024-01-21 09:43:20,390 Epoch number 19, batch number 11/40:       batch loss 0.007404106669127941
2024-01-21 09:43:20,539 Epoch number 19, batch number 12/40:       batch loss 0.007760295178741217
2024-01-21 09:43:20,666 Epoch number 19, batch number 13/40:       batch loss 0.005995319224894047
2024-01-21 09:43:20,794 Epoch number 19, batch number 14/40:       batch loss 0.005636068060994148
2024-01-21 09:43:20,921 Epoch number 19, batch number 15/40:       batch loss 0.007296917028725147
2024-01-21 09:43:21,049 Epoch number 19, batch number 16/40:       batch loss 0.007838447578251362
2024-01-21 09:43:21,176 Epoch number 19, batch number 17/40:       batch loss 0.008370484225451946
2024-01-21 09:43:21,304 Epoch number 19, batch number 18/40:       batch loss 0.0055817472748458385
2024-01-21 09:43:21,433 Epoch number 19, batch number 19/40:       batch loss 0.007033960428088903
2024-01-21 09:43:21,557 Epoch number 19, batch number 20/40:       batch loss 0.010572392493486404
2024-01-21 09:43:21,685 Epoch number 19, batch number 21/40:       batch loss 0.008365405723452568
2024-01-21 09:43:21,811 Epoch number 19, batch number 22/40:       batch loss 0.0065902587957680225
2024-01-21 09:43:21,935 Epoch number 19, batch number 23/40:       batch loss 0.005924763157963753
2024-01-21 09:43:22,062 Epoch number 19, batch number 24/40:       batch loss 0.007455611601471901
2024-01-21 09:43:22,188 Epoch number 19, batch number 25/40:       batch loss 0.012683700770139694
2024-01-21 09:43:22,314 Epoch number 19, batch number 26/40:       batch loss 0.006206736899912357
2024-01-21 09:43:22,439 Epoch number 19, batch number 27/40:       batch loss 0.006141479592770338
2024-01-21 09:43:22,563 Epoch number 19, batch number 28/40:       batch loss 0.008335446007549763
2024-01-21 09:43:22,690 Epoch number 19, batch number 29/40:       batch loss 0.005287947133183479
2024-01-21 09:43:22,817 Epoch number 19, batch number 30/40:       batch loss 0.007882689125835896
2024-01-21 09:43:22,944 Epoch number 19, batch number 31/40:       batch loss 0.005035724490880966
2024-01-21 09:43:23,068 Epoch number 19, batch number 32/40:       batch loss 0.0072920843958854675
2024-01-21 09:43:23,195 Epoch number 19, batch number 33/40:       batch loss 0.004496192093938589
2024-01-21 09:43:23,320 Epoch number 19, batch number 34/40:       batch loss 0.007256088778376579
2024-01-21 09:43:23,460 Epoch number 19, batch number 35/40:       batch loss 0.005855608731508255
2024-01-21 09:43:23,582 Epoch number 19, batch number 36/40:       batch loss 0.00514983618631959
2024-01-21 09:43:23,708 Epoch number 19, batch number 37/40:       batch loss 0.007008461281657219
2024-01-21 09:43:23,832 Epoch number 19, batch number 38/40:       batch loss 0.00756783876568079
2024-01-21 09:43:23,956 Epoch number 19, batch number 39/40:       batch loss 0.009156377986073494
2024-01-21 09:43:23,993 Epoch: 20 	Training Loss: 0.003641
2024-01-21 09:43:23,993 Time for epoch 20 : 6 sec
2024-01-21 09:43:23,994 lr for epoch 20 is 0.00050
2024-01-21 09:44:00,508 findfont: Font family 'Arial' not found.
2024-01-21 09:44:00,510 findfont: Font family 'Arial' not found.
2024-01-21 09:44:00,510 findfont: Font family 'Times New Roman' not found.
2024-01-21 09:44:00,511 findfont: Font family 'Times New Roman' not found.
2024-01-21 09:44:00,514 findfont: Font family 'Arial' not found.
2024-01-21 09:44:00,515 findfont: Font family 'Arial' not found.
2024-01-21 09:44:00,521 findfont: Font family 'Arial' not found.
2024-01-21 09:44:00,522 findfont: Font family 'Times New Roman' not found.
2024-01-21 09:44:04,200 findfont: Font family 'Arial' not found.
2024-01-21 09:44:04,200 findfont: Font family 'Arial' not found.
2024-01-21 09:44:04,200 findfont: Font family 'Times New Roman' not found.
2024-01-21 09:44:04,200 findfont: Font family 'Times New Roman' not found.
2024-01-21 09:44:04,204 findfont: Font family 'Arial' not found.
2024-01-21 09:44:04,204 findfont: Font family 'Arial' not found.
2024-01-21 09:44:04,209 findfont: Font family 'Arial' not found.
2024-01-21 09:44:04,211 findfont: Font family 'Times New Roman' not found.
2024-01-21 09:44:07,893 findfont: Font family 'Arial' not found.
2024-01-21 09:44:07,893 findfont: Font family 'Arial' not found.
2024-01-21 09:44:07,893 findfont: Font family 'Times New Roman' not found.
2024-01-21 09:44:07,893 findfont: Font family 'Times New Roman' not found.
2024-01-21 09:44:07,897 findfont: Font family 'Arial' not found.
2024-01-21 09:44:07,897 findfont: Font family 'Arial' not found.
2024-01-21 09:44:07,901 findfont: Font family 'Arial' not found.
2024-01-21 09:44:07,902 findfont: Font family 'Times New Roman' not found.
2024-01-21 09:44:15,502 Run Finished Successfully
2024-01-21 09:44:18,700 findfont: Font family 'Arial' not found.
2024-01-21 09:44:18,706 findfont: Font family 'Arial' not found.
2024-01-21 09:44:18,707 findfont: Font family 'Times New Roman' not found.
2024-01-21 09:44:18,942 findfont: Font family 'Arial' not found.
2024-01-21 09:44:18,946 findfont: Font family 'Arial' not found.
2024-01-21 09:44:18,947 findfont: Font family 'Times New Roman' not found.
