2024-01-21 09:33:12,555 This is a summery of the run:
2024-01-21 09:33:12,556 Batch size for this run: 2
2024-01-21 09:33:12,556 Size of original image: 32 X 32
2024-01-21 09:33:12,556 number of masks: 204
2024-01-21 09:33:12,556 Compression ratio: 5
2024-01-21 09:33:12,556 number of epochs per lr: [5, 5, 5, 5]
2024-01-21 09:33:12,556 diff learning rate in the run: [0.1, 0.01, 0.001, 0.0005]
2024-01-21 09:33:12,556 ***************************************************************************


2024-01-21 09:33:12,556 learning rate: 0.1
2024-01-21 09:33:13,599 Epoch number 0, batch number 0/40:       batch loss 0.02479175664484501
2024-01-21 09:33:13,767 Epoch number 0, batch number 1/40:       batch loss 0.05398186296224594
2024-01-21 09:33:13,942 Epoch number 0, batch number 2/40:       batch loss 0.038007695227861404
2024-01-21 09:33:14,109 Epoch number 0, batch number 3/40:       batch loss 0.036652542650699615
2024-01-21 09:33:14,278 Epoch number 0, batch number 4/40:       batch loss 0.03709002211689949
2024-01-21 09:33:14,451 Epoch number 0, batch number 5/40:       batch loss 0.03517933189868927
2024-01-21 09:33:14,616 Epoch number 0, batch number 6/40:       batch loss 0.04379820078611374
2024-01-21 09:33:14,782 Epoch number 0, batch number 7/40:       batch loss 0.03627019375562668
2024-01-21 09:33:14,948 Epoch number 0, batch number 8/40:       batch loss 0.0358399897813797
2024-01-21 09:33:15,117 Epoch number 0, batch number 9/40:       batch loss 0.028641898185014725
2024-01-21 09:33:15,287 Epoch number 0, batch number 10/40:       batch loss 0.038846392184495926
2024-01-21 09:33:15,455 Epoch number 0, batch number 11/40:       batch loss 0.020496997982263565
2024-01-21 09:33:15,623 Epoch number 0, batch number 12/40:       batch loss 0.030748799443244934
2024-01-21 09:33:15,792 Epoch number 0, batch number 13/40:       batch loss 0.03164024278521538
2024-01-21 09:33:15,961 Epoch number 0, batch number 14/40:       batch loss 0.025194551795721054
2024-01-21 09:33:16,127 Epoch number 0, batch number 15/40:       batch loss 0.025197720155119896
2024-01-21 09:33:16,292 Epoch number 0, batch number 16/40:       batch loss 0.02861819416284561
2024-01-21 09:33:16,465 Epoch number 0, batch number 17/40:       batch loss 0.02990797907114029
2024-01-21 09:33:16,630 Epoch number 0, batch number 18/40:       batch loss 0.02399829402565956
2024-01-21 09:33:16,796 Epoch number 0, batch number 19/40:       batch loss 0.029948869720101357
2024-01-21 09:33:16,960 Epoch number 0, batch number 20/40:       batch loss 0.01982060633599758
2024-01-21 09:33:17,129 Epoch number 0, batch number 21/40:       batch loss 0.026517273858189583
2024-01-21 09:33:17,296 Epoch number 0, batch number 22/40:       batch loss 0.028412528336048126
2024-01-21 09:33:17,465 Epoch number 0, batch number 23/40:       batch loss 0.018128491938114166
2024-01-21 09:33:17,633 Epoch number 0, batch number 24/40:       batch loss 0.018298566341400146
2024-01-21 09:33:17,800 Epoch number 0, batch number 25/40:       batch loss 0.02149825729429722
2024-01-21 09:33:17,965 Epoch number 0, batch number 26/40:       batch loss 0.03116433322429657
2024-01-21 09:33:18,129 Epoch number 0, batch number 27/40:       batch loss 0.023456022143363953
2024-01-21 09:33:18,295 Epoch number 0, batch number 28/40:       batch loss 0.019491204991936684
2024-01-21 09:33:18,463 Epoch number 0, batch number 29/40:       batch loss 0.016014868393540382
2024-01-21 09:33:18,627 Epoch number 0, batch number 30/40:       batch loss 0.010974789038300514
2024-01-21 09:33:18,796 Epoch number 0, batch number 31/40:       batch loss 0.024867281317710876
2024-01-21 09:33:18,960 Epoch number 0, batch number 32/40:       batch loss 0.02277660369873047
2024-01-21 09:33:19,130 Epoch number 0, batch number 33/40:       batch loss 0.020809553563594818
2024-01-21 09:33:19,297 Epoch number 0, batch number 34/40:       batch loss 0.022852905094623566
2024-01-21 09:33:19,468 Epoch number 0, batch number 35/40:       batch loss 0.027005992829799652
2024-01-21 09:33:19,635 Epoch number 0, batch number 36/40:       batch loss 0.015750013291835785
2024-01-21 09:33:19,804 Epoch number 0, batch number 37/40:       batch loss 0.019507993012666702
2024-01-21 09:33:19,971 Epoch number 0, batch number 38/40:       batch loss 0.018527206033468246
2024-01-21 09:33:20,137 Epoch number 0, batch number 39/40:       batch loss 0.01824965886771679
2024-01-21 09:33:20,165 Epoch: 1 	Training Loss: 0.013487
2024-01-21 09:33:20,165 Time for epoch 1 : 7 sec
2024-01-21 09:33:20,165 lr for epoch 1 is 0.10000
2024-01-21 09:33:21,933 Epoch number 1, batch number 0/40:       batch loss 0.015539898537099361
2024-01-21 09:33:22,155 Epoch number 1, batch number 1/40:       batch loss 0.01399913802742958
2024-01-21 09:33:22,330 Epoch number 1, batch number 2/40:       batch loss 0.021458469331264496
2024-01-21 09:33:22,504 Epoch number 1, batch number 3/40:       batch loss 0.017335720360279083
2024-01-21 09:33:22,673 Epoch number 1, batch number 4/40:       batch loss 0.02043069340288639
2024-01-21 09:33:22,839 Epoch number 1, batch number 5/40:       batch loss 0.018500613048672676
2024-01-21 09:33:23,006 Epoch number 1, batch number 6/40:       batch loss 0.012978589162230492
2024-01-21 09:33:23,177 Epoch number 1, batch number 7/40:       batch loss 0.014322022907435894
2024-01-21 09:33:23,343 Epoch number 1, batch number 8/40:       batch loss 0.01840158924460411
2024-01-21 09:33:23,509 Epoch number 1, batch number 9/40:       batch loss 0.020594041794538498
2024-01-21 09:33:23,678 Epoch number 1, batch number 10/40:       batch loss 0.02351273223757744
2024-01-21 09:33:23,843 Epoch number 1, batch number 11/40:       batch loss 0.017600761726498604
2024-01-21 09:33:24,012 Epoch number 1, batch number 12/40:       batch loss 0.017320353537797928
2024-01-21 09:33:24,179 Epoch number 1, batch number 13/40:       batch loss 0.016498330980539322
2024-01-21 09:33:24,344 Epoch number 1, batch number 14/40:       batch loss 0.01717597246170044
2024-01-21 09:33:24,509 Epoch number 1, batch number 15/40:       batch loss 0.01608906127512455
2024-01-21 09:33:24,676 Epoch number 1, batch number 16/40:       batch loss 0.014379587955772877
2024-01-21 09:33:24,843 Epoch number 1, batch number 17/40:       batch loss 0.017100129276514053
2024-01-21 09:33:25,013 Epoch number 1, batch number 18/40:       batch loss 0.021411098539829254
2024-01-21 09:33:25,182 Epoch number 1, batch number 19/40:       batch loss 0.023047244176268578
2024-01-21 09:33:25,353 Epoch number 1, batch number 20/40:       batch loss 0.015749063342809677
2024-01-21 09:33:25,524 Epoch number 1, batch number 21/40:       batch loss 0.015104858204722404
2024-01-21 09:33:25,689 Epoch number 1, batch number 22/40:       batch loss 0.023156287148594856
2024-01-21 09:33:25,855 Epoch number 1, batch number 23/40:       batch loss 0.014762293547391891
2024-01-21 09:33:26,023 Epoch number 1, batch number 24/40:       batch loss 0.01739361695945263
2024-01-21 09:33:26,192 Epoch number 1, batch number 25/40:       batch loss 0.01734221540391445
2024-01-21 09:33:26,357 Epoch number 1, batch number 26/40:       batch loss 0.016753489151597023
2024-01-21 09:33:26,526 Epoch number 1, batch number 27/40:       batch loss 0.02002103440463543
2024-01-21 09:33:26,693 Epoch number 1, batch number 28/40:       batch loss 0.018115472048521042
2024-01-21 09:33:26,860 Epoch number 1, batch number 29/40:       batch loss 0.011083590798079967
2024-01-21 09:33:27,029 Epoch number 1, batch number 30/40:       batch loss 0.013697067275643349
2024-01-21 09:33:27,198 Epoch number 1, batch number 31/40:       batch loss 0.015548434108495712
2024-01-21 09:33:27,366 Epoch number 1, batch number 32/40:       batch loss 0.01198906172066927
2024-01-21 09:33:27,534 Epoch number 1, batch number 33/40:       batch loss 0.016778258606791496
2024-01-21 09:33:27,703 Epoch number 1, batch number 34/40:       batch loss 0.018244776874780655
2024-01-21 09:33:27,870 Epoch number 1, batch number 35/40:       batch loss 0.023528292775154114
2024-01-21 09:33:28,040 Epoch number 1, batch number 36/40:       batch loss 0.014735765755176544
2024-01-21 09:33:28,206 Epoch number 1, batch number 37/40:       batch loss 0.016613183543086052
2024-01-21 09:33:28,368 Epoch number 1, batch number 38/40:       batch loss 0.018099619075655937
2024-01-21 09:33:28,535 Epoch number 1, batch number 39/40:       batch loss 0.01391781959682703
2024-01-21 09:33:28,558 Epoch: 2 	Training Loss: 0.008629
2024-01-21 09:33:28,558 Time for epoch 2 : 7 sec
2024-01-21 09:33:28,558 lr for epoch 2 is 0.10000
2024-01-21 09:33:30,254 Epoch number 2, batch number 0/40:       batch loss 0.011683592572808266
2024-01-21 09:33:30,460 Epoch number 2, batch number 1/40:       batch loss 0.013282514177262783
2024-01-21 09:33:30,623 Epoch number 2, batch number 2/40:       batch loss 0.011151771061122417
2024-01-21 09:33:30,793 Epoch number 2, batch number 3/40:       batch loss 0.02008718065917492
2024-01-21 09:33:30,955 Epoch number 2, batch number 4/40:       batch loss 0.014833717606961727
2024-01-21 09:33:31,115 Epoch number 2, batch number 5/40:       batch loss 0.009703532792627811
2024-01-21 09:33:31,284 Epoch number 2, batch number 6/40:       batch loss 0.015392576344311237
2024-01-21 09:33:31,448 Epoch number 2, batch number 7/40:       batch loss 0.012166851200163364
2024-01-21 09:33:31,611 Epoch number 2, batch number 8/40:       batch loss 0.016754325479269028
2024-01-21 09:33:31,777 Epoch number 2, batch number 9/40:       batch loss 0.011641698889434338
2024-01-21 09:33:31,941 Epoch number 2, batch number 10/40:       batch loss 0.01604382134974003
2024-01-21 09:33:32,107 Epoch number 2, batch number 11/40:       batch loss 0.012677792459726334
2024-01-21 09:33:32,270 Epoch number 2, batch number 12/40:       batch loss 0.01642758585512638
2024-01-21 09:33:32,437 Epoch number 2, batch number 13/40:       batch loss 0.01628025248646736
2024-01-21 09:33:32,603 Epoch number 2, batch number 14/40:       batch loss 0.015860652551054955
2024-01-21 09:33:32,771 Epoch number 2, batch number 15/40:       batch loss 0.013409788720309734
2024-01-21 09:33:32,935 Epoch number 2, batch number 16/40:       batch loss 0.019089234992861748
2024-01-21 09:33:33,101 Epoch number 2, batch number 17/40:       batch loss 0.020351167768239975
2024-01-21 09:33:33,267 Epoch number 2, batch number 18/40:       batch loss 0.02031480334699154
2024-01-21 09:33:33,432 Epoch number 2, batch number 19/40:       batch loss 0.014296489767730236
2024-01-21 09:33:33,594 Epoch number 2, batch number 20/40:       batch loss 0.0164959654211998
2024-01-21 09:33:33,757 Epoch number 2, batch number 21/40:       batch loss 0.01759766973555088
2024-01-21 09:33:33,924 Epoch number 2, batch number 22/40:       batch loss 0.012836623005568981
2024-01-21 09:33:34,088 Epoch number 2, batch number 23/40:       batch loss 0.016100900247693062
2024-01-21 09:33:34,252 Epoch number 2, batch number 24/40:       batch loss 0.016269901767373085
2024-01-21 09:33:34,416 Epoch number 2, batch number 25/40:       batch loss 0.015457842499017715
2024-01-21 09:33:34,581 Epoch number 2, batch number 26/40:       batch loss 0.01991807296872139
2024-01-21 09:33:34,749 Epoch number 2, batch number 27/40:       batch loss 0.015334321185946465
2024-01-21 09:33:34,913 Epoch number 2, batch number 28/40:       batch loss 0.01649610511958599
2024-01-21 09:33:35,078 Epoch number 2, batch number 29/40:       batch loss 0.012034658342599869
2024-01-21 09:33:35,243 Epoch number 2, batch number 30/40:       batch loss 0.010360482148826122
2024-01-21 09:33:35,407 Epoch number 2, batch number 31/40:       batch loss 0.013172387145459652
2024-01-21 09:33:35,567 Epoch number 2, batch number 32/40:       batch loss 0.010583186522126198
2024-01-21 09:33:35,730 Epoch number 2, batch number 33/40:       batch loss 0.0143046909943223
2024-01-21 09:33:35,895 Epoch number 2, batch number 34/40:       batch loss 0.021971631795167923
2024-01-21 09:33:36,060 Epoch number 2, batch number 35/40:       batch loss 0.011765677481889725
2024-01-21 09:33:36,223 Epoch number 2, batch number 36/40:       batch loss 0.01595216430723667
2024-01-21 09:33:36,386 Epoch number 2, batch number 37/40:       batch loss 0.014191322028636932
2024-01-21 09:33:36,551 Epoch number 2, batch number 38/40:       batch loss 0.013046693988144398
2024-01-21 09:33:36,716 Epoch number 2, batch number 39/40:       batch loss 0.012060733512043953
2024-01-21 09:33:36,755 Epoch: 3 	Training Loss: 0.007468
2024-01-21 09:33:36,755 Time for epoch 3 : 7 sec
2024-01-21 09:33:36,755 lr for epoch 3 is 0.10000
2024-01-21 09:33:38,464 Epoch number 3, batch number 0/40:       batch loss 0.012234184890985489
2024-01-21 09:33:38,661 Epoch number 3, batch number 1/40:       batch loss 0.013144128024578094
2024-01-21 09:33:38,832 Epoch number 3, batch number 2/40:       batch loss 0.010394444689154625
2024-01-21 09:33:39,001 Epoch number 3, batch number 3/40:       batch loss 0.013126633130013943
2024-01-21 09:33:39,184 Epoch number 3, batch number 4/40:       batch loss 0.012871559709310532
2024-01-21 09:33:39,350 Epoch number 3, batch number 5/40:       batch loss 0.015097587369382381
2024-01-21 09:33:39,516 Epoch number 3, batch number 6/40:       batch loss 0.009694864973425865
2024-01-21 09:33:39,679 Epoch number 3, batch number 7/40:       batch loss 0.013293886557221413
2024-01-21 09:33:39,843 Epoch number 3, batch number 8/40:       batch loss 0.013451631180942059
2024-01-21 09:33:40,005 Epoch number 3, batch number 9/40:       batch loss 0.015754610300064087
2024-01-21 09:33:40,170 Epoch number 3, batch number 10/40:       batch loss 0.012139929458498955
2024-01-21 09:33:40,336 Epoch number 3, batch number 11/40:       batch loss 0.015251724049448967
2024-01-21 09:33:40,500 Epoch number 3, batch number 12/40:       batch loss 0.014099416323006153
2024-01-21 09:33:40,664 Epoch number 3, batch number 13/40:       batch loss 0.013959783129394054
2024-01-21 09:33:40,829 Epoch number 3, batch number 14/40:       batch loss 0.01962422765791416
2024-01-21 09:33:40,992 Epoch number 3, batch number 15/40:       batch loss 0.015993978828191757
2024-01-21 09:33:41,156 Epoch number 3, batch number 16/40:       batch loss 0.018297923728823662
2024-01-21 09:33:41,319 Epoch number 3, batch number 17/40:       batch loss 0.015213309787213802
2024-01-21 09:33:41,483 Epoch number 3, batch number 18/40:       batch loss 0.013222802430391312
2024-01-21 09:33:41,648 Epoch number 3, batch number 19/40:       batch loss 0.014020252041518688
2024-01-21 09:33:41,811 Epoch number 3, batch number 20/40:       batch loss 0.011728765442967415
2024-01-21 09:33:41,976 Epoch number 3, batch number 21/40:       batch loss 0.01547151431441307
2024-01-21 09:33:42,142 Epoch number 3, batch number 22/40:       batch loss 0.013545301742851734
2024-01-21 09:33:42,307 Epoch number 3, batch number 23/40:       batch loss 0.016333242878317833
2024-01-21 09:33:42,476 Epoch number 3, batch number 24/40:       batch loss 0.013447402976453304
2024-01-21 09:33:42,642 Epoch number 3, batch number 25/40:       batch loss 0.017224978655576706
2024-01-21 09:33:42,807 Epoch number 3, batch number 26/40:       batch loss 0.014036360196769238
2024-01-21 09:33:42,972 Epoch number 3, batch number 27/40:       batch loss 0.015081226825714111
2024-01-21 09:33:43,143 Epoch number 3, batch number 28/40:       batch loss 0.015531565994024277
2024-01-21 09:33:43,307 Epoch number 3, batch number 29/40:       batch loss 0.013384489342570305
2024-01-21 09:33:43,471 Epoch number 3, batch number 30/40:       batch loss 0.011744068935513496
2024-01-21 09:33:43,638 Epoch number 3, batch number 31/40:       batch loss 0.011832396499812603
2024-01-21 09:33:43,803 Epoch number 3, batch number 32/40:       batch loss 0.008222565054893494
2024-01-21 09:33:43,968 Epoch number 3, batch number 33/40:       batch loss 0.011269763112068176
2024-01-21 09:33:44,131 Epoch number 3, batch number 34/40:       batch loss 0.0108350133523345
2024-01-21 09:33:44,295 Epoch number 3, batch number 35/40:       batch loss 0.018459880724549294
2024-01-21 09:33:44,458 Epoch number 3, batch number 36/40:       batch loss 0.021338582038879395
2024-01-21 09:33:44,623 Epoch number 3, batch number 37/40:       batch loss 0.014590581879019737
2024-01-21 09:33:44,786 Epoch number 3, batch number 38/40:       batch loss 0.014308403246104717
2024-01-21 09:33:44,950 Epoch number 3, batch number 39/40:       batch loss 0.009412004612386227
2024-01-21 09:33:44,987 Epoch: 4 	Training Loss: 0.006984
2024-01-21 09:33:44,987 Time for epoch 4 : 7 sec
2024-01-21 09:33:44,987 lr for epoch 4 is 0.10000
2024-01-21 09:33:46,663 Epoch number 4, batch number 0/40:       batch loss 0.010398601181805134
2024-01-21 09:33:46,841 Epoch number 4, batch number 1/40:       batch loss 0.013493701815605164
2024-01-21 09:33:47,024 Epoch number 4, batch number 2/40:       batch loss 0.011637071147561073
2024-01-21 09:33:47,220 Epoch number 4, batch number 3/40:       batch loss 0.01363455317914486
2024-01-21 09:33:47,386 Epoch number 4, batch number 4/40:       batch loss 0.011272082105278969
2024-01-21 09:33:47,552 Epoch number 4, batch number 5/40:       batch loss 0.007614375092089176
2024-01-21 09:33:47,717 Epoch number 4, batch number 6/40:       batch loss 0.008909644559025764
2024-01-21 09:33:47,889 Epoch number 4, batch number 7/40:       batch loss 0.010393108241260052
2024-01-21 09:33:48,052 Epoch number 4, batch number 8/40:       batch loss 0.013550462201237679
2024-01-21 09:33:48,218 Epoch number 4, batch number 9/40:       batch loss 0.008884618058800697
2024-01-21 09:33:48,384 Epoch number 4, batch number 10/40:       batch loss 0.013944797217845917
2024-01-21 09:33:48,554 Epoch number 4, batch number 11/40:       batch loss 0.013872664421796799
2024-01-21 09:33:48,721 Epoch number 4, batch number 12/40:       batch loss 0.009411783888936043
2024-01-21 09:33:48,893 Epoch number 4, batch number 13/40:       batch loss 0.011752903461456299
2024-01-21 09:33:49,062 Epoch number 4, batch number 14/40:       batch loss 0.010040126740932465
2024-01-21 09:33:49,228 Epoch number 4, batch number 15/40:       batch loss 0.01980254426598549
2024-01-21 09:33:49,392 Epoch number 4, batch number 16/40:       batch loss 0.013741753064095974
2024-01-21 09:33:49,560 Epoch number 4, batch number 17/40:       batch loss 0.011973877437412739
2024-01-21 09:33:49,734 Epoch number 4, batch number 18/40:       batch loss 0.011511087417602539
2024-01-21 09:33:49,900 Epoch number 4, batch number 19/40:       batch loss 0.025058487430214882
2024-01-21 09:33:50,069 Epoch number 4, batch number 20/40:       batch loss 0.015136046335101128
2024-01-21 09:33:50,237 Epoch number 4, batch number 21/40:       batch loss 0.015423094853758812
2024-01-21 09:33:50,407 Epoch number 4, batch number 22/40:       batch loss 0.00989817176014185
2024-01-21 09:33:50,573 Epoch number 4, batch number 23/40:       batch loss 0.013200206682085991
2024-01-21 09:33:50,740 Epoch number 4, batch number 24/40:       batch loss 0.014479678124189377
2024-01-21 09:33:50,905 Epoch number 4, batch number 25/40:       batch loss 0.010869015008211136
2024-01-21 09:33:51,072 Epoch number 4, batch number 26/40:       batch loss 0.014572953805327415
2024-01-21 09:33:51,237 Epoch number 4, batch number 27/40:       batch loss 0.009341560304164886
2024-01-21 09:33:51,402 Epoch number 4, batch number 28/40:       batch loss 0.008391406387090683
2024-01-21 09:33:51,571 Epoch number 4, batch number 29/40:       batch loss 0.011335394345223904
2024-01-21 09:33:51,741 Epoch number 4, batch number 30/40:       batch loss 0.015454377979040146
2024-01-21 09:33:51,907 Epoch number 4, batch number 31/40:       batch loss 0.012826748192310333
2024-01-21 09:33:52,072 Epoch number 4, batch number 32/40:       batch loss 0.012053390964865685
2024-01-21 09:33:52,238 Epoch number 4, batch number 33/40:       batch loss 0.01222189050167799
2024-01-21 09:33:52,402 Epoch number 4, batch number 34/40:       batch loss 0.010325946845114231
2024-01-21 09:33:52,567 Epoch number 4, batch number 35/40:       batch loss 0.011325864121317863
2024-01-21 09:33:52,733 Epoch number 4, batch number 36/40:       batch loss 0.013314200565218925
2024-01-21 09:33:52,897 Epoch number 4, batch number 37/40:       batch loss 0.02344757504761219
2024-01-21 09:33:53,063 Epoch number 4, batch number 38/40:       batch loss 0.011288735084235668
2024-01-21 09:33:53,228 Epoch number 4, batch number 39/40:       batch loss 0.012305605225265026
2024-01-21 09:33:53,259 Epoch: 5 	Training Loss: 0.006351
2024-01-21 09:33:53,259 Time for epoch 5 : 7 sec
2024-01-21 09:33:53,259 lr for epoch 5 is 0.10000
2024-01-21 09:33:54,962 Epoch number 5, batch number 0/40:       batch loss 0.008859284222126007
2024-01-21 09:33:55,144 Epoch number 5, batch number 1/40:       batch loss 0.012282809242606163
2024-01-21 09:33:55,312 Epoch number 5, batch number 2/40:       batch loss 0.01378507912158966
2024-01-21 09:33:55,496 Epoch number 5, batch number 3/40:       batch loss 0.009158892557024956
2024-01-21 09:33:55,663 Epoch number 5, batch number 4/40:       batch loss 0.008515390567481518
2024-01-21 09:33:55,832 Epoch number 5, batch number 5/40:       batch loss 0.013758928515017033
2024-01-21 09:33:56,004 Epoch number 5, batch number 6/40:       batch loss 0.016308795660734177
2024-01-21 09:33:56,186 Epoch number 5, batch number 7/40:       batch loss 0.011135748587548733
2024-01-21 09:33:56,353 Epoch number 5, batch number 8/40:       batch loss 0.011125986464321613
2024-01-21 09:33:56,525 Epoch number 5, batch number 9/40:       batch loss 0.009292536415159702
2024-01-21 09:33:56,693 Epoch number 5, batch number 10/40:       batch loss 0.011282628402113914
2024-01-21 09:33:56,862 Epoch number 5, batch number 11/40:       batch loss 0.01057292241603136
2024-01-21 09:33:57,031 Epoch number 5, batch number 12/40:       batch loss 0.011019290424883366
2024-01-21 09:33:57,202 Epoch number 5, batch number 13/40:       batch loss 0.010477639734745026
2024-01-21 09:33:57,367 Epoch number 5, batch number 14/40:       batch loss 0.012290818616747856
2024-01-21 09:33:57,537 Epoch number 5, batch number 15/40:       batch loss 0.009539146907627583
2024-01-21 09:33:57,731 Epoch number 5, batch number 16/40:       batch loss 0.01023424044251442
2024-01-21 09:33:57,904 Epoch number 5, batch number 17/40:       batch loss 0.017758170142769814
2024-01-21 09:33:58,078 Epoch number 5, batch number 18/40:       batch loss 0.010592692531645298
2024-01-21 09:33:58,251 Epoch number 5, batch number 19/40:       batch loss 0.010211264714598656
2024-01-21 09:33:58,423 Epoch number 5, batch number 20/40:       batch loss 0.01296108029782772
2024-01-21 09:33:58,594 Epoch number 5, batch number 21/40:       batch loss 0.009114695712924004
2024-01-21 09:33:58,768 Epoch number 5, batch number 22/40:       batch loss 0.0075017837807536125
2024-01-21 09:33:58,936 Epoch number 5, batch number 23/40:       batch loss 0.010066833347082138
2024-01-21 09:33:59,107 Epoch number 5, batch number 24/40:       batch loss 0.010059497319161892
2024-01-21 09:33:59,277 Epoch number 5, batch number 25/40:       batch loss 0.007624682039022446
2024-01-21 09:33:59,449 Epoch number 5, batch number 26/40:       batch loss 0.009153435938060284
2024-01-21 09:33:59,621 Epoch number 5, batch number 27/40:       batch loss 0.010132725350558758
2024-01-21 09:33:59,789 Epoch number 5, batch number 28/40:       batch loss 0.013596652075648308
2024-01-21 09:33:59,965 Epoch number 5, batch number 29/40:       batch loss 0.011120417155325413
2024-01-21 09:34:00,142 Epoch number 5, batch number 30/40:       batch loss 0.012982088141143322
2024-01-21 09:34:00,312 Epoch number 5, batch number 31/40:       batch loss 0.007029663771390915
2024-01-21 09:34:00,485 Epoch number 5, batch number 32/40:       batch loss 0.014964803121984005
2024-01-21 09:34:00,655 Epoch number 5, batch number 33/40:       batch loss 0.012494637630879879
2024-01-21 09:34:00,826 Epoch number 5, batch number 34/40:       batch loss 0.01042892038822174
2024-01-21 09:34:00,998 Epoch number 5, batch number 35/40:       batch loss 0.009476899169385433
2024-01-21 09:34:01,172 Epoch number 5, batch number 36/40:       batch loss 0.01128377579152584
2024-01-21 09:34:01,346 Epoch number 5, batch number 37/40:       batch loss 0.007894988171756268
2024-01-21 09:34:01,518 Epoch number 5, batch number 38/40:       batch loss 0.006021377630531788
2024-01-21 09:34:01,691 Epoch number 5, batch number 39/40:       batch loss 0.012873509898781776
2024-01-21 09:34:01,715 Epoch: 6 	Training Loss: 0.005437
2024-01-21 09:34:01,715 Time for epoch 6 : 7 sec
2024-01-21 09:34:01,715 lr for epoch 6 is 0.01000
2024-01-21 09:34:03,479 Epoch number 6, batch number 0/40:       batch loss 0.008108170703053474
2024-01-21 09:34:03,704 Epoch number 6, batch number 1/40:       batch loss 0.009046413004398346
2024-01-21 09:34:03,883 Epoch number 6, batch number 2/40:       batch loss 0.011334436945617199
2024-01-21 09:34:04,062 Epoch number 6, batch number 3/40:       batch loss 0.011564323678612709
2024-01-21 09:34:04,246 Epoch number 6, batch number 4/40:       batch loss 0.009235614910721779
2024-01-21 09:34:04,438 Epoch number 6, batch number 5/40:       batch loss 0.0058995261788368225
2024-01-21 09:34:04,622 Epoch number 6, batch number 6/40:       batch loss 0.006951088551431894
2024-01-21 09:34:04,798 Epoch number 6, batch number 7/40:       batch loss 0.009895252995193005
2024-01-21 09:34:04,976 Epoch number 6, batch number 8/40:       batch loss 0.008971599861979485
2024-01-21 09:34:05,161 Epoch number 6, batch number 9/40:       batch loss 0.007180995307862759
2024-01-21 09:34:05,345 Epoch number 6, batch number 10/40:       batch loss 0.00866381824016571
2024-01-21 09:34:05,528 Epoch number 6, batch number 11/40:       batch loss 0.012662369757890701
2024-01-21 09:34:05,711 Epoch number 6, batch number 12/40:       batch loss 0.007847979664802551
2024-01-21 09:34:05,895 Epoch number 6, batch number 13/40:       batch loss 0.008469687774777412
2024-01-21 09:34:06,078 Epoch number 6, batch number 14/40:       batch loss 0.008157140575349331
2024-01-21 09:34:06,260 Epoch number 6, batch number 15/40:       batch loss 0.01153714768588543
2024-01-21 09:34:06,441 Epoch number 6, batch number 16/40:       batch loss 0.013694257475435734
2024-01-21 09:34:06,623 Epoch number 6, batch number 17/40:       batch loss 0.008911614306271076
2024-01-21 09:34:06,801 Epoch number 6, batch number 18/40:       batch loss 0.009404513984918594
2024-01-21 09:34:06,974 Epoch number 6, batch number 19/40:       batch loss 0.013468049466609955
2024-01-21 09:34:07,149 Epoch number 6, batch number 20/40:       batch loss 0.005983929615467787
2024-01-21 09:34:07,324 Epoch number 6, batch number 21/40:       batch loss 0.012532279826700687
2024-01-21 09:34:07,506 Epoch number 6, batch number 22/40:       batch loss 0.007142188027501106
2024-01-21 09:34:07,681 Epoch number 6, batch number 23/40:       batch loss 0.010550765320658684
2024-01-21 09:34:07,855 Epoch number 6, batch number 24/40:       batch loss 0.013663304038345814
2024-01-21 09:34:08,030 Epoch number 6, batch number 25/40:       batch loss 0.008422259241342545
2024-01-21 09:34:08,206 Epoch number 6, batch number 26/40:       batch loss 0.009989891201257706
2024-01-21 09:34:08,384 Epoch number 6, batch number 27/40:       batch loss 0.006399441510438919
2024-01-21 09:34:08,562 Epoch number 6, batch number 28/40:       batch loss 0.012850861996412277
2024-01-21 09:34:08,761 Epoch number 6, batch number 29/40:       batch loss 0.010208101011812687
2024-01-21 09:34:08,942 Epoch number 6, batch number 30/40:       batch loss 0.008676161989569664
2024-01-21 09:34:09,117 Epoch number 6, batch number 31/40:       batch loss 0.007276137359440327
2024-01-21 09:34:09,290 Epoch number 6, batch number 32/40:       batch loss 0.012286612764000893
2024-01-21 09:34:09,464 Epoch number 6, batch number 33/40:       batch loss 0.00865195319056511
2024-01-21 09:34:09,638 Epoch number 6, batch number 34/40:       batch loss 0.008702728897333145
2024-01-21 09:34:09,818 Epoch number 6, batch number 35/40:       batch loss 0.008215418085455894
2024-01-21 09:34:10,010 Epoch number 6, batch number 36/40:       batch loss 0.012806449085474014
2024-01-21 09:34:10,194 Epoch number 6, batch number 37/40:       batch loss 0.008404740132391453
2024-01-21 09:34:10,377 Epoch number 6, batch number 38/40:       batch loss 0.008558478206396103
2024-01-21 09:34:10,560 Epoch number 6, batch number 39/40:       batch loss 0.007863519713282585
2024-01-21 09:34:10,584 Epoch: 7 	Training Loss: 0.004752
2024-01-21 09:34:10,584 Time for epoch 7 : 8 sec
2024-01-21 09:34:10,584 lr for epoch 7 is 0.01000
2024-01-21 09:34:12,338 Epoch number 7, batch number 0/40:       batch loss 0.011506365612149239
2024-01-21 09:34:12,515 Epoch number 7, batch number 1/40:       batch loss 0.014492059126496315
2024-01-21 09:34:12,765 Epoch number 7, batch number 2/40:       batch loss 0.008009293116629124
2024-01-21 09:34:12,979 Epoch number 7, batch number 3/40:       batch loss 0.005271153524518013
2024-01-21 09:34:13,166 Epoch number 7, batch number 4/40:       batch loss 0.009753993712365627
2024-01-21 09:34:13,344 Epoch number 7, batch number 5/40:       batch loss 0.014095427468419075
2024-01-21 09:34:13,513 Epoch number 7, batch number 6/40:       batch loss 0.00985423568636179
2024-01-21 09:34:13,686 Epoch number 7, batch number 7/40:       batch loss 0.011568962596356869
2024-01-21 09:34:13,857 Epoch number 7, batch number 8/40:       batch loss 0.007800380699336529
2024-01-21 09:34:14,028 Epoch number 7, batch number 9/40:       batch loss 0.01261390931904316
2024-01-21 09:34:14,197 Epoch number 7, batch number 10/40:       batch loss 0.006747528910636902
2024-01-21 09:34:14,369 Epoch number 7, batch number 11/40:       batch loss 0.008675836957991123
2024-01-21 09:34:14,541 Epoch number 7, batch number 12/40:       batch loss 0.00792013667523861
2024-01-21 09:34:14,712 Epoch number 7, batch number 13/40:       batch loss 0.009432770311832428
2024-01-21 09:34:14,883 Epoch number 7, batch number 14/40:       batch loss 0.00689800176769495
2024-01-21 09:34:15,051 Epoch number 7, batch number 15/40:       batch loss 0.012952158227562904
2024-01-21 09:34:15,222 Epoch number 7, batch number 16/40:       batch loss 0.010604794137179852
2024-01-21 09:34:15,392 Epoch number 7, batch number 17/40:       batch loss 0.008900074288249016
2024-01-21 09:34:15,560 Epoch number 7, batch number 18/40:       batch loss 0.011376197449862957
2024-01-21 09:34:15,728 Epoch number 7, batch number 19/40:       batch loss 0.014711324125528336
2024-01-21 09:34:15,900 Epoch number 7, batch number 20/40:       batch loss 0.009753527119755745
2024-01-21 09:34:16,071 Epoch number 7, batch number 21/40:       batch loss 0.010346612893044949
2024-01-21 09:34:16,240 Epoch number 7, batch number 22/40:       batch loss 0.008908761665225029
2024-01-21 09:34:16,405 Epoch number 7, batch number 23/40:       batch loss 0.010534065775573254
2024-01-21 09:34:16,580 Epoch number 7, batch number 24/40:       batch loss 0.008047649636864662
2024-01-21 09:34:16,747 Epoch number 7, batch number 25/40:       batch loss 0.011983118951320648
2024-01-21 09:34:16,915 Epoch number 7, batch number 26/40:       batch loss 0.00782621931284666
2024-01-21 09:34:17,084 Epoch number 7, batch number 27/40:       batch loss 0.010487471707165241
2024-01-21 09:34:17,250 Epoch number 7, batch number 28/40:       batch loss 0.009909626096487045
2024-01-21 09:34:17,415 Epoch number 7, batch number 29/40:       batch loss 0.0060216099955141544
2024-01-21 09:34:17,579 Epoch number 7, batch number 30/40:       batch loss 0.0073803262785077095
2024-01-21 09:34:17,743 Epoch number 7, batch number 31/40:       batch loss 0.009783090092241764
2024-01-21 09:34:17,904 Epoch number 7, batch number 32/40:       batch loss 0.009904276579618454
2024-01-21 09:34:18,068 Epoch number 7, batch number 33/40:       batch loss 0.009277498349547386
2024-01-21 09:34:18,233 Epoch number 7, batch number 34/40:       batch loss 0.005242254585027695
2024-01-21 09:34:18,396 Epoch number 7, batch number 35/40:       batch loss 0.011118447408080101
2024-01-21 09:34:18,562 Epoch number 7, batch number 36/40:       batch loss 0.011522363871335983
2024-01-21 09:34:18,726 Epoch number 7, batch number 37/40:       batch loss 0.008270960301160812
2024-01-21 09:34:18,892 Epoch number 7, batch number 38/40:       batch loss 0.008391888812184334
2024-01-21 09:34:19,055 Epoch number 7, batch number 39/40:       batch loss 0.00923866219818592
2024-01-21 09:34:19,079 Epoch: 8 	Training Loss: 0.004839
2024-01-21 09:34:19,079 Time for epoch 8 : 7 sec
2024-01-21 09:34:19,079 lr for epoch 8 is 0.01000
2024-01-21 09:34:20,758 Epoch number 8, batch number 0/40:       batch loss 0.009111841209232807
2024-01-21 09:34:20,937 Epoch number 8, batch number 1/40:       batch loss 0.00790510792285204
2024-01-21 09:34:21,120 Epoch number 8, batch number 2/40:       batch loss 0.00995584949851036
2024-01-21 09:34:21,290 Epoch number 8, batch number 3/40:       batch loss 0.007135776337236166
2024-01-21 09:34:21,469 Epoch number 8, batch number 4/40:       batch loss 0.008717328310012817
2024-01-21 09:34:21,638 Epoch number 8, batch number 5/40:       batch loss 0.005046851001679897
2024-01-21 09:34:21,800 Epoch number 8, batch number 6/40:       batch loss 0.005520561710000038
2024-01-21 09:34:21,965 Epoch number 8, batch number 7/40:       batch loss 0.006872090511023998
2024-01-21 09:34:22,132 Epoch number 8, batch number 8/40:       batch loss 0.009167908690869808
2024-01-21 09:34:22,305 Epoch number 8, batch number 9/40:       batch loss 0.00806976668536663
2024-01-21 09:34:22,483 Epoch number 8, batch number 10/40:       batch loss 0.006518120411783457
2024-01-21 09:34:22,649 Epoch number 8, batch number 11/40:       batch loss 0.008433368057012558
2024-01-21 09:34:22,817 Epoch number 8, batch number 12/40:       batch loss 0.008327199146151543
2024-01-21 09:34:22,983 Epoch number 8, batch number 13/40:       batch loss 0.009190375916659832
2024-01-21 09:34:23,153 Epoch number 8, batch number 14/40:       batch loss 0.00909421406686306
2024-01-21 09:34:23,320 Epoch number 8, batch number 15/40:       batch loss 0.0067994846031069756
2024-01-21 09:34:23,489 Epoch number 8, batch number 16/40:       batch loss 0.008954892866313457
2024-01-21 09:34:23,660 Epoch number 8, batch number 17/40:       batch loss 0.010613503865897655
2024-01-21 09:34:23,827 Epoch number 8, batch number 18/40:       batch loss 0.006649691611528397
2024-01-21 09:34:23,995 Epoch number 8, batch number 19/40:       batch loss 0.010887213051319122
2024-01-21 09:34:24,163 Epoch number 8, batch number 20/40:       batch loss 0.014429721049964428
2024-01-21 09:34:24,335 Epoch number 8, batch number 21/40:       batch loss 0.0076246666721999645
2024-01-21 09:34:24,503 Epoch number 8, batch number 22/40:       batch loss 0.009777781553566456
2024-01-21 09:34:24,670 Epoch number 8, batch number 23/40:       batch loss 0.008689661510288715
2024-01-21 09:34:24,839 Epoch number 8, batch number 24/40:       batch loss 0.00908552948385477
2024-01-21 09:34:25,008 Epoch number 8, batch number 25/40:       batch loss 0.010406244546175003
2024-01-21 09:34:25,178 Epoch number 8, batch number 26/40:       batch loss 0.008793446235358715
2024-01-21 09:34:25,348 Epoch number 8, batch number 27/40:       batch loss 0.00755632109940052
2024-01-21 09:34:25,521 Epoch number 8, batch number 28/40:       batch loss 0.009367587976157665
2024-01-21 09:34:25,696 Epoch number 8, batch number 29/40:       batch loss 0.011438356712460518
2024-01-21 09:34:25,868 Epoch number 8, batch number 30/40:       batch loss 0.010613134130835533
2024-01-21 09:34:26,041 Epoch number 8, batch number 31/40:       batch loss 0.0075775813311338425
2024-01-21 09:34:26,213 Epoch number 8, batch number 32/40:       batch loss 0.010995915159583092
2024-01-21 09:34:26,387 Epoch number 8, batch number 33/40:       batch loss 0.007923823781311512
2024-01-21 09:34:26,558 Epoch number 8, batch number 34/40:       batch loss 0.005938107613474131
2024-01-21 09:34:26,729 Epoch number 8, batch number 35/40:       batch loss 0.009113308042287827
2024-01-21 09:34:26,895 Epoch number 8, batch number 36/40:       batch loss 0.007423984818160534
2024-01-21 09:34:27,064 Epoch number 8, batch number 37/40:       batch loss 0.010226888582110405
2024-01-21 09:34:27,232 Epoch number 8, batch number 38/40:       batch loss 0.009308462031185627
2024-01-21 09:34:27,399 Epoch number 8, batch number 39/40:       batch loss 0.009825286455452442
2024-01-21 09:34:27,426 Epoch: 9 	Training Loss: 0.004364
2024-01-21 09:34:27,426 Time for epoch 9 : 7 sec
2024-01-21 09:34:27,426 lr for epoch 9 is 0.01000
2024-01-21 09:34:29,222 Epoch number 9, batch number 0/40:       batch loss 0.0072296494618058205
2024-01-21 09:34:29,420 Epoch number 9, batch number 1/40:       batch loss 0.009146432392299175
2024-01-21 09:34:29,625 Epoch number 9, batch number 2/40:       batch loss 0.007015347946435213
2024-01-21 09:34:29,817 Epoch number 9, batch number 3/40:       batch loss 0.007957725785672665
2024-01-21 09:34:29,990 Epoch number 9, batch number 4/40:       batch loss 0.008493645116686821
2024-01-21 09:34:30,163 Epoch number 9, batch number 5/40:       batch loss 0.00859745591878891
2024-01-21 09:34:30,334 Epoch number 9, batch number 6/40:       batch loss 0.009615223854780197
2024-01-21 09:34:30,505 Epoch number 9, batch number 7/40:       batch loss 0.006656407844275236
2024-01-21 09:34:30,674 Epoch number 9, batch number 8/40:       batch loss 0.0071517773903906345
2024-01-21 09:34:30,842 Epoch number 9, batch number 9/40:       batch loss 0.007284310646355152
2024-01-21 09:34:31,009 Epoch number 9, batch number 10/40:       batch loss 0.007391913328319788
2024-01-21 09:34:31,178 Epoch number 9, batch number 11/40:       batch loss 0.009892920032143593
2024-01-21 09:34:31,346 Epoch number 9, batch number 12/40:       batch loss 0.00998492632061243
2024-01-21 09:34:31,512 Epoch number 9, batch number 13/40:       batch loss 0.006575922481715679
2024-01-21 09:34:31,680 Epoch number 9, batch number 14/40:       batch loss 0.007090575061738491
2024-01-21 09:34:31,847 Epoch number 9, batch number 15/40:       batch loss 0.007860496640205383
2024-01-21 09:34:32,015 Epoch number 9, batch number 16/40:       batch loss 0.0073911570943892
2024-01-21 09:34:32,184 Epoch number 9, batch number 17/40:       batch loss 0.008153833448886871
2024-01-21 09:34:32,355 Epoch number 9, batch number 18/40:       batch loss 0.009907640516757965
2024-01-21 09:34:32,522 Epoch number 9, batch number 19/40:       batch loss 0.0096427658572793
2024-01-21 09:34:32,690 Epoch number 9, batch number 20/40:       batch loss 0.01284074131399393
2024-01-21 09:34:32,858 Epoch number 9, batch number 21/40:       batch loss 0.008561917580664158
2024-01-21 09:34:33,023 Epoch number 9, batch number 22/40:       batch loss 0.00636921776458621
2024-01-21 09:34:33,195 Epoch number 9, batch number 23/40:       batch loss 0.006947654765099287
2024-01-21 09:34:33,361 Epoch number 9, batch number 24/40:       batch loss 0.007980731315910816
2024-01-21 09:34:33,527 Epoch number 9, batch number 25/40:       batch loss 0.006611229851841927
2024-01-21 09:34:33,694 Epoch number 9, batch number 26/40:       batch loss 0.009316153824329376
2024-01-21 09:34:33,862 Epoch number 9, batch number 27/40:       batch loss 0.004898907151073217
2024-01-21 09:34:34,030 Epoch number 9, batch number 28/40:       batch loss 0.008547494187951088
2024-01-21 09:34:34,197 Epoch number 9, batch number 29/40:       batch loss 0.008426768705248833
2024-01-21 09:34:34,361 Epoch number 9, batch number 30/40:       batch loss 0.010663742199540138
2024-01-21 09:34:34,527 Epoch number 9, batch number 31/40:       batch loss 0.01109082531183958
2024-01-21 09:34:34,695 Epoch number 9, batch number 32/40:       batch loss 0.01085276436060667
2024-01-21 09:34:34,863 Epoch number 9, batch number 33/40:       batch loss 0.013356023468077183
2024-01-21 09:34:35,028 Epoch number 9, batch number 34/40:       batch loss 0.009599348530173302
2024-01-21 09:34:35,194 Epoch number 9, batch number 35/40:       batch loss 0.008069253526628017
2024-01-21 09:34:35,360 Epoch number 9, batch number 36/40:       batch loss 0.006789990235120058
2024-01-21 09:34:35,529 Epoch number 9, batch number 37/40:       batch loss 0.010277064517140388
2024-01-21 09:34:35,704 Epoch number 9, batch number 38/40:       batch loss 0.008994968608021736
2024-01-21 09:34:35,871 Epoch number 9, batch number 39/40:       batch loss 0.008581900969147682
2024-01-21 09:34:35,895 Epoch: 10 	Training Loss: 0.004273
2024-01-21 09:34:35,895 Time for epoch 10 : 7 sec
2024-01-21 09:34:35,895 lr for epoch 10 is 0.01000
2024-01-21 09:34:37,650 Epoch number 10, batch number 0/40:       batch loss 0.0067136455327272415
2024-01-21 09:34:37,861 Epoch number 10, batch number 1/40:       batch loss 0.009133595041930676
2024-01-21 09:34:38,049 Epoch number 10, batch number 2/40:       batch loss 0.006602398119866848
2024-01-21 09:34:38,233 Epoch number 10, batch number 3/40:       batch loss 0.011060859076678753
2024-01-21 09:34:38,403 Epoch number 10, batch number 4/40:       batch loss 0.005887471139431
2024-01-21 09:34:38,572 Epoch number 10, batch number 5/40:       batch loss 0.006646012421697378
2024-01-21 09:34:38,740 Epoch number 10, batch number 6/40:       batch loss 0.009016185998916626
2024-01-21 09:34:38,910 Epoch number 10, batch number 7/40:       batch loss 0.008443640545010567
2024-01-21 09:34:39,080 Epoch number 10, batch number 8/40:       batch loss 0.00672744307667017
2024-01-21 09:34:39,248 Epoch number 10, batch number 9/40:       batch loss 0.00578353414312005
2024-01-21 09:34:39,416 Epoch number 10, batch number 10/40:       batch loss 0.00841521192342043
2024-01-21 09:34:39,585 Epoch number 10, batch number 11/40:       batch loss 0.007639730349183083
2024-01-21 09:34:39,752 Epoch number 10, batch number 12/40:       batch loss 0.009264485910534859
2024-01-21 09:34:39,924 Epoch number 10, batch number 13/40:       batch loss 0.008021296001970768
2024-01-21 09:34:40,093 Epoch number 10, batch number 14/40:       batch loss 0.01000419445335865
2024-01-21 09:34:40,264 Epoch number 10, batch number 15/40:       batch loss 0.008839154615998268
2024-01-21 09:34:40,442 Epoch number 10, batch number 16/40:       batch loss 0.008766837418079376
2024-01-21 09:34:40,619 Epoch number 10, batch number 17/40:       batch loss 0.007115812972187996
2024-01-21 09:34:40,788 Epoch number 10, batch number 18/40:       batch loss 0.008393286727368832
2024-01-21 09:34:40,959 Epoch number 10, batch number 19/40:       batch loss 0.011152421124279499
2024-01-21 09:34:41,126 Epoch number 10, batch number 20/40:       batch loss 0.005895349662750959
2024-01-21 09:34:41,295 Epoch number 10, batch number 21/40:       batch loss 0.007733318023383617
2024-01-21 09:34:41,464 Epoch number 10, batch number 22/40:       batch loss 0.010679280385375023
2024-01-21 09:34:41,629 Epoch number 10, batch number 23/40:       batch loss 0.010592296719551086
2024-01-21 09:34:41,796 Epoch number 10, batch number 24/40:       batch loss 0.006153316702693701
2024-01-21 09:34:41,967 Epoch number 10, batch number 25/40:       batch loss 0.006058912258595228
2024-01-21 09:34:42,133 Epoch number 10, batch number 26/40:       batch loss 0.0051010893657803535
2024-01-21 09:34:42,301 Epoch number 10, batch number 27/40:       batch loss 0.005745565518736839
2024-01-21 09:34:42,470 Epoch number 10, batch number 28/40:       batch loss 0.006494577042758465
2024-01-21 09:34:42,640 Epoch number 10, batch number 29/40:       batch loss 0.007364513818174601
2024-01-21 09:34:42,807 Epoch number 10, batch number 30/40:       batch loss 0.009190619923174381
2024-01-21 09:34:42,978 Epoch number 10, batch number 31/40:       batch loss 0.008424688130617142
2024-01-21 09:34:43,143 Epoch number 10, batch number 32/40:       batch loss 0.009047849103808403
2024-01-21 09:34:43,310 Epoch number 10, batch number 33/40:       batch loss 0.0069881221279501915
2024-01-21 09:34:43,477 Epoch number 10, batch number 34/40:       batch loss 0.0066918241791427135
2024-01-21 09:34:43,644 Epoch number 10, batch number 35/40:       batch loss 0.007459509186446667
2024-01-21 09:34:43,816 Epoch number 10, batch number 36/40:       batch loss 0.008318034000694752
2024-01-21 09:34:43,983 Epoch number 10, batch number 37/40:       batch loss 0.009826023131608963
2024-01-21 09:34:44,148 Epoch number 10, batch number 38/40:       batch loss 0.00713945459574461
2024-01-21 09:34:44,316 Epoch number 10, batch number 39/40:       batch loss 0.009144612587988377
2024-01-21 09:34:44,373 Epoch: 11 	Training Loss: 0.003971
2024-01-21 09:34:44,373 Time for epoch 11 : 7 sec
2024-01-21 09:34:44,373 lr for epoch 11 is 0.00100
2024-01-21 09:34:46,067 Epoch number 11, batch number 0/40:       batch loss 0.008999766781926155
2024-01-21 09:34:46,268 Epoch number 11, batch number 1/40:       batch loss 0.010399519465863705
2024-01-21 09:34:46,452 Epoch number 11, batch number 2/40:       batch loss 0.01075834222137928
2024-01-21 09:34:46,625 Epoch number 11, batch number 3/40:       batch loss 0.008080778643488884
2024-01-21 09:34:46,796 Epoch number 11, batch number 4/40:       batch loss 0.0060528917238116264
2024-01-21 09:34:46,967 Epoch number 11, batch number 5/40:       batch loss 0.008656845428049564
2024-01-21 09:34:47,131 Epoch number 11, batch number 6/40:       batch loss 0.006897865794599056
2024-01-21 09:34:47,298 Epoch number 11, batch number 7/40:       batch loss 0.007193990983068943
2024-01-21 09:34:47,465 Epoch number 11, batch number 8/40:       batch loss 0.007260883692651987
2024-01-21 09:34:47,629 Epoch number 11, batch number 9/40:       batch loss 0.008471306413412094
2024-01-21 09:34:47,799 Epoch number 11, batch number 10/40:       batch loss 0.010411391966044903
2024-01-21 09:34:47,966 Epoch number 11, batch number 11/40:       batch loss 0.0060386741533875465
2024-01-21 09:34:48,131 Epoch number 11, batch number 12/40:       batch loss 0.008821332827210426
2024-01-21 09:34:48,299 Epoch number 11, batch number 13/40:       batch loss 0.011972188949584961
2024-01-21 09:34:48,466 Epoch number 11, batch number 14/40:       batch loss 0.010176264680922031
2024-01-21 09:34:48,634 Epoch number 11, batch number 15/40:       batch loss 0.009143829345703125
2024-01-21 09:34:48,804 Epoch number 11, batch number 16/40:       batch loss 0.00997236743569374
2024-01-21 09:34:48,972 Epoch number 11, batch number 17/40:       batch loss 0.010609316639602184
2024-01-21 09:34:49,135 Epoch number 11, batch number 18/40:       batch loss 0.006683843210339546
2024-01-21 09:34:49,301 Epoch number 11, batch number 19/40:       batch loss 0.0068078734911978245
2024-01-21 09:34:49,468 Epoch number 11, batch number 20/40:       batch loss 0.005482375621795654
2024-01-21 09:34:49,634 Epoch number 11, batch number 21/40:       batch loss 0.008867403492331505
2024-01-21 09:34:49,798 Epoch number 11, batch number 22/40:       batch loss 0.0072440835647284985
2024-01-21 09:34:49,962 Epoch number 11, batch number 23/40:       batch loss 0.008218565955758095
2024-01-21 09:34:50,128 Epoch number 11, batch number 24/40:       batch loss 0.00697221327573061
2024-01-21 09:34:50,292 Epoch number 11, batch number 25/40:       batch loss 0.005773474462330341
2024-01-21 09:34:50,463 Epoch number 11, batch number 26/40:       batch loss 0.010420176200568676
2024-01-21 09:34:50,628 Epoch number 11, batch number 27/40:       batch loss 0.005971313454210758
2024-01-21 09:34:50,799 Epoch number 11, batch number 28/40:       batch loss 0.010372213087975979
2024-01-21 09:34:50,977 Epoch number 11, batch number 29/40:       batch loss 0.006949366070330143
2024-01-21 09:34:51,142 Epoch number 11, batch number 30/40:       batch loss 0.007638059556484222
2024-01-21 09:34:51,309 Epoch number 11, batch number 31/40:       batch loss 0.013468964025378227
2024-01-21 09:34:51,471 Epoch number 11, batch number 32/40:       batch loss 0.007774113677442074
2024-01-21 09:34:51,634 Epoch number 11, batch number 33/40:       batch loss 0.010413276962935925
2024-01-21 09:34:51,802 Epoch number 11, batch number 34/40:       batch loss 0.008447596803307533
2024-01-21 09:34:51,967 Epoch number 11, batch number 35/40:       batch loss 0.008946758694946766
2024-01-21 09:34:52,130 Epoch number 11, batch number 36/40:       batch loss 0.007113781291991472
2024-01-21 09:34:52,293 Epoch number 11, batch number 37/40:       batch loss 0.008118508383631706
2024-01-21 09:34:52,456 Epoch number 11, batch number 38/40:       batch loss 0.010337533429265022
2024-01-21 09:34:52,619 Epoch number 11, batch number 39/40:       batch loss 0.00870706420391798
2024-01-21 09:34:52,677 Epoch: 12 	Training Loss: 0.004258
2024-01-21 09:34:52,677 Time for epoch 12 : 7 sec
2024-01-21 09:34:52,677 lr for epoch 12 is 0.00100
2024-01-21 09:34:54,428 Epoch number 12, batch number 0/40:       batch loss 0.0070183612406253815
2024-01-21 09:34:54,608 Epoch number 12, batch number 1/40:       batch loss 0.0060911038890480995
2024-01-21 09:34:54,781 Epoch number 12, batch number 2/40:       batch loss 0.006755752954632044
2024-01-21 09:34:54,954 Epoch number 12, batch number 3/40:       batch loss 0.00818723812699318
2024-01-21 09:34:55,131 Epoch number 12, batch number 4/40:       batch loss 0.009828699752688408
2024-01-21 09:34:55,311 Epoch number 12, batch number 5/40:       batch loss 0.009179123677313328
2024-01-21 09:34:55,479 Epoch number 12, batch number 6/40:       batch loss 0.005422061774879694
2024-01-21 09:34:55,648 Epoch number 12, batch number 7/40:       batch loss 0.009882766753435135
2024-01-21 09:34:55,813 Epoch number 12, batch number 8/40:       batch loss 0.007114950567483902
2024-01-21 09:34:55,982 Epoch number 12, batch number 9/40:       batch loss 0.007277065888047218
2024-01-21 09:34:56,153 Epoch number 12, batch number 10/40:       batch loss 0.006640126928687096
2024-01-21 09:34:56,320 Epoch number 12, batch number 11/40:       batch loss 0.006250619888305664
2024-01-21 09:34:56,486 Epoch number 12, batch number 12/40:       batch loss 0.009161186404526234
2024-01-21 09:34:56,651 Epoch number 12, batch number 13/40:       batch loss 0.005085933022201061
2024-01-21 09:34:56,822 Epoch number 12, batch number 14/40:       batch loss 0.012824631296098232
2024-01-21 09:34:56,990 Epoch number 12, batch number 15/40:       batch loss 0.0063433898612856865
2024-01-21 09:34:57,158 Epoch number 12, batch number 16/40:       batch loss 0.008690742775797844
2024-01-21 09:34:57,328 Epoch number 12, batch number 17/40:       batch loss 0.007428126409649849
2024-01-21 09:34:57,497 Epoch number 12, batch number 18/40:       batch loss 0.006865177769213915
2024-01-21 09:34:57,669 Epoch number 12, batch number 19/40:       batch loss 0.007495754398405552
2024-01-21 09:34:57,840 Epoch number 12, batch number 20/40:       batch loss 0.009382935240864754
2024-01-21 09:34:58,011 Epoch number 12, batch number 21/40:       batch loss 0.008490056730806828
2024-01-21 09:34:58,184 Epoch number 12, batch number 22/40:       batch loss 0.007171210832893848
2024-01-21 09:34:58,355 Epoch number 12, batch number 23/40:       batch loss 0.010396964848041534
2024-01-21 09:34:58,524 Epoch number 12, batch number 24/40:       batch loss 0.0047548371367156506
2024-01-21 09:34:58,692 Epoch number 12, batch number 25/40:       batch loss 0.0079890051856637
2024-01-21 09:34:58,859 Epoch number 12, batch number 26/40:       batch loss 0.010300183668732643
2024-01-21 09:34:59,027 Epoch number 12, batch number 27/40:       batch loss 0.005314219277352095
2024-01-21 09:34:59,198 Epoch number 12, batch number 28/40:       batch loss 0.008852245286107063
2024-01-21 09:34:59,371 Epoch number 12, batch number 29/40:       batch loss 0.010242132470011711
2024-01-21 09:34:59,545 Epoch number 12, batch number 30/40:       batch loss 0.008567173965275288
2024-01-21 09:34:59,717 Epoch number 12, batch number 31/40:       batch loss 0.010702211409807205
2024-01-21 09:34:59,891 Epoch number 12, batch number 32/40:       batch loss 0.007106014061719179
2024-01-21 09:35:00,062 Epoch number 12, batch number 33/40:       batch loss 0.01069169957190752
2024-01-21 09:35:00,233 Epoch number 12, batch number 34/40:       batch loss 0.008263392373919487
2024-01-21 09:35:00,403 Epoch number 12, batch number 35/40:       batch loss 0.010013682767748833
2024-01-21 09:35:00,575 Epoch number 12, batch number 36/40:       batch loss 0.009295860305428505
2024-01-21 09:35:00,751 Epoch number 12, batch number 37/40:       batch loss 0.00815744698047638
2024-01-21 09:35:00,925 Epoch number 12, batch number 38/40:       batch loss 0.012483346275985241
2024-01-21 09:35:01,098 Epoch number 12, batch number 39/40:       batch loss 0.009415787644684315
2024-01-21 09:35:01,133 Epoch: 13 	Training Loss: 0.004139
2024-01-21 09:35:01,133 Time for epoch 13 : 7 sec
2024-01-21 09:35:01,133 lr for epoch 13 is 0.00100
2024-01-21 09:35:02,877 Epoch number 13, batch number 0/40:       batch loss 0.009301155805587769
2024-01-21 09:35:03,080 Epoch number 13, batch number 1/40:       batch loss 0.007061315234750509
2024-01-21 09:35:03,263 Epoch number 13, batch number 2/40:       batch loss 0.008104567416012287
2024-01-21 09:35:03,437 Epoch number 13, batch number 3/40:       batch loss 0.006086396984755993
2024-01-21 09:35:03,611 Epoch number 13, batch number 4/40:       batch loss 0.006995229050517082
2024-01-21 09:35:03,794 Epoch number 13, batch number 5/40:       batch loss 0.011211862787604332
2024-01-21 09:35:03,966 Epoch number 13, batch number 6/40:       batch loss 0.011227776296436787
2024-01-21 09:35:04,139 Epoch number 13, batch number 7/40:       batch loss 0.010933688841760159
2024-01-21 09:35:04,315 Epoch number 13, batch number 8/40:       batch loss 0.004390657413750887
2024-01-21 09:35:04,487 Epoch number 13, batch number 9/40:       batch loss 0.008838105946779251
2024-01-21 09:35:04,658 Epoch number 13, batch number 10/40:       batch loss 0.00828294176608324
2024-01-21 09:35:04,830 Epoch number 13, batch number 11/40:       batch loss 0.006040656939148903
2024-01-21 09:35:05,004 Epoch number 13, batch number 12/40:       batch loss 0.009209731593728065
2024-01-21 09:35:05,173 Epoch number 13, batch number 13/40:       batch loss 0.006138165481388569
2024-01-21 09:35:05,346 Epoch number 13, batch number 14/40:       batch loss 0.008567818440496922
2024-01-21 09:35:05,518 Epoch number 13, batch number 15/40:       batch loss 0.006906268186867237
2024-01-21 09:35:05,687 Epoch number 13, batch number 16/40:       batch loss 0.005970475729554892
2024-01-21 09:35:05,857 Epoch number 13, batch number 17/40:       batch loss 0.010876168496906757
2024-01-21 09:35:06,032 Epoch number 13, batch number 18/40:       batch loss 0.00839289091527462
2024-01-21 09:35:06,204 Epoch number 13, batch number 19/40:       batch loss 0.006325914524495602
2024-01-21 09:35:06,377 Epoch number 13, batch number 20/40:       batch loss 0.007440515328198671
2024-01-21 09:35:06,551 Epoch number 13, batch number 21/40:       batch loss 0.005207021255046129
2024-01-21 09:35:06,726 Epoch number 13, batch number 22/40:       batch loss 0.00741775194182992
2024-01-21 09:35:06,900 Epoch number 13, batch number 23/40:       batch loss 0.005784287583082914
2024-01-21 09:35:07,073 Epoch number 13, batch number 24/40:       batch loss 0.007411924656480551
2024-01-21 09:35:07,247 Epoch number 13, batch number 25/40:       batch loss 0.006727288477122784
2024-01-21 09:35:07,421 Epoch number 13, batch number 26/40:       batch loss 0.007142370101064444
2024-01-21 09:35:07,593 Epoch number 13, batch number 27/40:       batch loss 0.00861700251698494
2024-01-21 09:35:07,762 Epoch number 13, batch number 28/40:       batch loss 0.00925799272954464
2024-01-21 09:35:07,938 Epoch number 13, batch number 29/40:       batch loss 0.009007099084556103
2024-01-21 09:35:08,106 Epoch number 13, batch number 30/40:       batch loss 0.008818750269711018
2024-01-21 09:35:08,275 Epoch number 13, batch number 31/40:       batch loss 0.00685605825856328
2024-01-21 09:35:08,441 Epoch number 13, batch number 32/40:       batch loss 0.009985104203224182
2024-01-21 09:35:08,612 Epoch number 13, batch number 33/40:       batch loss 0.006690335925668478
2024-01-21 09:35:08,784 Epoch number 13, batch number 34/40:       batch loss 0.008096376433968544
2024-01-21 09:35:08,954 Epoch number 13, batch number 35/40:       batch loss 0.008264330215752125
2024-01-21 09:35:09,122 Epoch number 13, batch number 36/40:       batch loss 0.007191043812781572
2024-01-21 09:35:09,290 Epoch number 13, batch number 37/40:       batch loss 0.0057169185020029545
2024-01-21 09:35:09,458 Epoch number 13, batch number 38/40:       batch loss 0.009427906945347786
2024-01-21 09:35:09,631 Epoch number 13, batch number 39/40:       batch loss 0.007448198273777962
2024-01-21 09:35:09,671 Epoch: 14 	Training Loss: 0.003917
2024-01-21 09:35:09,671 Time for epoch 14 : 7 sec
2024-01-21 09:35:09,671 lr for epoch 14 is 0.00100
2024-01-21 09:35:11,239 Epoch number 14, batch number 0/40:       batch loss 0.00835472997277975
2024-01-21 09:35:11,424 Epoch number 14, batch number 1/40:       batch loss 0.009992859326303005
2024-01-21 09:35:11,623 Epoch number 14, batch number 2/40:       batch loss 0.004454591311514378
2024-01-21 09:35:11,801 Epoch number 14, batch number 3/40:       batch loss 0.006188279017806053
2024-01-21 09:35:11,972 Epoch number 14, batch number 4/40:       batch loss 0.006983674131333828
2024-01-21 09:35:12,139 Epoch number 14, batch number 5/40:       batch loss 0.008917165920138359
2024-01-21 09:35:12,313 Epoch number 14, batch number 6/40:       batch loss 0.005052205175161362
2024-01-21 09:35:12,493 Epoch number 14, batch number 7/40:       batch loss 0.01135323941707611
2024-01-21 09:35:12,664 Epoch number 14, batch number 8/40:       batch loss 0.01047234982252121
2024-01-21 09:35:12,833 Epoch number 14, batch number 9/40:       batch loss 0.008924575522542
2024-01-21 09:35:13,004 Epoch number 14, batch number 10/40:       batch loss 0.006338219624012709
2024-01-21 09:35:13,175 Epoch number 14, batch number 11/40:       batch loss 0.006208793260157108
2024-01-21 09:35:13,345 Epoch number 14, batch number 12/40:       batch loss 0.007918652147054672
2024-01-21 09:35:13,516 Epoch number 14, batch number 13/40:       batch loss 0.007518626283854246
2024-01-21 09:35:13,683 Epoch number 14, batch number 14/40:       batch loss 0.007804838940501213
2024-01-21 09:35:13,853 Epoch number 14, batch number 15/40:       batch loss 0.007521145045757294
2024-01-21 09:35:14,024 Epoch number 14, batch number 16/40:       batch loss 0.008701030164957047
2024-01-21 09:35:14,199 Epoch number 14, batch number 17/40:       batch loss 0.006748896092176437
2024-01-21 09:35:14,371 Epoch number 14, batch number 18/40:       batch loss 0.009343614801764488
2024-01-21 09:35:14,542 Epoch number 14, batch number 19/40:       batch loss 0.007472042925655842
2024-01-21 09:35:14,708 Epoch number 14, batch number 20/40:       batch loss 0.01040432695299387
2024-01-21 09:35:14,877 Epoch number 14, batch number 21/40:       batch loss 0.008028510957956314
2024-01-21 09:35:15,050 Epoch number 14, batch number 22/40:       batch loss 0.007441783789545298
2024-01-21 09:35:15,219 Epoch number 14, batch number 23/40:       batch loss 0.010029323399066925
2024-01-21 09:35:15,393 Epoch number 14, batch number 24/40:       batch loss 0.0074792238883674145
2024-01-21 09:35:15,568 Epoch number 14, batch number 25/40:       batch loss 0.007271206937730312
2024-01-21 09:35:15,738 Epoch number 14, batch number 26/40:       batch loss 0.006686861626803875
2024-01-21 09:35:15,907 Epoch number 14, batch number 27/40:       batch loss 0.009704780764877796
2024-01-21 09:35:16,079 Epoch number 14, batch number 28/40:       batch loss 0.010301507078111172
2024-01-21 09:35:16,249 Epoch number 14, batch number 29/40:       batch loss 0.00654564518481493
2024-01-21 09:35:16,420 Epoch number 14, batch number 30/40:       batch loss 0.006809037644416094
2024-01-21 09:35:16,590 Epoch number 14, batch number 31/40:       batch loss 0.008953309617936611
2024-01-21 09:35:16,759 Epoch number 14, batch number 32/40:       batch loss 0.0063261594623327255
2024-01-21 09:35:16,933 Epoch number 14, batch number 33/40:       batch loss 0.008334437385201454
2024-01-21 09:35:17,100 Epoch number 14, batch number 34/40:       batch loss 0.008311816491186619
2024-01-21 09:35:17,267 Epoch number 14, batch number 35/40:       batch loss 0.010058281011879444
2024-01-21 09:35:17,436 Epoch number 14, batch number 36/40:       batch loss 0.00835817214101553
2024-01-21 09:35:17,604 Epoch number 14, batch number 37/40:       batch loss 0.009311751462519169
2024-01-21 09:35:17,779 Epoch number 14, batch number 38/40:       batch loss 0.005637087859213352
2024-01-21 09:35:17,949 Epoch number 14, batch number 39/40:       batch loss 0.006266284734010696
2024-01-21 09:35:17,986 Epoch: 15 	Training Loss: 0.003982
2024-01-21 09:35:17,986 Time for epoch 15 : 7 sec
2024-01-21 09:35:17,986 lr for epoch 15 is 0.00100
2024-01-21 09:35:19,671 Epoch number 15, batch number 0/40:       batch loss 0.007335280068218708
2024-01-21 09:35:19,876 Epoch number 15, batch number 1/40:       batch loss 0.008426385000348091
2024-01-21 09:35:20,051 Epoch number 15, batch number 2/40:       batch loss 0.01014399342238903
2024-01-21 09:35:20,245 Epoch number 15, batch number 3/40:       batch loss 0.010425177402794361
2024-01-21 09:35:20,414 Epoch number 15, batch number 4/40:       batch loss 0.006995450705289841
2024-01-21 09:35:20,590 Epoch number 15, batch number 5/40:       batch loss 0.011024288833141327
2024-01-21 09:35:20,761 Epoch number 15, batch number 6/40:       batch loss 0.009210288524627686
2024-01-21 09:35:20,939 Epoch number 15, batch number 7/40:       batch loss 0.01064241211861372
2024-01-21 09:35:21,112 Epoch number 15, batch number 8/40:       batch loss 0.011194022372364998
2024-01-21 09:35:21,282 Epoch number 15, batch number 9/40:       batch loss 0.006772058550268412
2024-01-21 09:35:21,452 Epoch number 15, batch number 10/40:       batch loss 0.00777045264840126
2024-01-21 09:35:21,622 Epoch number 15, batch number 11/40:       batch loss 0.008790038526058197
2024-01-21 09:35:21,800 Epoch number 15, batch number 12/40:       batch loss 0.005400234367698431
2024-01-21 09:35:21,980 Epoch number 15, batch number 13/40:       batch loss 0.006578552536666393
2024-01-21 09:35:22,149 Epoch number 15, batch number 14/40:       batch loss 0.007476911414414644
2024-01-21 09:35:22,351 Epoch number 15, batch number 15/40:       batch loss 0.00439237616956234
2024-01-21 09:35:22,523 Epoch number 15, batch number 16/40:       batch loss 0.00726698711514473
2024-01-21 09:35:22,696 Epoch number 15, batch number 17/40:       batch loss 0.007996214553713799
2024-01-21 09:35:22,866 Epoch number 15, batch number 18/40:       batch loss 0.009264055639505386
2024-01-21 09:35:23,037 Epoch number 15, batch number 19/40:       batch loss 0.012052218429744244
2024-01-21 09:35:23,208 Epoch number 15, batch number 20/40:       batch loss 0.0061923605389893055
2024-01-21 09:35:23,380 Epoch number 15, batch number 21/40:       batch loss 0.008707506582140923
2024-01-21 09:35:23,551 Epoch number 15, batch number 22/40:       batch loss 0.006614412181079388
2024-01-21 09:35:23,724 Epoch number 15, batch number 23/40:       batch loss 0.009161209687590599
2024-01-21 09:35:23,895 Epoch number 15, batch number 24/40:       batch loss 0.006279905326664448
2024-01-21 09:35:24,066 Epoch number 15, batch number 25/40:       batch loss 0.01163354143500328
2024-01-21 09:35:24,240 Epoch number 15, batch number 26/40:       batch loss 0.00876147486269474
2024-01-21 09:35:24,409 Epoch number 15, batch number 27/40:       batch loss 0.009150674566626549
2024-01-21 09:35:24,582 Epoch number 15, batch number 28/40:       batch loss 0.00882205180823803
2024-01-21 09:35:24,756 Epoch number 15, batch number 29/40:       batch loss 0.008344387635588646
2024-01-21 09:35:24,927 Epoch number 15, batch number 30/40:       batch loss 0.00957176648080349
2024-01-21 09:35:25,098 Epoch number 15, batch number 31/40:       batch loss 0.006585017312318087
2024-01-21 09:35:25,267 Epoch number 15, batch number 32/40:       batch loss 0.009787620045244694
2024-01-21 09:35:25,437 Epoch number 15, batch number 33/40:       batch loss 0.008609729818999767
2024-01-21 09:35:25,607 Epoch number 15, batch number 34/40:       batch loss 0.007087198551744223
2024-01-21 09:35:25,773 Epoch number 15, batch number 35/40:       batch loss 0.008350061252713203
2024-01-21 09:35:25,940 Epoch number 15, batch number 36/40:       batch loss 0.008090372197329998
2024-01-21 09:35:26,115 Epoch number 15, batch number 37/40:       batch loss 0.00667091179639101
2024-01-21 09:35:26,286 Epoch number 15, batch number 38/40:       batch loss 0.008683676831424236
2024-01-21 09:35:26,461 Epoch number 15, batch number 39/40:       batch loss 0.0062546394765377045
2024-01-21 09:35:26,514 Epoch: 16 	Training Loss: 0.004156
2024-01-21 09:35:26,515 Time for epoch 16 : 7 sec
2024-01-21 09:35:26,515 lr for epoch 16 is 0.00050
2024-01-21 09:35:28,177 Epoch number 16, batch number 0/40:       batch loss 0.01126906368881464
2024-01-21 09:35:28,371 Epoch number 16, batch number 1/40:       batch loss 0.007221574429422617
2024-01-21 09:35:28,552 Epoch number 16, batch number 2/40:       batch loss 0.008247504010796547
2024-01-21 09:35:28,737 Epoch number 16, batch number 3/40:       batch loss 0.00879998505115509
2024-01-21 09:35:28,925 Epoch number 16, batch number 4/40:       batch loss 0.0067408643662929535
2024-01-21 09:35:29,117 Epoch number 16, batch number 5/40:       batch loss 0.006956286262720823
2024-01-21 09:35:29,305 Epoch number 16, batch number 6/40:       batch loss 0.006854650564491749
2024-01-21 09:35:29,482 Epoch number 16, batch number 7/40:       batch loss 0.006797179114073515
2024-01-21 09:35:29,655 Epoch number 16, batch number 8/40:       batch loss 0.0076859211549162865
2024-01-21 09:35:29,838 Epoch number 16, batch number 9/40:       batch loss 0.006704892497509718
2024-01-21 09:35:30,014 Epoch number 16, batch number 10/40:       batch loss 0.011456816457211971
2024-01-21 09:35:30,194 Epoch number 16, batch number 11/40:       batch loss 0.01001251582056284
2024-01-21 09:35:30,372 Epoch number 16, batch number 12/40:       batch loss 0.00861771684139967
2024-01-21 09:35:30,548 Epoch number 16, batch number 13/40:       batch loss 0.010576740838587284
2024-01-21 09:35:30,721 Epoch number 16, batch number 14/40:       batch loss 0.007105986587703228
2024-01-21 09:35:30,891 Epoch number 16, batch number 15/40:       batch loss 0.006646741647273302
2024-01-21 09:35:31,062 Epoch number 16, batch number 16/40:       batch loss 0.0071959951892495155
2024-01-21 09:35:31,230 Epoch number 16, batch number 17/40:       batch loss 0.04413073882460594
2024-01-21 09:35:31,399 Epoch number 16, batch number 18/40:       batch loss 0.00903715193271637
2024-01-21 09:35:31,573 Epoch number 16, batch number 19/40:       batch loss 0.008104604668915272
2024-01-21 09:35:31,743 Epoch number 16, batch number 20/40:       batch loss 0.008040168322622776
2024-01-21 09:35:31,911 Epoch number 16, batch number 21/40:       batch loss 0.005611591041088104
2024-01-21 09:35:32,080 Epoch number 16, batch number 22/40:       batch loss 0.006531513296067715
2024-01-21 09:35:32,252 Epoch number 16, batch number 23/40:       batch loss 0.006252213381230831
2024-01-21 09:35:32,421 Epoch number 16, batch number 24/40:       batch loss 0.009359318763017654
2024-01-21 09:35:32,592 Epoch number 16, batch number 25/40:       batch loss 0.008797443471848965
2024-01-21 09:35:32,759 Epoch number 16, batch number 26/40:       batch loss 0.006606637965887785
2024-01-21 09:35:32,925 Epoch number 16, batch number 27/40:       batch loss 0.006698830518871546
2024-01-21 09:35:33,108 Epoch number 16, batch number 28/40:       batch loss 0.008473671041429043
2024-01-21 09:35:33,280 Epoch number 16, batch number 29/40:       batch loss 0.009685269556939602
2024-01-21 09:35:33,449 Epoch number 16, batch number 30/40:       batch loss 0.009851466864347458
2024-01-21 09:35:33,620 Epoch number 16, batch number 31/40:       batch loss 0.007754607126116753
2024-01-21 09:35:33,787 Epoch number 16, batch number 32/40:       batch loss 0.010613452643156052
2024-01-21 09:35:33,956 Epoch number 16, batch number 33/40:       batch loss 0.0074691325426101685
2024-01-21 09:35:34,124 Epoch number 16, batch number 34/40:       batch loss 0.00599276227876544
2024-01-21 09:35:34,294 Epoch number 16, batch number 35/40:       batch loss 0.007963767275214195
2024-01-21 09:35:34,462 Epoch number 16, batch number 36/40:       batch loss 0.007955916225910187
2024-01-21 09:35:34,632 Epoch number 16, batch number 37/40:       batch loss 0.011585070751607418
2024-01-21 09:35:34,799 Epoch number 16, batch number 38/40:       batch loss 0.009343885816633701
2024-01-21 09:35:34,966 Epoch number 16, batch number 39/40:       batch loss 0.006612458731979132
2024-01-21 09:35:35,013 Epoch: 17 	Training Loss: 0.004517
2024-01-21 09:35:35,013 Time for epoch 17 : 7 sec
2024-01-21 09:35:35,013 lr for epoch 17 is 0.00050
2024-01-21 09:35:36,655 Epoch number 17, batch number 0/40:       batch loss 0.008619625121355057
2024-01-21 09:35:36,868 Epoch number 17, batch number 1/40:       batch loss 0.005964923650026321
2024-01-21 09:35:37,040 Epoch number 17, batch number 2/40:       batch loss 0.008581678383052349
2024-01-21 09:35:37,220 Epoch number 17, batch number 3/40:       batch loss 0.005244844127446413
2024-01-21 09:35:37,395 Epoch number 17, batch number 4/40:       batch loss 0.007565884385257959
2024-01-21 09:35:37,562 Epoch number 17, batch number 5/40:       batch loss 0.007130510173738003
2024-01-21 09:35:37,727 Epoch number 17, batch number 6/40:       batch loss 0.006327091716229916
2024-01-21 09:35:37,896 Epoch number 17, batch number 7/40:       batch loss 0.008490270003676414
2024-01-21 09:35:38,071 Epoch number 17, batch number 8/40:       batch loss 0.007869904860854149
2024-01-21 09:35:38,244 Epoch number 17, batch number 9/40:       batch loss 0.01038582343608141
2024-01-21 09:35:38,413 Epoch number 17, batch number 10/40:       batch loss 0.009365293197333813
2024-01-21 09:35:38,581 Epoch number 17, batch number 11/40:       batch loss 0.007319685537368059
2024-01-21 09:35:38,749 Epoch number 17, batch number 12/40:       batch loss 0.006015689577907324
2024-01-21 09:35:38,916 Epoch number 17, batch number 13/40:       batch loss 0.008440328761935234
2024-01-21 09:35:39,086 Epoch number 17, batch number 14/40:       batch loss 0.007185930851846933
2024-01-21 09:35:39,255 Epoch number 17, batch number 15/40:       batch loss 0.006348653696477413
2024-01-21 09:35:39,424 Epoch number 17, batch number 16/40:       batch loss 0.0073593189008533955
2024-01-21 09:35:39,592 Epoch number 17, batch number 17/40:       batch loss 0.00624846899881959
2024-01-21 09:35:39,762 Epoch number 17, batch number 18/40:       batch loss 0.0046492815017700195
2024-01-21 09:35:39,934 Epoch number 17, batch number 19/40:       batch loss 0.010212425142526627
2024-01-21 09:35:40,104 Epoch number 17, batch number 20/40:       batch loss 0.006364490371197462
2024-01-21 09:35:40,270 Epoch number 17, batch number 21/40:       batch loss 0.0068762777373194695
2024-01-21 09:35:40,441 Epoch number 17, batch number 22/40:       batch loss 0.007825827226042747
2024-01-21 09:35:40,614 Epoch number 17, batch number 23/40:       batch loss 0.01244131289422512
2024-01-21 09:35:40,782 Epoch number 17, batch number 24/40:       batch loss 0.009043456055223942
2024-01-21 09:35:40,948 Epoch number 17, batch number 25/40:       batch loss 0.005900053773075342
2024-01-21 09:35:41,114 Epoch number 17, batch number 26/40:       batch loss 0.00955947581678629
2024-01-21 09:35:41,280 Epoch number 17, batch number 27/40:       batch loss 0.006870385259389877
2024-01-21 09:35:41,449 Epoch number 17, batch number 28/40:       batch loss 0.008731935173273087
2024-01-21 09:35:41,621 Epoch number 17, batch number 29/40:       batch loss 0.009130440652370453
2024-01-21 09:35:41,788 Epoch number 17, batch number 30/40:       batch loss 0.008733175694942474
2024-01-21 09:35:41,956 Epoch number 17, batch number 31/40:       batch loss 0.007479722145944834
2024-01-21 09:35:42,123 Epoch number 17, batch number 32/40:       batch loss 0.00868656300008297
2024-01-21 09:35:42,291 Epoch number 17, batch number 33/40:       batch loss 0.011147270910441875
2024-01-21 09:35:42,460 Epoch number 17, batch number 34/40:       batch loss 0.007960577495396137
2024-01-21 09:35:42,627 Epoch number 17, batch number 35/40:       batch loss 0.00889627356082201
2024-01-21 09:35:42,792 Epoch number 17, batch number 36/40:       batch loss 0.005472404416650534
2024-01-21 09:35:42,962 Epoch number 17, batch number 37/40:       batch loss 0.006840282119810581
2024-01-21 09:35:43,128 Epoch number 17, batch number 38/40:       batch loss 0.006572844926267862
2024-01-21 09:35:43,294 Epoch number 17, batch number 39/40:       batch loss 0.00980263203382492
2024-01-21 09:35:43,346 Epoch: 18 	Training Loss: 0.003921
2024-01-21 09:35:43,346 Time for epoch 18 : 7 sec
2024-01-21 09:35:43,346 lr for epoch 18 is 0.00050
2024-01-21 09:35:45,070 Epoch number 18, batch number 0/40:       batch loss 0.007186186499893665
2024-01-21 09:35:45,269 Epoch number 18, batch number 1/40:       batch loss 0.00727467006072402
2024-01-21 09:35:45,481 Epoch number 18, batch number 2/40:       batch loss 0.009321976453065872
2024-01-21 09:35:45,654 Epoch number 18, batch number 3/40:       batch loss 0.005946450866758823
2024-01-21 09:35:45,826 Epoch number 18, batch number 4/40:       batch loss 0.009403176605701447
2024-01-21 09:35:46,006 Epoch number 18, batch number 5/40:       batch loss 0.007703535724431276
2024-01-21 09:35:46,182 Epoch number 18, batch number 6/40:       batch loss 0.0060488274320960045
2024-01-21 09:35:46,350 Epoch number 18, batch number 7/40:       batch loss 0.012563317082822323
2024-01-21 09:35:46,518 Epoch number 18, batch number 8/40:       batch loss 0.0070745074190199375
2024-01-21 09:35:46,691 Epoch number 18, batch number 9/40:       batch loss 0.00669602258130908
2024-01-21 09:35:46,858 Epoch number 18, batch number 10/40:       batch loss 0.007055038586258888
2024-01-21 09:35:47,028 Epoch number 18, batch number 11/40:       batch loss 0.007080015726387501
2024-01-21 09:35:47,200 Epoch number 18, batch number 12/40:       batch loss 0.007553020026534796
2024-01-21 09:35:47,371 Epoch number 18, batch number 13/40:       batch loss 0.005266426131129265
2024-01-21 09:35:47,539 Epoch number 18, batch number 14/40:       batch loss 0.008932763710618019
2024-01-21 09:35:47,712 Epoch number 18, batch number 15/40:       batch loss 0.010847803205251694
2024-01-21 09:35:47,881 Epoch number 18, batch number 16/40:       batch loss 0.006621021311730146
2024-01-21 09:35:48,048 Epoch number 18, batch number 17/40:       batch loss 0.007581407204270363
2024-01-21 09:35:48,217 Epoch number 18, batch number 18/40:       batch loss 0.007847863249480724
2024-01-21 09:35:48,384 Epoch number 18, batch number 19/40:       batch loss 0.007774285040795803
2024-01-21 09:35:48,551 Epoch number 18, batch number 20/40:       batch loss 0.007929655723273754
2024-01-21 09:35:48,721 Epoch number 18, batch number 21/40:       batch loss 0.007351143751293421
2024-01-21 09:35:48,892 Epoch number 18, batch number 22/40:       batch loss 0.009517340920865536
2024-01-21 09:35:49,062 Epoch number 18, batch number 23/40:       batch loss 0.006988802924752235
2024-01-21 09:35:49,230 Epoch number 18, batch number 24/40:       batch loss 0.0094663230702281
2024-01-21 09:35:49,402 Epoch number 18, batch number 25/40:       batch loss 0.009899965487420559
2024-01-21 09:35:49,574 Epoch number 18, batch number 26/40:       batch loss 0.0062433211132884026
2024-01-21 09:35:49,746 Epoch number 18, batch number 27/40:       batch loss 0.007446557283401489
2024-01-21 09:35:49,919 Epoch number 18, batch number 28/40:       batch loss 0.007762339897453785
2024-01-21 09:35:50,091 Epoch number 18, batch number 29/40:       batch loss 0.006395750213414431
2024-01-21 09:35:50,258 Epoch number 18, batch number 30/40:       batch loss 0.007851239293813705
2024-01-21 09:35:50,425 Epoch number 18, batch number 31/40:       batch loss 0.007873833179473877
2024-01-21 09:35:50,594 Epoch number 18, batch number 32/40:       batch loss 0.005586048122495413
2024-01-21 09:35:50,760 Epoch number 18, batch number 33/40:       batch loss 0.01108440849930048
2024-01-21 09:35:50,931 Epoch number 18, batch number 34/40:       batch loss 0.006469291634857655
2024-01-21 09:35:51,101 Epoch number 18, batch number 35/40:       batch loss 0.007093436550348997
2024-01-21 09:35:51,267 Epoch number 18, batch number 36/40:       batch loss 0.009298046119511127
2024-01-21 09:35:51,436 Epoch number 18, batch number 37/40:       batch loss 0.011785410344600677
2024-01-21 09:35:51,608 Epoch number 18, batch number 38/40:       batch loss 0.00638706935569644
2024-01-21 09:35:51,783 Epoch number 18, batch number 39/40:       batch loss 0.012106343172490597
2024-01-21 09:35:51,814 Epoch: 19 	Training Loss: 0.004004
2024-01-21 09:35:51,814 Time for epoch 19 : 7 sec
2024-01-21 09:35:51,814 lr for epoch 19 is 0.00050
2024-01-21 09:35:53,483 Epoch number 19, batch number 0/40:       batch loss 0.009768132120370865
2024-01-21 09:35:53,692 Epoch number 19, batch number 1/40:       batch loss 0.007592585403472185
2024-01-21 09:35:53,866 Epoch number 19, batch number 2/40:       batch loss 0.006737999152392149
2024-01-21 09:35:54,082 Epoch number 19, batch number 3/40:       batch loss 0.006719550117850304
2024-01-21 09:35:54,251 Epoch number 19, batch number 4/40:       batch loss 0.006763376295566559
2024-01-21 09:35:54,419 Epoch number 19, batch number 5/40:       batch loss 0.005697884131222963
2024-01-21 09:35:54,585 Epoch number 19, batch number 6/40:       batch loss 0.006922145839780569
2024-01-21 09:35:54,756 Epoch number 19, batch number 7/40:       batch loss 0.008619320578873158
2024-01-21 09:35:54,921 Epoch number 19, batch number 8/40:       batch loss 0.008796540088951588
2024-01-21 09:35:55,091 Epoch number 19, batch number 9/40:       batch loss 0.005491962656378746
2024-01-21 09:35:55,260 Epoch number 19, batch number 10/40:       batch loss 0.009511086158454418
2024-01-21 09:35:55,427 Epoch number 19, batch number 11/40:       batch loss 0.011060490272939205
2024-01-21 09:35:55,592 Epoch number 19, batch number 12/40:       batch loss 0.00898448284715414
2024-01-21 09:35:55,761 Epoch number 19, batch number 13/40:       batch loss 0.005990003235638142
2024-01-21 09:35:55,929 Epoch number 19, batch number 14/40:       batch loss 0.00514052202925086
2024-01-21 09:35:56,095 Epoch number 19, batch number 15/40:       batch loss 0.00652540335431695
2024-01-21 09:35:56,263 Epoch number 19, batch number 16/40:       batch loss 0.009598292410373688
2024-01-21 09:35:56,429 Epoch number 19, batch number 17/40:       batch loss 0.010984809137880802
2024-01-21 09:35:56,593 Epoch number 19, batch number 18/40:       batch loss 0.007244796026498079
2024-01-21 09:35:56,764 Epoch number 19, batch number 19/40:       batch loss 0.007766668684780598
2024-01-21 09:35:56,933 Epoch number 19, batch number 20/40:       batch loss 0.011397339403629303
2024-01-21 09:35:57,100 Epoch number 19, batch number 21/40:       batch loss 0.006466519553214312
2024-01-21 09:35:57,267 Epoch number 19, batch number 22/40:       batch loss 0.004858585074543953
2024-01-21 09:35:57,435 Epoch number 19, batch number 23/40:       batch loss 0.007897680625319481
2024-01-21 09:35:57,601 Epoch number 19, batch number 24/40:       batch loss 0.007549102418124676
2024-01-21 09:35:57,768 Epoch number 19, batch number 25/40:       batch loss 0.007959095761179924
2024-01-21 09:35:57,935 Epoch number 19, batch number 26/40:       batch loss 0.006770241539925337
2024-01-21 09:35:58,100 Epoch number 19, batch number 27/40:       batch loss 0.0073091513477265835
2024-01-21 09:35:58,265 Epoch number 19, batch number 28/40:       batch loss 0.006930680945515633
2024-01-21 09:35:58,431 Epoch number 19, batch number 29/40:       batch loss 0.011348167434334755
2024-01-21 09:35:58,598 Epoch number 19, batch number 30/40:       batch loss 0.010574781335890293
2024-01-21 09:35:58,763 Epoch number 19, batch number 31/40:       batch loss 0.009208818897604942
2024-01-21 09:35:58,927 Epoch number 19, batch number 32/40:       batch loss 0.006467828061431646
2024-01-21 09:35:59,091 Epoch number 19, batch number 33/40:       batch loss 0.008675934746861458
2024-01-21 09:35:59,258 Epoch number 19, batch number 34/40:       batch loss 0.007048581726849079
2024-01-21 09:35:59,423 Epoch number 19, batch number 35/40:       batch loss 0.006218955852091312
2024-01-21 09:35:59,588 Epoch number 19, batch number 36/40:       batch loss 0.006780412048101425
2024-01-21 09:35:59,753 Epoch number 19, batch number 37/40:       batch loss 0.009240576066076756
2024-01-21 09:35:59,920 Epoch number 19, batch number 38/40:       batch loss 0.008950681425631046
2024-01-21 09:36:00,085 Epoch number 19, batch number 39/40:       batch loss 0.008748402819037437
2024-01-21 09:36:00,124 Epoch: 20 	Training Loss: 0.003954
2024-01-21 09:36:00,124 Time for epoch 20 : 7 sec
2024-01-21 09:36:00,124 lr for epoch 20 is 0.00050
2024-01-21 09:36:36,854 findfont: Font family 'Arial' not found.
2024-01-21 09:36:36,860 findfont: Font family 'Arial' not found.
2024-01-21 09:36:36,861 findfont: Font family 'Times New Roman' not found.
2024-01-21 09:36:36,861 findfont: Font family 'Times New Roman' not found.
2024-01-21 09:36:36,865 findfont: Font family 'Arial' not found.
2024-01-21 09:36:36,865 findfont: Font family 'Arial' not found.
2024-01-21 09:36:36,870 findfont: Font family 'Arial' not found.
2024-01-21 09:36:36,871 findfont: Font family 'Times New Roman' not found.
2024-01-21 09:36:40,554 findfont: Font family 'Arial' not found.
2024-01-21 09:36:40,554 findfont: Font family 'Arial' not found.
2024-01-21 09:36:40,555 findfont: Font family 'Times New Roman' not found.
2024-01-21 09:36:40,555 findfont: Font family 'Times New Roman' not found.
2024-01-21 09:36:40,559 findfont: Font family 'Arial' not found.
2024-01-21 09:36:40,559 findfont: Font family 'Arial' not found.
2024-01-21 09:36:40,564 findfont: Font family 'Arial' not found.
2024-01-21 09:36:40,565 findfont: Font family 'Times New Roman' not found.
2024-01-21 09:36:44,233 findfont: Font family 'Arial' not found.
2024-01-21 09:36:44,233 findfont: Font family 'Arial' not found.
2024-01-21 09:36:44,234 findfont: Font family 'Times New Roman' not found.
2024-01-21 09:36:44,234 findfont: Font family 'Times New Roman' not found.
2024-01-21 09:36:44,237 findfont: Font family 'Arial' not found.
2024-01-21 09:36:44,237 findfont: Font family 'Arial' not found.
2024-01-21 09:36:44,243 findfont: Font family 'Arial' not found.
2024-01-21 09:36:44,244 findfont: Font family 'Times New Roman' not found.
2024-01-21 09:36:51,143 Run Finished Successfully
2024-01-21 09:36:54,331 findfont: Font family 'Arial' not found.
2024-01-21 09:36:54,336 findfont: Font family 'Arial' not found.
2024-01-21 09:36:54,337 findfont: Font family 'Times New Roman' not found.
2024-01-21 09:36:54,569 findfont: Font family 'Arial' not found.
2024-01-21 09:36:54,574 findfont: Font family 'Arial' not found.
2024-01-21 09:36:54,575 findfont: Font family 'Times New Roman' not found.
