2023-11-18 17:36:52,435 This is a summery of the run:
2023-11-18 17:36:52,435 Batch size for this run: 2
2023-11-18 17:36:52,435 Size of original image: 32 X 32
2023-11-18 17:36:52,435 learning rate: 0.001
2023-11-18 17:36:52,435 number of masks: 256
2023-11-18 17:36:52,435 Compression ratio: 4
2023-11-18 17:36:52,435 epochs : 80
2023-11-18 17:36:52,435 ***************************************************************************


2023-11-18 17:36:52,435 learning rate: 0.001
2023-11-18 17:36:54,750 Epoch number 0, batch number 0/40:       batch loss 0.035152118653059006
2023-11-18 17:36:55,688 Epoch number 0, batch number 1/40:       batch loss 0.05679762363433838
2023-11-18 17:36:56,591 Epoch number 0, batch number 2/40:       batch loss 0.06329134851694107
2023-11-18 17:36:57,486 Epoch number 0, batch number 3/40:       batch loss 0.05786249786615372
2023-11-18 17:36:58,386 Epoch number 0, batch number 4/40:       batch loss 0.0546434223651886
2023-11-18 17:36:59,307 Epoch number 0, batch number 5/40:       batch loss 0.04308244585990906
2023-11-18 17:37:00,219 Epoch number 0, batch number 6/40:       batch loss 0.04276758059859276
2023-11-18 17:37:01,132 Epoch number 0, batch number 7/40:       batch loss 0.017982104793190956
2023-11-18 17:37:02,057 Epoch number 0, batch number 8/40:       batch loss 0.024535156786441803
2023-11-18 17:37:02,991 Epoch number 0, batch number 9/40:       batch loss 0.03086494468152523
2023-11-18 17:37:03,899 Epoch number 0, batch number 10/40:       batch loss 0.025925325229763985
2023-11-18 17:37:04,810 Epoch number 0, batch number 11/40:       batch loss 0.044196538627147675
2023-11-18 17:37:05,706 Epoch number 0, batch number 12/40:       batch loss 0.025408826768398285
2023-11-18 17:37:06,652 Epoch number 0, batch number 13/40:       batch loss 0.021414414048194885
2023-11-18 17:37:07,565 Epoch number 0, batch number 14/40:       batch loss 0.024392111226916313
2023-11-18 17:37:08,485 Epoch number 0, batch number 15/40:       batch loss 0.021946031600236893
2023-11-18 17:37:09,416 Epoch number 0, batch number 16/40:       batch loss 0.024062853306531906
2023-11-18 17:37:10,342 Epoch number 0, batch number 17/40:       batch loss 0.02343178540468216
2023-11-18 17:37:11,247 Epoch number 0, batch number 18/40:       batch loss 0.019029632210731506
2023-11-18 17:37:12,148 Epoch number 0, batch number 19/40:       batch loss 0.023186225444078445
2023-11-18 17:37:13,062 Epoch number 0, batch number 20/40:       batch loss 0.02322220802307129
2023-11-18 17:37:13,954 Epoch number 0, batch number 21/40:       batch loss 0.02295907959342003
2023-11-18 17:37:14,856 Epoch number 0, batch number 22/40:       batch loss 0.020739950239658356
2023-11-18 17:37:15,761 Epoch number 0, batch number 23/40:       batch loss 0.020281577482819557
2023-11-18 17:37:16,664 Epoch number 0, batch number 24/40:       batch loss 0.02266108989715576
2023-11-18 17:37:17,574 Epoch number 0, batch number 25/40:       batch loss 0.02011105976998806
2023-11-18 17:37:18,473 Epoch number 0, batch number 26/40:       batch loss 0.03061368316411972
2023-11-18 17:37:19,392 Epoch number 0, batch number 27/40:       batch loss 0.021300092339515686
2023-11-18 17:37:20,310 Epoch number 0, batch number 28/40:       batch loss 0.01944490149617195
2023-11-18 17:37:21,231 Epoch number 0, batch number 29/40:       batch loss 0.0167391374707222
2023-11-18 17:37:22,148 Epoch number 0, batch number 30/40:       batch loss 0.02918112836778164
2023-11-18 17:37:23,064 Epoch number 0, batch number 31/40:       batch loss 0.019963640719652176
2023-11-18 17:37:24,009 Epoch number 0, batch number 32/40:       batch loss 0.019897783175110817
2023-11-18 17:37:24,938 Epoch number 0, batch number 33/40:       batch loss 0.01343586016446352
2023-11-18 17:37:25,852 Epoch number 0, batch number 34/40:       batch loss 0.01650274731218815
2023-11-18 17:37:26,746 Epoch number 0, batch number 35/40:       batch loss 0.019195305183529854
2023-11-18 17:37:27,666 Epoch number 0, batch number 36/40:       batch loss 0.018820691853761673
2023-11-18 17:37:28,559 Epoch number 0, batch number 37/40:       batch loss 0.014325618743896484
2023-11-18 17:37:29,467 Epoch number 0, batch number 38/40:       batch loss 0.01944158412516117
2023-11-18 17:37:30,369 Epoch number 0, batch number 39/40:       batch loss 0.02890859730541706
2023-11-18 17:37:30,395 Epoch: 1 	Training Loss: 0.027443
2023-11-18 17:37:30,395 Time for epoch 1 : 37 sec
2023-11-18 17:37:30,395 lr for epoch 1 is 0.10000
2023-11-18 17:37:33,872 Epoch number 1, batch number 0/40:       batch loss 0.012963902205228806
2023-11-18 17:37:34,997 Epoch number 1, batch number 1/40:       batch loss 0.02310476079583168
2023-11-18 17:37:36,095 Epoch number 1, batch number 2/40:       batch loss 0.025874195620417595
2023-11-18 17:37:37,234 Epoch number 1, batch number 3/40:       batch loss 0.018895812332630157
2023-11-18 17:37:38,359 Epoch number 1, batch number 4/40:       batch loss 0.02176087163388729
2023-11-18 17:37:39,480 Epoch number 1, batch number 5/40:       batch loss 0.013780975714325905
2023-11-18 17:37:40,587 Epoch number 1, batch number 6/40:       batch loss 0.024334929883480072
2023-11-18 17:37:41,692 Epoch number 1, batch number 7/40:       batch loss 0.02308676764369011
2023-11-18 17:37:42,806 Epoch number 1, batch number 8/40:       batch loss 0.01746399700641632
2023-11-18 17:37:43,897 Epoch number 1, batch number 9/40:       batch loss 0.017834262922406197
2023-11-18 17:37:45,005 Epoch number 1, batch number 10/40:       batch loss 0.019782379269599915
2023-11-18 17:37:46,104 Epoch number 1, batch number 11/40:       batch loss 0.013784006237983704
2023-11-18 17:37:47,233 Epoch number 1, batch number 12/40:       batch loss 0.026250656694173813
2023-11-18 17:37:48,392 Epoch number 1, batch number 13/40:       batch loss 0.020461345091462135
2023-11-18 17:37:49,513 Epoch number 1, batch number 14/40:       batch loss 0.01635087840259075
2023-11-18 17:37:50,615 Epoch number 1, batch number 15/40:       batch loss 0.01523284800350666
2023-11-18 17:37:51,724 Epoch number 1, batch number 16/40:       batch loss 0.010748868808150291
2023-11-18 17:37:52,836 Epoch number 1, batch number 17/40:       batch loss 0.013516383245587349
2023-11-18 17:37:53,938 Epoch number 1, batch number 18/40:       batch loss 0.016459742560982704
2023-11-18 17:37:55,050 Epoch number 1, batch number 19/40:       batch loss 0.014982180669903755
2023-11-18 17:37:56,165 Epoch number 1, batch number 20/40:       batch loss 0.0211394764482975
2023-11-18 17:37:57,318 Epoch number 1, batch number 21/40:       batch loss 0.013635666109621525
2023-11-18 17:37:58,439 Epoch number 1, batch number 22/40:       batch loss 0.014833945780992508
2023-11-18 17:37:59,562 Epoch number 1, batch number 23/40:       batch loss 0.022833015769720078
2023-11-18 17:38:00,684 Epoch number 1, batch number 24/40:       batch loss 0.013050032779574394
2023-11-18 17:38:01,842 Epoch number 1, batch number 25/40:       batch loss 0.015907855704426765
2023-11-18 17:38:02,994 Epoch number 1, batch number 26/40:       batch loss 0.015375344082713127
2023-11-18 17:38:04,112 Epoch number 1, batch number 27/40:       batch loss 0.01437055878341198
2023-11-18 17:38:05,227 Epoch number 1, batch number 28/40:       batch loss 0.020026329904794693
2023-11-18 17:38:06,338 Epoch number 1, batch number 29/40:       batch loss 0.01603350229561329
2023-11-18 17:38:07,500 Epoch number 1, batch number 30/40:       batch loss 0.014684553258121014
2023-11-18 17:38:08,632 Epoch number 1, batch number 31/40:       batch loss 0.016797255724668503
2023-11-18 17:38:09,761 Epoch number 1, batch number 32/40:       batch loss 0.012821654789149761
2023-11-18 17:38:10,881 Epoch number 1, batch number 33/40:       batch loss 0.020447738468647003
2023-11-18 17:38:11,994 Epoch number 1, batch number 34/40:       batch loss 0.016545742750167847
2023-11-18 17:38:13,100 Epoch number 1, batch number 35/40:       batch loss 0.020708896219730377
2023-11-18 17:38:14,200 Epoch number 1, batch number 36/40:       batch loss 0.014846732839941978
2023-11-18 17:38:15,306 Epoch number 1, batch number 37/40:       batch loss 0.012067021802067757
2023-11-18 17:38:16,399 Epoch number 1, batch number 38/40:       batch loss 0.014043591916561127
2023-11-18 17:38:17,534 Epoch number 1, batch number 39/40:       batch loss 0.01563626155257225
2023-11-18 17:38:17,585 Epoch: 2 	Training Loss: 0.017312
2023-11-18 17:38:17,585 Time for epoch 2 : 46 sec
2023-11-18 17:38:17,585 lr for epoch 2 is 0.10000
2023-11-18 17:38:21,087 Epoch number 2, batch number 0/40:       batch loss 0.011760660447180271
2023-11-18 17:38:22,221 Epoch number 2, batch number 1/40:       batch loss 0.020661454647779465
2023-11-18 17:38:23,337 Epoch number 2, batch number 2/40:       batch loss 0.021798843517899513
2023-11-18 17:38:24,452 Epoch number 2, batch number 3/40:       batch loss 0.016399584710597992
2023-11-18 17:38:25,574 Epoch number 2, batch number 4/40:       batch loss 0.026557469740509987
2023-11-18 17:38:26,719 Epoch number 2, batch number 5/40:       batch loss 0.011898651719093323
2023-11-18 17:38:27,828 Epoch number 2, batch number 6/40:       batch loss 0.01704590767621994
2023-11-18 17:38:28,974 Epoch number 2, batch number 7/40:       batch loss 0.01709236204624176
2023-11-18 17:38:30,087 Epoch number 2, batch number 8/40:       batch loss 0.019854893907904625
2023-11-18 17:38:31,244 Epoch number 2, batch number 9/40:       batch loss 0.01886826753616333
2023-11-18 17:38:32,354 Epoch number 2, batch number 10/40:       batch loss 0.018963586539030075
2023-11-18 17:38:33,524 Epoch number 2, batch number 11/40:       batch loss 0.00985423568636179
2023-11-18 17:38:34,644 Epoch number 2, batch number 12/40:       batch loss 0.015279519371688366
2023-11-18 17:38:35,751 Epoch number 2, batch number 13/40:       batch loss 0.016904335469007492
2023-11-18 17:38:36,893 Epoch number 2, batch number 14/40:       batch loss 0.014560659416019917
2023-11-18 17:38:38,056 Epoch number 2, batch number 15/40:       batch loss 0.011676440946757793
2023-11-18 17:38:39,198 Epoch number 2, batch number 16/40:       batch loss 0.015123478136956692
2023-11-18 17:38:40,305 Epoch number 2, batch number 17/40:       batch loss 0.01123251672834158
2023-11-18 17:38:41,435 Epoch number 2, batch number 18/40:       batch loss 0.012369733303785324
2023-11-18 17:38:42,555 Epoch number 2, batch number 19/40:       batch loss 0.018933791667222977
2023-11-18 17:38:43,681 Epoch number 2, batch number 20/40:       batch loss 0.016547800973057747
2023-11-18 17:38:44,813 Epoch number 2, batch number 21/40:       batch loss 0.012994221411645412
2023-11-18 17:38:45,981 Epoch number 2, batch number 22/40:       batch loss 0.011648204177618027
2023-11-18 17:38:47,106 Epoch number 2, batch number 23/40:       batch loss 0.012357281520962715
2023-11-18 17:38:48,234 Epoch number 2, batch number 24/40:       batch loss 0.024074038490653038
2023-11-18 17:38:49,369 Epoch number 2, batch number 25/40:       batch loss 0.01629234291613102
2023-11-18 17:38:50,483 Epoch number 2, batch number 26/40:       batch loss 0.011755647137761116
2023-11-18 17:38:51,605 Epoch number 2, batch number 27/40:       batch loss 0.01529701892286539
2023-11-18 17:38:52,720 Epoch number 2, batch number 28/40:       batch loss 0.015028378926217556
2023-11-18 17:38:53,849 Epoch number 2, batch number 29/40:       batch loss 0.014741521328687668
2023-11-18 17:38:54,972 Epoch number 2, batch number 30/40:       batch loss 0.013479034416377544
2023-11-18 17:38:56,089 Epoch number 2, batch number 31/40:       batch loss 0.021057309582829475
2023-11-18 17:38:57,220 Epoch number 2, batch number 32/40:       batch loss 0.015967579558491707
2023-11-18 17:38:58,345 Epoch number 2, batch number 33/40:       batch loss 0.0122682498767972
2023-11-18 17:38:59,503 Epoch number 2, batch number 34/40:       batch loss 0.013210467994213104
2023-11-18 17:39:00,623 Epoch number 2, batch number 35/40:       batch loss 0.012070626951754093
2023-11-18 17:39:01,732 Epoch number 2, batch number 36/40:       batch loss 0.014700494706630707
2023-11-18 17:39:02,877 Epoch number 2, batch number 37/40:       batch loss 0.011474426835775375
2023-11-18 17:39:04,016 Epoch number 2, batch number 38/40:       batch loss 0.010368426330387592
2023-11-18 17:39:05,130 Epoch number 2, batch number 39/40:       batch loss 0.014434491284191608
2023-11-18 17:39:05,181 Epoch: 3 	Training Loss: 0.015415
2023-11-18 17:39:05,182 Time for epoch 3 : 46 sec
2023-11-18 17:39:05,182 lr for epoch 3 is 0.10000
2023-11-18 17:39:08,715 Epoch number 3, batch number 0/40:       batch loss 0.009632046334445477
2023-11-18 17:39:09,863 Epoch number 3, batch number 1/40:       batch loss 0.010381445288658142
2023-11-18 17:39:11,004 Epoch number 3, batch number 2/40:       batch loss 0.011341728270053864
2023-11-18 17:39:12,117 Epoch number 3, batch number 3/40:       batch loss 0.017476875334978104
2023-11-18 17:39:13,244 Epoch number 3, batch number 4/40:       batch loss 0.0193516556173563
2023-11-18 17:39:14,370 Epoch number 3, batch number 5/40:       batch loss 0.01381773129105568
2023-11-18 17:39:15,502 Epoch number 3, batch number 6/40:       batch loss 0.019480282440781593
2023-11-18 17:39:16,628 Epoch number 3, batch number 7/40:       batch loss 0.01234052050858736
2023-11-18 17:39:17,756 Epoch number 3, batch number 8/40:       batch loss 0.015334530733525753
2023-11-18 17:39:18,887 Epoch number 3, batch number 9/40:       batch loss 0.014667489565908909
2023-11-18 17:39:20,030 Epoch number 3, batch number 10/40:       batch loss 0.010198536328971386
2023-11-18 17:39:21,152 Epoch number 3, batch number 11/40:       batch loss 0.014172748662531376
2023-11-18 17:39:22,276 Epoch number 3, batch number 12/40:       batch loss 0.014867184683680534
2023-11-18 17:39:23,408 Epoch number 3, batch number 13/40:       batch loss 0.01233518123626709
2023-11-18 17:39:24,546 Epoch number 3, batch number 14/40:       batch loss 0.016331501305103302
2023-11-18 17:39:25,678 Epoch number 3, batch number 15/40:       batch loss 0.014531406573951244
2023-11-18 17:39:26,824 Epoch number 3, batch number 16/40:       batch loss 0.01253935880959034
2023-11-18 17:39:27,965 Epoch number 3, batch number 17/40:       batch loss 0.014070471748709679
2023-11-18 17:39:29,093 Epoch number 3, batch number 18/40:       batch loss 0.010084555484354496
2023-11-18 17:39:30,220 Epoch number 3, batch number 19/40:       batch loss 0.015062212012708187
2023-11-18 17:39:31,344 Epoch number 3, batch number 20/40:       batch loss 0.014104237779974937
2023-11-18 17:39:32,470 Epoch number 3, batch number 21/40:       batch loss 0.013601480983197689
2023-11-18 17:39:33,617 Epoch number 3, batch number 22/40:       batch loss 0.014607652090489864
2023-11-18 17:39:34,725 Epoch number 3, batch number 23/40:       batch loss 0.010069483891129494
2023-11-18 17:39:35,826 Epoch number 3, batch number 24/40:       batch loss 0.02131175994873047
2023-11-18 17:39:36,943 Epoch number 3, batch number 25/40:       batch loss 0.010512161999940872
2023-11-18 17:39:38,078 Epoch number 3, batch number 26/40:       batch loss 0.013568970374763012
2023-11-18 17:39:39,235 Epoch number 3, batch number 27/40:       batch loss 0.014735679142177105
2023-11-18 17:39:40,386 Epoch number 3, batch number 28/40:       batch loss 0.013407682999968529
2023-11-18 17:39:41,532 Epoch number 3, batch number 29/40:       batch loss 0.017374742776155472
2023-11-18 17:39:42,662 Epoch number 3, batch number 30/40:       batch loss 0.013306730426847935
2023-11-18 17:39:43,792 Epoch number 3, batch number 31/40:       batch loss 0.011259499937295914
2023-11-18 17:39:44,925 Epoch number 3, batch number 32/40:       batch loss 0.010997774079442024
2023-11-18 17:39:46,087 Epoch number 3, batch number 33/40:       batch loss 0.015805494040250778
2023-11-18 17:39:47,210 Epoch number 3, batch number 34/40:       batch loss 0.011543162167072296
2023-11-18 17:39:48,352 Epoch number 3, batch number 35/40:       batch loss 0.013538353145122528
2023-11-18 17:39:49,481 Epoch number 3, batch number 36/40:       batch loss 0.012323884293437004
2023-11-18 17:39:50,589 Epoch number 3, batch number 37/40:       batch loss 0.01599753089249134
2023-11-18 17:39:51,717 Epoch number 3, batch number 38/40:       batch loss 0.013259935192763805
2023-11-18 17:39:52,828 Epoch number 3, batch number 39/40:       batch loss 0.008282037451863289
2023-11-18 17:39:52,880 Epoch: 4 	Training Loss: 0.013691
2023-11-18 17:39:52,880 Time for epoch 4 : 46 sec
2023-11-18 17:39:52,880 lr for epoch 4 is 0.10000
2023-11-18 17:39:56,315 Epoch number 4, batch number 0/40:       batch loss 0.009821590967476368
2023-11-18 17:39:57,493 Epoch number 4, batch number 1/40:       batch loss 0.011120474897325039
2023-11-18 17:39:58,638 Epoch number 4, batch number 2/40:       batch loss 0.011883740313351154
2023-11-18 17:39:59,776 Epoch number 4, batch number 3/40:       batch loss 0.011844232678413391
2023-11-18 17:40:00,927 Epoch number 4, batch number 4/40:       batch loss 0.011639642529189587
2023-11-18 17:40:02,059 Epoch number 4, batch number 5/40:       batch loss 0.011419554241001606
2023-11-18 17:40:03,188 Epoch number 4, batch number 6/40:       batch loss 0.011241043917834759
2023-11-18 17:40:04,335 Epoch number 4, batch number 7/40:       batch loss 0.014350052922964096
2023-11-18 17:40:05,459 Epoch number 4, batch number 8/40:       batch loss 0.011519248597323895
2023-11-18 17:40:06,581 Epoch number 4, batch number 9/40:       batch loss 0.012346754781901836
2023-11-18 17:40:07,712 Epoch number 4, batch number 10/40:       batch loss 0.01382461003959179
2023-11-18 17:40:08,846 Epoch number 4, batch number 11/40:       batch loss 0.012821733020246029
2023-11-18 17:40:09,996 Epoch number 4, batch number 12/40:       batch loss 0.013025060296058655
2023-11-18 17:40:11,128 Epoch number 4, batch number 13/40:       batch loss 0.014458288438618183
2023-11-18 17:40:12,270 Epoch number 4, batch number 14/40:       batch loss 0.011881304904818535
2023-11-18 17:40:13,400 Epoch number 4, batch number 15/40:       batch loss 0.01222669892013073
2023-11-18 17:40:14,533 Epoch number 4, batch number 16/40:       batch loss 0.009977380745112896
2023-11-18 17:40:15,662 Epoch number 4, batch number 17/40:       batch loss 0.017359698191285133
2023-11-18 17:40:16,811 Epoch number 4, batch number 18/40:       batch loss 0.013427563942968845
2023-11-18 17:40:17,952 Epoch number 4, batch number 19/40:       batch loss 0.013798287138342857
2023-11-18 17:40:19,128 Epoch number 4, batch number 20/40:       batch loss 0.011819531209766865
2023-11-18 17:40:20,252 Epoch number 4, batch number 21/40:       batch loss 0.012174624018371105
2023-11-18 17:40:21,374 Epoch number 4, batch number 22/40:       batch loss 0.01565028540790081
2023-11-18 17:40:22,523 Epoch number 4, batch number 23/40:       batch loss 0.013899054378271103
2023-11-18 17:40:23,645 Epoch number 4, batch number 24/40:       batch loss 0.017712963744997978
2023-11-18 17:40:24,769 Epoch number 4, batch number 25/40:       batch loss 0.009086310863494873
2023-11-18 17:40:25,895 Epoch number 4, batch number 26/40:       batch loss 0.013290022499859333
2023-11-18 17:40:27,030 Epoch number 4, batch number 27/40:       batch loss 0.011719509959220886
2023-11-18 17:40:28,161 Epoch number 4, batch number 28/40:       batch loss 0.011110400781035423
2023-11-18 17:40:29,291 Epoch number 4, batch number 29/40:       batch loss 0.012851478531956673
2023-11-18 17:40:30,410 Epoch number 4, batch number 30/40:       batch loss 0.0117208082228899
2023-11-18 17:40:31,566 Epoch number 4, batch number 31/40:       batch loss 0.018488382920622826
2023-11-18 17:40:32,707 Epoch number 4, batch number 32/40:       batch loss 0.01295393891632557
2023-11-18 17:40:33,845 Epoch number 4, batch number 33/40:       batch loss 0.015227558091282845
2023-11-18 17:40:34,974 Epoch number 4, batch number 34/40:       batch loss 0.011484288610517979
2023-11-18 17:40:36,096 Epoch number 4, batch number 35/40:       batch loss 0.011345884762704372
2023-11-18 17:40:37,237 Epoch number 4, batch number 36/40:       batch loss 0.011664431542158127
2023-11-18 17:40:38,367 Epoch number 4, batch number 37/40:       batch loss 0.013945837505161762
2023-11-18 17:40:39,522 Epoch number 4, batch number 38/40:       batch loss 0.012491575442254543
2023-11-18 17:40:40,655 Epoch number 4, batch number 39/40:       batch loss 0.011491811834275723
2023-11-18 17:40:40,703 Epoch: 5 	Training Loss: 0.012753
2023-11-18 17:40:40,703 Time for epoch 5 : 46 sec
2023-11-18 17:40:40,703 lr for epoch 5 is 0.10000
2023-11-18 17:40:44,185 Epoch number 5, batch number 0/40:       batch loss 0.011376465670764446
2023-11-18 17:40:45,332 Epoch number 5, batch number 1/40:       batch loss 0.009198909625411034
2023-11-18 17:40:46,471 Epoch number 5, batch number 2/40:       batch loss 0.011049185879528522
2023-11-18 17:40:47,609 Epoch number 5, batch number 3/40:       batch loss 0.014331079088151455
