2023-11-13 14:30:33,529 This is a summery of the run:
2023-11-13 14:30:33,529 Batch size for this run: 2
2023-11-13 14:30:33,529 Size of original image: 32 X 32
2023-11-13 14:30:33,529 learning rate: 0.001
2023-11-13 14:30:33,529 number of masks: 204
2023-11-13 14:30:33,529 Compression ratio: 5
2023-11-13 14:30:33,529 epochs : 80
2023-11-13 14:30:33,529 ***************************************************************************


2023-11-13 14:30:33,529 learning rate: 0.001
2023-11-13 14:30:35,614 Epoch number 0, batch number 0/40:       batch loss 0.047946326434612274
2023-11-13 14:30:36,402 Epoch number 0, batch number 1/40:       batch loss 0.06040717661380768
2023-11-13 14:30:37,185 Epoch number 0, batch number 2/40:       batch loss 0.049553919583559036
2023-11-13 14:30:37,993 Epoch number 0, batch number 3/40:       batch loss 0.04415101185441017
2023-11-13 14:30:38,782 Epoch number 0, batch number 4/40:       batch loss 0.03039841167628765
2023-11-13 14:30:39,589 Epoch number 0, batch number 5/40:       batch loss 0.04092583805322647
2023-11-13 14:30:40,390 Epoch number 0, batch number 6/40:       batch loss 0.038199737668037415
2023-11-13 14:30:41,185 Epoch number 0, batch number 7/40:       batch loss 0.024583609774708748
2023-11-13 14:30:41,969 Epoch number 0, batch number 8/40:       batch loss 0.028884761035442352
2023-11-13 14:30:42,755 Epoch number 0, batch number 9/40:       batch loss 0.03393564373254776
2023-11-13 14:30:43,539 Epoch number 0, batch number 10/40:       batch loss 0.034634076058864594
2023-11-13 14:30:44,341 Epoch number 0, batch number 11/40:       batch loss 0.025594081729650497
2023-11-13 14:30:45,133 Epoch number 0, batch number 12/40:       batch loss 0.02873196452856064
2023-11-13 14:30:45,921 Epoch number 0, batch number 13/40:       batch loss 0.028957363218069077
2023-11-13 14:30:46,705 Epoch number 0, batch number 14/40:       batch loss 0.02911711297929287
2023-11-13 14:30:47,480 Epoch number 0, batch number 15/40:       batch loss 0.031948272138834
2023-11-13 14:30:48,272 Epoch number 0, batch number 16/40:       batch loss 0.018012359738349915
2023-11-13 14:30:49,056 Epoch number 0, batch number 17/40:       batch loss 0.014408320188522339
2023-11-13 14:30:49,846 Epoch number 0, batch number 18/40:       batch loss 0.0326884463429451
2023-11-13 14:30:50,645 Epoch number 0, batch number 19/40:       batch loss 0.018456730991601944
2023-11-13 14:30:51,451 Epoch number 0, batch number 20/40:       batch loss 0.021860821172595024
2023-11-13 14:30:52,245 Epoch number 0, batch number 21/40:       batch loss 0.026290368288755417
2023-11-13 14:30:53,038 Epoch number 0, batch number 22/40:       batch loss 0.02570277266204357
2023-11-13 14:30:53,831 Epoch number 0, batch number 23/40:       batch loss 0.03858605772256851
2023-11-13 14:30:54,633 Epoch number 0, batch number 24/40:       batch loss 0.016806360334157944
2023-11-13 14:30:55,430 Epoch number 0, batch number 25/40:       batch loss 0.02323562279343605
2023-11-13 14:30:56,222 Epoch number 0, batch number 26/40:       batch loss 0.017641641199588776
2023-11-13 14:30:56,988 Epoch number 0, batch number 27/40:       batch loss 0.022374074906110764
2023-11-13 14:30:57,766 Epoch number 0, batch number 28/40:       batch loss 0.02088281325995922
2023-11-13 14:30:58,556 Epoch number 0, batch number 29/40:       batch loss 0.026798123493790627
2023-11-13 14:30:59,339 Epoch number 0, batch number 30/40:       batch loss 0.027351900935173035
2023-11-13 14:31:00,122 Epoch number 0, batch number 31/40:       batch loss 0.02363877184689045
2023-11-13 14:31:00,898 Epoch number 0, batch number 32/40:       batch loss 0.02376539632678032
2023-11-13 14:31:01,686 Epoch number 0, batch number 33/40:       batch loss 0.01657741516828537
2023-11-13 14:31:02,457 Epoch number 0, batch number 34/40:       batch loss 0.015586907044053078
2023-11-13 14:31:03,256 Epoch number 0, batch number 35/40:       batch loss 0.01916787028312683
2023-11-13 14:31:04,047 Epoch number 0, batch number 36/40:       batch loss 0.01871262490749359
2023-11-13 14:31:04,870 Epoch number 0, batch number 37/40:       batch loss 0.021060029044747353
2023-11-13 14:31:05,690 Epoch number 0, batch number 38/40:       batch loss 0.0205435361713171
2023-11-13 14:31:06,484 Epoch number 0, batch number 39/40:       batch loss 0.01649000123143196
2023-11-13 14:31:06,513 Epoch: 1 	Training Loss: 0.027615
2023-11-13 14:31:06,514 Time for epoch 1 : 33 sec
2023-11-13 14:31:06,514 lr for epoch 1 is 0.10000
2023-11-13 14:31:09,668 Epoch number 1, batch number 0/40:       batch loss 0.020583955571055412
2023-11-13 14:31:10,590 Epoch number 1, batch number 1/40:       batch loss 0.017347164452075958
2023-11-13 14:31:11,482 Epoch number 1, batch number 2/40:       batch loss 0.012760140001773834
2023-11-13 14:31:12,407 Epoch number 1, batch number 3/40:       batch loss 0.022279728204011917
2023-11-13 14:31:13,312 Epoch number 1, batch number 4/40:       batch loss 0.02086857333779335
2023-11-13 14:31:14,223 Epoch number 1, batch number 5/40:       batch loss 0.014717994257807732
2023-11-13 14:31:15,139 Epoch number 1, batch number 6/40:       batch loss 0.02483038790524006
2023-11-13 14:31:16,048 Epoch number 1, batch number 7/40:       batch loss 0.015304011292755604
2023-11-13 14:31:16,963 Epoch number 1, batch number 8/40:       batch loss 0.024016765877604485
2023-11-13 14:31:17,854 Epoch number 1, batch number 9/40:       batch loss 0.01791408285498619
2023-11-13 14:31:18,755 Epoch number 1, batch number 10/40:       batch loss 0.030150331556797028
2023-11-13 14:31:19,663 Epoch number 1, batch number 11/40:       batch loss 0.02716386504471302
2023-11-13 14:31:20,562 Epoch number 1, batch number 12/40:       batch loss 0.01574614830315113
2023-11-13 14:31:21,467 Epoch number 1, batch number 13/40:       batch loss 0.02631918527185917
2023-11-13 14:31:22,368 Epoch number 1, batch number 14/40:       batch loss 0.013712627813220024
2023-11-13 14:31:23,300 Epoch number 1, batch number 15/40:       batch loss 0.013498036190867424
2023-11-13 14:31:24,218 Epoch number 1, batch number 16/40:       batch loss 0.021354645490646362
2023-11-13 14:31:25,112 Epoch number 1, batch number 17/40:       batch loss 0.01581243798136711
2023-11-13 14:31:26,013 Epoch number 1, batch number 18/40:       batch loss 0.017138347029685974
2023-11-13 14:31:26,919 Epoch number 1, batch number 19/40:       batch loss 0.01591125875711441
2023-11-13 14:31:27,835 Epoch number 1, batch number 20/40:       batch loss 0.019495245069265366
2023-11-13 14:31:28,735 Epoch number 1, batch number 21/40:       batch loss 0.01426118053495884
2023-11-13 14:31:29,637 Epoch number 1, batch number 22/40:       batch loss 0.013083137571811676
2023-11-13 14:31:30,540 Epoch number 1, batch number 23/40:       batch loss 0.015510805882513523
2023-11-13 14:31:31,429 Epoch number 1, batch number 24/40:       batch loss 0.013960531912744045
2023-11-13 14:31:32,346 Epoch number 1, batch number 25/40:       batch loss 0.0173452440649271
2023-11-13 14:31:33,248 Epoch number 1, batch number 26/40:       batch loss 0.01120498962700367
2023-11-13 14:31:34,158 Epoch number 1, batch number 27/40:       batch loss 0.016155192628502846
2023-11-13 14:31:35,081 Epoch number 1, batch number 28/40:       batch loss 0.017413955181837082
2023-11-13 14:31:35,981 Epoch number 1, batch number 29/40:       batch loss 0.01757030002772808
2023-11-13 14:31:36,871 Epoch number 1, batch number 30/40:       batch loss 0.017523184418678284
2023-11-13 14:31:37,769 Epoch number 1, batch number 31/40:       batch loss 0.020631244406104088
2023-11-13 14:31:38,671 Epoch number 1, batch number 32/40:       batch loss 0.014505059458315372
2023-11-13 14:31:39,576 Epoch number 1, batch number 33/40:       batch loss 0.014107577502727509
2023-11-13 14:31:40,483 Epoch number 1, batch number 34/40:       batch loss 0.01504923589527607
2023-11-13 14:31:41,375 Epoch number 1, batch number 35/40:       batch loss 0.014553279615938663
2023-11-13 14:31:42,303 Epoch number 1, batch number 36/40:       batch loss 0.020639291033148766
2023-11-13 14:31:43,226 Epoch number 1, batch number 37/40:       batch loss 0.014619527384638786
2023-11-13 14:31:44,152 Epoch number 1, batch number 38/40:       batch loss 0.021020911633968353
2023-11-13 14:31:45,074 Epoch number 1, batch number 39/40:       batch loss 0.016195066273212433
2023-11-13 14:31:45,123 Epoch: 2 	Training Loss: 0.017807
2023-11-13 14:31:45,123 Time for epoch 2 : 37 sec
2023-11-13 14:31:45,123 lr for epoch 2 is 0.10000
2023-11-13 14:31:48,297 Epoch number 2, batch number 0/40:       batch loss 0.011818247847259045
2023-11-13 14:31:49,264 Epoch number 2, batch number 1/40:       batch loss 0.014977958984673023
2023-11-13 14:31:50,202 Epoch number 2, batch number 2/40:       batch loss 0.016438081860542297
2023-11-13 14:31:51,132 Epoch number 2, batch number 3/40:       batch loss 0.015182931907474995
2023-11-13 14:31:52,103 Epoch number 2, batch number 4/40:       batch loss 0.016852613538503647
2023-11-13 14:31:53,041 Epoch number 2, batch number 5/40:       batch loss 0.01281918678432703
2023-11-13 14:31:53,964 Epoch number 2, batch number 6/40:       batch loss 0.01541406661272049
2023-11-13 14:31:54,906 Epoch number 2, batch number 7/40:       batch loss 0.008961723186075687
2023-11-13 14:31:55,843 Epoch number 2, batch number 8/40:       batch loss 0.01280144788324833
2023-11-13 14:31:56,787 Epoch number 2, batch number 9/40:       batch loss 0.014203790575265884
2023-11-13 14:31:57,711 Epoch number 2, batch number 10/40:       batch loss 0.017805783078074455
2023-11-13 14:31:58,633 Epoch number 2, batch number 11/40:       batch loss 0.01280024740844965
2023-11-13 14:31:59,572 Epoch number 2, batch number 12/40:       batch loss 0.01645277626812458
2023-11-13 14:32:00,522 Epoch number 2, batch number 13/40:       batch loss 0.012510688044130802
2023-11-13 14:32:01,460 Epoch number 2, batch number 14/40:       batch loss 0.015567533671855927
2023-11-13 14:32:02,418 Epoch number 2, batch number 15/40:       batch loss 0.017282607033848763
2023-11-13 14:32:03,367 Epoch number 2, batch number 16/40:       batch loss 0.01844371110200882
2023-11-13 14:32:04,292 Epoch number 2, batch number 17/40:       batch loss 0.017158422619104385
2023-11-13 14:32:05,226 Epoch number 2, batch number 18/40:       batch loss 0.01746302843093872
2023-11-13 14:32:06,142 Epoch number 2, batch number 19/40:       batch loss 0.014689793810248375
2023-11-13 14:32:07,079 Epoch number 2, batch number 20/40:       batch loss 0.013426198624074459
2023-11-13 14:32:08,003 Epoch number 2, batch number 21/40:       batch loss 0.011180948466062546
2023-11-13 14:32:08,939 Epoch number 2, batch number 22/40:       batch loss 0.017443470656871796
2023-11-13 14:32:09,862 Epoch number 2, batch number 23/40:       batch loss 0.012486208230257034
2023-11-13 14:32:10,806 Epoch number 2, batch number 24/40:       batch loss 0.016571735963225365
2023-11-13 14:32:11,748 Epoch number 2, batch number 25/40:       batch loss 0.012059327214956284
2023-11-13 14:32:12,674 Epoch number 2, batch number 26/40:       batch loss 0.01668376848101616
2023-11-13 14:32:13,606 Epoch number 2, batch number 27/40:       batch loss 0.016549676656723022
2023-11-13 14:32:14,535 Epoch number 2, batch number 28/40:       batch loss 0.009445915929973125
2023-11-13 14:32:15,480 Epoch number 2, batch number 29/40:       batch loss 0.013318421319127083
2023-11-13 14:32:16,416 Epoch number 2, batch number 30/40:       batch loss 0.01153381448239088
2023-11-13 14:32:17,353 Epoch number 2, batch number 31/40:       batch loss 0.0190505962818861
2023-11-13 14:32:18,282 Epoch number 2, batch number 32/40:       batch loss 0.009396468289196491
2023-11-13 14:32:19,248 Epoch number 2, batch number 33/40:       batch loss 0.019007012248039246
2023-11-13 14:32:20,178 Epoch number 2, batch number 34/40:       batch loss 0.022852903231978416
2023-11-13 14:32:21,111 Epoch number 2, batch number 35/40:       batch loss 0.013048748485744
2023-11-13 14:32:22,068 Epoch number 2, batch number 36/40:       batch loss 0.013760210946202278
2023-11-13 14:32:23,001 Epoch number 2, batch number 37/40:       batch loss 0.01668470911681652
2023-11-13 14:32:23,923 Epoch number 2, batch number 38/40:       batch loss 0.012001861818134785
2023-11-13 14:32:24,854 Epoch number 2, batch number 39/40:       batch loss 0.014148274436593056
2023-11-13 14:32:24,901 Epoch: 3 	Training Loss: 0.014757
2023-11-13 14:32:24,902 Time for epoch 3 : 38 sec
2023-11-13 14:32:24,902 lr for epoch 3 is 0.10000
2023-11-13 14:32:28,041 Epoch number 3, batch number 0/40:       batch loss 0.007710783742368221
2023-11-13 14:32:29,022 Epoch number 3, batch number 1/40:       batch loss 0.007673521060496569
2023-11-13 14:32:29,982 Epoch number 3, batch number 2/40:       batch loss 0.013417019508779049
2023-11-13 14:32:30,930 Epoch number 3, batch number 3/40:       batch loss 0.016154440119862556
2023-11-13 14:32:31,872 Epoch number 3, batch number 4/40:       batch loss 0.014292811043560505
2023-11-13 14:32:32,818 Epoch number 3, batch number 5/40:       batch loss 0.01360388845205307
2023-11-13 14:32:33,786 Epoch number 3, batch number 6/40:       batch loss 0.012607620097696781
2023-11-13 14:32:34,754 Epoch number 3, batch number 7/40:       batch loss 0.011342483572661877
2023-11-13 14:32:35,716 Epoch number 3, batch number 8/40:       batch loss 0.013241821900010109
2023-11-13 14:32:36,685 Epoch number 3, batch number 9/40:       batch loss 0.021717285737395287
2023-11-13 14:32:37,633 Epoch number 3, batch number 10/40:       batch loss 0.015118326991796494
2023-11-13 14:32:38,580 Epoch number 3, batch number 11/40:       batch loss 0.012505633756518364
2023-11-13 14:32:39,540 Epoch number 3, batch number 12/40:       batch loss 0.015280138701200485
2023-11-13 14:32:40,504 Epoch number 3, batch number 13/40:       batch loss 0.013792267069220543
2023-11-13 14:32:41,452 Epoch number 3, batch number 14/40:       batch loss 0.01828332617878914
2023-11-13 14:32:42,415 Epoch number 3, batch number 15/40:       batch loss 0.012597134336829185
2023-11-13 14:32:43,370 Epoch number 3, batch number 16/40:       batch loss 0.013078738003969193
2023-11-13 14:32:44,334 Epoch number 3, batch number 17/40:       batch loss 0.01548846997320652
2023-11-13 14:32:45,291 Epoch number 3, batch number 18/40:       batch loss 0.017128467559814453
2023-11-13 14:32:46,238 Epoch number 3, batch number 19/40:       batch loss 0.01948690414428711
2023-11-13 14:32:47,200 Epoch number 3, batch number 20/40:       batch loss 0.013093750923871994
2023-11-13 14:32:48,164 Epoch number 3, batch number 21/40:       batch loss 0.021911274641752243
2023-11-13 14:32:49,107 Epoch number 3, batch number 22/40:       batch loss 0.011683529242873192
2023-11-13 14:32:50,054 Epoch number 3, batch number 23/40:       batch loss 0.01557071227580309
2023-11-13 14:32:51,032 Epoch number 3, batch number 24/40:       batch loss 0.013241127133369446
2023-11-13 14:32:52,013 Epoch number 3, batch number 25/40:       batch loss 0.011823553591966629
2023-11-13 14:32:52,969 Epoch number 3, batch number 26/40:       batch loss 0.010572453960776329
2023-11-13 14:32:53,918 Epoch number 3, batch number 27/40:       batch loss 0.012642188929021358
2023-11-13 14:32:54,875 Epoch number 3, batch number 28/40:       batch loss 0.016368430107831955
2023-11-13 14:32:55,851 Epoch number 3, batch number 29/40:       batch loss 0.013934176415205002
2023-11-13 14:32:56,829 Epoch number 3, batch number 30/40:       batch loss 0.015486134216189384
2023-11-13 14:32:57,764 Epoch number 3, batch number 31/40:       batch loss 0.013864842243492603
2023-11-13 14:32:58,722 Epoch number 3, batch number 32/40:       batch loss 0.015753455460071564
2023-11-13 14:32:59,665 Epoch number 3, batch number 33/40:       batch loss 0.009106261655688286
2023-11-13 14:33:00,628 Epoch number 3, batch number 34/40:       batch loss 0.010764094069600105
2023-11-13 14:33:01,617 Epoch number 3, batch number 35/40:       batch loss 0.012590139172971249
2023-11-13 14:33:02,569 Epoch number 3, batch number 36/40:       batch loss 0.011945979669690132
2023-11-13 14:33:03,515 Epoch number 3, batch number 37/40:       batch loss 0.01661611534655094
2023-11-13 14:33:04,472 Epoch number 3, batch number 38/40:       batch loss 0.010930931195616722
2023-11-13 14:33:05,429 Epoch number 3, batch number 39/40:       batch loss 0.012961096130311489
2023-11-13 14:33:05,477 Epoch: 4 	Training Loss: 0.013885
2023-11-13 14:33:05,477 Time for epoch 4 : 39 sec
2023-11-13 14:33:05,477 lr for epoch 4 is 0.10000
2023-11-13 14:33:08,639 Epoch number 4, batch number 0/40:       batch loss 0.011963730677962303
2023-11-13 14:33:09,633 Epoch number 4, batch number 1/40:       batch loss 0.011187559925019741
2023-11-13 14:33:10,622 Epoch number 4, batch number 2/40:       batch loss 0.010152562521398067
2023-11-13 14:33:11,582 Epoch number 4, batch number 3/40:       batch loss 0.012240346521139145
2023-11-13 14:33:12,571 Epoch number 4, batch number 4/40:       batch loss 0.012828066013753414
2023-11-13 14:33:13,544 Epoch number 4, batch number 5/40:       batch loss 0.009685845114290714
2023-11-13 14:33:14,522 Epoch number 4, batch number 6/40:       batch loss 0.018795611336827278
2023-11-13 14:33:15,471 Epoch number 4, batch number 7/40:       batch loss 0.01230333186686039
2023-11-13 14:33:16,432 Epoch number 4, batch number 8/40:       batch loss 0.011364316567778587
2023-11-13 14:33:17,401 Epoch number 4, batch number 9/40:       batch loss 0.013386373408138752
2023-11-13 14:33:18,350 Epoch number 4, batch number 10/40:       batch loss 0.014721876941621304
2023-11-13 14:33:19,329 Epoch number 4, batch number 11/40:       batch loss 0.010852627456188202
2023-11-13 14:33:20,325 Epoch number 4, batch number 12/40:       batch loss 0.012797392904758453
2023-11-13 14:33:21,291 Epoch number 4, batch number 13/40:       batch loss 0.011544983834028244
2023-11-13 14:33:22,289 Epoch number 4, batch number 14/40:       batch loss 0.014829356223344803
2023-11-13 14:33:23,227 Epoch number 4, batch number 15/40:       batch loss 0.01348157599568367
2023-11-13 14:33:24,171 Epoch number 4, batch number 16/40:       batch loss 0.013001875951886177
2023-11-13 14:33:25,135 Epoch number 4, batch number 17/40:       batch loss 0.010384674184024334
2023-11-13 14:33:26,124 Epoch number 4, batch number 18/40:       batch loss 0.0117777856066823
2023-11-13 14:33:27,105 Epoch number 4, batch number 19/40:       batch loss 0.011331362649798393
2023-11-13 14:33:28,046 Epoch number 4, batch number 20/40:       batch loss 0.013274110853672028
2023-11-13 14:33:28,990 Epoch number 4, batch number 21/40:       batch loss 0.01064721867442131
2023-11-13 14:33:29,999 Epoch number 4, batch number 22/40:       batch loss 0.013132696971297264
2023-11-13 14:33:30,957 Epoch number 4, batch number 23/40:       batch loss 0.012678677216172218
2023-11-13 14:33:31,939 Epoch number 4, batch number 24/40:       batch loss 0.016465917229652405
2023-11-13 14:33:32,912 Epoch number 4, batch number 25/40:       batch loss 0.01630362868309021
2023-11-13 14:33:33,870 Epoch number 4, batch number 26/40:       batch loss 0.013925662264227867
2023-11-13 14:33:34,833 Epoch number 4, batch number 27/40:       batch loss 0.015345152467489243
2023-11-13 14:33:35,802 Epoch number 4, batch number 28/40:       batch loss 0.01059694867581129
2023-11-13 14:33:36,774 Epoch number 4, batch number 29/40:       batch loss 0.01615343801677227
2023-11-13 14:33:37,740 Epoch number 4, batch number 30/40:       batch loss 0.014424808323383331
2023-11-13 14:33:38,707 Epoch number 4, batch number 31/40:       batch loss 0.010218365117907524
2023-11-13 14:33:39,677 Epoch number 4, batch number 32/40:       batch loss 0.009617802686989307
2023-11-13 14:33:40,655 Epoch number 4, batch number 33/40:       batch loss 0.013503070920705795
2023-11-13 14:33:41,613 Epoch number 4, batch number 34/40:       batch loss 0.020284470170736313
2023-11-13 14:33:42,559 Epoch number 4, batch number 35/40:       batch loss 0.015204129740595818
2023-11-13 14:33:43,523 Epoch number 4, batch number 36/40:       batch loss 0.010977305471897125
2023-11-13 14:33:44,491 Epoch number 4, batch number 37/40:       batch loss 0.0146385058760643
2023-11-13 14:33:45,451 Epoch number 4, batch number 38/40:       batch loss 0.012988507747650146
2023-11-13 14:33:46,398 Epoch number 4, batch number 39/40:       batch loss 0.012560819275677204
2023-11-13 14:33:46,445 Epoch: 5 	Training Loss: 0.013039
2023-11-13 14:33:46,446 Time for epoch 5 : 40 sec
2023-11-13 14:33:46,446 lr for epoch 5 is 0.10000
2023-11-13 14:33:49,564 Epoch number 5, batch number 0/40:       batch loss 0.012022451497614384
2023-11-13 14:33:50,575 Epoch number 5, batch number 1/40:       batch loss 0.009207581169903278
2023-11-13 14:33:51,566 Epoch number 5, batch number 2/40:       batch loss 0.01128203421831131
2023-11-13 14:33:52,571 Epoch number 5, batch number 3/40:       batch loss 0.017396053299307823
2023-11-13 14:33:53,532 Epoch number 5, batch number 4/40:       batch loss 0.014433970674872398
2023-11-13 14:33:54,496 Epoch number 5, batch number 5/40:       batch loss 0.016031499952077866
2023-11-13 14:33:55,476 Epoch number 5, batch number 6/40:       batch loss 0.013512719422578812
2023-11-13 14:33:56,450 Epoch number 5, batch number 7/40:       batch loss 0.01086878776550293
2023-11-13 14:33:57,409 Epoch number 5, batch number 8/40:       batch loss 0.009927278384566307
2023-11-13 14:33:58,372 Epoch number 5, batch number 9/40:       batch loss 0.018310613930225372
2023-11-13 14:33:59,311 Epoch number 5, batch number 10/40:       batch loss 0.011644475162029266
2023-11-13 14:34:00,269 Epoch number 5, batch number 11/40:       batch loss 0.01266562845557928
2023-11-13 14:34:01,230 Epoch number 5, batch number 12/40:       batch loss 0.01250764261931181
2023-11-13 14:34:02,247 Epoch number 5, batch number 13/40:       batch loss 0.009342997334897518
2023-11-13 14:34:03,202 Epoch number 5, batch number 14/40:       batch loss 0.016665097326040268
2023-11-13 14:34:04,142 Epoch number 5, batch number 15/40:       batch loss 0.011480465531349182
2023-11-13 14:34:05,098 Epoch number 5, batch number 16/40:       batch loss 0.010098770260810852
2023-11-13 14:34:06,038 Epoch number 5, batch number 17/40:       batch loss 0.013281503692269325
2023-11-13 14:34:07,000 Epoch number 5, batch number 18/40:       batch loss 0.016214856877923012
2023-11-13 14:34:07,968 Epoch number 5, batch number 19/40:       batch loss 0.009889097884297371
2023-11-13 14:34:08,925 Epoch number 5, batch number 20/40:       batch loss 0.013691266067326069
2023-11-13 14:34:09,884 Epoch number 5, batch number 21/40:       batch loss 0.011651230975985527
2023-11-13 14:34:10,839 Epoch number 5, batch number 22/40:       batch loss 0.012208628468215466
2023-11-13 14:34:11,809 Epoch number 5, batch number 23/40:       batch loss 0.012150325812399387
2023-11-13 14:34:12,787 Epoch number 5, batch number 24/40:       batch loss 0.018246959894895554
2023-11-13 14:34:13,759 Epoch number 5, batch number 25/40:       batch loss 0.01599685288965702
2023-11-13 14:34:14,723 Epoch number 5, batch number 26/40:       batch loss 0.01448630541563034
2023-11-13 14:34:15,699 Epoch number 5, batch number 27/40:       batch loss 0.01171851810067892
2023-11-13 14:34:16,669 Epoch number 5, batch number 28/40:       batch loss 0.013375923968851566
2023-11-13 14:34:17,627 Epoch number 5, batch number 29/40:       batch loss 0.010462751612067223
2023-11-13 14:34:18,595 Epoch number 5, batch number 30/40:       batch loss 0.013695784844458103
2023-11-13 14:34:19,566 Epoch number 5, batch number 31/40:       batch loss 0.014113981276750565
2023-11-13 14:34:20,548 Epoch number 5, batch number 32/40:       batch loss 0.01188516803085804
2023-11-13 14:34:21,518 Epoch number 5, batch number 33/40:       batch loss 0.011349513195455074
2023-11-13 14:34:22,476 Epoch number 5, batch number 34/40:       batch loss 0.013791318982839584
2023-11-13 14:34:23,445 Epoch number 5, batch number 35/40:       batch loss 0.009056965820491314
2023-11-13 14:34:24,401 Epoch number 5, batch number 36/40:       batch loss 0.012845844030380249
2023-11-13 14:34:25,332 Epoch number 5, batch number 37/40:       batch loss 0.012962506152689457
2023-11-13 14:34:26,284 Epoch number 5, batch number 38/40:       batch loss 0.010850358754396439
2023-11-13 14:34:27,247 Epoch number 5, batch number 39/40:       batch loss 0.010893701575696468
2023-11-13 14:34:27,294 Epoch: 6 	Training Loss: 0.012805
2023-11-13 14:34:27,295 Time for epoch 6 : 39 sec
2023-11-13 14:34:27,295 lr for epoch 6 is 0.10000
2023-11-13 14:34:30,449 Epoch number 6, batch number 0/40:       batch loss 0.009976513683795929
2023-11-13 14:34:31,437 Epoch number 6, batch number 1/40:       batch loss 0.0093868812546134
2023-11-13 14:34:32,413 Epoch number 6, batch number 2/40:       batch loss 0.010281219147145748
2023-11-13 14:34:33,370 Epoch number 6, batch number 3/40:       batch loss 0.01478111743927002
2023-11-13 14:34:34,347 Epoch number 6, batch number 4/40:       batch loss 0.01231731940060854
2023-11-13 14:34:35,305 Epoch number 6, batch number 5/40:       batch loss 0.01500745303928852
2023-11-13 14:34:36,282 Epoch number 6, batch number 6/40:       batch loss 0.012892586179077625
2023-11-13 14:34:37,265 Epoch number 6, batch number 7/40:       batch loss 0.010311692021787167
2023-11-13 14:34:38,210 Epoch number 6, batch number 8/40:       batch loss 0.017063941806554794
2023-11-13 14:34:39,173 Epoch number 6, batch number 9/40:       batch loss 0.01603187434375286
2023-11-13 14:34:40,141 Epoch number 6, batch number 10/40:       batch loss 0.0131864994764328
2023-11-13 14:34:41,089 Epoch number 6, batch number 11/40:       batch loss 0.008435296826064587
2023-11-13 14:34:42,035 Epoch number 6, batch number 12/40:       batch loss 0.01176033541560173
2023-11-13 14:34:42,996 Epoch number 6, batch number 13/40:       batch loss 0.009124732576310635
2023-11-13 14:34:43,966 Epoch number 6, batch number 14/40:       batch loss 0.015186561271548271
2023-11-13 14:34:44,926 Epoch number 6, batch number 15/40:       batch loss 0.01016981340944767
2023-11-13 14:34:45,876 Epoch number 6, batch number 16/40:       batch loss 0.013732554391026497
2023-11-13 14:34:46,847 Epoch number 6, batch number 17/40:       batch loss 0.011652665212750435
2023-11-13 14:34:47,809 Epoch number 6, batch number 18/40:       batch loss 0.00953018106520176
2023-11-13 14:34:48,756 Epoch number 6, batch number 19/40:       batch loss 0.014668655581772327
2023-11-13 14:34:49,709 Epoch number 6, batch number 20/40:       batch loss 0.014820818789303303
2023-11-13 14:34:50,688 Epoch number 6, batch number 21/40:       batch loss 0.013952617533504963
2023-11-13 14:34:51,666 Epoch number 6, batch number 22/40:       batch loss 0.013049043715000153
2023-11-13 14:34:52,619 Epoch number 6, batch number 23/40:       batch loss 0.013887838460505009
2023-11-13 14:34:53,591 Epoch number 6, batch number 24/40:       batch loss 0.011400092393159866
2023-11-13 14:34:54,555 Epoch number 6, batch number 25/40:       batch loss 0.011852682568132877
2023-11-13 14:34:55,516 Epoch number 6, batch number 26/40:       batch loss 0.010543633252382278
2023-11-13 14:34:56,498 Epoch number 6, batch number 27/40:       batch loss 0.01847401261329651
2023-11-13 14:34:57,480 Epoch number 6, batch number 28/40:       batch loss 0.009696746245026588
2023-11-13 14:34:58,439 Epoch number 6, batch number 29/40:       batch loss 0.016496427357196808
2023-11-13 14:34:59,390 Epoch number 6, batch number 30/40:       batch loss 0.012556174769997597
2023-11-13 14:35:00,353 Epoch number 6, batch number 31/40:       batch loss 0.011235281825065613
2023-11-13 14:35:01,321 Epoch number 6, batch number 32/40:       batch loss 0.010872161015868187
2023-11-13 14:35:02,339 Epoch number 6, batch number 33/40:       batch loss 0.012337790802121162
2023-11-13 14:35:03,307 Epoch number 6, batch number 34/40:       batch loss 0.011704813688993454
2023-11-13 14:35:04,279 Epoch number 6, batch number 35/40:       batch loss 0.013165663927793503
2023-11-13 14:35:05,261 Epoch number 6, batch number 36/40:       batch loss 0.013456897810101509
2023-11-13 14:35:06,213 Epoch number 6, batch number 37/40:       batch loss 0.0144233712926507
2023-11-13 14:35:07,176 Epoch number 6, batch number 38/40:       batch loss 0.011011793278157711
2023-11-13 14:35:08,139 Epoch number 6, batch number 39/40:       batch loss 0.011567719280719757
2023-11-13 14:35:08,188 Epoch: 7 	Training Loss: 0.012550
2023-11-13 14:35:08,189 Time for epoch 7 : 39 sec
2023-11-13 14:35:08,189 lr for epoch 7 is 0.10000
2023-11-13 14:35:11,384 Epoch number 7, batch number 0/40:       batch loss 0.018359540030360222
2023-11-13 14:35:12,399 Epoch number 7, batch number 1/40:       batch loss 0.011720949783921242
2023-11-13 14:35:13,361 Epoch number 7, batch number 2/40:       batch loss 0.00975595973432064
2023-11-13 14:35:14,333 Epoch number 7, batch number 3/40:       batch loss 0.008866081945598125
2023-11-13 14:35:15,310 Epoch number 7, batch number 4/40:       batch loss 0.009641551412642002
2023-11-13 14:35:16,289 Epoch number 7, batch number 5/40:       batch loss 0.010783341713249683
2023-11-13 14:35:17,260 Epoch number 7, batch number 6/40:       batch loss 0.016743779182434082
2023-11-13 14:35:18,208 Epoch number 7, batch number 7/40:       batch loss 0.011207889765501022
2023-11-13 14:35:19,174 Epoch number 7, batch number 8/40:       batch loss 0.013033192604780197
2023-11-13 14:35:20,150 Epoch number 7, batch number 9/40:       batch loss 0.01357057224959135
2023-11-13 14:35:21,124 Epoch number 7, batch number 10/40:       batch loss 0.011865101754665375
2023-11-13 14:35:22,130 Epoch number 7, batch number 11/40:       batch loss 0.011185558512806892
2023-11-13 14:35:23,118 Epoch number 7, batch number 12/40:       batch loss 0.019687112420797348
2023-11-13 14:35:24,100 Epoch number 7, batch number 13/40:       batch loss 0.012529696337878704
2023-11-13 14:35:25,062 Epoch number 7, batch number 14/40:       batch loss 0.012118875049054623
2023-11-13 14:35:26,049 Epoch number 7, batch number 15/40:       batch loss 0.01290538813918829
2023-11-13 14:35:27,030 Epoch number 7, batch number 16/40:       batch loss 0.011552734300494194
2023-11-13 14:35:28,011 Epoch number 7, batch number 17/40:       batch loss 0.012461723759770393
2023-11-13 14:35:28,973 Epoch number 7, batch number 18/40:       batch loss 0.012914495542645454
2023-11-13 14:35:29,947 Epoch number 7, batch number 19/40:       batch loss 0.009322009980678558
2023-11-13 14:35:30,932 Epoch number 7, batch number 20/40:       batch loss 0.011463222093880177
2023-11-13 14:35:31,894 Epoch number 7, batch number 21/40:       batch loss 0.012961695902049541
2023-11-13 14:35:32,869 Epoch number 7, batch number 22/40:       batch loss 0.01617729850113392
2023-11-13 14:35:33,851 Epoch number 7, batch number 23/40:       batch loss 0.01450598519295454
2023-11-13 14:35:34,829 Epoch number 7, batch number 24/40:       batch loss 0.012311589904129505
2023-11-13 14:35:35,818 Epoch number 7, batch number 25/40:       batch loss 0.013288267888128757
2023-11-13 14:35:36,802 Epoch number 7, batch number 26/40:       batch loss 0.013454480096697807
2023-11-13 14:35:37,788 Epoch number 7, batch number 27/40:       batch loss 0.009834792464971542
2023-11-13 14:35:38,762 Epoch number 7, batch number 28/40:       batch loss 0.009690741077065468
2023-11-13 14:35:39,742 Epoch number 7, batch number 29/40:       batch loss 0.013026133179664612
2023-11-13 14:35:40,724 Epoch number 7, batch number 30/40:       batch loss 0.013256065547466278
2023-11-13 14:35:41,698 Epoch number 7, batch number 31/40:       batch loss 0.013672170229256153
2023-11-13 14:35:42,669 Epoch number 7, batch number 32/40:       batch loss 0.01155745331197977
2023-11-13 14:35:43,650 Epoch number 7, batch number 33/40:       batch loss 0.011499369516968727
2023-11-13 14:35:44,642 Epoch number 7, batch number 34/40:       batch loss 0.011077020317316055
2023-11-13 14:35:45,606 Epoch number 7, batch number 35/40:       batch loss 0.01104508712887764
2023-11-13 14:35:46,583 Epoch number 7, batch number 36/40:       batch loss 0.009071225300431252
2023-11-13 14:35:47,594 Epoch number 7, batch number 37/40:       batch loss 0.013262094929814339
2023-11-13 14:35:48,575 Epoch number 7, batch number 38/40:       batch loss 0.012917155399918556
2023-11-13 14:35:49,563 Epoch number 7, batch number 39/40:       batch loss 0.014821229502558708
2023-11-13 14:35:49,611 Epoch: 8 	Training Loss: 0.012478
2023-11-13 14:35:49,611 Time for epoch 8 : 40 sec
2023-11-13 14:35:49,611 lr for epoch 8 is 0.10000
2023-11-13 14:35:52,866 Epoch number 8, batch number 0/40:       batch loss 0.011927619576454163
2023-11-13 14:35:53,856 Epoch number 8, batch number 1/40:       batch loss 0.010751256719231606
2023-11-13 14:35:54,833 Epoch number 8, batch number 2/40:       batch loss 0.013705488294363022
2023-11-13 14:35:55,786 Epoch number 8, batch number 3/40:       batch loss 0.010859186761081219
2023-11-13 14:35:56,763 Epoch number 8, batch number 4/40:       batch loss 0.01064060814678669
2023-11-13 14:35:57,755 Epoch number 8, batch number 5/40:       batch loss 0.010959635488688946
2023-11-13 14:35:58,713 Epoch number 8, batch number 6/40:       batch loss 0.013808869756758213
2023-11-13 14:35:59,683 Epoch number 8, batch number 7/40:       batch loss 0.00884365662932396
2023-11-13 14:36:00,662 Epoch number 8, batch number 8/40:       batch loss 0.007984482683241367
2023-11-13 14:36:01,627 Epoch number 8, batch number 9/40:       batch loss 0.011494973674416542
2023-11-13 14:36:02,613 Epoch number 8, batch number 10/40:       batch loss 0.012726160697638988
2023-11-13 14:36:03,591 Epoch number 8, batch number 11/40:       batch loss 0.015193413011729717
2023-11-13 14:36:04,572 Epoch number 8, batch number 12/40:       batch loss 0.013219752348959446
2023-11-13 14:36:05,580 Epoch number 8, batch number 13/40:       batch loss 0.01565651409327984
2023-11-13 14:36:06,545 Epoch number 8, batch number 14/40:       batch loss 0.014632127247750759
2023-11-13 14:36:07,520 Epoch number 8, batch number 15/40:       batch loss 0.01216855924576521
2023-11-13 14:36:08,482 Epoch number 8, batch number 16/40:       batch loss 0.014977646060287952
2023-11-13 14:36:09,457 Epoch number 8, batch number 17/40:       batch loss 0.008785692974925041
2023-11-13 14:36:10,432 Epoch number 8, batch number 18/40:       batch loss 0.017516078427433968
2023-11-13 14:36:11,416 Epoch number 8, batch number 19/40:       batch loss 0.01208694837987423
2023-11-13 14:36:12,387 Epoch number 8, batch number 20/40:       batch loss 0.011765927076339722
2023-11-13 14:36:13,362 Epoch number 8, batch number 21/40:       batch loss 0.015445515513420105
2023-11-13 14:36:14,328 Epoch number 8, batch number 22/40:       batch loss 0.01232975535094738
2023-11-13 14:36:15,292 Epoch number 8, batch number 23/40:       batch loss 0.01628825254738331
2023-11-13 14:36:16,260 Epoch number 8, batch number 24/40:       batch loss 0.017086384817957878
2023-11-13 14:36:17,221 Epoch number 8, batch number 25/40:       batch loss 0.012389152310788631
2023-11-13 14:36:18,171 Epoch number 8, batch number 26/40:       batch loss 0.008894139900803566
2023-11-13 14:36:19,157 Epoch number 8, batch number 27/40:       batch loss 0.016092058271169662
2023-11-13 14:36:20,144 Epoch number 8, batch number 28/40:       batch loss 0.014646487310528755
2023-11-13 14:36:21,117 Epoch number 8, batch number 29/40:       batch loss 0.011480347253382206
2023-11-13 14:36:22,095 Epoch number 8, batch number 30/40:       batch loss 0.012883391231298447
2023-11-13 14:36:23,083 Epoch number 8, batch number 31/40:       batch loss 0.011362578719854355
2023-11-13 14:36:24,036 Epoch number 8, batch number 32/40:       batch loss 0.014820062555372715
2023-11-13 14:36:25,013 Epoch number 8, batch number 33/40:       batch loss 0.009975124150514603
2023-11-13 14:36:25,985 Epoch number 8, batch number 34/40:       batch loss 0.012654499150812626
2023-11-13 14:36:26,953 Epoch number 8, batch number 35/40:       batch loss 0.013858849182724953
2023-11-13 14:36:27,913 Epoch number 8, batch number 36/40:       batch loss 0.010997127741575241
2023-11-13 14:36:28,880 Epoch number 8, batch number 37/40:       batch loss 0.014110920950770378
2023-11-13 14:36:29,844 Epoch number 8, batch number 38/40:       batch loss 0.010369404219090939
2023-11-13 14:36:30,811 Epoch number 8, batch number 39/40:       batch loss 0.010914592072367668
2023-11-13 14:36:30,861 Epoch: 9 	Training Loss: 0.012658
2023-11-13 14:36:30,861 Time for epoch 9 : 40 sec
2023-11-13 14:36:30,861 lr for epoch 9 is 0.10000
2023-11-13 14:36:34,046 Epoch number 9, batch number 0/40:       batch loss 0.010242403484880924
2023-11-13 14:36:35,062 Epoch number 9, batch number 1/40:       batch loss 0.013340424746274948
2023-11-13 14:36:36,042 Epoch number 9, batch number 2/40:       batch loss 0.010164189152419567
2023-11-13 14:36:37,040 Epoch number 9, batch number 3/40:       batch loss 0.012053328566253185
2023-11-13 14:36:38,027 Epoch number 9, batch number 4/40:       batch loss 0.011202769353985786
2023-11-13 14:36:39,019 Epoch number 9, batch number 5/40:       batch loss 0.01227888185530901
2023-11-13 14:36:40,022 Epoch number 9, batch number 6/40:       batch loss 0.009298049844801426
2023-11-13 14:36:41,011 Epoch number 9, batch number 7/40:       batch loss 0.009863501414656639
2023-11-13 14:36:42,008 Epoch number 9, batch number 8/40:       batch loss 0.010560981929302216
2023-11-13 14:36:42,993 Epoch number 9, batch number 9/40:       batch loss 0.012625528499484062
2023-11-13 14:36:43,982 Epoch number 9, batch number 10/40:       batch loss 0.013787699863314629
2023-11-13 14:36:44,985 Epoch number 9, batch number 11/40:       batch loss 0.013410499319434166
2023-11-13 14:36:45,958 Epoch number 9, batch number 12/40:       batch loss 0.016723550856113434
2023-11-13 14:36:46,938 Epoch number 9, batch number 13/40:       batch loss 0.01693292148411274
2023-11-13 14:36:47,912 Epoch number 9, batch number 14/40:       batch loss 0.016614537686109543
2023-11-13 14:36:48,905 Epoch number 9, batch number 15/40:       batch loss 0.015196776017546654
2023-11-13 14:36:49,889 Epoch number 9, batch number 16/40:       batch loss 0.012331090867519379
2023-11-13 14:36:50,878 Epoch number 9, batch number 17/40:       batch loss 0.011138945817947388
2023-11-13 14:36:51,862 Epoch number 9, batch number 18/40:       batch loss 0.012744894251227379
2023-11-13 14:36:52,845 Epoch number 9, batch number 19/40:       batch loss 0.015719834715127945
2023-11-13 14:36:53,825 Epoch number 9, batch number 20/40:       batch loss 0.012510564178228378
2023-11-13 14:36:54,805 Epoch number 9, batch number 21/40:       batch loss 0.012233094312250614
2023-11-13 14:36:55,768 Epoch number 9, batch number 22/40:       batch loss 0.008114328607916832
2023-11-13 14:36:56,740 Epoch number 9, batch number 23/40:       batch loss 0.01192463655024767
2023-11-13 14:36:57,738 Epoch number 9, batch number 24/40:       batch loss 0.009962823241949081
2023-11-13 14:36:58,721 Epoch number 9, batch number 25/40:       batch loss 0.012398737482726574
2023-11-13 14:36:59,690 Epoch number 9, batch number 26/40:       batch loss 0.013032718561589718
2023-11-13 14:37:00,671 Epoch number 9, batch number 27/40:       batch loss 0.011615680530667305
2023-11-13 14:37:01,640 Epoch number 9, batch number 28/40:       batch loss 0.009105811826884747
2023-11-13 14:37:02,643 Epoch number 9, batch number 29/40:       batch loss 0.011144917458295822
2023-11-13 14:37:03,641 Epoch number 9, batch number 30/40:       batch loss 0.009721104055643082
2023-11-13 14:37:04,621 Epoch number 9, batch number 31/40:       batch loss 0.015291804447770119
2023-11-13 14:37:05,619 Epoch number 9, batch number 32/40:       batch loss 0.011945116333663464
2023-11-13 14:37:06,587 Epoch number 9, batch number 33/40:       batch loss 0.013251334428787231
2023-11-13 14:37:07,572 Epoch number 9, batch number 34/40:       batch loss 0.012470250949263573
2023-11-13 14:37:08,550 Epoch number 9, batch number 35/40:       batch loss 0.012932218611240387
2023-11-13 14:37:09,545 Epoch number 9, batch number 36/40:       batch loss 0.012698881328105927
2023-11-13 14:37:10,527 Epoch number 9, batch number 37/40:       batch loss 0.014177771285176277
2023-11-13 14:37:11,522 Epoch number 9, batch number 38/40:       batch loss 0.010984024032950401
2023-11-13 14:37:12,506 Epoch number 9, batch number 39/40:       batch loss 0.011388726532459259
2023-11-13 14:37:12,556 Epoch: 10 	Training Loss: 0.012328
2023-11-13 14:37:12,556 Time for epoch 10 : 40 sec
2023-11-13 14:37:12,556 lr for epoch 10 is 0.10000
2023-11-13 14:37:15,771 Epoch number 10, batch number 0/40:       batch loss 0.009842943400144577
2023-11-13 14:37:16,800 Epoch number 10, batch number 1/40:       batch loss 0.015461202710866928
2023-11-13 14:37:17,801 Epoch number 10, batch number 2/40:       batch loss 0.007210012059658766
2023-11-13 14:37:18,802 Epoch number 10, batch number 3/40:       batch loss 0.009599578566849232
2023-11-13 14:37:19,806 Epoch number 10, batch number 4/40:       batch loss 0.011113611049950123
2023-11-13 14:37:20,789 Epoch number 10, batch number 5/40:       batch loss 0.013556502759456635
2023-11-13 14:37:21,776 Epoch number 10, batch number 6/40:       batch loss 0.01500875223428011
2023-11-13 14:37:22,785 Epoch number 10, batch number 7/40:       batch loss 0.010909236036241055
2023-11-13 14:37:23,762 Epoch number 10, batch number 8/40:       batch loss 0.008802292868494987
2023-11-13 14:37:24,746 Epoch number 10, batch number 9/40:       batch loss 0.008148797787725925
2023-11-13 14:37:25,724 Epoch number 10, batch number 10/40:       batch loss 0.012134242802858353
2023-11-13 14:37:26,719 Epoch number 10, batch number 11/40:       batch loss 0.012713965959846973
2023-11-13 14:37:27,706 Epoch number 10, batch number 12/40:       batch loss 0.009296877309679985
2023-11-13 14:37:28,703 Epoch number 10, batch number 13/40:       batch loss 0.01105184480547905
2023-11-13 14:37:29,712 Epoch number 10, batch number 14/40:       batch loss 0.013206896372139454
2023-11-13 14:37:30,703 Epoch number 10, batch number 15/40:       batch loss 0.008853595703840256
2023-11-13 14:37:31,683 Epoch number 10, batch number 16/40:       batch loss 0.011367300525307655
2023-11-13 14:37:32,671 Epoch number 10, batch number 17/40:       batch loss 0.010428066365420818
2023-11-13 14:37:33,669 Epoch number 10, batch number 18/40:       batch loss 0.01020476222038269
2023-11-13 14:37:34,661 Epoch number 10, batch number 19/40:       batch loss 0.011883189901709557
2023-11-13 14:37:35,665 Epoch number 10, batch number 20/40:       batch loss 0.012072699144482613
2023-11-13 14:37:36,649 Epoch number 10, batch number 21/40:       batch loss 0.011626780033111572
2023-11-13 14:37:37,647 Epoch number 10, batch number 22/40:       batch loss 0.011644404381513596
2023-11-13 14:37:38,632 Epoch number 10, batch number 23/40:       batch loss 0.009236542508006096
2023-11-13 14:37:39,631 Epoch number 10, batch number 24/40:       batch loss 0.01495775580406189
2023-11-13 14:37:40,635 Epoch number 10, batch number 25/40:       batch loss 0.008876273408532143
2023-11-13 14:37:41,631 Epoch number 10, batch number 26/40:       batch loss 0.01236441545188427
2023-11-13 14:37:42,634 Epoch number 10, batch number 27/40:       batch loss 0.009726538322865963
2023-11-13 14:37:43,615 Epoch number 10, batch number 28/40:       batch loss 0.010408546775579453
2023-11-13 14:37:44,604 Epoch number 10, batch number 29/40:       batch loss 0.010432334616780281
2023-11-13 14:37:45,584 Epoch number 10, batch number 30/40:       batch loss 0.011619167402386665
2023-11-13 14:37:46,551 Epoch number 10, batch number 31/40:       batch loss 0.009508982300758362
2023-11-13 14:37:47,539 Epoch number 10, batch number 32/40:       batch loss 0.010301981121301651
2023-11-13 14:37:48,518 Epoch number 10, batch number 33/40:       batch loss 0.010666330344974995
2023-11-13 14:37:49,501 Epoch number 10, batch number 34/40:       batch loss 0.014701424166560173
2023-11-13 14:37:50,490 Epoch number 10, batch number 35/40:       batch loss 0.010582777671515942
2023-11-13 14:37:51,480 Epoch number 10, batch number 36/40:       batch loss 0.013758848421275616
2023-11-13 14:37:52,447 Epoch number 10, batch number 37/40:       batch loss 0.011605148203670979
2023-11-13 14:37:53,433 Epoch number 10, batch number 38/40:       batch loss 0.009308448992669582
2023-11-13 14:37:54,412 Epoch number 10, batch number 39/40:       batch loss 0.006842358037829399
2023-11-13 14:37:54,462 Epoch: 11 	Training Loss: 0.011026
2023-11-13 14:37:54,462 Time for epoch 11 : 40 sec
2023-11-13 14:37:54,462 lr for epoch 11 is 0.01000
2023-11-13 14:37:57,641 Epoch number 11, batch number 0/40:       batch loss 0.009688947349786758
2023-11-13 14:37:58,634 Epoch number 11, batch number 1/40:       batch loss 0.008556007407605648
2023-11-13 14:37:59,632 Epoch number 11, batch number 2/40:       batch loss 0.00820185523480177
2023-11-13 14:38:00,619 Epoch number 11, batch number 3/40:       batch loss 0.009607916697859764
2023-11-13 14:38:01,620 Epoch number 11, batch number 4/40:       batch loss 0.015575225464999676
2023-11-13 14:38:02,647 Epoch number 11, batch number 5/40:       batch loss 0.012197360396385193
2023-11-13 14:38:03,647 Epoch number 11, batch number 6/40:       batch loss 0.010207636281847954
2023-11-13 14:38:04,634 Epoch number 11, batch number 7/40:       batch loss 0.009519294835627079
2023-11-13 14:38:05,615 Epoch number 11, batch number 8/40:       batch loss 0.013960345648229122
2023-11-13 14:38:06,590 Epoch number 11, batch number 9/40:       batch loss 0.010378255508840084
2023-11-13 14:38:07,562 Epoch number 11, batch number 10/40:       batch loss 0.014115259051322937
2023-11-13 14:38:08,542 Epoch number 11, batch number 11/40:       batch loss 0.009299409575760365
2023-11-13 14:38:09,536 Epoch number 11, batch number 12/40:       batch loss 0.011465334333479404
2023-11-13 14:38:10,521 Epoch number 11, batch number 13/40:       batch loss 0.01556533295661211
2023-11-13 14:38:11,517 Epoch number 11, batch number 14/40:       batch loss 0.007441969122737646
2023-11-13 14:38:12,511 Epoch number 11, batch number 15/40:       batch loss 0.015488708391785622
2023-11-13 14:38:13,490 Epoch number 11, batch number 16/40:       batch loss 0.009659183211624622
2023-11-13 14:38:14,481 Epoch number 11, batch number 17/40:       batch loss 0.012479741126298904
2023-11-13 14:38:15,472 Epoch number 11, batch number 18/40:       batch loss 0.009698732756078243
2023-11-13 14:38:16,466 Epoch number 11, batch number 19/40:       batch loss 0.011002954095602036
2023-11-13 14:38:17,468 Epoch number 11, batch number 20/40:       batch loss 0.011604847386479378
2023-11-13 14:38:18,454 Epoch number 11, batch number 21/40:       batch loss 0.009862799197435379
2023-11-13 14:38:19,468 Epoch number 11, batch number 22/40:       batch loss 0.011810720898211002
2023-11-13 14:38:20,451 Epoch number 11, batch number 23/40:       batch loss 0.009985397569835186
2023-11-13 14:38:21,470 Epoch number 11, batch number 24/40:       batch loss 0.013437080197036266
2023-11-13 14:38:22,463 Epoch number 11, batch number 25/40:       batch loss 0.011969776824116707
2023-11-13 14:38:23,464 Epoch number 11, batch number 26/40:       batch loss 0.008896191604435444
2023-11-13 14:38:24,466 Epoch number 11, batch number 27/40:       batch loss 0.011179948225617409
2023-11-13 14:38:25,490 Epoch number 11, batch number 28/40:       batch loss 0.008664451539516449
2023-11-13 14:38:26,488 Epoch number 11, batch number 29/40:       batch loss 0.008240093477070332
2023-11-13 14:38:27,492 Epoch number 11, batch number 30/40:       batch loss 0.008767428807914257
2023-11-13 14:38:28,481 Epoch number 11, batch number 31/40:       batch loss 0.008945000357925892
2023-11-13 14:38:29,502 Epoch number 11, batch number 32/40:       batch loss 0.011015713214874268
2023-11-13 14:38:30,506 Epoch number 11, batch number 33/40:       batch loss 0.009421117603778839
2023-11-13 14:38:31,519 Epoch number 11, batch number 34/40:       batch loss 0.010609475895762444
2023-11-13 14:38:32,510 Epoch number 11, batch number 35/40:       batch loss 0.013767196796834469
2023-11-13 14:38:33,508 Epoch number 11, batch number 36/40:       batch loss 0.010831262916326523
2023-11-13 14:38:34,508 Epoch number 11, batch number 37/40:       batch loss 0.013010231778025627
2023-11-13 14:38:35,502 Epoch number 11, batch number 38/40:       batch loss 0.009983310475945473
2023-11-13 14:38:36,494 Epoch number 11, batch number 39/40:       batch loss 0.011759028770029545
2023-11-13 14:38:36,541 Epoch: 12 	Training Loss: 0.010947
2023-11-13 14:38:36,541 Time for epoch 12 : 41 sec
2023-11-13 14:38:36,542 lr for epoch 12 is 0.01000
2023-11-13 14:38:39,792 Epoch number 12, batch number 0/40:       batch loss 0.007874920964241028
2023-11-13 14:38:40,814 Epoch number 12, batch number 1/40:       batch loss 0.007440820802003145
2023-11-13 14:38:41,810 Epoch number 12, batch number 2/40:       batch loss 0.016799407079815865
2023-11-13 14:38:42,811 Epoch number 12, batch number 3/40:       batch loss 0.01140595879405737
2023-11-13 14:38:43,794 Epoch number 12, batch number 4/40:       batch loss 0.007104331161826849
2023-11-13 14:38:44,788 Epoch number 12, batch number 5/40:       batch loss 0.010781478136777878
2023-11-13 14:38:45,798 Epoch number 12, batch number 6/40:       batch loss 0.015506928786635399
2023-11-13 14:38:46,773 Epoch number 12, batch number 7/40:       batch loss 0.012908071279525757
2023-11-13 14:38:47,747 Epoch number 12, batch number 8/40:       batch loss 0.010719796642661095
2023-11-13 14:38:48,714 Epoch number 12, batch number 9/40:       batch loss 0.00898797158151865
2023-11-13 14:38:49,705 Epoch number 12, batch number 10/40:       batch loss 0.009498564526438713
2023-11-13 14:38:50,692 Epoch number 12, batch number 11/40:       batch loss 0.009329590946435928
2023-11-13 14:38:51,689 Epoch number 12, batch number 12/40:       batch loss 0.01200570072978735
2023-11-13 14:38:52,701 Epoch number 12, batch number 13/40:       batch loss 0.011188824661076069
2023-11-13 14:38:53,705 Epoch number 12, batch number 14/40:       batch loss 0.008557635359466076
2023-11-13 14:38:54,691 Epoch number 12, batch number 15/40:       batch loss 0.010338721796870232
2023-11-13 14:38:55,673 Epoch number 12, batch number 16/40:       batch loss 0.010182762518525124
2023-11-13 14:38:56,667 Epoch number 12, batch number 17/40:       batch loss 0.010192533023655415
2023-11-13 14:38:57,662 Epoch number 12, batch number 18/40:       batch loss 0.011454960331320763
2023-11-13 14:38:58,661 Epoch number 12, batch number 19/40:       batch loss 0.00999397598206997
2023-11-13 14:38:59,652 Epoch number 12, batch number 20/40:       batch loss 0.009644989855587482
2023-11-13 14:39:00,650 Epoch number 12, batch number 21/40:       batch loss 0.011520602740347385
2023-11-13 14:39:01,637 Epoch number 12, batch number 22/40:       batch loss 0.01081044226884842
2023-11-13 14:39:02,683 Epoch number 12, batch number 23/40:       batch loss 0.010377258062362671
2023-11-13 14:39:03,675 Epoch number 12, batch number 24/40:       batch loss 0.009089089930057526
2023-11-13 14:39:04,681 Epoch number 12, batch number 25/40:       batch loss 0.010888359509408474
2023-11-13 14:39:05,677 Epoch number 12, batch number 26/40:       batch loss 0.009423810988664627
2023-11-13 14:39:06,678 Epoch number 12, batch number 27/40:       batch loss 0.01232330221682787
2023-11-13 14:39:07,681 Epoch number 12, batch number 28/40:       batch loss 0.012611258774995804
2023-11-13 14:39:08,675 Epoch number 12, batch number 29/40:       batch loss 0.012251043692231178
2023-11-13 14:39:09,675 Epoch number 12, batch number 30/40:       batch loss 0.01032875943928957
2023-11-13 14:39:10,674 Epoch number 12, batch number 31/40:       batch loss 0.00836646556854248
2023-11-13 14:39:11,679 Epoch number 12, batch number 32/40:       batch loss 0.009889986366033554
2023-11-13 14:39:12,685 Epoch number 12, batch number 33/40:       batch loss 0.010611641220748425
2023-11-13 14:39:13,689 Epoch number 12, batch number 34/40:       batch loss 0.012748928740620613
2023-11-13 14:39:14,708 Epoch number 12, batch number 35/40:       batch loss 0.009285075590014458
2023-11-13 14:39:15,691 Epoch number 12, batch number 36/40:       batch loss 0.009697305038571358
2023-11-13 14:39:16,686 Epoch number 12, batch number 37/40:       batch loss 0.009155737236142159
2023-11-13 14:39:17,682 Epoch number 12, batch number 38/40:       batch loss 0.012216777540743351
2023-11-13 14:39:18,697 Epoch number 12, batch number 39/40:       batch loss 0.007556455675512552
2023-11-13 14:39:18,749 Epoch: 13 	Training Loss: 0.010527
2023-11-13 14:39:18,749 Time for epoch 13 : 41 sec
2023-11-13 14:39:18,749 lr for epoch 13 is 0.01000
2023-11-13 14:39:21,970 Epoch number 13, batch number 0/40:       batch loss 0.008585842326283455
2023-11-13 14:39:23,008 Epoch number 13, batch number 1/40:       batch loss 0.011890729889273643
2023-11-13 14:39:24,022 Epoch number 13, batch number 2/40:       batch loss 0.006843352224677801
2023-11-13 14:39:25,021 Epoch number 13, batch number 3/40:       batch loss 0.007660790346562862
2023-11-13 14:39:26,018 Epoch number 13, batch number 4/40:       batch loss 0.008514746092259884
2023-11-13 14:39:27,019 Epoch number 13, batch number 5/40:       batch loss 0.009547390043735504
2023-11-13 14:39:28,014 Epoch number 13, batch number 6/40:       batch loss 0.008977462537586689
2023-11-13 14:39:29,024 Epoch number 13, batch number 7/40:       batch loss 0.009026097133755684
2023-11-13 14:39:30,029 Epoch number 13, batch number 8/40:       batch loss 0.007545446045696735
2023-11-13 14:39:31,027 Epoch number 13, batch number 9/40:       batch loss 0.01212252862751484
2023-11-13 14:39:32,017 Epoch number 13, batch number 10/40:       batch loss 0.013369414024055004
2023-11-13 14:39:33,028 Epoch number 13, batch number 11/40:       batch loss 0.007707355543971062
2023-11-13 14:39:34,014 Epoch number 13, batch number 12/40:       batch loss 0.009109913371503353
2023-11-13 14:39:35,010 Epoch number 13, batch number 13/40:       batch loss 0.009306926280260086
2023-11-13 14:39:35,986 Epoch number 13, batch number 14/40:       batch loss 0.006985094398260117
2023-11-13 14:39:36,966 Epoch number 13, batch number 15/40:       batch loss 0.012929284945130348
2023-11-13 14:39:37,974 Epoch number 13, batch number 16/40:       batch loss 0.012107161805033684
2023-11-13 14:39:38,973 Epoch number 13, batch number 17/40:       batch loss 0.013958067633211613
2023-11-13 14:39:39,950 Epoch number 13, batch number 18/40:       batch loss 0.009506159462034702
2023-11-13 14:39:40,961 Epoch number 13, batch number 19/40:       batch loss 0.010227227583527565
2023-11-13 14:39:41,959 Epoch number 13, batch number 20/40:       batch loss 0.011969299986958504
2023-11-13 14:39:42,960 Epoch number 13, batch number 21/40:       batch loss 0.010990409180521965
2023-11-13 14:39:43,944 Epoch number 13, batch number 22/40:       batch loss 0.009932130575180054
2023-11-13 14:39:44,938 Epoch number 13, batch number 23/40:       batch loss 0.012090022675693035
2023-11-13 14:39:45,922 Epoch number 13, batch number 24/40:       batch loss 0.008186674676835537
2023-11-13 14:39:46,925 Epoch number 13, batch number 25/40:       batch loss 0.008073762059211731
2023-11-13 14:39:47,917 Epoch number 13, batch number 26/40:       batch loss 0.01100905705243349
2023-11-13 14:39:48,908 Epoch number 13, batch number 27/40:       batch loss 0.009175704792141914
2023-11-13 14:39:49,930 Epoch number 13, batch number 28/40:       batch loss 0.01261646207422018
2023-11-13 14:39:50,925 Epoch number 13, batch number 29/40:       batch loss 0.013800679706037045
2023-11-13 14:39:51,937 Epoch number 13, batch number 30/40:       batch loss 0.007816260680556297
2023-11-13 14:39:52,948 Epoch number 13, batch number 31/40:       batch loss 0.009353010915219784
2023-11-13 14:39:53,950 Epoch number 13, batch number 32/40:       batch loss 0.012442818842828274
2023-11-13 14:39:54,955 Epoch number 13, batch number 33/40:       batch loss 0.010267290286719799
2023-11-13 14:39:55,955 Epoch number 13, batch number 34/40:       batch loss 0.009410026483237743
2023-11-13 14:39:56,962 Epoch number 13, batch number 35/40:       batch loss 0.013297274708747864
2023-11-13 14:39:57,974 Epoch number 13, batch number 36/40:       batch loss 0.007745719514787197
2023-11-13 14:39:58,975 Epoch number 13, batch number 37/40:       batch loss 0.008695588447153568
2023-11-13 14:39:59,994 Epoch number 13, batch number 38/40:       batch loss 0.010851283557713032
2023-11-13 14:40:01,008 Epoch number 13, batch number 39/40:       batch loss 0.008465723134577274
2023-11-13 14:40:01,055 Epoch: 14 	Training Loss: 0.010053
2023-11-13 14:40:01,055 Time for epoch 14 : 41 sec
2023-11-13 14:40:01,056 lr for epoch 14 is 0.01000
2023-11-13 14:40:04,289 Epoch number 14, batch number 0/40:       batch loss 0.0100660789757967
2023-11-13 14:40:05,304 Epoch number 14, batch number 1/40:       batch loss 0.014024529606103897
2023-11-13 14:40:06,300 Epoch number 14, batch number 2/40:       batch loss 0.009785187430679798
2023-11-13 14:40:07,319 Epoch number 14, batch number 3/40:       batch loss 0.011103298515081406
2023-11-13 14:40:08,296 Epoch number 14, batch number 4/40:       batch loss 0.009482119232416153
2023-11-13 14:40:09,273 Epoch number 14, batch number 5/40:       batch loss 0.007533101364970207
2023-11-13 14:40:10,279 Epoch number 14, batch number 6/40:       batch loss 0.009622214362025261
2023-11-13 14:40:11,311 Epoch number 14, batch number 7/40:       batch loss 0.010967149399220943
2023-11-13 14:40:12,332 Epoch number 14, batch number 8/40:       batch loss 0.00884571485221386
2023-11-13 14:40:13,340 Epoch number 14, batch number 9/40:       batch loss 0.01251404918730259
2023-11-13 14:40:14,349 Epoch number 14, batch number 10/40:       batch loss 0.009994441643357277
2023-11-13 14:40:15,360 Epoch number 14, batch number 11/40:       batch loss 0.006407201290130615
2023-11-13 14:40:16,344 Epoch number 14, batch number 12/40:       batch loss 0.01241328101605177
2023-11-13 14:40:17,320 Epoch number 14, batch number 13/40:       batch loss 0.009893657639622688
2023-11-13 14:40:18,307 Epoch number 14, batch number 14/40:       batch loss 0.01099326927214861
2023-11-13 14:40:19,278 Epoch number 14, batch number 15/40:       batch loss 0.013262263499200344
2023-11-13 14:40:20,280 Epoch number 14, batch number 16/40:       batch loss 0.010200321674346924
2023-11-13 14:40:21,272 Epoch number 14, batch number 17/40:       batch loss 0.01065007597208023
2023-11-13 14:40:22,303 Epoch number 14, batch number 18/40:       batch loss 0.011944286525249481
2023-11-13 14:40:23,289 Epoch number 14, batch number 19/40:       batch loss 0.007958466187119484
2023-11-13 14:40:24,285 Epoch number 14, batch number 20/40:       batch loss 0.009975817054510117
2023-11-13 14:40:25,281 Epoch number 14, batch number 21/40:       batch loss 0.008197270333766937
2023-11-13 14:40:26,251 Epoch number 14, batch number 22/40:       batch loss 0.0072246817871928215
2023-11-13 14:40:27,234 Epoch number 14, batch number 23/40:       batch loss 0.00943930447101593
2023-11-13 14:40:28,209 Epoch number 14, batch number 24/40:       batch loss 0.007920942269265652
2023-11-13 14:40:29,185 Epoch number 14, batch number 25/40:       batch loss 0.010361691005527973
2023-11-13 14:40:30,172 Epoch number 14, batch number 26/40:       batch loss 0.009024419821798801
2023-11-13 14:40:31,149 Epoch number 14, batch number 27/40:       batch loss 0.010288720950484276
2023-11-13 14:40:32,137 Epoch number 14, batch number 28/40:       batch loss 0.00882458221167326
2023-11-13 14:40:33,127 Epoch number 14, batch number 29/40:       batch loss 0.011461970396339893
2023-11-13 14:40:34,116 Epoch number 14, batch number 30/40:       batch loss 0.010633743368089199
2023-11-13 14:40:35,129 Epoch number 14, batch number 31/40:       batch loss 0.00822360347956419
2023-11-13 14:40:36,124 Epoch number 14, batch number 32/40:       batch loss 0.01571272499859333
2023-11-13 14:40:37,095 Epoch number 14, batch number 33/40:       batch loss 0.00796270277351141
2023-11-13 14:40:38,090 Epoch number 14, batch number 34/40:       batch loss 0.00832922849804163
2023-11-13 14:40:39,082 Epoch number 14, batch number 35/40:       batch loss 0.005627830512821674
2023-11-13 14:40:40,090 Epoch number 14, batch number 36/40:       batch loss 0.010617016814649105
2023-11-13 14:40:41,087 Epoch number 14, batch number 37/40:       batch loss 0.008951733820140362
2023-11-13 14:40:42,077 Epoch number 14, batch number 38/40:       batch loss 0.007845706306397915
2023-11-13 14:40:43,083 Epoch number 14, batch number 39/40:       batch loss 0.010793346911668777
2023-11-13 14:40:43,129 Epoch: 15 	Training Loss: 0.009877
2023-11-13 14:40:43,129 Time for epoch 15 : 41 sec
2023-11-13 14:40:43,129 lr for epoch 15 is 0.01000
2023-11-13 14:40:46,316 Epoch number 15, batch number 0/40:       batch loss 0.01003027893602848
2023-11-13 14:40:47,322 Epoch number 15, batch number 1/40:       batch loss 0.009404503740370274
2023-11-13 14:40:48,303 Epoch number 15, batch number 2/40:       batch loss 0.013812467455863953
2023-11-13 14:40:49,300 Epoch number 15, batch number 3/40:       batch loss 0.010585673153400421
2023-11-13 14:40:50,302 Epoch number 15, batch number 4/40:       batch loss 0.007794532924890518
2023-11-13 14:40:51,284 Epoch number 15, batch number 5/40:       batch loss 0.009849095717072487
2023-11-13 14:40:52,272 Epoch number 15, batch number 6/40:       batch loss 0.011796089820563793
2023-11-13 14:40:53,267 Epoch number 15, batch number 7/40:       batch loss 0.007968461140990257
2023-11-13 14:40:54,251 Epoch number 15, batch number 8/40:       batch loss 0.008921235799789429
2023-11-13 14:40:55,267 Epoch number 15, batch number 9/40:       batch loss 0.011014517396688461
2023-11-13 14:40:56,247 Epoch number 15, batch number 10/40:       batch loss 0.009121843613684177
2023-11-13 14:40:57,237 Epoch number 15, batch number 11/40:       batch loss 0.008659765124320984
2023-11-13 14:40:58,238 Epoch number 15, batch number 12/40:       batch loss 0.010114694945514202
2023-11-13 14:40:59,216 Epoch number 15, batch number 13/40:       batch loss 0.010697273537516594
2023-11-13 14:41:00,198 Epoch number 15, batch number 14/40:       batch loss 0.009984749369323254
2023-11-13 14:41:01,171 Epoch number 15, batch number 15/40:       batch loss 0.012147044762969017
2023-11-13 14:41:02,143 Epoch number 15, batch number 16/40:       batch loss 0.005729195196181536
2023-11-13 14:41:03,121 Epoch number 15, batch number 17/40:       batch loss 0.008505879901349545
2023-11-13 14:41:04,140 Epoch number 15, batch number 18/40:       batch loss 0.008580716326832771
2023-11-13 14:41:05,204 Epoch number 15, batch number 19/40:       batch loss 0.008261834271252155
2023-11-13 14:41:06,184 Epoch number 15, batch number 20/40:       batch loss 0.010405836626887321
2023-11-13 14:41:07,185 Epoch number 15, batch number 21/40:       batch loss 0.011401812545955181
2023-11-13 14:41:08,188 Epoch number 15, batch number 22/40:       batch loss 0.00931688491255045
2023-11-13 14:41:09,192 Epoch number 15, batch number 23/40:       batch loss 0.009945429861545563
2023-11-13 14:41:10,202 Epoch number 15, batch number 24/40:       batch loss 0.008013875223696232
2023-11-13 14:41:11,213 Epoch number 15, batch number 25/40:       batch loss 0.012260137125849724
2023-11-13 14:41:12,212 Epoch number 15, batch number 26/40:       batch loss 0.012682260945439339
2023-11-13 14:41:13,192 Epoch number 15, batch number 27/40:       batch loss 0.01046726293861866
2023-11-13 14:41:14,200 Epoch number 15, batch number 28/40:       batch loss 0.009532724507153034
2023-11-13 14:41:15,203 Epoch number 15, batch number 29/40:       batch loss 0.010815281420946121
2023-11-13 14:41:16,212 Epoch number 15, batch number 30/40:       batch loss 0.010195656679570675
2023-11-13 14:41:17,217 Epoch number 15, batch number 31/40:       batch loss 0.009877056814730167
2023-11-13 14:41:18,201 Epoch number 15, batch number 32/40:       batch loss 0.013370627537369728
2023-11-13 14:41:19,189 Epoch number 15, batch number 33/40:       batch loss 0.006962016690522432
2023-11-13 14:41:20,196 Epoch number 15, batch number 34/40:       batch loss 0.0066128745675086975
2023-11-13 14:41:21,223 Epoch number 15, batch number 35/40:       batch loss 0.011711745522916317
2023-11-13 14:41:22,210 Epoch number 15, batch number 36/40:       batch loss 0.010268183425068855
2023-11-13 14:41:23,198 Epoch number 15, batch number 37/40:       batch loss 0.0082398671656847
2023-11-13 14:41:24,180 Epoch number 15, batch number 38/40:       batch loss 0.011831995099782944
2023-11-13 14:41:25,170 Epoch number 15, batch number 39/40:       batch loss 0.010294674895703793
2023-11-13 14:41:25,215 Epoch: 16 	Training Loss: 0.009930
2023-11-13 14:41:25,215 Time for epoch 16 : 41 sec
2023-11-13 14:41:25,215 lr for epoch 16 is 0.01000
2023-11-13 14:41:28,377 Epoch number 16, batch number 0/40:       batch loss 0.007944710552692413
2023-11-13 14:41:29,390 Epoch number 16, batch number 1/40:       batch loss 0.009395891800522804
2023-11-13 14:41:30,382 Epoch number 16, batch number 2/40:       batch loss 0.00877732690423727
2023-11-13 14:41:31,367 Epoch number 16, batch number 3/40:       batch loss 0.008149356581270695
2023-11-13 14:41:32,374 Epoch number 16, batch number 4/40:       batch loss 0.00904560275375843
2023-11-13 14:41:33,368 Epoch number 16, batch number 5/40:       batch loss 0.007628647144883871
2023-11-13 14:41:34,371 Epoch number 16, batch number 6/40:       batch loss 0.010208536870777607
2023-11-13 14:41:35,368 Epoch number 16, batch number 7/40:       batch loss 0.011834618635475636
2023-11-13 14:41:36,360 Epoch number 16, batch number 8/40:       batch loss 0.010817849077284336
2023-11-13 14:41:37,366 Epoch number 16, batch number 9/40:       batch loss 0.009875047951936722
2023-11-13 14:41:38,353 Epoch number 16, batch number 10/40:       batch loss 0.007244506850838661
2023-11-13 14:41:39,345 Epoch number 16, batch number 11/40:       batch loss 0.005634790286421776
2023-11-13 14:41:40,335 Epoch number 16, batch number 12/40:       batch loss 0.009111892431974411
2023-11-13 14:41:41,331 Epoch number 16, batch number 13/40:       batch loss 0.00803621020168066
2023-11-13 14:41:42,338 Epoch number 16, batch number 14/40:       batch loss 0.00689987326040864
2023-11-13 14:41:43,324 Epoch number 16, batch number 15/40:       batch loss 0.006549400743097067
2023-11-13 14:41:44,313 Epoch number 16, batch number 16/40:       batch loss 0.0091594522818923
2023-11-13 14:41:45,308 Epoch number 16, batch number 17/40:       batch loss 0.013014765456318855
2023-11-13 14:41:46,295 Epoch number 16, batch number 18/40:       batch loss 0.009465079754590988
2023-11-13 14:41:47,258 Epoch number 16, batch number 19/40:       batch loss 0.010660523548722267
2023-11-13 14:41:48,255 Epoch number 16, batch number 20/40:       batch loss 0.01303993072360754
2023-11-13 14:41:49,235 Epoch number 16, batch number 21/40:       batch loss 0.01120004802942276
2023-11-13 14:41:50,246 Epoch number 16, batch number 22/40:       batch loss 0.009720442816615105
2023-11-13 14:41:51,247 Epoch number 16, batch number 23/40:       batch loss 0.009834468364715576
2023-11-13 14:41:52,253 Epoch number 16, batch number 24/40:       batch loss 0.01051699835807085
2023-11-13 14:41:53,239 Epoch number 16, batch number 25/40:       batch loss 0.011809666641056538
2023-11-13 14:41:54,222 Epoch number 16, batch number 26/40:       batch loss 0.00927439983934164
2023-11-13 14:41:55,208 Epoch number 16, batch number 27/40:       batch loss 0.010772950947284698
2023-11-13 14:41:56,193 Epoch number 16, batch number 28/40:       batch loss 0.012480568140745163
2023-11-13 14:41:57,180 Epoch number 16, batch number 29/40:       batch loss 0.0107673155143857
2023-11-13 14:41:58,172 Epoch number 16, batch number 30/40:       batch loss 0.011408130638301373
2023-11-13 14:41:59,172 Epoch number 16, batch number 31/40:       batch loss 0.008585168048739433
2023-11-13 14:42:00,171 Epoch number 16, batch number 32/40:       batch loss 0.007132896222174168
2023-11-13 14:42:01,153 Epoch number 16, batch number 33/40:       batch loss 0.012081271037459373
2023-11-13 14:42:02,144 Epoch number 16, batch number 34/40:       batch loss 0.009345469996333122
2023-11-13 14:42:03,156 Epoch number 16, batch number 35/40:       batch loss 0.007686023600399494
2023-11-13 14:42:04,142 Epoch number 16, batch number 36/40:       batch loss 0.008839823305606842
2023-11-13 14:42:05,153 Epoch number 16, batch number 37/40:       batch loss 0.010790434665977955
2023-11-13 14:42:06,140 Epoch number 16, batch number 38/40:       batch loss 0.009696641005575657
2023-11-13 14:42:07,123 Epoch number 16, batch number 39/40:       batch loss 0.009233151562511921
2023-11-13 14:42:07,167 Epoch: 17 	Training Loss: 0.009592
2023-11-13 14:42:07,167 Time for epoch 17 : 41 sec
2023-11-13 14:42:07,167 lr for epoch 17 is 0.01000
2023-11-13 14:42:10,383 Epoch number 17, batch number 0/40:       batch loss 0.00939870998263359
2023-11-13 14:42:11,425 Epoch number 17, batch number 1/40:       batch loss 0.008797476068139076
2023-11-13 14:42:12,445 Epoch number 17, batch number 2/40:       batch loss 0.009007266722619534
2023-11-13 14:42:13,434 Epoch number 17, batch number 3/40:       batch loss 0.00940582063049078
2023-11-13 14:42:14,436 Epoch number 17, batch number 4/40:       batch loss 0.006897255778312683
2023-11-13 14:42:15,420 Epoch number 17, batch number 5/40:       batch loss 0.008310036733746529
2023-11-13 14:42:16,411 Epoch number 17, batch number 6/40:       batch loss 0.014132199808955193
2023-11-13 14:42:17,403 Epoch number 17, batch number 7/40:       batch loss 0.010934071615338326
2023-11-13 14:42:18,393 Epoch number 17, batch number 8/40:       batch loss 0.007642453070729971
2023-11-13 14:42:19,367 Epoch number 17, batch number 9/40:       batch loss 0.007915442809462547
2023-11-13 14:42:20,356 Epoch number 17, batch number 10/40:       batch loss 0.009130806662142277
2023-11-13 14:42:21,367 Epoch number 17, batch number 11/40:       batch loss 0.00943068042397499
2023-11-13 14:42:22,388 Epoch number 17, batch number 12/40:       batch loss 0.008271719329059124
2023-11-13 14:42:23,388 Epoch number 17, batch number 13/40:       batch loss 0.008046494796872139
2023-11-13 14:42:24,386 Epoch number 17, batch number 14/40:       batch loss 0.00993235595524311
2023-11-13 14:42:25,401 Epoch number 17, batch number 15/40:       batch loss 0.007263348437845707
2023-11-13 14:42:26,418 Epoch number 17, batch number 16/40:       batch loss 0.009251043200492859
2023-11-13 14:42:27,416 Epoch number 17, batch number 17/40:       batch loss 0.006251645274460316
2023-11-13 14:42:28,414 Epoch number 17, batch number 18/40:       batch loss 0.014014169573783875
2023-11-13 14:42:29,413 Epoch number 17, batch number 19/40:       batch loss 0.01082367729395628
2023-11-13 14:42:30,393 Epoch number 17, batch number 20/40:       batch loss 0.010426361113786697
2023-11-13 14:42:31,376 Epoch number 17, batch number 21/40:       batch loss 0.006123426835983992
2023-11-13 14:42:32,387 Epoch number 17, batch number 22/40:       batch loss 0.006921383552253246
2023-11-13 14:42:33,359 Epoch number 17, batch number 23/40:       batch loss 0.012583307921886444
2023-11-13 14:42:34,359 Epoch number 17, batch number 24/40:       batch loss 0.00968163087964058
2023-11-13 14:42:35,355 Epoch number 17, batch number 25/40:       batch loss 0.010438515804708004
2023-11-13 14:42:36,366 Epoch number 17, batch number 26/40:       batch loss 0.009892404079437256
2023-11-13 14:42:37,355 Epoch number 17, batch number 27/40:       batch loss 0.009773214347660542
2023-11-13 14:42:38,340 Epoch number 17, batch number 28/40:       batch loss 0.007976900786161423
2023-11-13 14:42:39,321 Epoch number 17, batch number 29/40:       batch loss 0.010025772266089916
2023-11-13 14:42:40,314 Epoch number 17, batch number 30/40:       batch loss 0.011255024001002312
2023-11-13 14:42:41,306 Epoch number 17, batch number 31/40:       batch loss 0.008772248402237892
2023-11-13 14:42:42,308 Epoch number 17, batch number 32/40:       batch loss 0.009102697484195232
2023-11-13 14:42:43,295 Epoch number 17, batch number 33/40:       batch loss 0.010242803953588009
2023-11-13 14:42:44,275 Epoch number 17, batch number 34/40:       batch loss 0.008378208614885807
2023-11-13 14:42:45,250 Epoch number 17, batch number 35/40:       batch loss 0.006823706440627575
2023-11-13 14:42:46,271 Epoch number 17, batch number 36/40:       batch loss 0.008397752419114113
2023-11-13 14:42:47,272 Epoch number 17, batch number 37/40:       batch loss 0.00894283689558506
2023-11-13 14:42:48,266 Epoch number 17, batch number 38/40:       batch loss 0.00795893743634224
2023-11-13 14:42:49,243 Epoch number 17, batch number 39/40:       batch loss 0.007550477981567383
2023-11-13 14:42:49,288 Epoch: 18 	Training Loss: 0.009153
2023-11-13 14:42:49,288 Time for epoch 18 : 41 sec
2023-11-13 14:42:49,288 lr for epoch 18 is 0.01000
