2023-11-05 14:48:59,227 This is a summery of the run:
2023-11-05 14:48:59,227 Batch size for this run: 2
2023-11-05 14:48:59,227 Size of original image: 32 X 32
2023-11-05 14:48:59,227 learning rate: 0.001
2023-11-05 14:48:59,227 number of masks: 102
2023-11-05 14:48:59,227 Compression ratio: 10
2023-11-05 14:48:59,227 epochs : 100
2023-11-05 14:48:59,227 ***************************************************************************


2023-11-05 14:48:59,227 learning rate: 0.001
2023-11-05 14:49:01,463 Epoch number 0, batch number 0/1:       batch loss 0.01713574305176735
2023-11-05 14:49:01,482 Epoch: 1 	Training Loss: 0.017136
2023-11-05 14:49:01,482 Time for epoch 1 : 2 sec
2023-11-05 14:49:01,482 Average PSNR for epoch 1 on training set is 0.000000
2023-11-05 14:49:04,153 Epoch number 1, batch number 0/1:       batch loss 0.017705991864204407
2023-11-05 14:49:04,178 Epoch: 2 	Training Loss: 0.017706
2023-11-05 14:49:04,178 Time for epoch 2 : 2 sec
2023-11-05 14:49:04,178 Average PSNR for epoch 2 on training set is 0.000000
2023-11-05 14:49:07,428 Epoch number 2, batch number 0/1:       batch loss 0.01671801693737507
2023-11-05 14:49:07,459 Epoch: 3 	Training Loss: 0.016718
2023-11-05 14:49:07,459 Time for epoch 3 : 2 sec
2023-11-05 14:49:07,459 Average PSNR for epoch 3 on training set is 0.000000
2023-11-05 14:49:10,593 Epoch number 3, batch number 0/1:       batch loss 0.01719946227967739
2023-11-05 14:49:10,625 Epoch: 4 	Training Loss: 0.017199
2023-11-05 14:49:10,625 Time for epoch 4 : 2 sec
2023-11-05 14:49:10,625 Average PSNR for epoch 4 on training set is 0.000000
2023-11-05 14:49:13,505 Epoch number 4, batch number 0/1:       batch loss 0.017259743064641953
2023-11-05 14:49:13,538 Epoch: 5 	Training Loss: 0.017260
2023-11-05 14:49:13,538 Time for epoch 5 : 2 sec
2023-11-05 14:49:13,538 Average PSNR for epoch 5 on training set is 0.000000
2023-11-05 14:49:16,262 Epoch number 5, batch number 0/1:       batch loss 0.017568154260516167
2023-11-05 14:49:16,292 Epoch: 6 	Training Loss: 0.017568
2023-11-05 14:49:16,292 Time for epoch 6 : 2 sec
2023-11-05 14:49:16,292 Average PSNR for epoch 6 on training set is 0.000000
2023-11-05 14:49:19,387 Epoch number 6, batch number 0/1:       batch loss 0.017675407230854034
2023-11-05 14:49:19,417 Epoch: 7 	Training Loss: 0.017675
2023-11-05 14:49:19,417 Time for epoch 7 : 2 sec
2023-11-05 14:49:19,417 Average PSNR for epoch 7 on training set is 0.000000
2023-11-05 14:49:22,950 Epoch number 7, batch number 0/1:       batch loss 0.017703505232930183
2023-11-05 14:49:22,978 Epoch: 8 	Training Loss: 0.017704
2023-11-05 14:49:22,978 Time for epoch 8 : 2 sec
2023-11-05 14:49:22,978 Average PSNR for epoch 8 on training set is 0.000000
2023-11-05 14:49:25,896 Epoch number 8, batch number 0/1:       batch loss 0.017229441553354263
2023-11-05 14:49:25,929 Epoch: 9 	Training Loss: 0.017229
2023-11-05 14:49:25,929 Time for epoch 9 : 2 sec
2023-11-05 14:49:25,929 Average PSNR for epoch 9 on training set is 0.000000
2023-11-05 14:49:28,185 Epoch number 9, batch number 0/1:       batch loss 0.017515284940600395
2023-11-05 14:49:28,216 Epoch: 10 	Training Loss: 0.017515
2023-11-05 14:49:28,216 Time for epoch 10 : 2 sec
2023-11-05 14:49:28,216 Average PSNR for epoch 10 on training set is 0.000000
2023-11-05 14:49:31,038 Epoch number 10, batch number 0/1:       batch loss 0.01750536635518074
2023-11-05 14:49:31,071 Epoch: 11 	Training Loss: 0.017505
2023-11-05 14:49:31,071 Time for epoch 11 : 2 sec
2023-11-05 14:49:31,071 Average PSNR for epoch 11 on training set is 0.000000
2023-11-05 14:49:33,898 Epoch number 11, batch number 0/1:       batch loss 0.01736695133149624
2023-11-05 14:49:33,932 Epoch: 12 	Training Loss: 0.017367
2023-11-05 14:49:33,932 Time for epoch 12 : 2 sec
2023-11-05 14:49:33,932 Average PSNR for epoch 12 on training set is 0.000000
2023-11-05 14:49:37,002 Epoch number 12, batch number 0/1:       batch loss 0.016709189862012863
2023-11-05 14:49:37,035 Epoch: 13 	Training Loss: 0.016709
2023-11-05 14:49:37,035 Time for epoch 13 : 2 sec
2023-11-05 14:49:37,035 Average PSNR for epoch 13 on training set is 0.000000
2023-11-05 14:49:39,924 Epoch number 13, batch number 0/1:       batch loss 0.016563009470701218
2023-11-05 14:49:39,956 Epoch: 14 	Training Loss: 0.016563
2023-11-05 14:49:39,956 Time for epoch 14 : 2 sec
2023-11-05 14:49:39,956 Average PSNR for epoch 14 on training set is 0.000000
2023-11-05 14:49:42,955 Epoch number 14, batch number 0/1:       batch loss 0.01604786515235901
2023-11-05 14:49:42,988 Epoch: 15 	Training Loss: 0.016048
2023-11-05 14:49:42,988 Time for epoch 15 : 2 sec
2023-11-05 14:49:42,988 Average PSNR for epoch 15 on training set is 0.000000
2023-11-05 14:49:46,144 Epoch number 15, batch number 0/1:       batch loss 0.016422603279352188
2023-11-05 14:49:46,178 Epoch: 16 	Training Loss: 0.016423
2023-11-05 14:49:46,178 Time for epoch 16 : 2 sec
2023-11-05 14:49:46,178 Average PSNR for epoch 16 on training set is 0.000000
2023-11-05 14:49:49,394 Epoch number 16, batch number 0/1:       batch loss 0.01809033751487732
2023-11-05 14:49:49,423 Epoch: 17 	Training Loss: 0.018090
2023-11-05 14:49:49,423 Time for epoch 17 : 2 sec
2023-11-05 14:49:49,423 Average PSNR for epoch 17 on training set is 0.000000
2023-11-05 14:49:52,150 Epoch number 17, batch number 0/1:       batch loss 0.01740984618663788
2023-11-05 14:49:52,181 Epoch: 18 	Training Loss: 0.017410
2023-11-05 14:49:52,181 Time for epoch 18 : 2 sec
2023-11-05 14:49:52,181 Average PSNR for epoch 18 on training set is 0.000000
2023-11-05 14:49:55,748 Epoch number 18, batch number 0/1:       batch loss 0.01667807810008526
2023-11-05 14:49:55,778 Epoch: 19 	Training Loss: 0.016678
2023-11-05 14:49:55,778 Time for epoch 19 : 2 sec
2023-11-05 14:49:55,778 Average PSNR for epoch 19 on training set is 0.000000
2023-11-05 14:49:58,698 Epoch number 19, batch number 0/1:       batch loss 0.0170438289642334
2023-11-05 14:49:58,729 Epoch: 20 	Training Loss: 0.017044
2023-11-05 14:49:58,729 Time for epoch 20 : 2 sec
2023-11-05 14:49:58,729 Average PSNR for epoch 20 on training set is 0.000000
2023-11-05 14:50:01,403 Epoch number 20, batch number 0/1:       batch loss 0.017156705260276794
2023-11-05 14:50:01,435 Epoch: 21 	Training Loss: 0.017157
2023-11-05 14:50:01,435 Time for epoch 21 : 2 sec
2023-11-05 14:50:01,435 Average PSNR for epoch 21 on training set is 0.000000
2023-11-05 14:50:04,060 Epoch number 21, batch number 0/1:       batch loss 0.017481667920947075
2023-11-05 14:50:04,094 Epoch: 22 	Training Loss: 0.017482
2023-11-05 14:50:04,094 Time for epoch 22 : 2 sec
2023-11-05 14:50:04,094 Average PSNR for epoch 22 on training set is 0.000000
2023-11-05 14:50:06,359 Epoch number 22, batch number 0/1:       batch loss 0.01610916666686535
2023-11-05 14:50:06,394 Epoch: 23 	Training Loss: 0.016109
2023-11-05 14:50:06,394 Time for epoch 23 : 2 sec
2023-11-05 14:50:06,394 Average PSNR for epoch 23 on training set is 0.000000
2023-11-05 14:50:08,816 Epoch number 23, batch number 0/1:       batch loss 0.01633686013519764
2023-11-05 14:50:08,847 Epoch: 24 	Training Loss: 0.016337
2023-11-05 14:50:08,847 Time for epoch 24 : 1 sec
2023-11-05 14:50:08,848 Average PSNR for epoch 24 on training set is 0.000000
2023-11-05 14:50:11,760 Epoch number 24, batch number 0/1:       batch loss 0.017184849828481674
2023-11-05 14:50:11,791 Epoch: 25 	Training Loss: 0.017185
2023-11-05 14:50:11,791 Time for epoch 25 : 2 sec
2023-11-05 14:50:11,791 Average PSNR for epoch 25 on training set is 0.000000
2023-11-05 14:50:14,707 Epoch number 25, batch number 0/1:       batch loss 0.016430102288722992
2023-11-05 14:50:14,737 Epoch: 26 	Training Loss: 0.016430
2023-11-05 14:50:14,737 Time for epoch 26 : 2 sec
2023-11-05 14:50:14,737 Average PSNR for epoch 26 on training set is 0.000000
2023-11-05 14:50:17,637 Epoch number 26, batch number 0/1:       batch loss 0.017038829624652863
2023-11-05 14:50:17,670 Epoch: 27 	Training Loss: 0.017039
2023-11-05 14:50:17,670 Time for epoch 27 : 2 sec
2023-11-05 14:50:17,670 Average PSNR for epoch 27 on training set is 0.000000
2023-11-05 14:50:21,048 Epoch number 27, batch number 0/1:       batch loss 0.017401620745658875
2023-11-05 14:50:21,086 Epoch: 28 	Training Loss: 0.017402
2023-11-05 14:50:21,086 Time for epoch 28 : 2 sec
2023-11-05 14:50:21,087 Average PSNR for epoch 28 on training set is 0.000000
2023-11-05 14:50:24,018 Epoch number 28, batch number 0/1:       batch loss 0.01651974581182003
2023-11-05 14:50:24,051 Epoch: 29 	Training Loss: 0.016520
2023-11-05 14:50:24,051 Time for epoch 29 : 2 sec
2023-11-05 14:50:24,051 Average PSNR for epoch 29 on training set is 0.000000
2023-11-05 14:50:26,807 Epoch number 29, batch number 0/1:       batch loss 0.01613975688815117
2023-11-05 14:50:26,837 Epoch: 30 	Training Loss: 0.016140
2023-11-05 14:50:26,837 Time for epoch 30 : 2 sec
2023-11-05 14:50:26,837 Average PSNR for epoch 30 on training set is 0.000000
2023-11-05 14:50:29,248 Epoch number 30, batch number 0/1:       batch loss 0.016978910192847252
2023-11-05 14:50:29,277 Epoch: 31 	Training Loss: 0.016979
2023-11-05 14:50:29,277 Time for epoch 31 : 2 sec
2023-11-05 14:50:29,277 Average PSNR for epoch 31 on training set is 0.000000
2023-11-05 14:50:32,348 Epoch number 31, batch number 0/1:       batch loss 0.01693647913634777
2023-11-05 14:50:32,379 Epoch: 32 	Training Loss: 0.016936
2023-11-05 14:50:32,380 Time for epoch 32 : 2 sec
2023-11-05 14:50:32,380 Average PSNR for epoch 32 on training set is 0.000000
2023-11-05 14:50:35,192 Epoch number 32, batch number 0/1:       batch loss 0.01773439534008503
2023-11-05 14:50:35,233 Epoch: 33 	Training Loss: 0.017734
2023-11-05 14:50:35,233 Time for epoch 33 : 2 sec
2023-11-05 14:50:35,233 Average PSNR for epoch 33 on training set is 0.000000
2023-11-05 14:50:37,912 Epoch number 33, batch number 0/1:       batch loss 0.017474083229899406
2023-11-05 14:50:37,947 Epoch: 34 	Training Loss: 0.017474
2023-11-05 14:50:37,947 Time for epoch 34 : 2 sec
2023-11-05 14:50:37,947 Average PSNR for epoch 34 on training set is 0.000000
2023-11-05 14:50:40,729 Epoch number 34, batch number 0/1:       batch loss 0.01666155830025673
2023-11-05 14:50:40,767 Epoch: 35 	Training Loss: 0.016662
2023-11-05 14:50:40,767 Time for epoch 35 : 2 sec
2023-11-05 14:50:40,768 Average PSNR for epoch 35 on training set is 0.000000
2023-11-05 14:50:43,881 Epoch number 35, batch number 0/1:       batch loss 0.017664963379502296
2023-11-05 14:50:43,914 Epoch: 36 	Training Loss: 0.017665
2023-11-05 14:50:43,914 Time for epoch 36 : 2 sec
2023-11-05 14:50:43,914 Average PSNR for epoch 36 on training set is 0.000000
2023-11-05 14:50:46,691 Epoch number 36, batch number 0/1:       batch loss 0.01679662987589836
2023-11-05 14:50:46,720 Epoch: 37 	Training Loss: 0.016797
2023-11-05 14:50:46,721 Time for epoch 37 : 2 sec
2023-11-05 14:50:46,721 Average PSNR for epoch 37 on training set is 0.000000
2023-11-05 14:50:49,385 Epoch number 37, batch number 0/1:       batch loss 0.01666913367807865
2023-11-05 14:50:49,417 Epoch: 38 	Training Loss: 0.016669
2023-11-05 14:50:49,417 Time for epoch 38 : 2 sec
2023-11-05 14:50:49,418 Average PSNR for epoch 38 on training set is 0.000000
2023-11-05 14:50:52,153 Epoch number 38, batch number 0/1:       batch loss 0.01829252764582634
2023-11-05 14:50:52,184 Epoch: 39 	Training Loss: 0.018293
2023-11-05 14:50:52,184 Time for epoch 39 : 2 sec
2023-11-05 14:50:52,184 Average PSNR for epoch 39 on training set is 0.000000
2023-11-05 14:50:54,796 Epoch number 39, batch number 0/1:       batch loss 0.017920952290296555
2023-11-05 14:50:54,825 Epoch: 40 	Training Loss: 0.017921
2023-11-05 14:50:54,825 Time for epoch 40 : 2 sec
2023-11-05 14:50:54,825 Average PSNR for epoch 40 on training set is 0.000000
2023-11-05 14:50:57,454 Epoch number 40, batch number 0/1:       batch loss 0.01676265150308609
2023-11-05 14:50:57,486 Epoch: 41 	Training Loss: 0.016763
2023-11-05 14:50:57,486 Time for epoch 41 : 2 sec
2023-11-05 14:50:57,486 Average PSNR for epoch 41 on training set is 0.000000
2023-11-05 14:51:00,063 Epoch number 41, batch number 0/1:       batch loss 0.01667937822639942
2023-11-05 14:51:00,094 Epoch: 42 	Training Loss: 0.016679
2023-11-05 14:51:00,094 Time for epoch 42 : 2 sec
2023-11-05 14:51:00,094 Average PSNR for epoch 42 on training set is 0.000000
2023-11-05 14:51:02,944 Epoch number 42, batch number 0/1:       batch loss 0.01611188054084778
2023-11-05 14:51:02,978 Epoch: 43 	Training Loss: 0.016112
2023-11-05 14:51:02,978 Time for epoch 43 : 2 sec
2023-11-05 14:51:02,978 Average PSNR for epoch 43 on training set is 0.000000
2023-11-05 14:51:05,728 Epoch number 43, batch number 0/1:       batch loss 0.01758646033704281
2023-11-05 14:51:05,762 Epoch: 44 	Training Loss: 0.017586
2023-11-05 14:51:05,762 Time for epoch 44 : 2 sec
2023-11-05 14:51:05,762 Average PSNR for epoch 44 on training set is 0.000000
2023-11-05 14:51:08,803 Epoch number 44, batch number 0/1:       batch loss 0.017439184710383415
2023-11-05 14:51:08,842 Epoch: 45 	Training Loss: 0.017439
2023-11-05 14:51:08,842 Time for epoch 45 : 2 sec
2023-11-05 14:51:08,842 Average PSNR for epoch 45 on training set is 0.000000
2023-11-05 14:51:11,302 Epoch number 45, batch number 0/1:       batch loss 0.016749326139688492
2023-11-05 14:51:11,333 Epoch: 46 	Training Loss: 0.016749
2023-11-05 14:51:11,333 Time for epoch 46 : 2 sec
2023-11-05 14:51:11,334 Average PSNR for epoch 46 on training set is 0.000000
2023-11-05 14:51:14,403 Epoch number 46, batch number 0/1:       batch loss 0.016897762194275856
2023-11-05 14:51:14,435 Epoch: 47 	Training Loss: 0.016898
2023-11-05 14:51:14,435 Time for epoch 47 : 2 sec
2023-11-05 14:51:14,435 Average PSNR for epoch 47 on training set is 0.000000
2023-11-05 14:51:17,484 Epoch number 47, batch number 0/1:       batch loss 0.017067667096853256
2023-11-05 14:51:17,516 Epoch: 48 	Training Loss: 0.017068
2023-11-05 14:51:17,516 Time for epoch 48 : 2 sec
2023-11-05 14:51:17,516 Average PSNR for epoch 48 on training set is 0.000000
2023-11-05 14:51:20,153 Epoch number 48, batch number 0/1:       batch loss 0.017097165808081627
2023-11-05 14:51:20,184 Epoch: 49 	Training Loss: 0.017097
2023-11-05 14:51:20,184 Time for epoch 49 : 2 sec
2023-11-05 14:51:20,184 Average PSNR for epoch 49 on training set is 0.000000
2023-11-05 14:51:23,139 Epoch number 49, batch number 0/1:       batch loss 0.017649179324507713
2023-11-05 14:51:23,173 Epoch: 50 	Training Loss: 0.017649
2023-11-05 14:51:23,173 Time for epoch 50 : 2 sec
2023-11-05 14:51:23,173 Average PSNR for epoch 50 on training set is 0.000000
2023-11-05 14:51:26,075 Epoch number 50, batch number 0/1:       batch loss 0.01668624021112919
2023-11-05 14:51:26,107 Epoch: 51 	Training Loss: 0.016686
2023-11-05 14:51:26,107 Time for epoch 51 : 2 sec
2023-11-05 14:51:26,107 Average PSNR for epoch 51 on training set is 0.000000
2023-11-05 14:51:28,751 Epoch number 51, batch number 0/1:       batch loss 0.016627537086606026
2023-11-05 14:51:28,781 Epoch: 52 	Training Loss: 0.016628
2023-11-05 14:51:28,781 Time for epoch 52 : 2 sec
2023-11-05 14:51:28,781 Average PSNR for epoch 52 on training set is 0.000000
2023-11-05 14:51:32,160 Epoch number 52, batch number 0/1:       batch loss 0.01687796413898468
2023-11-05 14:51:32,190 Epoch: 53 	Training Loss: 0.016878
2023-11-05 14:51:32,190 Time for epoch 53 : 2 sec
2023-11-05 14:51:32,190 Average PSNR for epoch 53 on training set is 0.000000
2023-11-05 14:51:34,855 Epoch number 53, batch number 0/1:       batch loss 0.01651756837964058
2023-11-05 14:51:34,888 Epoch: 54 	Training Loss: 0.016518
2023-11-05 14:51:34,888 Time for epoch 54 : 2 sec
2023-11-05 14:51:34,888 Average PSNR for epoch 54 on training set is 0.000000
2023-11-05 14:51:37,247 Epoch number 54, batch number 0/1:       batch loss 0.016276195645332336
2023-11-05 14:51:37,281 Epoch: 55 	Training Loss: 0.016276
2023-11-05 14:51:37,281 Time for epoch 55 : 1 sec
2023-11-05 14:51:37,281 Average PSNR for epoch 55 on training set is 0.000000
2023-11-05 14:51:40,351 Epoch number 55, batch number 0/1:       batch loss 0.016128921881318092
2023-11-05 14:51:40,381 Epoch: 56 	Training Loss: 0.016129
2023-11-05 14:51:40,381 Time for epoch 56 : 2 sec
2023-11-05 14:51:40,381 Average PSNR for epoch 56 on training set is 0.000000
2023-11-05 14:51:43,497 Epoch number 56, batch number 0/1:       batch loss 0.016893431544303894
2023-11-05 14:51:43,530 Epoch: 57 	Training Loss: 0.016893
2023-11-05 14:51:43,530 Time for epoch 57 : 2 sec
2023-11-05 14:51:43,530 Average PSNR for epoch 57 on training set is 0.000000
2023-11-05 14:51:47,176 Epoch number 57, batch number 0/1:       batch loss 0.015685100108385086
2023-11-05 14:51:47,209 Epoch: 58 	Training Loss: 0.015685
2023-11-05 14:51:47,209 Time for epoch 58 : 2 sec
2023-11-05 14:51:47,209 Average PSNR for epoch 58 on training set is 0.000000
2023-11-05 14:51:49,824 Epoch number 58, batch number 0/1:       batch loss 0.016798295080661774
2023-11-05 14:51:49,855 Epoch: 59 	Training Loss: 0.016798
2023-11-05 14:51:49,855 Time for epoch 59 : 2 sec
2023-11-05 14:51:49,855 Average PSNR for epoch 59 on training set is 0.000000
2023-11-05 14:51:52,868 Epoch number 59, batch number 0/1:       batch loss 0.016432814300060272
2023-11-05 14:51:52,902 Epoch: 60 	Training Loss: 0.016433
2023-11-05 14:51:52,902 Time for epoch 60 : 2 sec
2023-11-05 14:51:52,902 Average PSNR for epoch 60 on training set is 0.000000
2023-11-05 14:51:56,166 Epoch number 60, batch number 0/1:       batch loss 0.015409651212394238
2023-11-05 14:51:56,198 Epoch: 61 	Training Loss: 0.015410
2023-11-05 14:51:56,198 Time for epoch 61 : 2 sec
2023-11-05 14:51:56,198 Average PSNR for epoch 61 on training set is 0.000000
2023-11-05 14:51:58,913 Epoch number 61, batch number 0/1:       batch loss 0.016718996688723564
2023-11-05 14:51:58,946 Epoch: 62 	Training Loss: 0.016719
2023-11-05 14:51:58,946 Time for epoch 62 : 2 sec
2023-11-05 14:51:58,946 Average PSNR for epoch 62 on training set is 0.000000
2023-11-05 14:52:01,645 Epoch number 62, batch number 0/1:       batch loss 0.015771916136145592
2023-11-05 14:52:01,677 Epoch: 63 	Training Loss: 0.015772
2023-11-05 14:52:01,677 Time for epoch 63 : 2 sec
2023-11-05 14:52:01,678 Average PSNR for epoch 63 on training set is 0.000000
2023-11-05 14:52:04,495 Epoch number 63, batch number 0/1:       batch loss 0.01629013754427433
2023-11-05 14:52:04,527 Epoch: 64 	Training Loss: 0.016290
2023-11-05 14:52:04,527 Time for epoch 64 : 2 sec
2023-11-05 14:52:04,527 Average PSNR for epoch 64 on training set is 0.000000
2023-11-05 14:52:07,515 Epoch number 64, batch number 0/1:       batch loss 0.01602255180478096
2023-11-05 14:52:07,545 Epoch: 65 	Training Loss: 0.016023
2023-11-05 14:52:07,545 Time for epoch 65 : 2 sec
2023-11-05 14:52:07,545 Average PSNR for epoch 65 on training set is 0.000000
2023-11-05 14:52:10,782 Epoch number 65, batch number 0/1:       batch loss 0.016536423936486244
2023-11-05 14:52:10,815 Epoch: 66 	Training Loss: 0.016536
2023-11-05 14:52:10,815 Time for epoch 66 : 2 sec
2023-11-05 14:52:10,815 Average PSNR for epoch 66 on training set is 0.000000
2023-11-05 14:52:13,774 Epoch number 66, batch number 0/1:       batch loss 0.016460420563817024
2023-11-05 14:52:13,807 Epoch: 67 	Training Loss: 0.016460
2023-11-05 14:52:13,807 Time for epoch 67 : 2 sec
2023-11-05 14:52:13,807 Average PSNR for epoch 67 on training set is 0.000000
2023-11-05 14:52:16,845 Epoch number 67, batch number 0/1:       batch loss 0.016540102660655975
2023-11-05 14:52:16,877 Epoch: 68 	Training Loss: 0.016540
2023-11-05 14:52:16,877 Time for epoch 68 : 2 sec
2023-11-05 14:52:16,877 Average PSNR for epoch 68 on training set is 0.000000
2023-11-05 14:52:19,741 Epoch number 68, batch number 0/1:       batch loss 0.016872026026248932
2023-11-05 14:52:19,770 Epoch: 69 	Training Loss: 0.016872
2023-11-05 14:52:19,770 Time for epoch 69 : 2 sec
2023-11-05 14:52:19,770 Average PSNR for epoch 69 on training set is 0.000000
2023-11-05 14:52:22,919 Epoch number 69, batch number 0/1:       batch loss 0.014984638430178165
2023-11-05 14:52:22,948 Epoch: 70 	Training Loss: 0.014985
2023-11-05 14:52:22,948 Time for epoch 70 : 2 sec
2023-11-05 14:52:22,948 Average PSNR for epoch 70 on training set is 0.000000
2023-11-05 14:52:25,330 Epoch number 70, batch number 0/1:       batch loss 0.016696607694029808
2023-11-05 14:52:25,361 Epoch: 71 	Training Loss: 0.016697
2023-11-05 14:52:25,361 Time for epoch 71 : 2 sec
2023-11-05 14:52:25,362 Average PSNR for epoch 71 on training set is 0.000000
2023-11-05 14:52:28,341 Epoch number 71, batch number 0/1:       batch loss 0.016306327655911446
2023-11-05 14:52:28,369 Epoch: 72 	Training Loss: 0.016306
2023-11-05 14:52:28,369 Time for epoch 72 : 2 sec
2023-11-05 14:52:28,369 Average PSNR for epoch 72 on training set is 0.000000
2023-11-05 14:52:31,090 Epoch number 72, batch number 0/1:       batch loss 0.017103534191846848
2023-11-05 14:52:31,120 Epoch: 73 	Training Loss: 0.017104
2023-11-05 14:52:31,120 Time for epoch 73 : 2 sec
2023-11-05 14:52:31,120 Average PSNR for epoch 73 on training set is 0.000000
2023-11-05 14:52:33,926 Epoch number 73, batch number 0/1:       batch loss 0.016334475949406624
2023-11-05 14:52:33,956 Epoch: 74 	Training Loss: 0.016334
2023-11-05 14:52:33,956 Time for epoch 74 : 2 sec
2023-11-05 14:52:33,956 Average PSNR for epoch 74 on training set is 0.000000
2023-11-05 14:52:36,785 Epoch number 74, batch number 0/1:       batch loss 0.01670680195093155
2023-11-05 14:52:36,816 Epoch: 75 	Training Loss: 0.016707
2023-11-05 14:52:36,817 Time for epoch 75 : 2 sec
2023-11-05 14:52:36,817 Average PSNR for epoch 75 on training set is 0.000000
2023-11-05 14:52:40,317 Epoch number 75, batch number 0/1:       batch loss 0.015809115022420883
2023-11-05 14:52:40,355 Epoch: 76 	Training Loss: 0.015809
2023-11-05 14:52:40,355 Time for epoch 76 : 2 sec
2023-11-05 14:52:40,355 Average PSNR for epoch 76 on training set is 0.000000
2023-11-05 14:52:43,213 Epoch number 76, batch number 0/1:       batch loss 0.01618387922644615
2023-11-05 14:52:43,241 Epoch: 77 	Training Loss: 0.016184
2023-11-05 14:52:43,241 Time for epoch 77 : 2 sec
2023-11-05 14:52:43,241 Average PSNR for epoch 77 on training set is 0.000000
2023-11-05 14:52:46,258 Epoch number 77, batch number 0/1:       batch loss 0.015257426537573338
2023-11-05 14:52:46,291 Epoch: 78 	Training Loss: 0.015257
2023-11-05 14:52:46,292 Time for epoch 78 : 2 sec
2023-11-05 14:52:46,292 Average PSNR for epoch 78 on training set is 0.000000
2023-11-05 14:52:48,936 Epoch number 78, batch number 0/1:       batch loss 0.016726817935705185
2023-11-05 14:52:48,968 Epoch: 79 	Training Loss: 0.016727
2023-11-05 14:52:48,968 Time for epoch 79 : 2 sec
2023-11-05 14:52:48,968 Average PSNR for epoch 79 on training set is 0.000000
2023-11-05 14:52:51,949 Epoch number 79, batch number 0/1:       batch loss 0.016677727922797203
2023-11-05 14:52:51,982 Epoch: 80 	Training Loss: 0.016678
2023-11-05 14:52:51,982 Time for epoch 80 : 2 sec
2023-11-05 14:52:51,982 Average PSNR for epoch 80 on training set is 0.000000
2023-11-05 14:52:55,043 Epoch number 80, batch number 0/1:       batch loss 0.016102442517876625
2023-11-05 14:52:55,073 Epoch: 81 	Training Loss: 0.016102
2023-11-05 14:52:55,074 Time for epoch 81 : 2 sec
2023-11-05 14:52:55,074 Average PSNR for epoch 81 on training set is 0.000000
2023-11-05 14:52:58,509 Epoch number 81, batch number 0/1:       batch loss 0.016288094222545624
2023-11-05 14:52:58,542 Epoch: 82 	Training Loss: 0.016288
2023-11-05 14:52:58,542 Time for epoch 82 : 2 sec
2023-11-05 14:52:58,542 Average PSNR for epoch 82 on training set is 0.000000
2023-11-05 14:53:01,249 Epoch number 82, batch number 0/1:       batch loss 0.015064484439790249
2023-11-05 14:53:01,278 Epoch: 83 	Training Loss: 0.015064
2023-11-05 14:53:01,279 Time for epoch 83 : 2 sec
2023-11-05 14:53:01,279 Average PSNR for epoch 83 on training set is 0.000000
2023-11-05 14:53:04,681 Epoch number 83, batch number 0/1:       batch loss 0.015569726936519146
2023-11-05 14:53:04,712 Epoch: 84 	Training Loss: 0.015570
2023-11-05 14:53:04,712 Time for epoch 84 : 2 sec
2023-11-05 14:53:04,712 Average PSNR for epoch 84 on training set is 0.000000
2023-11-05 14:53:07,672 Epoch number 84, batch number 0/1:       batch loss 0.0153947863727808
2023-11-05 14:53:07,706 Epoch: 85 	Training Loss: 0.015395
2023-11-05 14:53:07,706 Time for epoch 85 : 2 sec
2023-11-05 14:53:07,707 Average PSNR for epoch 85 on training set is 0.000000
2023-11-05 14:53:10,908 Epoch number 85, batch number 0/1:       batch loss 0.015934176743030548
2023-11-05 14:53:10,941 Epoch: 86 	Training Loss: 0.015934
2023-11-05 14:53:10,941 Time for epoch 86 : 2 sec
2023-11-05 14:53:10,941 Average PSNR for epoch 86 on training set is 0.000000
2023-11-05 14:53:14,528 Epoch number 86, batch number 0/1:       batch loss 0.0165528766810894
2023-11-05 14:53:14,559 Epoch: 87 	Training Loss: 0.016553
2023-11-05 14:53:14,559 Time for epoch 87 : 2 sec
2023-11-05 14:53:14,559 Average PSNR for epoch 87 on training set is 0.000000
2023-11-05 14:53:17,482 Epoch number 87, batch number 0/1:       batch loss 0.016684791073203087
2023-11-05 14:53:17,515 Epoch: 88 	Training Loss: 0.016685
2023-11-05 14:53:17,515 Time for epoch 88 : 2 sec
2023-11-05 14:53:17,515 Average PSNR for epoch 88 on training set is 0.000000
2023-11-05 14:53:20,673 Epoch number 88, batch number 0/1:       batch loss 0.015562513843178749
2023-11-05 14:53:20,707 Epoch: 89 	Training Loss: 0.015563
2023-11-05 14:53:20,707 Time for epoch 89 : 2 sec
2023-11-05 14:53:20,707 Average PSNR for epoch 89 on training set is 0.000000
2023-11-05 14:53:24,168 Epoch number 89, batch number 0/1:       batch loss 0.017906883731484413
2023-11-05 14:53:24,200 Epoch: 90 	Training Loss: 0.017907
2023-11-05 14:53:24,201 Time for epoch 90 : 2 sec
2023-11-05 14:53:24,201 Average PSNR for epoch 90 on training set is 0.000000
2023-11-05 14:53:27,451 Epoch number 90, batch number 0/1:       batch loss 0.014925392344594002
2023-11-05 14:53:27,483 Epoch: 91 	Training Loss: 0.014925
2023-11-05 14:53:27,483 Time for epoch 91 : 2 sec
2023-11-05 14:53:27,483 Average PSNR for epoch 91 on training set is 0.000000
2023-11-05 14:53:29,973 Epoch number 91, batch number 0/1:       batch loss 0.01616279035806656
2023-11-05 14:53:30,002 Epoch: 92 	Training Loss: 0.016163
2023-11-05 14:53:30,002 Time for epoch 92 : 2 sec
2023-11-05 14:53:30,002 Average PSNR for epoch 92 on training set is 0.000000
2023-11-05 14:53:33,474 Epoch number 92, batch number 0/1:       batch loss 0.016152746975421906
2023-11-05 14:53:33,505 Epoch: 93 	Training Loss: 0.016153
2023-11-05 14:53:33,505 Time for epoch 93 : 2 sec
2023-11-05 14:53:33,505 Average PSNR for epoch 93 on training set is 0.000000
2023-11-05 14:53:36,900 Epoch number 93, batch number 0/1:       batch loss 0.01619439758360386
2023-11-05 14:53:36,940 Epoch: 94 	Training Loss: 0.016194
2023-11-05 14:53:36,940 Time for epoch 94 : 2 sec
2023-11-05 14:53:36,940 Average PSNR for epoch 94 on training set is 0.000000
2023-11-05 14:53:39,916 Epoch number 94, batch number 0/1:       batch loss 0.015871237963438034
2023-11-05 14:53:39,949 Epoch: 95 	Training Loss: 0.015871
2023-11-05 14:53:39,949 Time for epoch 95 : 2 sec
2023-11-05 14:53:39,949 Average PSNR for epoch 95 on training set is 0.000000
2023-11-05 14:53:42,556 Epoch number 95, batch number 0/1:       batch loss 0.01617097109556198
2023-11-05 14:53:42,587 Epoch: 96 	Training Loss: 0.016171
2023-11-05 14:53:42,588 Time for epoch 96 : 2 sec
2023-11-05 14:53:42,588 Average PSNR for epoch 96 on training set is 0.000000
2023-11-05 14:53:45,664 Epoch number 96, batch number 0/1:       batch loss 0.017282331362366676
2023-11-05 14:53:45,694 Epoch: 97 	Training Loss: 0.017282
2023-11-05 14:53:45,694 Time for epoch 97 : 2 sec
2023-11-05 14:53:45,694 Average PSNR for epoch 97 on training set is 0.000000
2023-11-05 14:53:49,177 Epoch number 97, batch number 0/1:       batch loss 0.017575450241565704
2023-11-05 14:53:49,209 Epoch: 98 	Training Loss: 0.017575
2023-11-05 14:53:49,209 Time for epoch 98 : 2 sec
2023-11-05 14:53:49,209 Average PSNR for epoch 98 on training set is 0.000000
2023-11-05 14:53:51,391 Epoch number 98, batch number 0/1:       batch loss 0.01597142592072487
2023-11-05 14:53:51,425 Epoch: 99 	Training Loss: 0.015971
2023-11-05 14:53:51,425 Time for epoch 99 : 1 sec
2023-11-05 14:53:51,425 Average PSNR for epoch 99 on training set is 0.000000
2023-11-05 14:53:54,510 Epoch number 99, batch number 0/1:       batch loss 0.015500439330935478
2023-11-05 14:53:54,541 Epoch: 100 	Training Loss: 0.015500
2023-11-05 14:53:54,542 Time for epoch 100 : 2 sec
2023-11-05 14:53:54,542 Average PSNR for epoch 100 on training set is 0.000000
2023-11-05 14:53:57,298 Epoch number 100, batch number 0/1:       batch loss 0.015500528737902641
2023-11-05 14:53:58,377 findfont: Font family 'Arial' not found.
2023-11-05 14:53:58,378 findfont: Font family 'Arial' not found.
2023-11-05 14:53:58,379 findfont: Font family 'Times New Roman' not found.
2023-11-05 14:53:58,379 findfont: Font family 'Times New Roman' not found.
2023-11-05 14:53:58,379 findfont: Font family 'Times New Roman' not found.
2023-11-05 14:53:58,392 findfont: Font family 'Arial' not found.
2023-11-05 14:53:58,392 findfont: Font family 'Arial' not found.
2023-11-05 14:53:58,399 findfont: Font family 'Arial' not found.
2023-11-05 14:53:58,401 findfont: Font family 'Times New Roman' not found.
2023-11-05 14:53:58,402 findfont: Font family 'Times New Roman' not found.
2023-11-05 14:53:58,464 findfont: Font family 'Arial' not found.
2023-11-05 14:53:58,470 findfont: Font family 'Arial' not found.
2023-11-05 14:53:58,473 findfont: Font family 'Times New Roman' not found.
2023-11-05 14:53:58,473 findfont: Font family 'Times New Roman' not found.
2023-11-05 14:53:58,479 Run Finished Successfully
